Reading library file at '/foss/pdks/sky130A/libs.ref/sky130_fd_sc_hd/lib/sky130_fd_sc_hd__tt_025C_1v80.lib'…
Reading technology LEF file at '/foss/pdks/sky130A/libs.ref/sky130_fd_sc_hd/techlef/sky130_fd_sc_hd__nom.tlef'…
[INFO ODB-0227] LEF file: /foss/pdks/sky130A/libs.ref/sky130_fd_sc_hd/techlef/sky130_fd_sc_hd__nom.tlef, created 14 layers, 25 vias
Reading cell LEF file at '/foss/pdks/sky130A/libs.ref/sky130_fd_sc_hd/lef/sky130_fd_sc_hd.lef'…
[WARNING ODB-0220] WARNING (LEFPARS-2008): NOWIREEXTENSIONATPIN statement is obsolete in version 5.6 or later.
The NOWIREEXTENSIONATPIN statement will be ignored. See file /foss/pdks/sky130A/libs.ref/sky130_fd_sc_hd/lef/sky130_fd_sc_hd.lef at line 2.

[INFO ODB-0227] LEF file: /foss/pdks/sky130A/libs.ref/sky130_fd_sc_hd/lef/sky130_fd_sc_hd.lef, created 437 library cells
Reading cell LEF file at '/foss/pdks/sky130A/libs.ref/sky130_fd_sc_hd/lef/sky130_ef_sc_hd.lef'…
[WARNING ODB-0220] WARNING (LEFPARS-2008): NOWIREEXTENSIONATPIN statement is obsolete in version 5.6 or later.
The NOWIREEXTENSIONATPIN statement will be ignored. See file /foss/pdks/sky130A/libs.ref/sky130_fd_sc_hd/lef/sky130_ef_sc_hd.lef at line 2.

[INFO ODB-0227] LEF file: /foss/pdks/sky130A/libs.ref/sky130_fd_sc_hd/lef/sky130_ef_sc_hd.lef, created 8 library cells
Reading top-level netlist at '/foss/designs/ece429-tt-design-project/src/runs/RUN_2026-05-16_00-53-55/06-yosys-synthesis/alu.nl.v'…
Linking design 'alu' from netlist…
Reading design constraints file at '/usr/local/lib/python3.12/dist-packages/librelane/scripts/base.sdc'…
[WARNING STA-0366] port 'clk' not found.
[INFO] Using clock clk…
[INFO] Setting output delay to: 5
[INFO] Setting input delay to: 5
[WARNING STA-0366] port 'clk' not found.
[INFO] Setting load to: 0.033442
[INFO] Setting clock uncertainty to: 0.25
[INFO] Setting clock transition to: 0.1499999999999999944488848768742172978818416595458984375
[WARNING STA-0419] transition time can not be specified for virtual clocks.
[INFO] Setting timing derate to: 5%
[WARNING STA-0450] virtual clock clk can not be propagated.
Using site height: 2.72 and site width: 0.46…
[INFO] Using relative sizing for the floorplan.
[INFO IFP-0001] Added 18 rows of 108 site unithd.
[INFO IFP-0030] Inserted 0 tiecells using sky130_fd_sc_hd__conb_1/LO.
[INFO IFP-0030] Inserted 0 tiecells using sky130_fd_sc_hd__conb_1/HI.
[INFO] Extracting DIE_AREA and CORE_AREA from the floorplan
[INFO] Floorplanned on a die area of 0.0 0.0 60.99 71.71 (µm).
[INFO] Floorplanned on a core area of 5.52 10.88 55.2 59.84 (µm).
Writing metric design__die__bbox: 0.0 0.0 60.99 71.71
Writing metric design__core__bbox: 5.52 10.88 55.2 59.84
Setting global connections for newly added cells…
[INFO] Setting global connections...
Updating metrics…
Cell type report:                       Count       Area
  Multi-Input combinational cell          135    1247.45
  Total                                   135    1247.45
Writing OpenROAD database to '/foss/designs/ece429-tt-design-project/src/runs/RUN_2026-05-16_00-53-55/13-openroad-floorplan/alu.odb'…
Writing netlist to '/foss/designs/ece429-tt-design-project/src/runs/RUN_2026-05-16_00-53-55/13-openroad-floorplan/alu.nl.v'…
Writing powered netlist to '/foss/designs/ece429-tt-design-project/src/runs/RUN_2026-05-16_00-53-55/13-openroad-floorplan/alu.pnl.v'…
Writing layout to '/foss/designs/ece429-tt-design-project/src/runs/RUN_2026-05-16_00-53-55/13-openroad-floorplan/alu.def'…
Writing timing constraints to '/foss/designs/ece429-tt-design-project/src/runs/RUN_2026-05-16_00-53-55/13-openroad-floorplan/alu.sdc'…
