
===========================================================================
report_checks -unconstrained
===========================================================================
======================= nom_ss_100C_1v60 Corner ===================================

Startpoint: data2[6] (input port clocked by clk)
Endpoint: z (output port clocked by clk)
Path Group: clk
Path Type: max

Fanout         Cap        Slew       Delay        Time   Description
---------------------------------------------------------------------------------------------
                      0.000000    0.000000    0.000000   clock clk (rise edge)
                                  0.000000    0.000000   clock network delay (ideal)
                                  5.000000    5.000000 ^ input external delay
    15    0.039468    0.288793    0.198081    5.198081 ^ data2[6] (in)
                                                         data2[6] (net)
                      0.288793    0.000000    5.198081 ^ _156_/A_N (sky130_fd_sc_hd__and3b_2)
     7    0.015954    0.133099    0.577269    5.775351 v _156_/X (sky130_fd_sc_hd__and3b_2)
                                                         _087_ (net)
                      0.133099    0.000000    5.775351 v _237_/B1 (sky130_fd_sc_hd__a221o_2)
     1    0.001366    0.078926    0.617999    6.393349 v _237_/X (sky130_fd_sc_hd__a221o_2)
                                                         _036_ (net)
                      0.078926    0.000000    6.393349 v _239_/C (sky130_fd_sc_hd__or4_2)
     1    0.002352    0.210104    1.428179    7.821528 v _239_/X (sky130_fd_sc_hd__or4_2)
                                                         _038_ (net)
                      0.210104    0.000000    7.821528 v _240_/C1 (sky130_fd_sc_hd__o211a_2)
     1    0.002263    0.067702    0.268971    8.090499 v _240_/X (sky130_fd_sc_hd__o211a_2)
                                                         _039_ (net)
                      0.067702    0.000000    8.090499 v _244_/A1 (sky130_fd_sc_hd__o32a_2)
     2    0.035696    0.266268    0.913666    9.004165 v _244_/X (sky130_fd_sc_hd__o32a_2)
                                                         res[0] (net)
                      0.266268    0.000000    9.004165 v _257_/A2 (sky130_fd_sc_hd__o21ba_2)
     1    0.004181    0.067955    0.452577    9.456741 v _257_/X (sky130_fd_sc_hd__o21ba_2)
                                                         _054_ (net)
                      0.067955    0.000000    9.456741 v _258_/B (sky130_fd_sc_hd__nor2_2)
     1    0.001956    0.098584    0.107057    9.563799 ^ _258_/Y (sky130_fd_sc_hd__nor2_2)
                                                         _055_ (net)
                      0.098584    0.000000    9.563799 ^ _259_/B2 (sky130_fd_sc_hd__o2bb2a_2)
     1    0.001753    0.064257    0.291736    9.855535 ^ _259_/X (sky130_fd_sc_hd__o2bb2a_2)
                                                         _056_ (net)
                      0.064257    0.000000    9.855535 ^ _260_/B1 (sky130_fd_sc_hd__o2bb2a_2)
     1    0.033442    0.303724    0.523952   10.379487 ^ _260_/X (sky130_fd_sc_hd__o2bb2a_2)
                                                         z (net)
                      0.303724    0.000000   10.379487 ^ z (out)
                                             10.379487   data arrival time

                      0.000000   25.000000   25.000000   clock clk (rise edge)
                                  0.000000   25.000000   clock network delay (ideal)
                                 -0.250000   24.750000   clock uncertainty
                                  0.000000   24.750000   clock reconvergence pessimism
                                 -5.000000   19.750000   output external delay
                                             19.750000   data required time
---------------------------------------------------------------------------------------------
                                             19.750000   data required time
                                            -10.379487   data arrival time
---------------------------------------------------------------------------------------------
                                              9.370513   slack (MET)




===========================================================================
report_checks --slack_max -0.01
============================================================================
======================= nom_ss_100C_1v60 Corner ===================================

No paths found.


===========================================================================
 report_check_types -max_slew -max_cap -max_fanout -violators
============================================================================
======================= nom_ss_100C_1v60 Corner ===================================

max fanout

Pin                                   Limit Fanout  Slack
---------------------------------------------------------
data2[6]                                 10     15     -5 (VIOLATED)
data1[0]                                 10     14     -4 (VIOLATED)
data2[5]                                 10     14     -4 (VIOLATED)
data2[7]                                 10     14     -4 (VIOLATED)
data1[1]                                 10     11        (VIOLATED)
data1[2]                                 10     11        (VIOLATED)
data1[6]                                 10     11        (VIOLATED)
_167_/X                                  10     11        (VIOLATED)



===========================================================================
report_parasitic_annotation -report_unannotated
============================================================================
Found 154 unannotated drivers.
 data1[0]
 data1[1]
 data1[2]
 data1[3]
 data1[4]
 data1[5]
 data1[6]
 data1[7]
 data2[0]
 data2[1]
 data2[2]
 data2[3]
 data2[4]
 data2[5]
 data2[6]
 data2[7]
 op[0]
 op[1]
 op[2]
 _126_/Y
 _127_/X
 _128_/X
 _129_/X
 _130_/X
 _131_/Y
 _132_/X
 _133_/X
 _134_/X
 _135_/X
 _136_/Y
 _137_/X
 _138_/Y
 _139_/X
 _140_/Y
 _141_/X
 _142_/X
 _143_/X
 _144_/X
 _145_/X
 _146_/X
 _147_/Y
 _148_/X
 _149_/Y
 _150_/Y
 _151_/Y
 _152_/X
 _153_/X
 _154_/Y
 _155_/X
 _156_/X
 _157_/Y
 _158_/Y
 _159_/X
 _160_/X
 _161_/X
 _162_/Y
 _163_/X
 _164_/X
 _165_/Y
 _166_/X
 _167_/X
 _168_/X
 _169_/X
 _170_/X
 _171_/X
 _172_/Y
 _173_/X
 _174_/X
 _175_/X
 _176_/X
 _177_/Y
 _178_/X
 _179_/X
 _180_/Y
 _181_/X
 _182_/X
 _183_/X
 _184_/X
 _185_/X
 _186_/X
 _187_/X
 _188_/X
 _189_/X
 _190_/X
 _191_/Y
 _192_/Y
 _193_/X
 _194_/X
 _195_/X
 _196_/X
 _197_/X
 _198_/X
 _199_/X
 _200_/X
 _201_/X
 _202_/X
 _203_/X
 _204_/X
 _205_/X
 _206_/X
 _207_/X
 _208_/X
 _209_/X
 _210_/X
 _211_/X
 _212_/X
 _213_/X
 _214_/Y
 _215_/X
 _216_/X
 _217_/X
 _218_/X
 _219_/X
 _220_/X
 _221_/X
 _222_/X
 _223_/X
 _224_/Y
 _225_/X
 _226_/Y
 _227_/X
 _228_/X
 _229_/X
 _230_/X
 _231_/X
 _232_/X
 _233_/X
 _234_/X
 _235_/X
 _236_/X
 _237_/X
 _238_/X
 _239_/X
 _240_/X
 _241_/Y
 _242_/X
 _243_/X
 _244_/X
 _245_/Y
 _246_/X
 _247_/Y
 _248_/X
 _249_/X
 _250_/X
 _251_/X
 _252_/X
 _253_/X
 _254_/X
 _255_/X
 _256_/X
 _257_/X
 _258_/Y
 _259_/X
 _260_/X
Found 0 partially unannotated drivers.

===========================================================================
max slew violation count 0
max fanout violation count 8
max cap violation count 0
============================================================================

===========================================================================
check_setup -verbose -unconstrained_endpoints -multiple_clock -no_clock -no_input_delay -loops -generated_clocks
===========================================================================
