
===========================================================================
report_checks -path_delay min (Hold)
============================================================================
======================= nom_ss_100C_1v60 Corner ===================================

Startpoint: data2[4] (input port clocked by clk)
Endpoint: res[4] (output port clocked by clk)
Path Group: clk
Path Type: min

Fanout         Cap        Slew       Delay        Time   Description
---------------------------------------------------------------------------------------------
                      0.000000    0.000000    0.000000   clock clk (rise edge)
                                  0.000000    0.000000   clock network delay (ideal)
                                  5.000000    5.000000 ^ input external delay
     3    0.005313    0.051099    0.029000    5.029000 ^ data2[4] (in)
                                                         data2[4] (net)
                      0.051099    0.000000    5.029000 ^ _223_/B2 (sky130_fd_sc_hd__o32a_2)
     2    0.035195    0.306750    0.437005    5.466005 ^ _223_/X (sky130_fd_sc_hd__o32a_2)
                                                         res[4] (net)
                      0.306750    0.000000    5.466005 ^ res[4] (out)
                                              5.466005   data arrival time

                      0.000000    0.000000    0.000000   clock clk (rise edge)
                                  0.000000    0.000000   clock network delay (ideal)
                                  0.250000    0.250000   clock uncertainty
                                  0.000000    0.250000   clock reconvergence pessimism
                                 -5.000000   -4.750000   output external delay
                                             -4.750000   data required time
---------------------------------------------------------------------------------------------
                                             -4.750000   data required time
                                             -5.466005   data arrival time
---------------------------------------------------------------------------------------------
                                             10.216005   slack (MET)


Startpoint: data2[1] (input port clocked by clk)
Endpoint: res[1] (output port clocked by clk)
Path Group: clk
Path Type: min

Fanout         Cap        Slew       Delay        Time   Description
---------------------------------------------------------------------------------------------
                      0.000000    0.000000    0.000000   clock clk (rise edge)
                                  0.000000    0.000000   clock network delay (ideal)
                                  5.000000    5.000000 ^ input external delay
     4    0.009930    0.082940    0.051988    5.051988 ^ data2[1] (in)
                                                         data2[1] (net)
                      0.082940    0.000000    5.051988 ^ _213_/B2 (sky130_fd_sc_hd__o32a_2)
     2    0.035938    0.312590    0.454705    5.506693 ^ _213_/X (sky130_fd_sc_hd__o32a_2)
                                                         res[1] (net)
                      0.312590    0.000000    5.506693 ^ res[1] (out)
                                              5.506693   data arrival time

                      0.000000    0.000000    0.000000   clock clk (rise edge)
                                  0.000000    0.000000   clock network delay (ideal)
                                  0.250000    0.250000   clock uncertainty
                                  0.000000    0.250000   clock reconvergence pessimism
                                 -5.000000   -4.750000   output external delay
                                             -4.750000   data required time
---------------------------------------------------------------------------------------------
                                             -4.750000   data required time
                                             -5.506693   data arrival time
---------------------------------------------------------------------------------------------
                                             10.256694   slack (MET)


Startpoint: data2[2] (input port clocked by clk)
Endpoint: res[2] (output port clocked by clk)
Path Group: clk
Path Type: min

Fanout         Cap        Slew       Delay        Time   Description
---------------------------------------------------------------------------------------------
                      0.000000    0.000000    0.000000   clock clk (rise edge)
                                  0.000000    0.000000   clock network delay (ideal)
                                  5.000000    5.000000 ^ input external delay
     4    0.010922    0.089769    0.056908    5.056908 ^ data2[2] (in)
                                                         data2[2] (net)
                      0.089769    0.000000    5.056908 ^ _256_/B2 (sky130_fd_sc_hd__o32a_2)
     2    0.034799    0.303683    0.450945    5.507853 ^ _256_/X (sky130_fd_sc_hd__o32a_2)
                                                         res[2] (net)
                      0.303683    0.000000    5.507853 ^ res[2] (out)
                                              5.507853   data arrival time

                      0.000000    0.000000    0.000000   clock clk (rise edge)
                                  0.000000    0.000000   clock network delay (ideal)
                                  0.250000    0.250000   clock uncertainty
                                  0.000000    0.250000   clock reconvergence pessimism
                                 -5.000000   -4.750000   output external delay
                                             -4.750000   data required time
---------------------------------------------------------------------------------------------
                                             -4.750000   data required time
                                             -5.507853   data arrival time
---------------------------------------------------------------------------------------------
                                             10.257853   slack (MET)


Startpoint: data2[3] (input port clocked by clk)
Endpoint: res[3] (output port clocked by clk)
Path Group: clk
Path Type: min

Fanout         Cap        Slew       Delay        Time   Description
---------------------------------------------------------------------------------------------
                      0.000000    0.000000    0.000000   clock clk (rise edge)
                                  0.000000    0.000000   clock network delay (ideal)
                                  5.000000    5.000000 ^ input external delay
     4    0.009930    0.082940    0.051988    5.051988 ^ data2[3] (in)
                                                         data2[3] (net)
                      0.082940    0.000000    5.051988 ^ _234_/B2 (sky130_fd_sc_hd__o32a_2)
     2    0.038027    0.328691    0.466833    5.518821 ^ _234_/X (sky130_fd_sc_hd__o32a_2)
                                                         res[3] (net)
                      0.328691    0.000000    5.518821 ^ res[3] (out)
                                              5.518821   data arrival time

                      0.000000    0.000000    0.000000   clock clk (rise edge)
                                  0.000000    0.000000   clock network delay (ideal)
                                  0.250000    0.250000   clock uncertainty
                                  0.000000    0.250000   clock reconvergence pessimism
                                 -5.000000   -4.750000   output external delay
                                             -4.750000   data required time
---------------------------------------------------------------------------------------------
                                             -4.750000   data required time
                                             -5.518821   data arrival time
---------------------------------------------------------------------------------------------
                                             10.268821   slack (MET)


Startpoint: data2[0] (input port clocked by clk)
Endpoint: res[0] (output port clocked by clk)
Path Group: clk
Path Type: min

Fanout         Cap        Slew       Delay        Time   Description
---------------------------------------------------------------------------------------------
                      0.000000    0.000000    0.000000   clock clk (rise edge)
                                  0.000000    0.000000   clock network delay (ideal)
                                  5.000000    5.000000 v input external delay
     7    0.018287    0.082164    0.056303    5.056303 v data2[0] (in)
                                                         data2[0] (net)
                      0.082164    0.000000    5.056303 v _244_/B2 (sky130_fd_sc_hd__o32a_2)
     2    0.035696    0.228953    0.517694    5.573997 v _244_/X (sky130_fd_sc_hd__o32a_2)
                                                         res[0] (net)
                      0.228953    0.000000    5.573997 v res[0] (out)
                                              5.573997   data arrival time

                      0.000000    0.000000    0.000000   clock clk (rise edge)
                                  0.000000    0.000000   clock network delay (ideal)
                                  0.250000    0.250000   clock uncertainty
                                  0.000000    0.250000   clock reconvergence pessimism
                                 -5.000000   -4.750000   output external delay
                                             -4.750000   data required time
---------------------------------------------------------------------------------------------
                                             -4.750000   data required time
                                             -5.573997   data arrival time
---------------------------------------------------------------------------------------------
                                             10.323997   slack (MET)


Startpoint: data2[6] (input port clocked by clk)
Endpoint: res[6] (output port clocked by clk)
Path Group: clk
Path Type: min

Fanout         Cap        Slew       Delay        Time   Description
---------------------------------------------------------------------------------------------
                      0.000000    0.000000    0.000000   clock clk (rise edge)
                                  0.000000    0.000000   clock network delay (ideal)
                                  5.000000    5.000000 v input external delay
    15    0.036535    0.159403    0.112042    5.112042 v data2[6] (in)
                                                         data2[6] (net)
                      0.159403    0.000000    5.112042 v _188_/A1 (sky130_fd_sc_hd__o22a_2)
     2    0.035189    0.220752    0.631035    5.743077 v _188_/X (sky130_fd_sc_hd__o22a_2)
                                                         res[6] (net)
                      0.220752    0.000000    5.743077 v res[6] (out)
                                              5.743077   data arrival time

                      0.000000    0.000000    0.000000   clock clk (rise edge)
                                  0.000000    0.000000   clock network delay (ideal)
                                  0.250000    0.250000   clock uncertainty
                                  0.000000    0.250000   clock reconvergence pessimism
                                 -5.000000   -4.750000   output external delay
                                             -4.750000   data required time
---------------------------------------------------------------------------------------------
                                             -4.750000   data required time
                                             -5.743077   data arrival time
---------------------------------------------------------------------------------------------
                                             10.493077   slack (MET)


Startpoint: data2[5] (input port clocked by clk)
Endpoint: res[5] (output port clocked by clk)
Path Group: clk
Path Type: min

Fanout         Cap        Slew       Delay        Time   Description
---------------------------------------------------------------------------------------------
                      0.000000    0.000000    0.000000   clock clk (rise edge)
                                  0.000000    0.000000   clock network delay (ideal)
                                  5.000000    5.000000 ^ input external delay
    14    0.032531    0.240196    0.163811    5.163811 ^ data2[5] (in)
                                                         data2[5] (net)
                      0.240196    0.000000    5.163811 ^ _128_/A (sky130_fd_sc_hd__or2_2)
     2    0.003102    0.052676    0.253842    5.417653 ^ _128_/X (sky130_fd_sc_hd__or2_2)
                                                         _059_ (net)
                      0.052676    0.000000    5.417653 ^ _171_/A (sky130_fd_sc_hd__and2_2)
     1    0.033442    0.294980    0.433232    5.850885 ^ _171_/X (sky130_fd_sc_hd__and2_2)
                                                         res[5] (net)
                      0.294980    0.000000    5.850885 ^ res[5] (out)
                                              5.850885   data arrival time

                      0.000000    0.000000    0.000000   clock clk (rise edge)
                                  0.000000    0.000000   clock network delay (ideal)
                                  0.250000    0.250000   clock uncertainty
                                  0.000000    0.250000   clock reconvergence pessimism
                                 -5.000000   -4.750000   output external delay
                                             -4.750000   data required time
---------------------------------------------------------------------------------------------
                                             -4.750000   data required time
                                             -5.850885   data arrival time
---------------------------------------------------------------------------------------------
                                             10.600884   slack (MET)


Startpoint: data2[7] (input port clocked by clk)
Endpoint: res[7] (output port clocked by clk)
Path Group: clk
Path Type: min

Fanout         Cap        Slew       Delay        Time   Description
---------------------------------------------------------------------------------------------
                      0.000000    0.000000    0.000000   clock clk (rise edge)
                                  0.000000    0.000000   clock network delay (ideal)
                                  5.000000    5.000000 ^ input external delay
    14    0.041440    0.302608    0.207823    5.207823 ^ data2[7] (in)
                                                         data2[7] (net)
                      0.302608    0.000000    5.207823 ^ _189_/A (sky130_fd_sc_hd__or2_2)
     2    0.003102    0.052676    0.277449    5.485272 ^ _189_/X (sky130_fd_sc_hd__or2_2)
                                                         _118_ (net)
                      0.052676    0.000000    5.485272 ^ _202_/A (sky130_fd_sc_hd__and2_2)
     1    0.033442    0.295073    0.433232    5.918504 ^ _202_/X (sky130_fd_sc_hd__and2_2)
                                                         res[7] (net)
                      0.295073    0.000000    5.918504 ^ res[7] (out)
                                              5.918504   data arrival time

                      0.000000    0.000000    0.000000   clock clk (rise edge)
                                  0.000000    0.000000   clock network delay (ideal)
                                  0.250000    0.250000   clock uncertainty
                                  0.000000    0.250000   clock reconvergence pessimism
                                 -5.000000   -4.750000   output external delay
                                             -4.750000   data required time
---------------------------------------------------------------------------------------------
                                             -4.750000   data required time
                                             -5.918504   data arrival time
---------------------------------------------------------------------------------------------
                                             10.668505   slack (MET)


Startpoint: data2[7] (input port clocked by clk)
Endpoint: z (output port clocked by clk)
Path Group: clk
Path Type: min

Fanout         Cap        Slew       Delay        Time   Description
---------------------------------------------------------------------------------------------
                      0.000000    0.000000    0.000000   clock clk (rise edge)
                                  0.000000    0.000000   clock network delay (ideal)
                                  5.000000    5.000000 ^ input external delay
    14    0.041440    0.302608    0.207823    5.207823 ^ data2[7] (in)
                                                         data2[7] (net)
                      0.302608    0.000000    5.207823 ^ _189_/A (sky130_fd_sc_hd__or2_2)
     2    0.003102    0.052676    0.277449    5.485272 ^ _189_/X (sky130_fd_sc_hd__or2_2)
                                                         _118_ (net)
                      0.052676    0.000000    5.485272 ^ _260_/A1_N (sky130_fd_sc_hd__o2bb2a_2)
     1    0.033442    0.188849    0.555950    6.041223 v _260_/X (sky130_fd_sc_hd__o2bb2a_2)
                                                         z (net)
                      0.188849    0.000000    6.041223 v z (out)
                                              6.041223   data arrival time

                      0.000000    0.000000    0.000000   clock clk (rise edge)
                                  0.000000    0.000000   clock network delay (ideal)
                                  0.250000    0.250000   clock uncertainty
                                  0.000000    0.250000   clock reconvergence pessimism
                                 -5.000000   -4.750000   output external delay
                                             -4.750000   data required time
---------------------------------------------------------------------------------------------
                                             -4.750000   data required time
                                             -6.041223   data arrival time
---------------------------------------------------------------------------------------------
                                             10.791223   slack (MET)



