
===========================================================================
report_checks -unconstrained
===========================================================================
======================= nom_tt_025C_1v80 Corner ===================================

Startpoint: pcInput[2] (input port clocked by clk)
Endpoint: res[31] (output port clocked by clk)
Path Group: clk
Path Type: max

Fanout         Cap        Slew       Delay        Time   Description
---------------------------------------------------------------------------------------------
                      0.000000    0.000000    0.000000   clock clk (rise edge)
                                  0.000000    0.000000   clock network delay (ideal)
                                  5.000000    5.000000 ^ input external delay
     1    0.002398    0.018028    0.008912    5.008913 ^ pcInput[2] (in)
                                                         pcInput[2] (net)
                      0.018028    0.000000    5.008913 ^ input21/A (sky130_fd_sc_hd__dlymetal6s2s_1)
     5    0.018008    0.196287    0.185831    5.194744 ^ input21/X (sky130_fd_sc_hd__dlymetal6s2s_1)
                                                         net21 (net)
                      0.196288    0.000453    5.195197 ^ _041_/A (sky130_fd_sc_hd__and4_2)
     8    0.025940    0.157451    0.340653    5.535851 ^ _041_/X (sky130_fd_sc_hd__and4_2)
                                                         _013_ (net)
                      0.157451    0.000515    5.536366 ^ _044_/C (sky130_fd_sc_hd__and4_2)
     7    0.020041    0.129814    0.313656    5.850021 ^ _044_/X (sky130_fd_sc_hd__and4_2)
                                                         _016_ (net)
                      0.129815    0.000660    5.850682 ^ _051_/A (sky130_fd_sc_hd__and4_2)
     8    0.025248    0.154278    0.316447    6.167129 ^ _051_/X (sky130_fd_sc_hd__and4_2)
                                                         _023_ (net)
                      0.154278    0.000669    6.167798 ^ _070_/B (sky130_fd_sc_hd__and4_2)
     8    0.025414    0.155107    0.332627    6.500424 ^ _070_/X (sky130_fd_sc_hd__and4_2)
                                                         _034_ (net)
                      0.155108    0.000732    6.501157 ^ _082_/C (sky130_fd_sc_hd__and4_1)
     1    0.004749    0.071060    0.218325    6.719482 ^ _082_/X (sky130_fd_sc_hd__and4_1)
                                                         _002_ (net)
                      0.071060    0.000095    6.719577 ^ _084_/B (sky130_fd_sc_hd__xor2_1)
     1    0.002718    0.110143    0.140524    6.860101 ^ _084_/X (sky130_fd_sc_hd__xor2_1)
                                                         net55 (net)
                      0.110143    0.000082    6.860183 ^ output55/A (sky130_fd_sc_hd__buf_2)
     1    0.034448    0.171386    0.222612    7.082795 ^ output55/X (sky130_fd_sc_hd__buf_2)
                                                         res[31] (net)
                      0.171387    0.000769    7.083564 ^ res[31] (out)
                                              7.083564   data arrival time

                      0.000000   25.000000   25.000000   clock clk (rise edge)
                                  0.000000   25.000000   clock network delay (ideal)
                                 -0.250000   24.750000   clock uncertainty
                                  0.000000   24.750000   clock reconvergence pessimism
                                 -5.000000   19.750000   output external delay
                                             19.750000   data required time
---------------------------------------------------------------------------------------------
                                             19.750000   data required time
                                             -7.083564   data arrival time
---------------------------------------------------------------------------------------------
                                             12.666435   slack (MET)




===========================================================================
report_checks --slack_max -0.01
============================================================================
======================= nom_tt_025C_1v80 Corner ===================================

No paths found.


===========================================================================
 report_check_types -max_slew -max_cap -max_fanout -violators
============================================================================
======================= nom_tt_025C_1v80 Corner ===================================



===========================================================================
report_parasitic_annotation -report_unannotated
============================================================================
Found 0 unannotated drivers.
Found 0 partially unannotated drivers.

===========================================================================
max slew violation count 0
max fanout violation count 0
max cap violation count 0
============================================================================

===========================================================================
check_setup -verbose -unconstrained_endpoints -multiple_clock -no_clock -no_input_delay -loops -generated_clocks
===========================================================================
