Reading timing models for corner nom_tt_025C_1v80…
Reading timing library for the 'nom_tt_025C_1v80' corner at '/foss/pdks/sky130A/libs.ref/sky130_fd_sc_hd/lib/sky130_fd_sc_hd__tt_025C_1v80.lib'…
Reading timing models for corner nom_ff_n40C_1v95…
Reading timing library for the 'nom_ff_n40C_1v95' corner at '/foss/pdks/sky130A/libs.ref/sky130_fd_sc_hd/lib/sky130_fd_sc_hd__ff_n40C_1v95.lib'…
Reading timing models for corner nom_ss_100C_1v60…
Reading timing library for the 'nom_ss_100C_1v60' corner at '/foss/pdks/sky130A/libs.ref/sky130_fd_sc_hd/lib/sky130_fd_sc_hd__ss_100C_1v60.lib'…
Reading OpenROAD database at '/foss/designs/ece429-tt-design-project/src/runs/RUN_2026-05-16_00-53-55/27-openroad-globalplacement/alu.odb'…
Reading design constraints file at '/usr/local/lib/python3.12/dist-packages/librelane/scripts/base.sdc'…
[WARNING STA-0366] port 'clk' not found.
[INFO] Using clock clk…
[INFO] Setting output delay to: 5
[INFO] Setting input delay to: 5
[WARNING STA-0366] port 'clk' not found.
[INFO] Setting load to: 0.033442
[INFO] Setting clock uncertainty to: 0.25
[INFO] Setting clock transition to: 0.1499999999999999944488848768742172978818416595458984375
[WARNING STA-0419] transition time can not be specified for virtual clocks.
[INFO] Setting timing derate to: 5%
[WARNING STA-0450] virtual clock clk can not be propagated.
[INFO] Setting RC values…
[INFO RSZ-0027] Inserted 19 input buffers.
[INFO RSZ-0028] Inserted 9 output buffers.
[INFO RSZ-0058] Using max wire length 6335um.
Iteration | Resized | Buffers | Nets repaired | Remaining
---------------------------------------------------------
        0 |       0 |       0 |             0 |       182
       10 |       9 |       0 |             0 |       172
       20 |      19 |       0 |             0 |       162
       30 |      29 |       0 |             0 |       152
       40 |      39 |       0 |             0 |       142
       50 |      49 |       0 |             0 |       132
       60 |      59 |       0 |             0 |       122
       70 |      69 |       0 |             0 |       112
       80 |      79 |       0 |             0 |       102
       90 |      89 |       0 |             0 |        92
      100 |      99 |       0 |             0 |        82
      110 |     107 |       0 |             0 |        72
      120 |     117 |       3 |             3 |        62
      130 |     122 |       5 |             5 |        52
      140 |     132 |       5 |             5 |        42
      150 |     143 |       6 |             6 |        32
      160 |     159 |      14 |            11 |        22
      170 |     160 |      15 |            12 |        12
      180 |     160 |      15 |            12 |         2
    final |     160 |      15 |            12 |         0
---------------------------------------------------------
[INFO RSZ-0034] Found 4 slew violations.
[INFO RSZ-0035] Found 8 fanout violations.
[INFO RSZ-0038] Inserted 15 buffers in 12 nets.
[INFO RSZ-0039] Resized 160 instances.
Placement Analysis
---------------------------------
total displacement        447.3 u
average displacement        1.8 u
max displacement            9.3 u
original HPWL            2618.5 u
legalized HPWL           2980.1 u
delta HPWL                   14 %

[INFO DPL-0020] Mirrored 76 instances
[INFO DPL-0021] HPWL before            2980.1 u
[INFO DPL-0022] HPWL after             2864.6 u
[INFO DPL-0023] HPWL delta               -3.9 %
[INFO] Setting RC values…
Setting global connections for newly added cells…
[INFO] Setting global connections...
Updating metrics…
Cell type report:                       Count       Area
  Fill cell                                36     135.13
  Tap cell                                 30      37.54
  Timing Repair Buffer                     43     206.45
  Multi-Input combinational cell          135    1089.80
  Total                                   244    1468.91
Writing OpenROAD database to '/foss/designs/ece429-tt-design-project/src/runs/RUN_2026-05-16_00-53-55/31-openroad-repairdesignpostgpl/alu.odb'…
Writing netlist to '/foss/designs/ece429-tt-design-project/src/runs/RUN_2026-05-16_00-53-55/31-openroad-repairdesignpostgpl/alu.nl.v'…
Writing powered netlist to '/foss/designs/ece429-tt-design-project/src/runs/RUN_2026-05-16_00-53-55/31-openroad-repairdesignpostgpl/alu.pnl.v'…
Writing layout to '/foss/designs/ece429-tt-design-project/src/runs/RUN_2026-05-16_00-53-55/31-openroad-repairdesignpostgpl/alu.def'…
Writing timing constraints to '/foss/designs/ece429-tt-design-project/src/runs/RUN_2026-05-16_00-53-55/31-openroad-repairdesignpostgpl/alu.sdc'…
