[INFO PSM-0040] All shapes on net VPWR are connected.
########## IR report #################
Net              : VPWR
Corner           : nom_tt_025C_1v80
Supply voltage   : 1.80e+00 V
Worstcase voltage: 1.80e+00 V
Average voltage  : 1.80e+00 V
Average IR drop  : 3.67e-06 V
Worstcase IR drop: 9.76e-06 V
Percentage drop  : 0.00 %
######################################
[INFO PSM-0040] All shapes on net VGND are connected.
########## IR report #################
Net              : VGND
Corner           : nom_tt_025C_1v80
Supply voltage   : 0.00e+00 V
Worstcase voltage: 8.31e-06 V
Average voltage  : 3.40e-06 V
Average IR drop  : 3.40e-06 V
Worstcase IR drop: 8.31e-06 V
Percentage drop  : 0.00 %
######################################
