
===========================================================================
report_checks -unconstrained
===========================================================================
======================= max_ss_100C_1v60 Corner ===================================

Startpoint: pcInput[3] (input port clocked by clk)
Endpoint: res[31] (output port clocked by clk)
Path Group: clk
Path Type: max

Fanout         Cap        Slew       Delay        Time   Description
---------------------------------------------------------------------------------------------
                      0.000000    0.000000    0.000000   clock clk (rise edge)
                                  0.000000    0.000000   clock network delay (ideal)
                                  5.000000    5.000000 ^ input external delay
     1    0.005581    0.051151    0.030552    5.030552 ^ pcInput[3] (in)
                                                         pcInput[3] (net)
                      0.051153    0.000000    5.030552 ^ input24/A (sky130_fd_sc_hd__buf_1)
     4    0.013443    0.263866    0.280182    5.310735 ^ input24/X (sky130_fd_sc_hd__buf_1)
                                                         net24 (net)
                      0.263870    0.000771    5.311506 ^ _041_/D (sky130_fd_sc_hd__and4_2)
     8    0.026400    0.272918    0.716494    6.028000 ^ _041_/X (sky130_fd_sc_hd__and4_2)
                                                         _013_ (net)
                      0.272918    0.001143    6.029143 ^ _044_/C (sky130_fd_sc_hd__and4_2)
     7    0.020286    0.228243    0.671165    6.700308 ^ _044_/X (sky130_fd_sc_hd__and4_2)
                                                         _016_ (net)
                      0.228250    0.001605    6.701913 ^ _051_/A (sky130_fd_sc_hd__and4_2)
     8    0.025599    0.267226    0.655361    7.357274 ^ _051_/X (sky130_fd_sc_hd__and4_2)
                                                         _023_ (net)
                      0.267227    0.001341    7.358615 ^ _070_/B (sky130_fd_sc_hd__and4_2)
     8    0.025731    0.268132    0.692901    8.051517 ^ _070_/X (sky130_fd_sc_hd__and4_2)
                                                         _034_ (net)
                      0.268137    0.001652    8.053168 ^ _082_/C (sky130_fd_sc_hd__and4_1)
     1    0.004770    0.127853    0.474078    8.527246 ^ _082_/X (sky130_fd_sc_hd__and4_1)
                                                         _002_ (net)
                      0.127853    0.000225    8.527471 ^ _084_/B (sky130_fd_sc_hd__xor2_1)
     1    0.002753    0.181734    0.264794    8.792265 ^ _084_/X (sky130_fd_sc_hd__xor2_1)
                                                         net55 (net)
                      0.181734    0.000189    8.792454 ^ output55/A (sky130_fd_sc_hd__buf_2)
     1    0.034502    0.274282    0.396373    9.188827 ^ output55/X (sky130_fd_sc_hd__buf_2)
                                                         res[31] (net)
                      0.274288    0.001640    9.190467 ^ res[31] (out)
                                              9.190467   data arrival time

                      0.000000   25.000000   25.000000   clock clk (rise edge)
                                  0.000000   25.000000   clock network delay (ideal)
                                 -0.250000   24.750000   clock uncertainty
                                  0.000000   24.750000   clock reconvergence pessimism
                                 -5.000000   19.750000   output external delay
                                             19.750000   data required time
---------------------------------------------------------------------------------------------
                                             19.750000   data required time
                                             -9.190467   data arrival time
---------------------------------------------------------------------------------------------
                                             10.559533   slack (MET)




===========================================================================
report_checks --slack_max -0.01
============================================================================
======================= max_ss_100C_1v60 Corner ===================================

No paths found.


===========================================================================
 report_check_types -max_slew -max_cap -max_fanout -violators
============================================================================
======================= max_ss_100C_1v60 Corner ===================================



===========================================================================
report_parasitic_annotation -report_unannotated
============================================================================
Found 0 unannotated drivers.
Found 0 partially unannotated drivers.

===========================================================================
max slew violation count 0
max fanout violation count 0
max cap violation count 0
============================================================================

===========================================================================
check_setup -verbose -unconstrained_endpoints -multiple_clock -no_clock -no_input_delay -loops -generated_clocks
===========================================================================
