Reading technology LEF file at '/foss/pdks/sky130A/libs.ref/sky130_fd_sc_hd/techlef/sky130_fd_sc_hd__max.tlef'…
[INFO ODB-0227] LEF file: /foss/pdks/sky130A/libs.ref/sky130_fd_sc_hd/techlef/sky130_fd_sc_hd__max.tlef, created 14 layers, 25 vias
Reading cell LEF file at '/foss/pdks/sky130A/libs.ref/sky130_fd_sc_hd/lef/sky130_fd_sc_hd.lef'…
[WARNING ODB-0220] WARNING (LEFPARS-2008): NOWIREEXTENSIONATPIN statement is obsolete in version 5.6 or later.
The NOWIREEXTENSIONATPIN statement will be ignored. See file /foss/pdks/sky130A/libs.ref/sky130_fd_sc_hd/lef/sky130_fd_sc_hd.lef at line 2.

[INFO ODB-0227] LEF file: /foss/pdks/sky130A/libs.ref/sky130_fd_sc_hd/lef/sky130_fd_sc_hd.lef, created 437 library cells
Reading cell LEF file at '/foss/pdks/sky130A/libs.ref/sky130_fd_sc_hd/lef/sky130_ef_sc_hd.lef'…
[WARNING ODB-0220] WARNING (LEFPARS-2008): NOWIREEXTENSIONATPIN statement is obsolete in version 5.6 or later.
The NOWIREEXTENSIONATPIN statement will be ignored. See file /foss/pdks/sky130A/libs.ref/sky130_fd_sc_hd/lef/sky130_ef_sc_hd.lef at line 2.

[INFO ODB-0227] LEF file: /foss/pdks/sky130A/libs.ref/sky130_fd_sc_hd/lef/sky130_ef_sc_hd.lef, created 8 library cells
[INFO ODB-0127] Reading DEF file: /foss/designs/ece429-tt-design-project/src/runs/RUN_2026-05-16_00-55-12/52-odb-cellfrequencytables/barrelShifter.def
[INFO ODB-0128] Design: barrelShifter
[INFO ODB-0130]     Created 21 pins.
[INFO ODB-0131]     Created 264 components and 1416 component-terminals.
[INFO ODB-0132]     Created 2 special nets and 1026 connections.
[INFO ODB-0133]     Created 109 nets and 390 connections.
[INFO ODB-0134] Finished DEF file: /foss/designs/ece429-tt-design-project/src/runs/RUN_2026-05-16_00-55-12/52-odb-cellfrequencytables/barrelShifter.def
Using RCX ruleset '/foss/pdks/sky130A/libs.tech/openlane/rules.openrcx.sky130A.max.calibre'…
[INFO RCX-0431] Defined process_corner CURRENT_CORNER with ext_model_index 0
[INFO RCX-0029] Defined extraction corner CURRENT_CORNER
[INFO RCX-0435] Reading extraction model file /foss/pdks/sky130A/libs.tech/openlane/rules.openrcx.sky130A.max.calibre ...
[INFO RCX-0436] RC segment generation barrelShifter (max_merge_res 50.0) ...
[INFO RCX-0040] Final 589 rc segments
[INFO RCX-0439] Coupling Cap extraction barrelShifter ...
[INFO RCX-0440] Coupling threshhold is 0.1000 fF, coupling capacitance less than 0.1000 fF will be grounded.
[INFO RCX-0442] 53% of 889 wires extracted
[INFO RCX-0442] 100% of 889 wires extracted
[INFO RCX-0045] Extract 109 nets, 698 rsegs, 698 caps, 976 ccs
Setting global connections for newly added cells…
[INFO] Setting global connections...
Updating metrics…
Cell type report:                       Count       Area
  Fill cell                               151     487.97
  Tap cell                                 15      18.77
  Standard cell                            98     810.78
  Total                                   264    1317.51
Writing extracted parasitics to '/foss/designs/ece429-tt-design-project/src/runs/RUN_2026-05-16_00-55-12/53-openroad-rcx/max/barrelShifter.max.spef'…
[INFO RCX-0443] 109 nets finished
