
===========================================================================
report_checks -unconstrained
===========================================================================
======================= min_tt_025C_1v80 Corner ===================================

Startpoint: pcInput[2] (input port clocked by clk)
Endpoint: res[31] (output port clocked by clk)
Path Group: clk
Path Type: max

Fanout         Cap        Slew       Delay        Time   Description
---------------------------------------------------------------------------------------------
                      0.000000    0.000000    0.000000   clock clk (rise edge)
                                  0.000000    0.000000   clock network delay (ideal)
                                  5.000000    5.000000 ^ input external delay
     1    0.002351    0.017832    0.008729    5.008729 ^ pcInput[2] (in)
                                                         pcInput[2] (net)
                      0.017832    0.000000    5.008729 ^ input21/A (sky130_fd_sc_hd__dlymetal6s2s_1)
     5    0.017667    0.193086    0.183710    5.192439 ^ input21/X (sky130_fd_sc_hd__dlymetal6s2s_1)
                                                         net21 (net)
                      0.193086    0.000193    5.192631 ^ _041_/A (sky130_fd_sc_hd__and4_2)
     8    0.025353    0.154594    0.337480    5.530112 ^ _041_/X (sky130_fd_sc_hd__and4_2)
                                                         _013_ (net)
                      0.154594    0.000221    5.530333 ^ _044_/C (sky130_fd_sc_hd__and4_2)
     7    0.019613    0.127741    0.311504    5.841836 ^ _044_/X (sky130_fd_sc_hd__and4_2)
                                                         _016_ (net)
                      0.127741    0.000315    5.842151 ^ _051_/A (sky130_fd_sc_hd__and4_2)
     8    0.024534    0.150779    0.313197    6.155349 ^ _051_/X (sky130_fd_sc_hd__and4_2)
                                                         _023_ (net)
                      0.150779    0.000343    6.155692 ^ _070_/B (sky130_fd_sc_hd__and4_2)
     8    0.024719    0.151703    0.329114    6.484806 ^ _070_/X (sky130_fd_sc_hd__and4_2)
                                                         _034_ (net)
                      0.151703    0.000346    6.485153 ^ _082_/C (sky130_fd_sc_hd__and4_1)
     1    0.004731    0.073469    0.217495    6.702648 ^ _082_/X (sky130_fd_sc_hd__and4_1)
                                                         _002_ (net)
                      0.073469    0.000022    6.702669 ^ _084_/B (sky130_fd_sc_hd__xor2_1)
     1    0.002633    0.108668    0.139848    6.842517 ^ _084_/X (sky130_fd_sc_hd__xor2_1)
                                                         net55 (net)
                      0.108668    0.000029    6.842547 ^ output55/A (sky130_fd_sc_hd__buf_2)
     1    0.034372    0.170948    0.222095    7.064642 ^ output55/X (sky130_fd_sc_hd__buf_2)
                                                         res[31] (net)
                      0.170948    0.000374    7.065016 ^ res[31] (out)
                                              7.065016   data arrival time

                      0.000000   25.000000   25.000000   clock clk (rise edge)
                                  0.000000   25.000000   clock network delay (ideal)
                                 -0.250000   24.750000   clock uncertainty
                                  0.000000   24.750000   clock reconvergence pessimism
                                 -5.000000   19.750000   output external delay
                                             19.750000   data required time
---------------------------------------------------------------------------------------------
                                             19.750000   data required time
                                             -7.065016   data arrival time
---------------------------------------------------------------------------------------------
                                             12.684983   slack (MET)




===========================================================================
report_checks --slack_max -0.01
============================================================================
======================= min_tt_025C_1v80 Corner ===================================

No paths found.


===========================================================================
 report_check_types -max_slew -max_cap -max_fanout -violators
============================================================================
======================= min_tt_025C_1v80 Corner ===================================



===========================================================================
report_parasitic_annotation -report_unannotated
============================================================================
Found 0 unannotated drivers.
Found 0 partially unannotated drivers.

===========================================================================
max slew violation count 0
max fanout violation count 0
max cap violation count 0
============================================================================

===========================================================================
check_setup -verbose -unconstrained_endpoints -multiple_clock -no_clock -no_input_delay -loops -generated_clocks
===========================================================================
