
===========================================================================
report_checks -path_delay min (Hold)
============================================================================
======================= min_tt_025C_1v80 Corner ===================================

Startpoint: pcInput[1] (input port clocked by clk)
Endpoint: res[1] (output port clocked by clk)
Path Group: clk
Path Type: min

Fanout         Cap        Slew       Delay        Time   Description
---------------------------------------------------------------------------------------------
                      0.000000    0.000000    0.000000   clock clk (rise edge)
                                  0.000000    0.000000   clock network delay (ideal)
                                  5.000000    5.000000 v input external delay
     1    0.003427    0.010089    0.005483    5.005483 v pcInput[1] (in)
                                                         pcInput[1] (net)
                      0.010089    0.000000    5.005483 v _109_/A (sky130_fd_sc_hd__clkbuf_1)
     1    0.002047    0.022639    0.068606    5.074089 v _109_/X (sky130_fd_sc_hd__clkbuf_1)
                                                         net42 (net)
                      0.022639    0.000011    5.074100 v output42/A (sky130_fd_sc_hd__buf_2)
     1    0.035100    0.091385    0.172166    5.246265 v output42/X (sky130_fd_sc_hd__buf_2)
                                                         res[1] (net)
                      0.091386    0.000498    5.246764 v res[1] (out)
                                              5.246764   data arrival time

                      0.000000    0.000000    0.000000   clock clk (rise edge)
                                  0.000000    0.000000   clock network delay (ideal)
                                  0.250000    0.250000   clock uncertainty
                                  0.000000    0.250000   clock reconvergence pessimism
                                 -5.000000   -4.750000   output external delay
                                             -4.750000   data required time
---------------------------------------------------------------------------------------------
                                             -4.750000   data required time
                                             -5.246764   data arrival time
---------------------------------------------------------------------------------------------
                                              9.996763   slack (MET)


Startpoint: pcInput[0] (input port clocked by clk)
Endpoint: res[0] (output port clocked by clk)
Path Group: clk
Path Type: min

Fanout         Cap        Slew       Delay        Time   Description
---------------------------------------------------------------------------------------------
                      0.000000    0.000000    0.000000   clock clk (rise edge)
                                  0.000000    0.000000   clock network delay (ideal)
                                  5.000000    5.000000 v input external delay
     1    0.004639    0.012843    0.007518    5.007518 v pcInput[0] (in)
                                                         pcInput[0] (net)
                      0.012849    0.000000    5.007518 v _108_/A (sky130_fd_sc_hd__clkbuf_1)
     1    0.002074    0.022786    0.069798    5.077316 v _108_/X (sky130_fd_sc_hd__clkbuf_1)
                                                         net31 (net)
                      0.022786    0.000018    5.077334 v output31/A (sky130_fd_sc_hd__buf_2)
     1    0.035632    0.092499    0.173272    5.250606 v output31/X (sky130_fd_sc_hd__buf_2)
                                                         res[0] (net)
                      0.092501    0.000432    5.251038 v res[0] (out)
                                              5.251038   data arrival time

                      0.000000    0.000000    0.000000   clock clk (rise edge)
                                  0.000000    0.000000   clock network delay (ideal)
                                  0.250000    0.250000   clock uncertainty
                                  0.000000    0.250000   clock reconvergence pessimism
                                 -5.000000   -4.750000   output external delay
                                             -4.750000   data required time
---------------------------------------------------------------------------------------------
                                             -4.750000   data required time
                                             -5.251038   data arrival time
---------------------------------------------------------------------------------------------
                                             10.001038   slack (MET)


Startpoint: pcInput[31] (input port clocked by clk)
Endpoint: res[31] (output port clocked by clk)
Path Group: clk
Path Type: min

Fanout         Cap        Slew       Delay        Time   Description
---------------------------------------------------------------------------------------------
                      0.000000    0.000000    0.000000   clock clk (rise edge)
                                  0.000000    0.000000   clock network delay (ideal)
                                  5.000000    5.000000 ^ input external delay
     1    0.004163    0.025645    0.015095    5.015095 ^ pcInput[31] (in)
                                                         pcInput[31] (net)
                      0.025653    0.000000    5.015095 ^ input23/A (sky130_fd_sc_hd__clkbuf_1)
     1    0.004896    0.067210    0.090643    5.105738 ^ input23/X (sky130_fd_sc_hd__clkbuf_1)
                                                         net23 (net)
                      0.067210    0.000044    5.105782 ^ _084_/A (sky130_fd_sc_hd__xor2_1)
     1    0.002473    0.034971    0.063077    5.168859 v _084_/X (sky130_fd_sc_hd__xor2_1)
                                                         net55 (net)
                      0.034971    0.000027    5.168885 v output55/A (sky130_fd_sc_hd__buf_2)
     1    0.034372    0.089682    0.176203    5.345088 v output55/X (sky130_fd_sc_hd__buf_2)
                                                         res[31] (net)
                      0.089683    0.000374    5.345462 v res[31] (out)
                                              5.345462   data arrival time

                      0.000000    0.000000    0.000000   clock clk (rise edge)
                                  0.000000    0.000000   clock network delay (ideal)
                                  0.250000    0.250000   clock uncertainty
                                  0.000000    0.250000   clock reconvergence pessimism
                                 -5.000000   -4.750000   output external delay
                                             -4.750000   data required time
---------------------------------------------------------------------------------------------
                                             -4.750000   data required time
                                             -5.345462   data arrival time
---------------------------------------------------------------------------------------------
                                             10.095463   slack (MET)


Startpoint: pcInput[30] (input port clocked by clk)
Endpoint: res[30] (output port clocked by clk)
Path Group: clk
Path Type: min

Fanout         Cap        Slew       Delay        Time   Description
---------------------------------------------------------------------------------------------
                      0.000000    0.000000    0.000000   clock clk (rise edge)
                                  0.000000    0.000000   clock network delay (ideal)
                                  5.000000    5.000000 ^ input external delay
     1    0.003100    0.021027    0.011356    5.011356 ^ pcInput[30] (in)
                                                         pcInput[30] (net)
                      0.021027    0.000000    5.011356 ^ input22/A (sky130_fd_sc_hd__clkbuf_1)
     2    0.007071    0.091626    0.106309    5.117665 ^ input22/X (sky130_fd_sc_hd__clkbuf_1)
                                                         net22 (net)
                      0.091626    0.000072    5.117737 ^ _083_/A (sky130_fd_sc_hd__xnor2_1)
     1    0.002954    0.036912    0.077117    5.194854 v _083_/Y (sky130_fd_sc_hd__xnor2_1)
                                                         net54 (net)
                      0.036912    0.000036    5.194890 v output54/A (sky130_fd_sc_hd__buf_2)
     1    0.034447    0.089829    0.177177    5.372067 v output54/X (sky130_fd_sc_hd__buf_2)
                                                         res[30] (net)
                      0.089829    0.000375    5.372443 v res[30] (out)
                                              5.372443   data arrival time

                      0.000000    0.000000    0.000000   clock clk (rise edge)
                                  0.000000    0.000000   clock network delay (ideal)
                                  0.250000    0.250000   clock uncertainty
                                  0.000000    0.250000   clock reconvergence pessimism
                                 -5.000000   -4.750000   output external delay
                                             -4.750000   data required time
---------------------------------------------------------------------------------------------
                                             -4.750000   data required time
                                             -5.372443   data arrival time
---------------------------------------------------------------------------------------------
                                             10.122443   slack (MET)


Startpoint: pcInput[12] (input port clocked by clk)
Endpoint: res[12] (output port clocked by clk)
Path Group: clk
Path Type: min

Fanout         Cap        Slew       Delay        Time   Description
---------------------------------------------------------------------------------------------
                      0.000000    0.000000    0.000000   clock clk (rise edge)
                                  0.000000    0.000000   clock network delay (ideal)
                                  5.000000    5.000000 ^ input external delay
     1    0.002840    0.019904    0.010440    5.010440 ^ pcInput[12] (in)
                                                         pcInput[12] (net)
                      0.019904    0.000000    5.010440 ^ input3/A (sky130_fd_sc_hd__buf_1)
     3    0.009367    0.120435    0.124145    5.134584 ^ input3/X (sky130_fd_sc_hd__buf_1)
                                                         net3 (net)
                      0.120435    0.000038    5.134623 ^ _100_/A (sky130_fd_sc_hd__xor2_1)
     1    0.003575    0.039205    0.083942    5.218565 v _100_/X (sky130_fd_sc_hd__xor2_1)
                                                         net34 (net)
                      0.039205    0.000057    5.218622 v output34/A (sky130_fd_sc_hd__buf_2)
     1    0.035489    0.092099    0.180030    5.398652 v output34/X (sky130_fd_sc_hd__buf_2)
                                                         res[12] (net)
                      0.092100    0.000482    5.399134 v res[12] (out)
                                              5.399134   data arrival time

                      0.000000    0.000000    0.000000   clock clk (rise edge)
                                  0.000000    0.000000   clock network delay (ideal)
                                  0.250000    0.250000   clock uncertainty
                                  0.000000    0.250000   clock reconvergence pessimism
                                 -5.000000   -4.750000   output external delay
                                             -4.750000   data required time
---------------------------------------------------------------------------------------------
                                             -4.750000   data required time
                                             -5.399134   data arrival time
---------------------------------------------------------------------------------------------
                                             10.149135   slack (MET)


Startpoint: pcInput[14] (input port clocked by clk)
Endpoint: res[14] (output port clocked by clk)
Path Group: clk
Path Type: min

Fanout         Cap        Slew       Delay        Time   Description
---------------------------------------------------------------------------------------------
                      0.000000    0.000000    0.000000   clock clk (rise edge)
                                  0.000000    0.000000   clock network delay (ideal)
                                  5.000000    5.000000 ^ input external delay
     1    0.004739    0.028154    0.017001    5.017001 ^ pcInput[14] (in)
                                                         pcInput[14] (net)
                      0.028154    0.000000    5.017001 ^ input5/A (sky130_fd_sc_hd__buf_1)
     3    0.010216    0.127120    0.133670    5.150671 ^ input5/X (sky130_fd_sc_hd__buf_1)
                                                         net5 (net)
                      0.127120    0.000090    5.150761 ^ _103_/A (sky130_fd_sc_hd__xor2_1)
     1    0.001865    0.032352    0.075254    5.226015 v _103_/X (sky130_fd_sc_hd__xor2_1)
                                                         net36 (net)
                      0.032352    0.000016    5.226031 v output36/A (sky130_fd_sc_hd__buf_2)
     1    0.034199    0.089268    0.174853    5.400884 v output36/X (sky130_fd_sc_hd__buf_2)
                                                         res[14] (net)
                      0.089268    0.000245    5.401129 v res[14] (out)
                                              5.401129   data arrival time

                      0.000000    0.000000    0.000000   clock clk (rise edge)
                                  0.000000    0.000000   clock network delay (ideal)
                                  0.250000    0.250000   clock uncertainty
                                  0.000000    0.250000   clock reconvergence pessimism
                                 -5.000000   -4.750000   output external delay
                                             -4.750000   data required time
---------------------------------------------------------------------------------------------
                                             -4.750000   data required time
                                             -5.401129   data arrival time
---------------------------------------------------------------------------------------------
                                             10.151128   slack (MET)


Startpoint: pcInput[5] (input port clocked by clk)
Endpoint: res[5] (output port clocked by clk)
Path Group: clk
Path Type: min

Fanout         Cap        Slew       Delay        Time   Description
---------------------------------------------------------------------------------------------
                      0.000000    0.000000    0.000000   clock clk (rise edge)
                                  0.000000    0.000000   clock network delay (ideal)
                                  5.000000    5.000000 v input external delay
     1    0.004896    0.013404    0.007957    5.007957 v pcInput[5] (in)
                                                         pcInput[5] (net)
                      0.013405    0.000000    5.007957 v input26/A (sky130_fd_sc_hd__clkbuf_1)
     2    0.004633    0.035971    0.082805    5.090762 v input26/X (sky130_fd_sc_hd__clkbuf_1)
                                                         net26 (net)
                      0.035971    0.000019    5.090781 v _088_/A (sky130_fd_sc_hd__nor2_1)
     1    0.003271    0.083126    0.098735    5.189516 ^ _088_/Y (sky130_fd_sc_hd__nor2_1)
                                                         _004_ (net)
                      0.083126    0.000034    5.189549 ^ _089_/B (sky130_fd_sc_hd__nor2_1)
     1    0.001891    0.025148    0.040240    5.229790 v _089_/Y (sky130_fd_sc_hd__nor2_1)
                                                         net58 (net)
                      0.025148    0.000016    5.229806 v output58/A (sky130_fd_sc_hd__buf_2)
     1    0.034369    0.089734    0.171986    5.401793 v output58/X (sky130_fd_sc_hd__buf_2)
                                                         res[5] (net)
                      0.089734    0.000346    5.402139 v res[5] (out)
                                              5.402139   data arrival time

                      0.000000    0.000000    0.000000   clock clk (rise edge)
                                  0.000000    0.000000   clock network delay (ideal)
                                  0.250000    0.250000   clock uncertainty
                                  0.000000    0.250000   clock reconvergence pessimism
                                 -5.000000   -4.750000   output external delay
                                             -4.750000   data required time
---------------------------------------------------------------------------------------------
                                             -4.750000   data required time
                                             -5.402139   data arrival time
---------------------------------------------------------------------------------------------
                                             10.152139   slack (MET)


Startpoint: pcInput[2] (input port clocked by clk)
Endpoint: res[2] (output port clocked by clk)
Path Group: clk
Path Type: min

Fanout         Cap        Slew       Delay        Time   Description
---------------------------------------------------------------------------------------------
                      0.000000    0.000000    0.000000   clock clk (rise edge)
                                  0.000000    0.000000   clock network delay (ideal)
                                  5.000000    5.000000 ^ input external delay
     1    0.002351    0.017832    0.008729    5.008729 ^ pcInput[2] (in)
                                                         pcInput[2] (net)
                      0.017832    0.000000    5.008729 ^ input21/A (sky130_fd_sc_hd__dlymetal6s2s_1)
     5    0.017667    0.193086    0.183710    5.192439 ^ input21/X (sky130_fd_sc_hd__dlymetal6s2s_1)
                                                         net21 (net)
                      0.193086    0.000255    5.192694 ^ _039_/A (sky130_fd_sc_hd__inv_2)
     1    0.002074    0.033201    0.036213    5.228907 v _039_/Y (sky130_fd_sc_hd__inv_2)
                                                         net53 (net)
                      0.033201    0.000011    5.228918 v output53/A (sky130_fd_sc_hd__buf_2)
     1    0.034288    0.089477    0.175346    5.404263 v output53/X (sky130_fd_sc_hd__buf_2)
                                                         res[2] (net)
                      0.089477    0.000295    5.404558 v res[2] (out)
                                              5.404558   data arrival time

                      0.000000    0.000000    0.000000   clock clk (rise edge)
                                  0.000000    0.000000   clock network delay (ideal)
                                  0.250000    0.250000   clock uncertainty
                                  0.000000    0.250000   clock reconvergence pessimism
                                 -5.000000   -4.750000   output external delay
                                             -4.750000   data required time
---------------------------------------------------------------------------------------------
                                             -4.750000   data required time
                                             -5.404558   data arrival time
---------------------------------------------------------------------------------------------
                                             10.154558   slack (MET)


Startpoint: pcInput[20] (input port clocked by clk)
Endpoint: res[20] (output port clocked by clk)
Path Group: clk
Path Type: min

Fanout         Cap        Slew       Delay        Time   Description
---------------------------------------------------------------------------------------------
                      0.000000    0.000000    0.000000   clock clk (rise edge)
                                  0.000000    0.000000   clock network delay (ideal)
                                  5.000000    5.000000 v input external delay
     1    0.002459    0.007845    0.003840    5.003840 v pcInput[20] (in)
                                                         pcInput[20] (net)
                      0.007845    0.000000    5.003840 v input11/A (sky130_fd_sc_hd__clkbuf_1)
     2    0.004582    0.035667    0.080439    5.084280 v input11/X (sky130_fd_sc_hd__clkbuf_1)
                                                         net11 (net)
                      0.035667    0.000040    5.084320 v _057_/A (sky130_fd_sc_hd__nor2_1)
     1    0.002951    0.078080    0.094645    5.178966 ^ _057_/Y (sky130_fd_sc_hd__nor2_1)
                                                         _026_ (net)
                      0.078080    0.000028    5.178993 ^ _059_/B1 (sky130_fd_sc_hd__a21oi_1)
     1    0.003786    0.036314    0.049133    5.228126 v _059_/Y (sky130_fd_sc_hd__a21oi_1)
                                                         net43 (net)
                      0.036314    0.000064    5.228190 v output43/A (sky130_fd_sc_hd__buf_2)
     1    0.034636    0.090209    0.177325    5.405515 v output43/X (sky130_fd_sc_hd__buf_2)
                                                         res[20] (net)
                      0.090209    0.000309    5.405824 v res[20] (out)
                                              5.405824   data arrival time

                      0.000000    0.000000    0.000000   clock clk (rise edge)
                                  0.000000    0.000000   clock network delay (ideal)
                                  0.250000    0.250000   clock uncertainty
                                  0.000000    0.250000   clock reconvergence pessimism
                                 -5.000000   -4.750000   output external delay
                                             -4.750000   data required time
---------------------------------------------------------------------------------------------
                                             -4.750000   data required time
                                             -5.405824   data arrival time
---------------------------------------------------------------------------------------------
                                             10.155824   slack (MET)


Startpoint: pcInput[13] (input port clocked by clk)
Endpoint: res[13] (output port clocked by clk)
Path Group: clk
Path Type: min

Fanout         Cap        Slew       Delay        Time   Description
---------------------------------------------------------------------------------------------
                      0.000000    0.000000    0.000000   clock clk (rise edge)
                                  0.000000    0.000000   clock network delay (ideal)
                                  5.000000    5.000000 v input external delay
     1    0.002720    0.008446    0.004284    5.004284 v pcInput[13] (in)
                                                         pcInput[13] (net)
                      0.008446    0.000000    5.004284 v input4/A (sky130_fd_sc_hd__clkbuf_1)
     2    0.004542    0.035455    0.080494    5.084778 v input4/X (sky130_fd_sc_hd__clkbuf_1)
                                                         net4 (net)
                      0.035455    0.000016    5.084794 v _101_/B1 (sky130_fd_sc_hd__a21oi_1)
     1    0.003246    0.094826    0.112677    5.197471 ^ _101_/Y (sky130_fd_sc_hd__a21oi_1)
                                                         _009_ (net)
                      0.094826    0.000036    5.197506 ^ _102_/B (sky130_fd_sc_hd__nor2_1)
     1    0.001806    0.026986    0.041847    5.239354 v _102_/Y (sky130_fd_sc_hd__nor2_1)
                                                         net35 (net)
                      0.026986    0.000008    5.239362 v output35/A (sky130_fd_sc_hd__buf_2)
     1    0.034103    0.089100    0.172364    5.411726 v output35/X (sky130_fd_sc_hd__buf_2)
                                                         res[13] (net)
                      0.089100    0.000242    5.411968 v res[13] (out)
                                              5.411968   data arrival time

                      0.000000    0.000000    0.000000   clock clk (rise edge)
                                  0.000000    0.000000   clock network delay (ideal)
                                  0.250000    0.250000   clock uncertainty
                                  0.000000    0.250000   clock reconvergence pessimism
                                 -5.000000   -4.750000   output external delay
                                             -4.750000   data required time
---------------------------------------------------------------------------------------------
                                             -4.750000   data required time
                                             -5.411968   data arrival time
---------------------------------------------------------------------------------------------
                                             10.161967   slack (MET)


Startpoint: pcInput[21] (input port clocked by clk)
Endpoint: res[21] (output port clocked by clk)
Path Group: clk
Path Type: min

Fanout         Cap        Slew       Delay        Time   Description
---------------------------------------------------------------------------------------------
                      0.000000    0.000000    0.000000   clock clk (rise edge)
                                  0.000000    0.000000   clock network delay (ideal)
                                  5.000000    5.000000 v input external delay
     1    0.003049    0.009208    0.004837    5.004837 v pcInput[21] (in)
                                                         pcInput[21] (net)
                      0.009208    0.000000    5.004837 v input12/A (sky130_fd_sc_hd__clkbuf_1)
     2    0.005384    0.039949    0.084623    5.089460 v input12/X (sky130_fd_sc_hd__clkbuf_1)
                                                         net12 (net)
                      0.039949    0.000075    5.089535 v _062_/B1 (sky130_fd_sc_hd__a21oi_1)
     1    0.002679    0.087502    0.105878    5.195412 ^ _062_/Y (sky130_fd_sc_hd__a21oi_1)
                                                         _030_ (net)
                      0.087502    0.000011    5.195423 ^ _063_/B (sky130_fd_sc_hd__nor2_1)
     1    0.002615    0.028587    0.045303    5.240726 v _063_/Y (sky130_fd_sc_hd__nor2_1)
                                                         net44 (net)
                      0.028587    0.000029    5.240756 v output44/A (sky130_fd_sc_hd__buf_2)
     1    0.035464    0.092167    0.175331    5.416086 v output44/X (sky130_fd_sc_hd__buf_2)
                                                         res[21] (net)
                      0.092169    0.000577    5.416664 v res[21] (out)
                                              5.416664   data arrival time

                      0.000000    0.000000    0.000000   clock clk (rise edge)
                                  0.000000    0.000000   clock network delay (ideal)
                                  0.250000    0.250000   clock uncertainty
                                  0.000000    0.250000   clock reconvergence pessimism
                                 -5.000000   -4.750000   output external delay
                                             -4.750000   data required time
---------------------------------------------------------------------------------------------
                                             -4.750000   data required time
                                             -5.416664   data arrival time
---------------------------------------------------------------------------------------------
                                             10.166664   slack (MET)


Startpoint: pcInput[16] (input port clocked by clk)
Endpoint: res[16] (output port clocked by clk)
Path Group: clk
Path Type: min

Fanout         Cap        Slew       Delay        Time   Description
---------------------------------------------------------------------------------------------
                      0.000000    0.000000    0.000000   clock clk (rise edge)
                                  0.000000    0.000000   clock network delay (ideal)
                                  5.000000    5.000000 v input external delay
     1    0.003993    0.011397    0.006437    5.006437 v pcInput[16] (in)
                                                         pcInput[16] (net)
                      0.011397    0.000000    5.006437 v input7/A (sky130_fd_sc_hd__clkbuf_1)
     3    0.007720    0.052164    0.096188    5.102625 v input7/X (sky130_fd_sc_hd__clkbuf_1)
                                                         net7 (net)
                      0.052164    0.000123    5.102747 v _106_/A (sky130_fd_sc_hd__nor2_1)
     1    0.003145    0.081145    0.103374    5.206121 ^ _106_/Y (sky130_fd_sc_hd__nor2_1)
                                                         _011_ (net)
                      0.081145    0.000033    5.206155 ^ _107_/B (sky130_fd_sc_hd__nor2_1)
     1    0.001802    0.024481    0.039377    5.245531 v _107_/Y (sky130_fd_sc_hd__nor2_1)
                                                         net38 (net)
                      0.024481    0.000008    5.245539 v output38/A (sky130_fd_sc_hd__buf_2)
     1    0.034505    0.090021    0.171967    5.417506 v output38/X (sky130_fd_sc_hd__buf_2)
                                                         res[16] (net)
                      0.090022    0.000329    5.417835 v res[16] (out)
                                              5.417835   data arrival time

                      0.000000    0.000000    0.000000   clock clk (rise edge)
                                  0.000000    0.000000   clock network delay (ideal)
                                  0.250000    0.250000   clock uncertainty
                                  0.000000    0.250000   clock reconvergence pessimism
                                 -5.000000   -4.750000   output external delay
                                             -4.750000   data required time
---------------------------------------------------------------------------------------------
                                             -4.750000   data required time
                                             -5.417835   data arrival time
---------------------------------------------------------------------------------------------
                                             10.167835   slack (MET)


Startpoint: pcInput[28] (input port clocked by clk)
Endpoint: res[28] (output port clocked by clk)
Path Group: clk
Path Type: min

Fanout         Cap        Slew       Delay        Time   Description
---------------------------------------------------------------------------------------------
                      0.000000    0.000000    0.000000   clock clk (rise edge)
                                  0.000000    0.000000   clock network delay (ideal)
                                  5.000000    5.000000 ^ input external delay
     1    0.003656    0.023442    0.013295    5.013295 ^ pcInput[28] (in)
                                                         pcInput[28] (net)
                      0.023442    0.000000    5.013295 ^ input19/A (sky130_fd_sc_hd__clkbuf_1)
     2    0.004328    0.060877    0.085369    5.098664 ^ input19/X (sky130_fd_sc_hd__clkbuf_1)
                                                         net19 (net)
                      0.060877    0.000032    5.098697 ^ _078_/B2 (sky130_fd_sc_hd__o2bb2a_1)
     1    0.002200    0.040430    0.125355    5.224052 ^ _078_/X (sky130_fd_sc_hd__o2bb2a_1)
                                                         net51 (net)
                      0.040430    0.000020    5.224072 ^ output51/A (sky130_fd_sc_hd__buf_2)
     1    0.034446    0.170957    0.197008    5.421079 ^ output51/X (sky130_fd_sc_hd__buf_2)
                                                         res[28] (net)
                      0.170957    0.000375    5.421454 ^ res[28] (out)
                                              5.421454   data arrival time

                      0.000000    0.000000    0.000000   clock clk (rise edge)
                                  0.000000    0.000000   clock network delay (ideal)
                                  0.250000    0.250000   clock uncertainty
                                  0.000000    0.250000   clock reconvergence pessimism
                                 -5.000000   -4.750000   output external delay
                                             -4.750000   data required time
---------------------------------------------------------------------------------------------
                                             -4.750000   data required time
                                             -5.421454   data arrival time
---------------------------------------------------------------------------------------------
                                             10.171455   slack (MET)


Startpoint: pcInput[18] (input port clocked by clk)
Endpoint: res[18] (output port clocked by clk)
Path Group: clk
Path Type: min

Fanout         Cap        Slew       Delay        Time   Description
---------------------------------------------------------------------------------------------
                      0.000000    0.000000    0.000000   clock clk (rise edge)
                                  0.000000    0.000000   clock network delay (ideal)
                                  5.000000    5.000000 ^ input external delay
     1    0.004306    0.026266    0.015568    5.015569 ^ pcInput[18] (in)
                                                         pcInput[18] (net)
                      0.026266    0.000000    5.015569 ^ input9/A (sky130_fd_sc_hd__clkbuf_1)
     4    0.012235    0.150056    0.148757    5.164326 ^ input9/X (sky130_fd_sc_hd__clkbuf_1)
                                                         net9 (net)
                      0.150056    0.000141    5.164467 ^ _053_/A (sky130_fd_sc_hd__xor2_1)
     1    0.002351    0.034394    0.082228    5.246695 v _053_/X (sky130_fd_sc_hd__xor2_1)
                                                         net40 (net)
                      0.034394    0.000025    5.246720 v output40/A (sky130_fd_sc_hd__buf_2)
     1    0.033907    0.088590    0.175251    5.421971 v output40/X (sky130_fd_sc_hd__buf_2)
                                                         res[18] (net)
                      0.088590    0.000166    5.422137 v res[18] (out)
                                              5.422137   data arrival time

                      0.000000    0.000000    0.000000   clock clk (rise edge)
                                  0.000000    0.000000   clock network delay (ideal)
                                  0.250000    0.250000   clock uncertainty
                                  0.000000    0.250000   clock reconvergence pessimism
                                 -5.000000   -4.750000   output external delay
                                             -4.750000   data required time
---------------------------------------------------------------------------------------------
                                             -4.750000   data required time
                                             -5.422137   data arrival time
---------------------------------------------------------------------------------------------
                                             10.172137   slack (MET)


Startpoint: pcInput[7] (input port clocked by clk)
Endpoint: res[7] (output port clocked by clk)
Path Group: clk
Path Type: min

Fanout         Cap        Slew       Delay        Time   Description
---------------------------------------------------------------------------------------------
                      0.000000    0.000000    0.000000   clock clk (rise edge)
                                  0.000000    0.000000   clock network delay (ideal)
                                  5.000000    5.000000 v input external delay
     1    0.003240    0.009655    0.005168    5.005168 v pcInput[7] (in)
                                                         pcInput[7] (net)
                      0.009655    0.000000    5.005168 v input28/A (sky130_fd_sc_hd__buf_1)
     4    0.012066    0.075855    0.114064    5.119232 v input28/X (sky130_fd_sc_hd__buf_1)
                                                         net28 (net)
                      0.075855    0.000058    5.119290 v _092_/A (sky130_fd_sc_hd__xnor2_1)
     1    0.001987    0.028504    0.127664    5.246953 v _092_/Y (sky130_fd_sc_hd__xnor2_1)
                                                         net60 (net)
                      0.028504    0.000017    5.246971 v output60/A (sky130_fd_sc_hd__buf_2)
     1    0.036048    0.092856    0.176122    5.423093 v output60/X (sky130_fd_sc_hd__buf_2)
                                                         res[7] (net)
                      0.092865    0.000933    5.424026 v res[7] (out)
                                              5.424026   data arrival time

                      0.000000    0.000000    0.000000   clock clk (rise edge)
                                  0.000000    0.000000   clock network delay (ideal)
                                  0.250000    0.250000   clock uncertainty
                                  0.000000    0.250000   clock reconvergence pessimism
                                 -5.000000   -4.750000   output external delay
                                             -4.750000   data required time
---------------------------------------------------------------------------------------------
                                             -4.750000   data required time
                                             -5.424026   data arrival time
---------------------------------------------------------------------------------------------
                                             10.174026   slack (MET)


Startpoint: pcInput[25] (input port clocked by clk)
Endpoint: res[25] (output port clocked by clk)
Path Group: clk
Path Type: min

Fanout         Cap        Slew       Delay        Time   Description
---------------------------------------------------------------------------------------------
                      0.000000    0.000000    0.000000   clock clk (rise edge)
                                  0.000000    0.000000   clock network delay (ideal)
                                  5.000000    5.000000 v input external delay
     1    0.004701    0.012974    0.007609    5.007609 v pcInput[25] (in)
                                                         pcInput[25] (net)
                      0.012979    0.000000    5.007609 v input16/A (sky130_fd_sc_hd__clkbuf_1)
     2    0.006169    0.044201    0.089671    5.097280 v input16/X (sky130_fd_sc_hd__clkbuf_1)
                                                         net16 (net)
                      0.044201    0.000101    5.097381 v _071_/B1 (sky130_fd_sc_hd__a21oi_1)
     1    0.002904    0.091843    0.110485    5.207866 ^ _071_/Y (sky130_fd_sc_hd__a21oi_1)
                                                         _035_ (net)
                      0.091843    0.000027    5.207893 ^ _072_/B (sky130_fd_sc_hd__nor2_1)
     1    0.001833    0.026539    0.041477    5.249371 v _072_/Y (sky130_fd_sc_hd__nor2_1)
                                                         net48 (net)
                      0.026539    0.000008    5.249378 v output48/A (sky130_fd_sc_hd__buf_2)
     1    0.035350    0.091955    0.174206    5.423584 v output48/X (sky130_fd_sc_hd__buf_2)
                                                         res[25] (net)
                      0.091958    0.000616    5.424201 v res[25] (out)
                                              5.424201   data arrival time

                      0.000000    0.000000    0.000000   clock clk (rise edge)
                                  0.000000    0.000000   clock network delay (ideal)
                                  0.250000    0.250000   clock uncertainty
                                  0.000000    0.250000   clock reconvergence pessimism
                                 -5.000000   -4.750000   output external delay
                                             -4.750000   data required time
---------------------------------------------------------------------------------------------
                                             -4.750000   data required time
                                             -5.424201   data arrival time
---------------------------------------------------------------------------------------------
                                             10.174200   slack (MET)


Startpoint: pcInput[10] (input port clocked by clk)
Endpoint: res[10] (output port clocked by clk)
Path Group: clk
Path Type: min

Fanout         Cap        Slew       Delay        Time   Description
---------------------------------------------------------------------------------------------
                      0.000000    0.000000    0.000000   clock clk (rise edge)
                                  0.000000    0.000000   clock network delay (ideal)
                                  5.000000    5.000000 ^ input external delay
     1    0.003920    0.024591    0.014230    5.014231 ^ pcInput[10] (in)
                                                         pcInput[10] (net)
                      0.024591    0.000000    5.014231 ^ input1/A (sky130_fd_sc_hd__buf_1)
     3    0.010966    0.135618    0.138253    5.152483 ^ input1/X (sky130_fd_sc_hd__buf_1)
                                                         net1 (net)
                      0.135618    0.000163    5.152647 ^ _097_/A (sky130_fd_sc_hd__xnor2_1)
     1    0.004102    0.044306    0.095289    5.247936 v _097_/Y (sky130_fd_sc_hd__xnor2_1)
                                                         net32 (net)
                      0.044306    0.000065    5.248001 v output32/A (sky130_fd_sc_hd__buf_2)
     1    0.034032    0.088792    0.179748    5.427749 v output32/X (sky130_fd_sc_hd__buf_2)
                                                         res[10] (net)
                      0.088792    0.000175    5.427923 v res[10] (out)
                                              5.427923   data arrival time

                      0.000000    0.000000    0.000000   clock clk (rise edge)
                                  0.000000    0.000000   clock network delay (ideal)
                                  0.250000    0.250000   clock uncertainty
                                  0.000000    0.250000   clock reconvergence pessimism
                                 -5.000000   -4.750000   output external delay
                                             -4.750000   data required time
---------------------------------------------------------------------------------------------
                                             -4.750000   data required time
                                             -5.427923   data arrival time
---------------------------------------------------------------------------------------------
                                             10.177923   slack (MET)


Startpoint: pcInput[3] (input port clocked by clk)
Endpoint: res[3] (output port clocked by clk)
Path Group: clk
Path Type: min

Fanout         Cap        Slew       Delay        Time   Description
---------------------------------------------------------------------------------------------
                      0.000000    0.000000    0.000000   clock clk (rise edge)
                                  0.000000    0.000000   clock network delay (ideal)
                                  5.000000    5.000000 ^ input external delay
     1    0.005116    0.029801    0.018223    5.018223 ^ pcInput[3] (in)
                                                         pcInput[3] (net)
                      0.029802    0.000000    5.018223 ^ input24/A (sky130_fd_sc_hd__buf_1)
     4    0.012915    0.157806    0.155480    5.173703 ^ input24/X (sky130_fd_sc_hd__buf_1)
                                                         net24 (net)
                      0.157806    0.000147    5.173850 ^ _085_/B (sky130_fd_sc_hd__xor2_1)
     1    0.002178    0.033680    0.080495    5.254344 v _085_/X (sky130_fd_sc_hd__xor2_1)
                                                         net56 (net)
                      0.033680    0.000020    5.254365 v output56/A (sky130_fd_sc_hd__buf_2)
     1    0.035696    0.092596    0.178012    5.432377 v output56/X (sky130_fd_sc_hd__buf_2)
                                                         res[3] (net)
                      0.092598    0.000508    5.432885 v res[3] (out)
                                              5.432885   data arrival time

                      0.000000    0.000000    0.000000   clock clk (rise edge)
                                  0.000000    0.000000   clock network delay (ideal)
                                  0.250000    0.250000   clock uncertainty
                                  0.000000    0.250000   clock reconvergence pessimism
                                 -5.000000   -4.750000   output external delay
                                             -4.750000   data required time
---------------------------------------------------------------------------------------------
                                             -4.750000   data required time
                                             -5.432885   data arrival time
---------------------------------------------------------------------------------------------
                                             10.182886   slack (MET)


Startpoint: pcInput[19] (input port clocked by clk)
Endpoint: res[19] (output port clocked by clk)
Path Group: clk
Path Type: min

Fanout         Cap        Slew       Delay        Time   Description
---------------------------------------------------------------------------------------------
                      0.000000    0.000000    0.000000   clock clk (rise edge)
                                  0.000000    0.000000   clock network delay (ideal)
                                  5.000000    5.000000 v input external delay
     1    0.002491    0.007919    0.003895    5.003895 v pcInput[19] (in)
                                                         pcInput[19] (net)
                      0.007919    0.000000    5.003895 v input10/A (sky130_fd_sc_hd__buf_1)
     3    0.007005    0.048690    0.091651    5.095546 v input10/X (sky130_fd_sc_hd__buf_1)
                                                         net10 (net)
                      0.048690    0.000068    5.095614 v _054_/B1 (sky130_fd_sc_hd__a21oi_1)
     1    0.002975    0.093120    0.112947    5.208562 ^ _054_/Y (sky130_fd_sc_hd__a21oi_1)
                                                         _024_ (net)
                      0.093120    0.000028    5.208589 ^ _056_/A (sky130_fd_sc_hd__nor2_1)
     1    0.002514    0.025654    0.052874    5.261463 v _056_/Y (sky130_fd_sc_hd__nor2_1)
                                                         net41 (net)
                      0.025654    0.000027    5.261489 v output41/A (sky130_fd_sc_hd__buf_2)
     1    0.033919    0.088676    0.171506    5.432996 v output41/X (sky130_fd_sc_hd__buf_2)
                                                         res[19] (net)
                      0.088676    0.000166    5.433162 v res[19] (out)
                                              5.433162   data arrival time

                      0.000000    0.000000    0.000000   clock clk (rise edge)
                                  0.000000    0.000000   clock network delay (ideal)
                                  0.250000    0.250000   clock uncertainty
                                  0.000000    0.250000   clock reconvergence pessimism
                                 -5.000000   -4.750000   output external delay
                                             -4.750000   data required time
---------------------------------------------------------------------------------------------
                                             -4.750000   data required time
                                             -5.433162   data arrival time
---------------------------------------------------------------------------------------------
                                             10.183162   slack (MET)


Startpoint: pcInput[17] (input port clocked by clk)
Endpoint: res[17] (output port clocked by clk)
Path Group: clk
Path Type: min

Fanout         Cap        Slew       Delay        Time   Description
---------------------------------------------------------------------------------------------
                      0.000000    0.000000    0.000000   clock clk (rise edge)
                                  0.000000    0.000000   clock network delay (ideal)
                                  5.000000    5.000000 ^ input external delay
     1    0.003562    0.023034    0.012964    5.012964 ^ pcInput[17] (in)
                                                         pcInput[17] (net)
                      0.023034    0.000000    5.012964 ^ input8/A (sky130_fd_sc_hd__clkbuf_1)
     2    0.004606    0.063975    0.087446    5.100410 ^ input8/X (sky130_fd_sc_hd__clkbuf_1)
                                                         net8 (net)
                      0.063975    0.000027    5.100437 ^ _052_/A1 (sky130_fd_sc_hd__o21ba_1)
     1    0.003483    0.048165    0.132063    5.232500 ^ _052_/X (sky130_fd_sc_hd__o21ba_1)
                                                         net39 (net)
                      0.048165    0.000051    5.232551 ^ output39/A (sky130_fd_sc_hd__buf_2)
     1    0.034979    0.173436    0.201692    5.434242 ^ output39/X (sky130_fd_sc_hd__buf_2)
                                                         res[17] (net)
                      0.173436    0.000450    5.434692 ^ res[17] (out)
                                              5.434692   data arrival time

                      0.000000    0.000000    0.000000   clock clk (rise edge)
                                  0.000000    0.000000   clock network delay (ideal)
                                  0.250000    0.250000   clock uncertainty
                                  0.000000    0.250000   clock reconvergence pessimism
                                 -5.000000   -4.750000   output external delay
                                             -4.750000   data required time
---------------------------------------------------------------------------------------------
                                             -4.750000   data required time
                                             -5.434692   data arrival time
---------------------------------------------------------------------------------------------
                                             10.184692   slack (MET)


Startpoint: pcInput[22] (input port clocked by clk)
Endpoint: res[22] (output port clocked by clk)
Path Group: clk
Path Type: min

Fanout         Cap        Slew       Delay        Time   Description
---------------------------------------------------------------------------------------------
                      0.000000    0.000000    0.000000   clock clk (rise edge)
                                  0.000000    0.000000   clock network delay (ideal)
                                  5.000000    5.000000 ^ input external delay
     1    0.003385    0.022266    0.012346    5.012346 ^ pcInput[22] (in)
                                                         pcInput[22] (net)
                      0.022266    0.000000    5.012346 ^ input13/A (sky130_fd_sc_hd__buf_1)
     4    0.012982    0.158479    0.153272    5.165618 ^ input13/X (sky130_fd_sc_hd__buf_1)
                                                         net13 (net)
                      0.158479    0.000101    5.165720 ^ _064_/A (sky130_fd_sc_hd__xor2_1)
     1    0.003128    0.037508    0.088609    5.254329 v _064_/X (sky130_fd_sc_hd__xor2_1)
                                                         net45 (net)
                      0.037508    0.000043    5.254372 v output45/A (sky130_fd_sc_hd__buf_2)
     1    0.035874    0.092844    0.179853    5.434225 v output45/X (sky130_fd_sc_hd__buf_2)
                                                         res[22] (net)
                      0.092848    0.000687    5.434912 v res[22] (out)
                                              5.434912   data arrival time

                      0.000000    0.000000    0.000000   clock clk (rise edge)
                                  0.000000    0.000000   clock network delay (ideal)
                                  0.250000    0.250000   clock uncertainty
                                  0.000000    0.250000   clock reconvergence pessimism
                                 -5.000000   -4.750000   output external delay
                                             -4.750000   data required time
---------------------------------------------------------------------------------------------
                                             -4.750000   data required time
                                             -5.434912   data arrival time
---------------------------------------------------------------------------------------------
                                             10.184913   slack (MET)


Startpoint: pcInput[4] (input port clocked by clk)
Endpoint: res[4] (output port clocked by clk)
Path Group: clk
Path Type: min

Fanout         Cap        Slew       Delay        Time   Description
---------------------------------------------------------------------------------------------
                      0.000000    0.000000    0.000000   clock clk (rise edge)
                                  0.000000    0.000000   clock network delay (ideal)
                                  5.000000    5.000000 v input external delay
     1    0.005373    0.014434    0.008738    5.008738 v pcInput[4] (in)
                                                         pcInput[4] (net)
                      0.014435    0.000000    5.008738 v input25/A (sky130_fd_sc_hd__clkbuf_1)
     3    0.006920    0.048282    0.093707    5.102445 v input25/X (sky130_fd_sc_hd__clkbuf_1)
                                                         net25 (net)
                      0.048282    0.000077    5.102522 v _086_/B1 (sky130_fd_sc_hd__a21oi_1)
     1    0.003003    0.093714    0.113229    5.215751 ^ _086_/Y (sky130_fd_sc_hd__a21oi_1)
                                                         _003_ (net)
                      0.093714    0.000028    5.215779 ^ _087_/B (sky130_fd_sc_hd__nor2_1)
     1    0.002495    0.028812    0.045879    5.261658 v _087_/Y (sky130_fd_sc_hd__nor2_1)
                                                         net57 (net)
                      0.028812    0.000026    5.261683 v output57/A (sky130_fd_sc_hd__buf_2)
     1    0.035046    0.091216    0.174735    5.436419 v output57/X (sky130_fd_sc_hd__buf_2)
                                                         res[4] (net)
                      0.091218    0.000469    5.436887 v res[4] (out)
                                              5.436887   data arrival time

                      0.000000    0.000000    0.000000   clock clk (rise edge)
                                  0.000000    0.000000   clock network delay (ideal)
                                  0.250000    0.250000   clock uncertainty
                                  0.000000    0.250000   clock reconvergence pessimism
                                 -5.000000   -4.750000   output external delay
                                             -4.750000   data required time
---------------------------------------------------------------------------------------------
                                             -4.750000   data required time
                                             -5.436887   data arrival time
---------------------------------------------------------------------------------------------
                                             10.186887   slack (MET)


Startpoint: pcInput[24] (input port clocked by clk)
Endpoint: res[24] (output port clocked by clk)
Path Group: clk
Path Type: min

Fanout         Cap        Slew       Delay        Time   Description
---------------------------------------------------------------------------------------------
                      0.000000    0.000000    0.000000   clock clk (rise edge)
                                  0.000000    0.000000   clock network delay (ideal)
                                  5.000000    5.000000 ^ input external delay
     1    0.005122    0.029826    0.018247    5.018247 ^ pcInput[24] (in)
                                                         pcInput[24] (net)
                      0.029827    0.000000    5.018247 ^ input15/A (sky130_fd_sc_hd__clkbuf_1)
     2    0.005240    0.071053    0.094818    5.113066 ^ input15/X (sky130_fd_sc_hd__clkbuf_1)
                                                         net15 (net)
                      0.071053    0.000051    5.113116 ^ _069_/B2 (sky130_fd_sc_hd__o2bb2a_1)
     1    0.002151    0.040052    0.127734    5.240850 ^ _069_/X (sky130_fd_sc_hd__o2bb2a_1)
                                                         net47 (net)
                      0.040052    0.000019    5.240869 ^ output47/A (sky130_fd_sc_hd__buf_2)
     1    0.034388    0.170689    0.196685    5.437554 ^ output47/X (sky130_fd_sc_hd__buf_2)
                                                         res[24] (net)
                      0.170689    0.000358    5.437912 ^ res[24] (out)
                                              5.437912   data arrival time

                      0.000000    0.000000    0.000000   clock clk (rise edge)
                                  0.000000    0.000000   clock network delay (ideal)
                                  0.250000    0.250000   clock uncertainty
                                  0.000000    0.250000   clock reconvergence pessimism
                                 -5.000000   -4.750000   output external delay
                                             -4.750000   data required time
---------------------------------------------------------------------------------------------
                                             -4.750000   data required time
                                             -5.437912   data arrival time
---------------------------------------------------------------------------------------------
                                             10.187913   slack (MET)


Startpoint: pcInput[27] (input port clocked by clk)
Endpoint: res[27] (output port clocked by clk)
Path Group: clk
Path Type: min

Fanout         Cap        Slew       Delay        Time   Description
---------------------------------------------------------------------------------------------
                      0.000000    0.000000    0.000000   clock clk (rise edge)
                                  0.000000    0.000000   clock network delay (ideal)
                                  5.000000    5.000000 v input external delay
     1    0.004495    0.012536    0.007285    5.007285 v pcInput[27] (in)
                                                         pcInput[27] (net)
                      0.012541    0.000000    5.007285 v input18/A (sky130_fd_sc_hd__clkbuf_1)
     3    0.006369    0.045269    0.090449    5.097734 v input18/X (sky130_fd_sc_hd__clkbuf_1)
                                                         net18 (net)
                      0.045269    0.000039    5.097774 v _074_/B1 (sky130_fd_sc_hd__a21oi_1)
     1    0.003317    0.096167    0.116824    5.214598 ^ _074_/Y (sky130_fd_sc_hd__a21oi_1)
                                                         _036_ (net)
                      0.096167    0.000038    5.214636 ^ _076_/A (sky130_fd_sc_hd__nor2_1)
     1    0.002892    0.025314    0.055549    5.270185 v _076_/Y (sky130_fd_sc_hd__nor2_1)
                                                         net50 (net)
                      0.025314    0.000045    5.270230 v output50/A (sky130_fd_sc_hd__buf_2)
     1    0.034432    0.089880    0.172153    5.442383 v output50/X (sky130_fd_sc_hd__buf_2)
                                                         res[27] (net)
                      0.089881    0.000375    5.442758 v res[27] (out)
                                              5.442758   data arrival time

                      0.000000    0.000000    0.000000   clock clk (rise edge)
                                  0.000000    0.000000   clock network delay (ideal)
                                  0.250000    0.250000   clock uncertainty
                                  0.000000    0.250000   clock reconvergence pessimism
                                 -5.000000   -4.750000   output external delay
                                             -4.750000   data required time
---------------------------------------------------------------------------------------------
                                             -4.750000   data required time
                                             -5.442758   data arrival time
---------------------------------------------------------------------------------------------
                                             10.192758   slack (MET)


Startpoint: pcInput[23] (input port clocked by clk)
Endpoint: res[23] (output port clocked by clk)
Path Group: clk
Path Type: min

Fanout         Cap        Slew       Delay        Time   Description
---------------------------------------------------------------------------------------------
                      0.000000    0.000000    0.000000   clock clk (rise edge)
                                  0.000000    0.000000   clock network delay (ideal)
                                  5.000000    5.000000 v input external delay
     1    0.005836    0.015431    0.009477    5.009478 v pcInput[23] (in)
                                                         pcInput[23] (net)
                      0.015433    0.000000    5.009478 v input14/A (sky130_fd_sc_hd__clkbuf_1)
     3    0.008213    0.054585    0.100012    5.109489 v input14/X (sky130_fd_sc_hd__clkbuf_1)
                                                         net14 (net)
                      0.054585    0.000044    5.109533 v _065_/B1 (sky130_fd_sc_hd__a21oi_1)
     1    0.002650    0.086938    0.110183    5.219717 ^ _065_/Y (sky130_fd_sc_hd__a21oi_1)
                                                         _031_ (net)
                      0.086938    0.000010    5.219727 ^ _067_/A (sky130_fd_sc_hd__nor2_1)
     1    0.002847    0.024534    0.052817    5.272544 v _067_/Y (sky130_fd_sc_hd__nor2_1)
                                                         net46 (net)
                      0.024535    0.000032    5.272576 v output46/A (sky130_fd_sc_hd__buf_2)
     1    0.034679    0.090450    0.172220    5.444797 v output46/X (sky130_fd_sc_hd__buf_2)
                                                         res[23] (net)
                      0.090451    0.000446    5.445243 v res[23] (out)
                                              5.445243   data arrival time

                      0.000000    0.000000    0.000000   clock clk (rise edge)
                                  0.000000    0.000000   clock network delay (ideal)
                                  0.250000    0.250000   clock uncertainty
                                  0.000000    0.250000   clock reconvergence pessimism
                                 -5.000000   -4.750000   output external delay
                                             -4.750000   data required time
---------------------------------------------------------------------------------------------
                                             -4.750000   data required time
                                             -5.445243   data arrival time
---------------------------------------------------------------------------------------------
                                             10.195243   slack (MET)


Startpoint: pcInput[26] (input port clocked by clk)
Endpoint: res[26] (output port clocked by clk)
Path Group: clk
Path Type: min

Fanout         Cap        Slew       Delay        Time   Description
---------------------------------------------------------------------------------------------
                      0.000000    0.000000    0.000000   clock clk (rise edge)
                                  0.000000    0.000000   clock network delay (ideal)
                                  5.000000    5.000000 ^ input external delay
     1    0.005630    0.032051    0.019889    5.019889 ^ pcInput[26] (in)
                                                         pcInput[26] (net)
                      0.032051    0.000000    5.019889 ^ input17/A (sky130_fd_sc_hd__buf_1)
     4    0.013966    0.169801    0.164547    5.184437 ^ input17/X (sky130_fd_sc_hd__buf_1)
                                                         net17 (net)
                      0.169801    0.000253    5.184689 ^ _073_/A (sky130_fd_sc_hd__xor2_1)
     1    0.002324    0.034289    0.085421    5.270110 v _073_/X (sky130_fd_sc_hd__xor2_1)
                                                         net49 (net)
                      0.034289    0.000024    5.270134 v output49/A (sky130_fd_sc_hd__buf_2)
     1    0.035492    0.092241    0.177738    5.447873 v output49/X (sky130_fd_sc_hd__buf_2)
                                                         res[26] (net)
                      0.092246    0.000710    5.448582 v res[26] (out)
                                              5.448582   data arrival time

                      0.000000    0.000000    0.000000   clock clk (rise edge)
                                  0.000000    0.000000   clock network delay (ideal)
                                  0.250000    0.250000   clock uncertainty
                                  0.000000    0.250000   clock reconvergence pessimism
                                 -5.000000   -4.750000   output external delay
                                             -4.750000   data required time
---------------------------------------------------------------------------------------------
                                             -4.750000   data required time
                                             -5.448582   data arrival time
---------------------------------------------------------------------------------------------
                                             10.198582   slack (MET)


Startpoint: pcInput[9] (input port clocked by clk)
Endpoint: res[9] (output port clocked by clk)
Path Group: clk
Path Type: min

Fanout         Cap        Slew       Delay        Time   Description
---------------------------------------------------------------------------------------------
                      0.000000    0.000000    0.000000   clock clk (rise edge)
                                  0.000000    0.000000   clock network delay (ideal)
                                  5.000000    5.000000 ^ input external delay
     1    0.003199    0.021455    0.011701    5.011702 ^ pcInput[9] (in)
                                                         pcInput[9] (net)
                      0.021455    0.000000    5.011702 ^ input30/A (sky130_fd_sc_hd__clkbuf_1)
     2    0.006636    0.086741    0.103001    5.114702 ^ input30/X (sky130_fd_sc_hd__clkbuf_1)
                                                         net30 (net)
                      0.086741    0.000092    5.114794 ^ _096_/A1 (sky130_fd_sc_hd__o21a_1)
     1    0.004465    0.053804    0.136940    5.251734 ^ _096_/X (sky130_fd_sc_hd__o21a_1)
                                                         net62 (net)
                      0.053804    0.000087    5.251821 ^ output62/A (sky130_fd_sc_hd__buf_2)
     1    0.034283    0.170213    0.201588    5.453409 ^ output62/X (sky130_fd_sc_hd__buf_2)
                                                         res[9] (net)
                      0.170213    0.000366    5.453775 ^ res[9] (out)
                                              5.453775   data arrival time

                      0.000000    0.000000    0.000000   clock clk (rise edge)
                                  0.000000    0.000000   clock network delay (ideal)
                                  0.250000    0.250000   clock uncertainty
                                  0.000000    0.250000   clock reconvergence pessimism
                                 -5.000000   -4.750000   output external delay
                                             -4.750000   data required time
---------------------------------------------------------------------------------------------
                                             -4.750000   data required time
                                             -5.453775   data arrival time
---------------------------------------------------------------------------------------------
                                             10.203775   slack (MET)


Startpoint: pcInput[6] (input port clocked by clk)
Endpoint: res[6] (output port clocked by clk)
Path Group: clk
Path Type: min

Fanout         Cap        Slew       Delay        Time   Description
---------------------------------------------------------------------------------------------
                      0.000000    0.000000    0.000000   clock clk (rise edge)
                                  0.000000    0.000000   clock network delay (ideal)
                                  5.000000    5.000000 ^ input external delay
     1    0.003134    0.021172    0.011473    5.011473 ^ pcInput[6] (in)
                                                         pcInput[6] (net)
                      0.021172    0.000000    5.011473 ^ input27/A (sky130_fd_sc_hd__buf_1)
     5    0.015527    0.187399    0.172878    5.184351 ^ input27/X (sky130_fd_sc_hd__buf_1)
                                                         net27 (net)
                      0.187399    0.000231    5.184582 ^ _091_/A (sky130_fd_sc_hd__xor2_1)
     1    0.003574    0.039210    0.096762    5.281344 v _091_/X (sky130_fd_sc_hd__xor2_1)
                                                         net59 (net)
                      0.039210    0.000041    5.281385 v output59/A (sky130_fd_sc_hd__buf_2)
     1    0.034599    0.090156    0.178424    5.459809 v output59/X (sky130_fd_sc_hd__buf_2)
                                                         res[6] (net)
                      0.090157    0.000408    5.460217 v res[6] (out)
                                              5.460217   data arrival time

                      0.000000    0.000000    0.000000   clock clk (rise edge)
                                  0.000000    0.000000   clock network delay (ideal)
                                  0.250000    0.250000   clock uncertainty
                                  0.000000    0.250000   clock reconvergence pessimism
                                 -5.000000   -4.750000   output external delay
                                             -4.750000   data required time
---------------------------------------------------------------------------------------------
                                             -4.750000   data required time
                                             -5.460217   data arrival time
---------------------------------------------------------------------------------------------
                                             10.210217   slack (MET)


Startpoint: pcInput[15] (input port clocked by clk)
Endpoint: res[15] (output port clocked by clk)
Path Group: clk
Path Type: min

Fanout         Cap        Slew       Delay        Time   Description
---------------------------------------------------------------------------------------------
                      0.000000    0.000000    0.000000   clock clk (rise edge)
                                  0.000000    0.000000   clock network delay (ideal)
                                  5.000000    5.000000 ^ input external delay
     1    0.004202    0.025815    0.015221    5.015221 ^ pcInput[15] (in)
                                                         pcInput[15] (net)
                      0.025815    0.000000    5.015221 ^ input6/A (sky130_fd_sc_hd__clkbuf_1)
     2    0.005739    0.076661    0.097398    5.112619 ^ input6/X (sky130_fd_sc_hd__clkbuf_1)
                                                         net6 (net)
                      0.076661    0.000052    5.112671 ^ _104_/B1 (sky130_fd_sc_hd__a31o_1)
     1    0.002810    0.040743    0.096912    5.209583 ^ _104_/X (sky130_fd_sc_hd__a31o_1)
                                                         _010_ (net)
                      0.040743    0.000035    5.209618 ^ _105_/B (sky130_fd_sc_hd__and2b_1)
     1    0.002125    0.036147    0.106453    5.316071 ^ _105_/X (sky130_fd_sc_hd__and2b_1)
                                                         net37 (net)
                      0.036147    0.000018    5.316089 ^ output37/A (sky130_fd_sc_hd__buf_2)
     1    0.034230    0.169942    0.194760    5.510849 ^ output37/X (sky130_fd_sc_hd__buf_2)
                                                         res[15] (net)
                      0.169942    0.000219    5.511068 ^ res[15] (out)
                                              5.511068   data arrival time

                      0.000000    0.000000    0.000000   clock clk (rise edge)
                                  0.000000    0.000000   clock network delay (ideal)
                                  0.250000    0.250000   clock uncertainty
                                  0.000000    0.250000   clock reconvergence pessimism
                                 -5.000000   -4.750000   output external delay
                                             -4.750000   data required time
---------------------------------------------------------------------------------------------
                                             -4.750000   data required time
                                             -5.511068   data arrival time
---------------------------------------------------------------------------------------------
                                             10.261067   slack (MET)


Startpoint: pcInput[11] (input port clocked by clk)
Endpoint: res[11] (output port clocked by clk)
Path Group: clk
Path Type: min

Fanout         Cap        Slew       Delay        Time   Description
---------------------------------------------------------------------------------------------
                      0.000000    0.000000    0.000000   clock clk (rise edge)
                                  0.000000    0.000000   clock network delay (ideal)
                                  5.000000    5.000000 ^ input external delay
     1    0.003475    0.022655    0.012669    5.012670 ^ pcInput[11] (in)
                                                         pcInput[11] (net)
                      0.022655    0.000000    5.012670 ^ input2/A (sky130_fd_sc_hd__clkbuf_1)
     2    0.006459    0.084753    0.102003    5.114673 ^ input2/X (sky130_fd_sc_hd__clkbuf_1)
                                                         net2 (net)
                      0.084753    0.000087    5.114760 ^ _098_/B1 (sky130_fd_sc_hd__a31o_1)
     1    0.002188    0.036077    0.094668    5.209428 ^ _098_/X (sky130_fd_sc_hd__a31o_1)
                                                         _008_ (net)
                      0.036077    0.000020    5.209448 ^ _099_/B (sky130_fd_sc_hd__and2b_1)
     1    0.002593    0.039693    0.108607    5.318055 ^ _099_/X (sky130_fd_sc_hd__and2b_1)
                                                         net33 (net)
                      0.039693    0.000028    5.318083 ^ output33/A (sky130_fd_sc_hd__buf_2)
     1    0.034149    0.169551    0.195882    5.513965 ^ output33/X (sky130_fd_sc_hd__buf_2)
                                                         res[11] (net)
                      0.169551    0.000174    5.514139 ^ res[11] (out)
                                              5.514139   data arrival time

                      0.000000    0.000000    0.000000   clock clk (rise edge)
                                  0.000000    0.000000   clock network delay (ideal)
                                  0.250000    0.250000   clock uncertainty
                                  0.000000    0.250000   clock reconvergence pessimism
                                 -5.000000   -4.750000   output external delay
                                             -4.750000   data required time
---------------------------------------------------------------------------------------------
                                             -4.750000   data required time
                                             -5.514139   data arrival time
---------------------------------------------------------------------------------------------
                                             10.264138   slack (MET)


Startpoint: pcInput[29] (input port clocked by clk)
Endpoint: res[29] (output port clocked by clk)
Path Group: clk
Path Type: min

Fanout         Cap        Slew       Delay        Time   Description
---------------------------------------------------------------------------------------------
                      0.000000    0.000000    0.000000   clock clk (rise edge)
                                  0.000000    0.000000   clock network delay (ideal)
                                  5.000000    5.000000 v input external delay
     1    0.005170    0.013996    0.008402    5.008402 v pcInput[29] (in)
                                                         pcInput[29] (net)
                      0.013998    0.000000    5.008402 v input20/A (sky130_fd_sc_hd__buf_1)
     3    0.008827    0.057957    0.102076    5.110477 v input20/X (sky130_fd_sc_hd__buf_1)
                                                         net20 (net)
                      0.057957    0.000148    5.110626 v _079_/A (sky130_fd_sc_hd__nand3_1)
     2    0.006675    0.082300    0.093969    5.204595 ^ _079_/Y (sky130_fd_sc_hd__nand3_1)
                                                         _000_ (net)
                      0.082300    0.000050    5.204645 ^ _081_/A (sky130_fd_sc_hd__and2_1)
     1    0.002199    0.041125    0.117970    5.322615 ^ _081_/X (sky130_fd_sc_hd__and2_1)
                                                         net52 (net)
                      0.041125    0.000019    5.322634 ^ output52/A (sky130_fd_sc_hd__buf_2)
     1    0.034447    0.170963    0.197280    5.519914 ^ output52/X (sky130_fd_sc_hd__buf_2)
                                                         res[29] (net)
                      0.170963    0.000375    5.520289 ^ res[29] (out)
                                              5.520289   data arrival time

                      0.000000    0.000000    0.000000   clock clk (rise edge)
                                  0.000000    0.000000   clock network delay (ideal)
                                  0.250000    0.250000   clock uncertainty
                                  0.000000    0.250000   clock reconvergence pessimism
                                 -5.000000   -4.750000   output external delay
                                             -4.750000   data required time
---------------------------------------------------------------------------------------------
                                             -4.750000   data required time
                                             -5.520289   data arrival time
---------------------------------------------------------------------------------------------
                                             10.270288   slack (MET)


Startpoint: pcInput[8] (input port clocked by clk)
Endpoint: res[8] (output port clocked by clk)
Path Group: clk
Path Type: min

Fanout         Cap        Slew       Delay        Time   Description
---------------------------------------------------------------------------------------------
                      0.000000    0.000000    0.000000   clock clk (rise edge)
                                  0.000000    0.000000   clock network delay (ideal)
                                  5.000000    5.000000 ^ input external delay
     1    0.004603    0.027564    0.016565    5.016565 ^ pcInput[8] (in)
                                                         pcInput[8] (net)
                      0.027564    0.000000    5.016565 ^ input29/A (sky130_fd_sc_hd__clkbuf_1)
     3    0.009644    0.120632    0.128850    5.145415 ^ input29/X (sky130_fd_sc_hd__clkbuf_1)
                                                         net29 (net)
                      0.120633    0.000177    5.145593 ^ _094_/B1 (sky130_fd_sc_hd__a31o_1)
     1    0.002758    0.041200    0.109987    5.255579 ^ _094_/X (sky130_fd_sc_hd__a31o_1)
                                                         _007_ (net)
                      0.041200    0.000031    5.255610 ^ _095_/B (sky130_fd_sc_hd__and2b_1)
     1    0.004677    0.056272    0.124415    5.380025 ^ _095_/X (sky130_fd_sc_hd__and2b_1)
                                                         net61 (net)
                      0.056272    0.000093    5.380118 ^ output61/A (sky130_fd_sc_hd__buf_2)
     1    0.034411    0.170826    0.202911    5.583030 ^ output61/X (sky130_fd_sc_hd__buf_2)
                                                         res[8] (net)
                      0.170826    0.000382    5.583412 ^ res[8] (out)
                                              5.583412   data arrival time

                      0.000000    0.000000    0.000000   clock clk (rise edge)
                                  0.000000    0.000000   clock network delay (ideal)
                                  0.250000    0.250000   clock uncertainty
                                  0.000000    0.250000   clock reconvergence pessimism
                                 -5.000000   -4.750000   output external delay
                                             -4.750000   data required time
---------------------------------------------------------------------------------------------
                                             -4.750000   data required time
                                             -5.583412   data arrival time
---------------------------------------------------------------------------------------------
                                             10.333412   slack (MET)



