
===========================================================================
report_checks -unconstrained
===========================================================================
======================= min_tt_025C_1v80 Corner ===================================

Startpoint: amt[1] (input port clocked by clk)
Endpoint: result[5] (output port clocked by clk)
Path Group: clk
Path Type: max

Fanout         Cap        Slew       Delay        Time   Description
---------------------------------------------------------------------------------------------
                      0.000000    0.000000    0.000000   clock clk (rise edge)
                                  0.000000    0.000000   clock network delay (ideal)
                                  5.000000    5.000000 ^ input external delay
     1    0.003741    0.023813    0.013591    5.013591 ^ amt[1] (in)
                                                         amt[1] (net)
                      0.023813    0.000000    5.013591 ^ input2/A (sky130_fd_sc_hd__clkbuf_1)
     1    0.003105    0.047352    0.075755    5.089345 ^ input2/X (sky130_fd_sc_hd__clkbuf_1)
                                                         net2 (net)
                      0.047352    0.000034    5.089379 ^ fanout30/A (sky130_fd_sc_hd__buf_1)
     5    0.019322    0.231140    0.212811    5.302190 ^ fanout30/X (sky130_fd_sc_hd__buf_1)
                                                         net30 (net)
                      0.231140    0.000203    5.302393 ^ fanout27/A (sky130_fd_sc_hd__buf_1)
     6    0.015542    0.187956    0.219022    5.521415 ^ fanout27/X (sky130_fd_sc_hd__buf_1)
                                                         net27 (net)
                      0.187956    0.000127    5.521542 ^ _099_/B_N (sky130_fd_sc_hd__and4bb_1)
     1    0.001952    0.036274    0.228873    5.750414 v _099_/X (sky130_fd_sc_hd__and4bb_1)
                                                         _038_ (net)
                      0.036274    0.000018    5.750433 v _103_/A (sky130_fd_sc_hd__or4_1)
     1    0.003168    0.085792    0.513925    6.264358 v _103_/X (sky130_fd_sc_hd__or4_1)
                                                         _042_ (net)
                      0.085792    0.000036    6.264394 v _104_/A3 (sky130_fd_sc_hd__o32a_1)
     1    0.003015    0.052722    0.294031    6.558425 v _104_/X (sky130_fd_sc_hd__o32a_1)
                                                         net17 (net)
                      0.052722    0.000037    6.558463 v output17/A (sky130_fd_sc_hd__buf_2)
     1    0.035299    0.091459    0.185720    6.744183 v output17/X (sky130_fd_sc_hd__buf_2)
                                                         result[5] (net)
                      0.091459    0.000203    6.744386 v result[5] (out)
                                              6.744386   data arrival time

                      0.000000   25.000000   25.000000   clock clk (rise edge)
                                  0.000000   25.000000   clock network delay (ideal)
                                 -0.250000   24.750000   clock uncertainty
                                  0.000000   24.750000   clock reconvergence pessimism
                                 -5.000000   19.750000   output external delay
                                             19.750000   data required time
---------------------------------------------------------------------------------------------
                                             19.750000   data required time
                                             -6.744386   data arrival time
---------------------------------------------------------------------------------------------
                                             13.005613   slack (MET)




===========================================================================
report_checks --slack_max -0.01
============================================================================
======================= min_tt_025C_1v80 Corner ===================================

No paths found.


===========================================================================
 report_check_types -max_slew -max_cap -max_fanout -violators
============================================================================
======================= min_tt_025C_1v80 Corner ===================================



===========================================================================
report_parasitic_annotation -report_unannotated
============================================================================
Found 0 unannotated drivers.
Found 0 partially unannotated drivers.

===========================================================================
max slew violation count 0
max fanout violation count 0
max cap violation count 0
============================================================================

===========================================================================
check_setup -verbose -unconstrained_endpoints -multiple_clock -no_clock -no_input_delay -loops -generated_clocks
===========================================================================
