
===========================================================================
report_checks -unconstrained
===========================================================================
======================= nom_tt_025C_1v80 Corner ===================================

Startpoint: amt[2] (input port clocked by clk)
Endpoint: result[5] (output port clocked by clk)
Path Group: clk
Path Type: max

Fanout         Cap        Slew       Delay        Time   Description
---------------------------------------------------------------------------------------------
                      0.000000    0.000000    0.000000   clock clk (rise edge)
                                  0.000000    0.000000   clock network delay (ideal)
                                  5.000000    5.000000 ^ input external delay
    37    0.078288    0.359228    0.245200    5.245200 ^ amt[2] (in)
                                                         amt[2] (net)
                      0.359228    0.000000    5.245200 ^ _099_/A_N (sky130_fd_sc_hd__and4bb_2)
     1    0.001344    0.035757    0.261906    5.507106 v _099_/X (sky130_fd_sc_hd__and4bb_2)
                                                         _038_ (net)
                      0.035757    0.000000    5.507106 v _103_/A (sky130_fd_sc_hd__or4_2)
     1    0.002120    0.095092    0.641875    6.148981 v _103_/X (sky130_fd_sc_hd__or4_2)
                                                         _042_ (net)
                      0.095092    0.000000    6.148981 v _104_/A3 (sky130_fd_sc_hd__o32a_2)
     1    0.033442    0.124894    0.432999    6.581980 v _104_/X (sky130_fd_sc_hd__o32a_2)
                                                         result[5] (net)
                      0.124894    0.000000    6.581980 v result[5] (out)
                                              6.581980   data arrival time

                      0.000000   25.000000   25.000000   clock clk (rise edge)
                                  0.000000   25.000000   clock network delay (ideal)
                                 -0.250000   24.750000   clock uncertainty
                                  0.000000   24.750000   clock reconvergence pessimism
                                 -5.000000   19.750000   output external delay
                                             19.750000   data required time
---------------------------------------------------------------------------------------------
                                             19.750000   data required time
                                             -6.581980   data arrival time
---------------------------------------------------------------------------------------------
                                             13.168020   slack (MET)




===========================================================================
report_checks --slack_max -0.01
============================================================================
======================= nom_tt_025C_1v80 Corner ===================================

No paths found.


===========================================================================
 report_check_types -max_slew -max_cap -max_fanout -violators
============================================================================
======================= nom_tt_025C_1v80 Corner ===================================

max fanout

Pin                                   Limit Fanout  Slack
---------------------------------------------------------
amt[0]                                   10     37    -27 (VIOLATED)
amt[1]                                   10     37    -27 (VIOLATED)
amt[2]                                   10     37    -27 (VIOLATED)



===========================================================================
report_parasitic_annotation -report_unannotated
============================================================================
Found 75 unannotated drivers.
 amt[0]
 amt[1]
 amt[2]
 data[0]
 data[1]
 data[2]
 data[3]
 data[4]
 data[5]
 data[6]
 data[7]
 _056_/Y
 _057_/Y
 _058_/Y
 _059_/X
 _060_/X
 _061_/X
 _062_/X
 _063_/X
 _064_/Y
 _065_/X
 _066_/X
 _067_/X
 _068_/X
 _069_/X
 _070_/X
 _071_/X
 _072_/X
 _073_/X
 _074_/X
 _075_/X
 _076_/X
 _077_/X
 _078_/X
 _079_/X
 _080_/X
 _081_/X
 _082_/X
 _083_/X
 _084_/X
 _085_/X
 _086_/X
 _087_/X
 _088_/X
 _089_/X
 _090_/X
 _091_/X
 _092_/X
 _093_/X
 _094_/X
 _095_/X
 _096_/X
 _097_/X
 _098_/X
 _099_/X
 _100_/X
 _101_/X
 _102_/X
 _103_/X
 _104_/X
 _105_/X
 _106_/X
 _107_/X
 _108_/X
 _109_/X
 _110_/X
 _111_/X
 _112_/X
 _113_/X
 _114_/X
 _115_/X
 _116_/X
 _117_/X
 _118_/X
 _119_/X
Found 0 partially unannotated drivers.

===========================================================================
max slew violation count 0
max fanout violation count 3
max cap violation count 0
============================================================================

===========================================================================
check_setup -verbose -unconstrained_endpoints -multiple_clock -no_clock -no_input_delay -loops -generated_clocks
===========================================================================
