
===========================================================================
report_checks -path_delay max (Setup)
============================================================================
======================= nom_tt_025C_1v80 Corner ===================================

Startpoint: amt[2] (input port clocked by clk)
Endpoint: result[5] (output port clocked by clk)
Path Group: clk
Path Type: max

Fanout         Cap        Slew       Delay        Time   Description
---------------------------------------------------------------------------------------------
                      0.000000    0.000000    0.000000   clock clk (rise edge)
                                  0.000000    0.000000   clock network delay (ideal)
                                  5.000000    5.000000 ^ input external delay
    37    0.078288    0.359228    0.245200    5.245200 ^ amt[2] (in)
                                                         amt[2] (net)
                      0.359228    0.000000    5.245200 ^ _099_/A_N (sky130_fd_sc_hd__and4bb_2)
     1    0.001344    0.035757    0.261906    5.507106 v _099_/X (sky130_fd_sc_hd__and4bb_2)
                                                         _038_ (net)
                      0.035757    0.000000    5.507106 v _103_/A (sky130_fd_sc_hd__or4_2)
     1    0.002120    0.095092    0.641875    6.148981 v _103_/X (sky130_fd_sc_hd__or4_2)
                                                         _042_ (net)
                      0.095092    0.000000    6.148981 v _104_/A3 (sky130_fd_sc_hd__o32a_2)
     1    0.033442    0.124894    0.432999    6.581980 v _104_/X (sky130_fd_sc_hd__o32a_2)
                                                         result[5] (net)
                      0.124894    0.000000    6.581980 v result[5] (out)
                                              6.581980   data arrival time

                      0.000000   25.000000   25.000000   clock clk (rise edge)
                                  0.000000   25.000000   clock network delay (ideal)
                                 -0.250000   24.750000   clock uncertainty
                                  0.000000   24.750000   clock reconvergence pessimism
                                 -5.000000   19.750000   output external delay
                                             19.750000   data required time
---------------------------------------------------------------------------------------------
                                             19.750000   data required time
                                             -6.581980   data arrival time
---------------------------------------------------------------------------------------------
                                             13.168020   slack (MET)


Startpoint: amt[2] (input port clocked by clk)
Endpoint: result[3] (output port clocked by clk)
Path Group: clk
Path Type: max

Fanout         Cap        Slew       Delay        Time   Description
---------------------------------------------------------------------------------------------
                      0.000000    0.000000    0.000000   clock clk (rise edge)
                                  0.000000    0.000000   clock network delay (ideal)
                                  5.000000    5.000000 ^ input external delay
    37    0.078288    0.359228    0.245200    5.245200 ^ amt[2] (in)
                                                         amt[2] (net)
                      0.359228    0.000000    5.245200 ^ _084_/A_N (sky130_fd_sc_hd__and4bb_2)
     1    0.001344    0.035527    0.261906    5.507106 v _084_/X (sky130_fd_sc_hd__and4bb_2)
                                                         _025_ (net)
                      0.035527    0.000000    5.507106 v _088_/A (sky130_fd_sc_hd__or4_2)
     1    0.002120    0.095092    0.641818    6.148924 v _088_/X (sky130_fd_sc_hd__or4_2)
                                                         _029_ (net)
                      0.095092    0.000000    6.148924 v _089_/A3 (sky130_fd_sc_hd__o32a_2)
     1    0.033442    0.124894    0.432999    6.581923 v _089_/X (sky130_fd_sc_hd__o32a_2)
                                                         result[3] (net)
                      0.124894    0.000000    6.581923 v result[3] (out)
                                              6.581923   data arrival time

                      0.000000   25.000000   25.000000   clock clk (rise edge)
                                  0.000000   25.000000   clock network delay (ideal)
                                 -0.250000   24.750000   clock uncertainty
                                  0.000000   24.750000   clock reconvergence pessimism
                                 -5.000000   19.750000   output external delay
                                             19.750000   data required time
---------------------------------------------------------------------------------------------
                                             19.750000   data required time
                                             -6.581923   data arrival time
---------------------------------------------------------------------------------------------
                                             13.168077   slack (MET)


Startpoint: amt[2] (input port clocked by clk)
Endpoint: result[6] (output port clocked by clk)
Path Group: clk
Path Type: max

Fanout         Cap        Slew       Delay        Time   Description
---------------------------------------------------------------------------------------------
                      0.000000    0.000000    0.000000   clock clk (rise edge)
                                  0.000000    0.000000   clock network delay (ideal)
                                  5.000000    5.000000 ^ input external delay
    37    0.078288    0.359228    0.245200    5.245200 ^ amt[2] (in)
                                                         amt[2] (net)
                      0.359228    0.000000    5.245200 ^ _107_/A_N (sky130_fd_sc_hd__and4bb_2)
     1    0.001344    0.035527    0.261906    5.507106 v _107_/X (sky130_fd_sc_hd__and4bb_2)
                                                         _045_ (net)
                      0.035527    0.000000    5.507106 v _111_/A (sky130_fd_sc_hd__or4_2)
     1    0.002120    0.095092    0.641818    6.148923 v _111_/X (sky130_fd_sc_hd__or4_2)
                                                         _049_ (net)
                      0.095092    0.000000    6.148923 v _112_/A3 (sky130_fd_sc_hd__o32a_2)
     1    0.033442    0.124894    0.432999    6.581923 v _112_/X (sky130_fd_sc_hd__o32a_2)
                                                         result[6] (net)
                      0.124894    0.000000    6.581923 v result[6] (out)
                                              6.581923   data arrival time

                      0.000000   25.000000   25.000000   clock clk (rise edge)
                                  0.000000   25.000000   clock network delay (ideal)
                                 -0.250000   24.750000   clock uncertainty
                                  0.000000   24.750000   clock reconvergence pessimism
                                 -5.000000   19.750000   output external delay
                                             19.750000   data required time
---------------------------------------------------------------------------------------------
                                             19.750000   data required time
                                             -6.581923   data arrival time
---------------------------------------------------------------------------------------------
                                             13.168077   slack (MET)


Startpoint: amt[1] (input port clocked by clk)
Endpoint: result[4] (output port clocked by clk)
Path Group: clk
Path Type: max

Fanout         Cap        Slew       Delay        Time   Description
---------------------------------------------------------------------------------------------
                      0.000000    0.000000    0.000000   clock clk (rise edge)
                                  0.000000    0.000000   clock network delay (ideal)
                                  5.000000    5.000000 ^ input external delay
    37    0.074014    0.340016    0.232093    5.232093 ^ amt[1] (in)
                                                         amt[1] (net)
                      0.340016    0.000000    5.232093 ^ _091_/B_N (sky130_fd_sc_hd__and4bb_2)
     1    0.002187    0.038595    0.276458    5.508550 v _091_/X (sky130_fd_sc_hd__and4bb_2)
                                                         _031_ (net)
                      0.038595    0.000000    5.508550 v _095_/B1 (sky130_fd_sc_hd__a2111o_2)
     1    0.002212    0.058524    0.422020    5.930570 v _095_/X (sky130_fd_sc_hd__a2111o_2)
                                                         _035_ (net)
                      0.058524    0.000000    5.930570 v _096_/B2 (sky130_fd_sc_hd__o22a_2)
     1    0.033442    0.116103    0.271923    6.202493 v _096_/X (sky130_fd_sc_hd__o22a_2)
                                                         result[4] (net)
                      0.116103    0.000000    6.202493 v result[4] (out)
                                              6.202493   data arrival time

                      0.000000   25.000000   25.000000   clock clk (rise edge)
                                  0.000000   25.000000   clock network delay (ideal)
                                 -0.250000   24.750000   clock uncertainty
                                  0.000000   24.750000   clock reconvergence pessimism
                                 -5.000000   19.750000   output external delay
                                             19.750000   data required time
---------------------------------------------------------------------------------------------
                                             19.750000   data required time
                                             -6.202493   data arrival time
---------------------------------------------------------------------------------------------
                                             13.547506   slack (MET)


Startpoint: amt[1] (input port clocked by clk)
Endpoint: result[7] (output port clocked by clk)
Path Group: clk
Path Type: max

Fanout         Cap        Slew       Delay        Time   Description
---------------------------------------------------------------------------------------------
                      0.000000    0.000000    0.000000   clock clk (rise edge)
                                  0.000000    0.000000   clock network delay (ideal)
                                  5.000000    5.000000 ^ input external delay
    37    0.074014    0.340016    0.232093    5.232093 ^ amt[1] (in)
                                                         amt[1] (net)
                      0.340016    0.000000    5.232093 ^ _115_/B_N (sky130_fd_sc_hd__and4bb_2)
     1    0.002187    0.038595    0.276458    5.508550 v _115_/X (sky130_fd_sc_hd__and4bb_2)
                                                         _052_ (net)
                      0.038595    0.000000    5.508550 v _118_/B1 (sky130_fd_sc_hd__a2111o_2)
     1    0.002212    0.058489    0.422020    5.930570 v _118_/X (sky130_fd_sc_hd__a2111o_2)
                                                         _055_ (net)
                      0.058489    0.000000    5.930570 v _119_/B2 (sky130_fd_sc_hd__o22a_2)
     1    0.033442    0.116101    0.271909    6.202479 v _119_/X (sky130_fd_sc_hd__o22a_2)
                                                         result[7] (net)
                      0.116101    0.000000    6.202479 v result[7] (out)
                                              6.202479   data arrival time

                      0.000000   25.000000   25.000000   clock clk (rise edge)
                                  0.000000   25.000000   clock network delay (ideal)
                                 -0.250000   24.750000   clock uncertainty
                                  0.000000   24.750000   clock reconvergence pessimism
                                 -5.000000   19.750000   output external delay
                                             19.750000   data required time
---------------------------------------------------------------------------------------------
                                             19.750000   data required time
                                             -6.202479   data arrival time
---------------------------------------------------------------------------------------------
                                             13.547521   slack (MET)


Startpoint: amt[0] (input port clocked by clk)
Endpoint: result[0] (output port clocked by clk)
Path Group: clk
Path Type: max

Fanout         Cap        Slew       Delay        Time   Description
---------------------------------------------------------------------------------------------
                      0.000000    0.000000    0.000000   clock clk (rise edge)
                                  0.000000    0.000000   clock network delay (ideal)
                                  5.000000    5.000000 ^ input external delay
    37    0.074196    0.340834    0.232651    5.232651 ^ amt[0] (in)
                                                         amt[0] (net)
                      0.340834    0.000000    5.232651 ^ _065_/A_N (sky130_fd_sc_hd__and4b_2)
     1    0.002187    0.040626    0.265582    5.498233 v _065_/X (sky130_fd_sc_hd__and4b_2)
                                                         _009_ (net)
                      0.040626    0.000000    5.498233 v _066_/B1 (sky130_fd_sc_hd__a2111o_2)
     1    0.002212    0.058499    0.422673    5.920906 v _066_/X (sky130_fd_sc_hd__a2111o_2)
                                                         _010_ (net)
                      0.058499    0.000000    5.920906 v _067_/B2 (sky130_fd_sc_hd__o22a_2)
     1    0.033442    0.116103    0.271913    6.192819 v _067_/X (sky130_fd_sc_hd__o22a_2)
                                                         result[0] (net)
                      0.116103    0.000000    6.192819 v result[0] (out)
                                              6.192819   data arrival time

                      0.000000   25.000000   25.000000   clock clk (rise edge)
                                  0.000000   25.000000   clock network delay (ideal)
                                 -0.250000   24.750000   clock uncertainty
                                  0.000000   24.750000   clock reconvergence pessimism
                                 -5.000000   19.750000   output external delay
                                             19.750000   data required time
---------------------------------------------------------------------------------------------
                                             19.750000   data required time
                                             -6.192819   data arrival time
---------------------------------------------------------------------------------------------
                                             13.557180   slack (MET)


Startpoint: amt[0] (input port clocked by clk)
Endpoint: result[1] (output port clocked by clk)
Path Group: clk
Path Type: max

Fanout         Cap        Slew       Delay        Time   Description
---------------------------------------------------------------------------------------------
                      0.000000    0.000000    0.000000   clock clk (rise edge)
                                  0.000000    0.000000   clock network delay (ideal)
                                  5.000000    5.000000 ^ input external delay
    37    0.074196    0.340834    0.232651    5.232651 ^ amt[0] (in)
                                                         amt[0] (net)
                      0.340834    0.000000    5.232651 ^ _069_/A_N (sky130_fd_sc_hd__and4b_2)
     1    0.002187    0.040626    0.265582    5.498233 v _069_/X (sky130_fd_sc_hd__and4b_2)
                                                         _012_ (net)
                      0.040626    0.000000    5.498233 v _073_/B1 (sky130_fd_sc_hd__a2111o_2)
     1    0.002212    0.058524    0.422673    5.920906 v _073_/X (sky130_fd_sc_hd__a2111o_2)
                                                         _016_ (net)
                      0.058524    0.000000    5.920906 v _074_/B2 (sky130_fd_sc_hd__o22a_2)
     1    0.033442    0.116103    0.271923    6.192830 v _074_/X (sky130_fd_sc_hd__o22a_2)
                                                         result[1] (net)
                      0.116103    0.000000    6.192830 v result[1] (out)
                                              6.192830   data arrival time

                      0.000000   25.000000   25.000000   clock clk (rise edge)
                                  0.000000   25.000000   clock network delay (ideal)
                                 -0.250000   24.750000   clock uncertainty
                                  0.000000   24.750000   clock reconvergence pessimism
                                 -5.000000   19.750000   output external delay
                                             19.750000   data required time
---------------------------------------------------------------------------------------------
                                             19.750000   data required time
                                             -6.192830   data arrival time
---------------------------------------------------------------------------------------------
                                             13.557170   slack (MET)


Startpoint: amt[1] (input port clocked by clk)
Endpoint: result[2] (output port clocked by clk)
Path Group: clk
Path Type: max

Fanout         Cap        Slew       Delay        Time   Description
---------------------------------------------------------------------------------------------
                      0.000000    0.000000    0.000000   clock clk (rise edge)
                                  0.000000    0.000000   clock network delay (ideal)
                                  5.000000    5.000000 ^ input external delay
    37    0.074014    0.340016    0.232093    5.232093 ^ amt[1] (in)
                                                         amt[1] (net)
                      0.340016    0.000000    5.232093 ^ _076_/A_N (sky130_fd_sc_hd__and4b_2)
     1    0.002187    0.040644    0.265506    5.497599 v _076_/X (sky130_fd_sc_hd__and4b_2)
                                                         _018_ (net)
                      0.040644    0.000000    5.497599 v _080_/B1 (sky130_fd_sc_hd__a2111o_2)
     1    0.002212    0.058499    0.422679    5.920278 v _080_/X (sky130_fd_sc_hd__a2111o_2)
                                                         _022_ (net)
                      0.058499    0.000000    5.920278 v _081_/B2 (sky130_fd_sc_hd__o22a_2)
     1    0.033442    0.116103    0.271913    6.192191 v _081_/X (sky130_fd_sc_hd__o22a_2)
                                                         result[2] (net)
                      0.116103    0.000000    6.192191 v result[2] (out)
                                              6.192191   data arrival time

                      0.000000   25.000000   25.000000   clock clk (rise edge)
                                  0.000000   25.000000   clock network delay (ideal)
                                 -0.250000   24.750000   clock uncertainty
                                  0.000000   24.750000   clock reconvergence pessimism
                                 -5.000000   19.750000   output external delay
                                             19.750000   data required time
---------------------------------------------------------------------------------------------
                                             19.750000   data required time
                                             -6.192191   data arrival time
---------------------------------------------------------------------------------------------
                                             13.557809   slack (MET)



