
===========================================================================
report_checks -unconstrained
===========================================================================
======================= nom_tt_025C_1v80 Corner ===================================

Startpoint: amt[1] (input port clocked by clk)
Endpoint: result[5] (output port clocked by clk)
Path Group: clk
Path Type: max

Fanout         Cap        Slew       Delay        Time   Description
---------------------------------------------------------------------------------------------
                      0.000000    0.000000    0.000000   clock clk (rise edge)
                                  0.000000    0.000000   clock network delay (ideal)
                                  5.000000    5.000000 ^ input external delay
     1    0.003822    0.024165    0.013898    5.013898 ^ amt[1] (in)
                                                         amt[1] (net)
                      0.024173    0.000000    5.013898 ^ input2/A (sky130_fd_sc_hd__clkbuf_1)
     1    0.003221    0.048603    0.076793    5.090691 ^ input2/X (sky130_fd_sc_hd__clkbuf_1)
                                                         net2 (net)
                      0.048603    0.000097    5.090788 ^ fanout30/A (sky130_fd_sc_hd__buf_1)
     5    0.020337    0.242594    0.221125    5.311913 ^ fanout30/X (sky130_fd_sc_hd__buf_1)
                                                         net30 (net)
                      0.242596    0.000624    5.312537 ^ fanout27/A (sky130_fd_sc_hd__buf_1)
     6    0.016057    0.193750    0.224589    5.537126 ^ fanout27/X (sky130_fd_sc_hd__buf_1)
                                                         net27 (net)
                      0.193750    0.000339    5.537465 ^ _099_/B_N (sky130_fd_sc_hd__and4bb_1)
     1    0.002034    0.036589    0.230432    5.767897 v _099_/X (sky130_fd_sc_hd__and4bb_1)
                                                         _038_ (net)
                      0.036589    0.000060    5.767957 v _103_/A (sky130_fd_sc_hd__or4_1)
     1    0.003287    0.086903    0.515536    6.283493 v _103_/X (sky130_fd_sc_hd__or4_1)
                                                         _042_ (net)
                      0.086903    0.000099    6.283593 v _104_/A3 (sky130_fd_sc_hd__o32a_1)
     1    0.003177    0.053647    0.295822    6.579414 v _104_/X (sky130_fd_sc_hd__o32a_1)
                                                         net17 (net)
                      0.053647    0.000097    6.579512 v output17/A (sky130_fd_sc_hd__buf_2)
     1    0.035433    0.091961    0.186009    6.765521 v output17/X (sky130_fd_sc_hd__buf_2)
                                                         result[5] (net)
                      0.091965    0.000670    6.766191 v result[5] (out)
                                              6.766191   data arrival time

                      0.000000   25.000000   25.000000   clock clk (rise edge)
                                  0.000000   25.000000   clock network delay (ideal)
                                 -0.250000   24.750000   clock uncertainty
                                  0.000000   24.750000   clock reconvergence pessimism
                                 -5.000000   19.750000   output external delay
                                             19.750000   data required time
---------------------------------------------------------------------------------------------
                                             19.750000   data required time
                                             -6.766191   data arrival time
---------------------------------------------------------------------------------------------
                                             12.983809   slack (MET)




===========================================================================
report_checks --slack_max -0.01
============================================================================
======================= nom_tt_025C_1v80 Corner ===================================

No paths found.


===========================================================================
 report_check_types -max_slew -max_cap -max_fanout -violators
============================================================================
======================= nom_tt_025C_1v80 Corner ===================================



===========================================================================
report_parasitic_annotation -report_unannotated
============================================================================
Found 0 unannotated drivers.
Found 0 partially unannotated drivers.

===========================================================================
max slew violation count 0
max fanout violation count 0
max cap violation count 0
============================================================================

===========================================================================
check_setup -verbose -unconstrained_endpoints -multiple_clock -no_clock -no_input_delay -loops -generated_clocks
===========================================================================
