
===========================================================================
report_checks -path_delay max (Setup)
============================================================================
======================= nom_tt_025C_1v80 Corner ===================================

Startpoint: amt[1] (input port clocked by clk)
Endpoint: result[5] (output port clocked by clk)
Path Group: clk
Path Type: max

Fanout         Cap        Slew       Delay        Time   Description
---------------------------------------------------------------------------------------------
                      0.000000    0.000000    0.000000   clock clk (rise edge)
                                  0.000000    0.000000   clock network delay (ideal)
                                  5.000000    5.000000 ^ input external delay
     1    0.003822    0.024165    0.013898    5.013898 ^ amt[1] (in)
                                                         amt[1] (net)
                      0.024173    0.000000    5.013898 ^ input2/A (sky130_fd_sc_hd__clkbuf_1)
     1    0.003221    0.048603    0.076793    5.090691 ^ input2/X (sky130_fd_sc_hd__clkbuf_1)
                                                         net2 (net)
                      0.048603    0.000097    5.090788 ^ fanout30/A (sky130_fd_sc_hd__buf_1)
     5    0.020337    0.242594    0.221125    5.311913 ^ fanout30/X (sky130_fd_sc_hd__buf_1)
                                                         net30 (net)
                      0.242596    0.000624    5.312537 ^ fanout27/A (sky130_fd_sc_hd__buf_1)
     6    0.016057    0.193750    0.224589    5.537126 ^ fanout27/X (sky130_fd_sc_hd__buf_1)
                                                         net27 (net)
                      0.193750    0.000339    5.537465 ^ _099_/B_N (sky130_fd_sc_hd__and4bb_1)
     1    0.002034    0.036589    0.230432    5.767897 v _099_/X (sky130_fd_sc_hd__and4bb_1)
                                                         _038_ (net)
                      0.036589    0.000060    5.767957 v _103_/A (sky130_fd_sc_hd__or4_1)
     1    0.003287    0.086903    0.515536    6.283493 v _103_/X (sky130_fd_sc_hd__or4_1)
                                                         _042_ (net)
                      0.086903    0.000099    6.283593 v _104_/A3 (sky130_fd_sc_hd__o32a_1)
     1    0.003177    0.053647    0.295822    6.579414 v _104_/X (sky130_fd_sc_hd__o32a_1)
                                                         net17 (net)
                      0.053647    0.000097    6.579512 v output17/A (sky130_fd_sc_hd__buf_2)
     1    0.035433    0.091961    0.186009    6.765521 v output17/X (sky130_fd_sc_hd__buf_2)
                                                         result[5] (net)
                      0.091965    0.000670    6.766191 v result[5] (out)
                                              6.766191   data arrival time

                      0.000000   25.000000   25.000000   clock clk (rise edge)
                                  0.000000   25.000000   clock network delay (ideal)
                                 -0.250000   24.750000   clock uncertainty
                                  0.000000   24.750000   clock reconvergence pessimism
                                 -5.000000   19.750000   output external delay
                                             19.750000   data required time
---------------------------------------------------------------------------------------------
                                             19.750000   data required time
                                             -6.766191   data arrival time
---------------------------------------------------------------------------------------------
                                             12.983809   slack (MET)


Startpoint: amt[1] (input port clocked by clk)
Endpoint: result[6] (output port clocked by clk)
Path Group: clk
Path Type: max

Fanout         Cap        Slew       Delay        Time   Description
---------------------------------------------------------------------------------------------
                      0.000000    0.000000    0.000000   clock clk (rise edge)
                                  0.000000    0.000000   clock network delay (ideal)
                                  5.000000    5.000000 ^ input external delay
     1    0.003822    0.024165    0.013898    5.013898 ^ amt[1] (in)
                                                         amt[1] (net)
                      0.024173    0.000000    5.013898 ^ input2/A (sky130_fd_sc_hd__clkbuf_1)
     1    0.003221    0.048603    0.076793    5.090691 ^ input2/X (sky130_fd_sc_hd__clkbuf_1)
                                                         net2 (net)
                      0.048603    0.000097    5.090788 ^ fanout30/A (sky130_fd_sc_hd__buf_1)
     5    0.020337    0.242594    0.221125    5.311913 ^ fanout30/X (sky130_fd_sc_hd__buf_1)
                                                         net30 (net)
                      0.242595    0.000443    5.312356 ^ fanout29/A (sky130_fd_sc_hd__buf_2)
    10    0.038101    0.188501    0.271061    5.583417 ^ fanout29/X (sky130_fd_sc_hd__buf_2)
                                                         net29 (net)
                      0.188501    0.000406    5.583823 ^ fanout28/A (sky130_fd_sc_hd__clkbuf_2)
    10    0.027071    0.152050    0.226319    5.810143 ^ fanout28/X (sky130_fd_sc_hd__clkbuf_2)
                                                         net28 (net)
                      0.152052    0.000875    5.811018 ^ _064_/B (sky130_fd_sc_hd__nor3b_1)
     3    0.008699    0.073319    0.096208    5.907226 v _064_/Y (sky130_fd_sc_hd__nor3b_1)
                                                         _008_ (net)
                      0.073319    0.000221    5.907447 v max_cap20/A (sky130_fd_sc_hd__clkbuf_2)
     5    0.018628    0.077086    0.157862    6.065309 v max_cap20/X (sky130_fd_sc_hd__clkbuf_2)
                                                         net20 (net)
                      0.077090    0.000587    6.065896 v _106_/B1 (sky130_fd_sc_hd__a22o_1)
     1    0.004069    0.046090    0.192798    6.258693 v _106_/X (sky130_fd_sc_hd__a22o_1)
                                                         _044_ (net)
                      0.046090    0.000130    6.258823 v _112_/A2 (sky130_fd_sc_hd__o32a_1)
     1    0.002834    0.051742    0.320791    6.579615 v _112_/X (sky130_fd_sc_hd__o32a_1)
                                                         net18 (net)
                      0.051742    0.000085    6.579700 v output18/A (sky130_fd_sc_hd__buf_2)
     1    0.034236    0.089421    0.182904    6.762604 v output18/X (sky130_fd_sc_hd__buf_2)
                                                         result[6] (net)
                      0.089426    0.000708    6.763311 v result[6] (out)
                                              6.763311   data arrival time

                      0.000000   25.000000   25.000000   clock clk (rise edge)
                                  0.000000   25.000000   clock network delay (ideal)
                                 -0.250000   24.750000   clock uncertainty
                                  0.000000   24.750000   clock reconvergence pessimism
                                 -5.000000   19.750000   output external delay
                                             19.750000   data required time
---------------------------------------------------------------------------------------------
                                             19.750000   data required time
                                             -6.763311   data arrival time
---------------------------------------------------------------------------------------------
                                             12.986688   slack (MET)


Startpoint: amt[1] (input port clocked by clk)
Endpoint: result[3] (output port clocked by clk)
Path Group: clk
Path Type: max

Fanout         Cap        Slew       Delay        Time   Description
---------------------------------------------------------------------------------------------
                      0.000000    0.000000    0.000000   clock clk (rise edge)
                                  0.000000    0.000000   clock network delay (ideal)
                                  5.000000    5.000000 ^ input external delay
     1    0.003822    0.024165    0.013898    5.013898 ^ amt[1] (in)
                                                         amt[1] (net)
                      0.024173    0.000000    5.013898 ^ input2/A (sky130_fd_sc_hd__clkbuf_1)
     1    0.003221    0.048603    0.076793    5.090691 ^ input2/X (sky130_fd_sc_hd__clkbuf_1)
                                                         net2 (net)
                      0.048603    0.000097    5.090788 ^ fanout30/A (sky130_fd_sc_hd__buf_1)
     5    0.020337    0.242594    0.221125    5.311913 ^ fanout30/X (sky130_fd_sc_hd__buf_1)
                                                         net30 (net)
                      0.242595    0.000443    5.312356 ^ fanout29/A (sky130_fd_sc_hd__buf_2)
    10    0.038101    0.188501    0.271061    5.583417 ^ fanout29/X (sky130_fd_sc_hd__buf_2)
                                                         net29 (net)
                      0.188501    0.000406    5.583823 ^ fanout28/A (sky130_fd_sc_hd__clkbuf_2)
    10    0.027071    0.152050    0.226319    5.810143 ^ fanout28/X (sky130_fd_sc_hd__clkbuf_2)
                                                         net28 (net)
                      0.152052    0.000875    5.811018 ^ _064_/B (sky130_fd_sc_hd__nor3b_1)
     3    0.008699    0.073319    0.096208    5.907226 v _064_/Y (sky130_fd_sc_hd__nor3b_1)
                                                         _008_ (net)
                      0.073319    0.000221    5.907447 v max_cap20/A (sky130_fd_sc_hd__clkbuf_2)
     5    0.018628    0.077086    0.157862    6.065309 v max_cap20/X (sky130_fd_sc_hd__clkbuf_2)
                                                         net20 (net)
                      0.077090    0.000609    6.065917 v _083_/B1 (sky130_fd_sc_hd__a22o_1)
     1    0.002686    0.039411    0.184088    6.250006 v _083_/X (sky130_fd_sc_hd__a22o_1)
                                                         _024_ (net)
                      0.039411    0.000053    6.250059 v _089_/A2 (sky130_fd_sc_hd__o32a_1)
     1    0.002620    0.050576    0.316696    6.566755 v _089_/X (sky130_fd_sc_hd__o32a_1)
                                                         net15 (net)
                      0.050601    0.000079    6.566835 v output15/A (sky130_fd_sc_hd__buf_2)
     1    0.035545    0.092353    0.184645    6.751480 v output15/X (sky130_fd_sc_hd__buf_2)
                                                         result[3] (net)
                      0.092364    0.000977    6.752457 v result[3] (out)
                                              6.752457   data arrival time

                      0.000000   25.000000   25.000000   clock clk (rise edge)
                                  0.000000   25.000000   clock network delay (ideal)
                                 -0.250000   24.750000   clock uncertainty
                                  0.000000   24.750000   clock reconvergence pessimism
                                 -5.000000   19.750000   output external delay
                                             19.750000   data required time
---------------------------------------------------------------------------------------------
                                             19.750000   data required time
                                             -6.752457   data arrival time
---------------------------------------------------------------------------------------------
                                             12.997543   slack (MET)


Startpoint: amt[1] (input port clocked by clk)
Endpoint: result[0] (output port clocked by clk)
Path Group: clk
Path Type: max

Fanout         Cap        Slew       Delay        Time   Description
---------------------------------------------------------------------------------------------
                      0.000000    0.000000    0.000000   clock clk (rise edge)
                                  0.000000    0.000000   clock network delay (ideal)
                                  5.000000    5.000000 ^ input external delay
     1    0.003822    0.024165    0.013898    5.013898 ^ amt[1] (in)
                                                         amt[1] (net)
                      0.024173    0.000000    5.013898 ^ input2/A (sky130_fd_sc_hd__clkbuf_1)
     1    0.003221    0.048603    0.076793    5.090691 ^ input2/X (sky130_fd_sc_hd__clkbuf_1)
                                                         net2 (net)
                      0.048603    0.000097    5.090788 ^ fanout30/A (sky130_fd_sc_hd__buf_1)
     5    0.020337    0.242594    0.221125    5.311913 ^ fanout30/X (sky130_fd_sc_hd__buf_1)
                                                         net30 (net)
                      0.242595    0.000443    5.312356 ^ fanout29/A (sky130_fd_sc_hd__buf_2)
    10    0.038101    0.188501    0.271061    5.583417 ^ fanout29/X (sky130_fd_sc_hd__buf_2)
                                                         net29 (net)
                      0.188501    0.000406    5.583823 ^ fanout28/A (sky130_fd_sc_hd__clkbuf_2)
    10    0.027071    0.152050    0.226319    5.810143 ^ fanout28/X (sky130_fd_sc_hd__clkbuf_2)
                                                         net28 (net)
                      0.152052    0.000823    5.810966 ^ _058_/C_N (sky130_fd_sc_hd__nor3b_2)
     5    0.021052    0.379405    0.380910    6.191876 ^ _058_/Y (sky130_fd_sc_hd__nor3b_2)
                                                         _002_ (net)
                      0.379405    0.000350    6.192226 ^ _060_/B1 (sky130_fd_sc_hd__a221o_1)
     1    0.004129    0.060527    0.218850    6.411076 ^ _060_/X (sky130_fd_sc_hd__a221o_1)
                                                         _004_ (net)
                      0.060527    0.000131    6.411207 ^ _067_/B1 (sky130_fd_sc_hd__o22a_1)
     1    0.003562    0.049362    0.132340    6.543548 ^ _067_/X (sky130_fd_sc_hd__o22a_1)
                                                         net12 (net)
                      0.049362    0.000115    6.543663 ^ output12/A (sky130_fd_sc_hd__buf_2)
     1    0.033967    0.168793    0.198664    6.742327 ^ output12/X (sky130_fd_sc_hd__buf_2)
                                                         result[0] (net)
                      0.168793    0.000617    6.742944 ^ result[0] (out)
                                              6.742944   data arrival time

                      0.000000   25.000000   25.000000   clock clk (rise edge)
                                  0.000000   25.000000   clock network delay (ideal)
                                 -0.250000   24.750000   clock uncertainty
                                  0.000000   24.750000   clock reconvergence pessimism
                                 -5.000000   19.750000   output external delay
                                             19.750000   data required time
---------------------------------------------------------------------------------------------
                                             19.750000   data required time
                                             -6.742944   data arrival time
---------------------------------------------------------------------------------------------
                                             13.007055   slack (MET)


Startpoint: amt[1] (input port clocked by clk)
Endpoint: result[2] (output port clocked by clk)
Path Group: clk
Path Type: max

Fanout         Cap        Slew       Delay        Time   Description
---------------------------------------------------------------------------------------------
                      0.000000    0.000000    0.000000   clock clk (rise edge)
                                  0.000000    0.000000   clock network delay (ideal)
                                  5.000000    5.000000 ^ input external delay
     1    0.003822    0.024165    0.013898    5.013898 ^ amt[1] (in)
                                                         amt[1] (net)
                      0.024173    0.000000    5.013898 ^ input2/A (sky130_fd_sc_hd__clkbuf_1)
     1    0.003221    0.048603    0.076793    5.090691 ^ input2/X (sky130_fd_sc_hd__clkbuf_1)
                                                         net2 (net)
                      0.048603    0.000097    5.090788 ^ fanout30/A (sky130_fd_sc_hd__buf_1)
     5    0.020337    0.242594    0.221125    5.311913 ^ fanout30/X (sky130_fd_sc_hd__buf_1)
                                                         net30 (net)
                      0.242595    0.000443    5.312356 ^ fanout29/A (sky130_fd_sc_hd__buf_2)
    10    0.038101    0.188501    0.271061    5.583417 ^ fanout29/X (sky130_fd_sc_hd__buf_2)
                                                         net29 (net)
                      0.188501    0.000406    5.583823 ^ fanout28/A (sky130_fd_sc_hd__clkbuf_2)
    10    0.027071    0.152050    0.226319    5.810143 ^ fanout28/X (sky130_fd_sc_hd__clkbuf_2)
                                                         net28 (net)
                      0.152052    0.000829    5.810971 ^ _076_/A_N (sky130_fd_sc_hd__and4b_1)
     1    0.003491    0.043154    0.214037    6.025009 v _076_/X (sky130_fd_sc_hd__and4b_1)
                                                         _018_ (net)
                      0.043154    0.000107    6.025116 v _080_/B1 (sky130_fd_sc_hd__a2111o_1)
     1    0.003194    0.060865    0.376736    6.401852 v _080_/X (sky130_fd_sc_hd__a2111o_1)
                                                         _022_ (net)
                      0.060865    0.000071    6.401923 v _081_/B2 (sky130_fd_sc_hd__o22a_1)
     1    0.002514    0.039700    0.154925    6.556848 v _081_/X (sky130_fd_sc_hd__o22a_1)
                                                         net14 (net)
                      0.039700    0.000071    6.556919 v output14/A (sky130_fd_sc_hd__buf_2)
     1    0.035147    0.091462    0.179425    6.736344 v output14/X (sky130_fd_sc_hd__buf_2)
                                                         result[2] (net)
                      0.091466    0.000703    6.737048 v result[2] (out)
                                              6.737048   data arrival time

                      0.000000   25.000000   25.000000   clock clk (rise edge)
                                  0.000000   25.000000   clock network delay (ideal)
                                 -0.250000   24.750000   clock uncertainty
                                  0.000000   24.750000   clock reconvergence pessimism
                                 -5.000000   19.750000   output external delay
                                             19.750000   data required time
---------------------------------------------------------------------------------------------
                                             19.750000   data required time
                                             -6.737048   data arrival time
---------------------------------------------------------------------------------------------
                                             13.012951   slack (MET)


Startpoint: amt[1] (input port clocked by clk)
Endpoint: result[7] (output port clocked by clk)
Path Group: clk
Path Type: max

Fanout         Cap        Slew       Delay        Time   Description
---------------------------------------------------------------------------------------------
                      0.000000    0.000000    0.000000   clock clk (rise edge)
                                  0.000000    0.000000   clock network delay (ideal)
                                  5.000000    5.000000 ^ input external delay
     1    0.003822    0.024165    0.013898    5.013898 ^ amt[1] (in)
                                                         amt[1] (net)
                      0.024173    0.000000    5.013898 ^ input2/A (sky130_fd_sc_hd__clkbuf_1)
     1    0.003221    0.048603    0.076793    5.090691 ^ input2/X (sky130_fd_sc_hd__clkbuf_1)
                                                         net2 (net)
                      0.048603    0.000097    5.090788 ^ fanout30/A (sky130_fd_sc_hd__buf_1)
     5    0.020337    0.242594    0.221125    5.311913 ^ fanout30/X (sky130_fd_sc_hd__buf_1)
                                                         net30 (net)
                      0.242595    0.000443    5.312356 ^ fanout29/A (sky130_fd_sc_hd__buf_2)
    10    0.038101    0.188501    0.271061    5.583417 ^ fanout29/X (sky130_fd_sc_hd__buf_2)
                                                         net29 (net)
                      0.188501    0.000406    5.583823 ^ fanout28/A (sky130_fd_sc_hd__clkbuf_2)
    10    0.027071    0.152050    0.226319    5.810143 ^ fanout28/X (sky130_fd_sc_hd__clkbuf_2)
                                                         net28 (net)
                      0.152052    0.000875    5.811018 ^ _064_/B (sky130_fd_sc_hd__nor3b_1)
     3    0.008699    0.073319    0.096208    5.907226 v _064_/Y (sky130_fd_sc_hd__nor3b_1)
                                                         _008_ (net)
                      0.073319    0.000221    5.907447 v max_cap20/A (sky130_fd_sc_hd__clkbuf_2)
     5    0.018628    0.077086    0.157862    6.065309 v max_cap20/X (sky130_fd_sc_hd__clkbuf_2)
                                                         net20 (net)
                      0.077090    0.000600    6.065909 v _114_/B1 (sky130_fd_sc_hd__a221o_1)
     1    0.003181    0.053924    0.300347    6.366256 v _114_/X (sky130_fd_sc_hd__a221o_1)
                                                         _051_ (net)
                      0.053924    0.000093    6.366349 v _119_/B1 (sky130_fd_sc_hd__o22a_1)
     1    0.003837    0.047937    0.181211    6.547560 v _119_/X (sky130_fd_sc_hd__o22a_1)
                                                         net19 (net)
                      0.047937    0.000118    6.547677 v output19/A (sky130_fd_sc_hd__buf_2)
     1    0.034320    0.089628    0.181422    6.729099 v output19/X (sky130_fd_sc_hd__buf_2)
                                                         result[7] (net)
                      0.089633    0.000707    6.729806 v result[7] (out)
                                              6.729806   data arrival time

                      0.000000   25.000000   25.000000   clock clk (rise edge)
                                  0.000000   25.000000   clock network delay (ideal)
                                 -0.250000   24.750000   clock uncertainty
                                  0.000000   24.750000   clock reconvergence pessimism
                                 -5.000000   19.750000   output external delay
                                             19.750000   data required time
---------------------------------------------------------------------------------------------
                                             19.750000   data required time
                                             -6.729806   data arrival time
---------------------------------------------------------------------------------------------
                                             13.020193   slack (MET)


Startpoint: amt[1] (input port clocked by clk)
Endpoint: result[4] (output port clocked by clk)
Path Group: clk
Path Type: max

Fanout         Cap        Slew       Delay        Time   Description
---------------------------------------------------------------------------------------------
                      0.000000    0.000000    0.000000   clock clk (rise edge)
                                  0.000000    0.000000   clock network delay (ideal)
                                  5.000000    5.000000 ^ input external delay
     1    0.003822    0.024165    0.013898    5.013898 ^ amt[1] (in)
                                                         amt[1] (net)
                      0.024173    0.000000    5.013898 ^ input2/A (sky130_fd_sc_hd__clkbuf_1)
     1    0.003221    0.048603    0.076793    5.090691 ^ input2/X (sky130_fd_sc_hd__clkbuf_1)
                                                         net2 (net)
                      0.048603    0.000097    5.090788 ^ fanout30/A (sky130_fd_sc_hd__buf_1)
     5    0.020337    0.242594    0.221125    5.311913 ^ fanout30/X (sky130_fd_sc_hd__buf_1)
                                                         net30 (net)
                      0.242595    0.000443    5.312356 ^ fanout29/A (sky130_fd_sc_hd__buf_2)
    10    0.038101    0.188501    0.271061    5.583417 ^ fanout29/X (sky130_fd_sc_hd__buf_2)
                                                         net29 (net)
                      0.188501    0.000406    5.583823 ^ fanout28/A (sky130_fd_sc_hd__clkbuf_2)
    10    0.027071    0.152050    0.226319    5.810143 ^ fanout28/X (sky130_fd_sc_hd__clkbuf_2)
                                                         net28 (net)
                      0.152052    0.000875    5.811018 ^ _064_/B (sky130_fd_sc_hd__nor3b_1)
     3    0.008699    0.073319    0.096208    5.907226 v _064_/Y (sky130_fd_sc_hd__nor3b_1)
                                                         _008_ (net)
                      0.073319    0.000221    5.907447 v max_cap20/A (sky130_fd_sc_hd__clkbuf_2)
     5    0.018628    0.077086    0.157862    6.065309 v max_cap20/X (sky130_fd_sc_hd__clkbuf_2)
                                                         net20 (net)
                      0.077088    0.000458    6.065767 v _094_/B1 (sky130_fd_sc_hd__a221o_1)
     1    0.003299    0.054667    0.301423    6.367190 v _094_/X (sky130_fd_sc_hd__a221o_1)
                                                         _034_ (net)
                      0.054667    0.000076    6.367267 v _096_/B1 (sky130_fd_sc_hd__o22a_1)
     1    0.002586    0.040176    0.172227    6.539493 v _096_/X (sky130_fd_sc_hd__o22a_1)
                                                         net16 (net)
                      0.040176    0.000079    6.539572 v output16/A (sky130_fd_sc_hd__buf_2)
     1    0.034284    0.089621    0.177986    6.717558 v output16/X (sky130_fd_sc_hd__buf_2)
                                                         result[4] (net)
                      0.089626    0.000739    6.718297 v result[4] (out)
                                              6.718297   data arrival time

                      0.000000   25.000000   25.000000   clock clk (rise edge)
                                  0.000000   25.000000   clock network delay (ideal)
                                 -0.250000   24.750000   clock uncertainty
                                  0.000000   24.750000   clock reconvergence pessimism
                                 -5.000000   19.750000   output external delay
                                             19.750000   data required time
---------------------------------------------------------------------------------------------
                                             19.750000   data required time
                                             -6.718297   data arrival time
---------------------------------------------------------------------------------------------
                                             13.031702   slack (MET)


Startpoint: amt[1] (input port clocked by clk)
Endpoint: result[1] (output port clocked by clk)
Path Group: clk
Path Type: max

Fanout         Cap        Slew       Delay        Time   Description
---------------------------------------------------------------------------------------------
                      0.000000    0.000000    0.000000   clock clk (rise edge)
                                  0.000000    0.000000   clock network delay (ideal)
                                  5.000000    5.000000 ^ input external delay
     1    0.003822    0.024165    0.013898    5.013898 ^ amt[1] (in)
                                                         amt[1] (net)
                      0.024173    0.000000    5.013898 ^ input2/A (sky130_fd_sc_hd__clkbuf_1)
     1    0.003221    0.048603    0.076793    5.090691 ^ input2/X (sky130_fd_sc_hd__clkbuf_1)
                                                         net2 (net)
                      0.048603    0.000097    5.090788 ^ fanout30/A (sky130_fd_sc_hd__buf_1)
     5    0.020337    0.242594    0.221125    5.311913 ^ fanout30/X (sky130_fd_sc_hd__buf_1)
                                                         net30 (net)
                      0.242595    0.000443    5.312356 ^ fanout29/A (sky130_fd_sc_hd__buf_2)
    10    0.038101    0.188501    0.271061    5.583417 ^ fanout29/X (sky130_fd_sc_hd__buf_2)
                                                         net29 (net)
                      0.188501    0.000406    5.583823 ^ fanout28/A (sky130_fd_sc_hd__clkbuf_2)
    10    0.027071    0.152050    0.226319    5.810143 ^ fanout28/X (sky130_fd_sc_hd__clkbuf_2)
                                                         net28 (net)
                      0.152052    0.000875    5.811018 ^ _064_/B (sky130_fd_sc_hd__nor3b_1)
     3    0.008699    0.073319    0.096208    5.907226 v _064_/Y (sky130_fd_sc_hd__nor3b_1)
                                                         _008_ (net)
                      0.073319    0.000221    5.907447 v max_cap20/A (sky130_fd_sc_hd__clkbuf_2)
     5    0.018628    0.077086    0.157862    6.065309 v max_cap20/X (sky130_fd_sc_hd__clkbuf_2)
                                                         net20 (net)
                      0.077089    0.000534    6.065843 v _072_/B1 (sky130_fd_sc_hd__a221o_1)
     1    0.002678    0.050853    0.295828    6.361671 v _072_/X (sky130_fd_sc_hd__a221o_1)
                                                         _015_ (net)
                      0.050853    0.000054    6.361725 v _074_/B1 (sky130_fd_sc_hd__o22a_1)
     1    0.002800    0.041620    0.172437    6.534162 v _074_/X (sky130_fd_sc_hd__o22a_1)
                                                         net13 (net)
                      0.041620    0.000083    6.534245 v output13/A (sky130_fd_sc_hd__buf_2)
     1    0.034318    0.089680    0.178679    6.712924 v output13/X (sky130_fd_sc_hd__buf_2)
                                                         result[1] (net)
                      0.089686    0.000732    6.713656 v result[1] (out)
                                              6.713656   data arrival time

                      0.000000   25.000000   25.000000   clock clk (rise edge)
                                  0.000000   25.000000   clock network delay (ideal)
                                 -0.250000   24.750000   clock uncertainty
                                  0.000000   24.750000   clock reconvergence pessimism
                                 -5.000000   19.750000   output external delay
                                             19.750000   data required time
---------------------------------------------------------------------------------------------
                                             19.750000   data required time
                                             -6.713656   data arrival time
---------------------------------------------------------------------------------------------
                                             13.036344   slack (MET)



