
===========================================================================
report_checks -unconstrained
===========================================================================
======================= max_ff_n40C_1v95 Corner ===================================

Startpoint: pcInput[2] (input port clocked by clk)
Endpoint: res[31] (output port clocked by clk)
Path Group: clk
Path Type: max

Fanout         Cap        Slew       Delay        Time   Description
---------------------------------------------------------------------------------------------
                      0.000000    0.000000    0.000000   clock clk (rise edge)
                                  0.000000    0.000000   clock network delay (ideal)
                                  5.000000    5.000000 ^ input external delay
     1    0.002573    0.013105    0.006681    5.006681 ^ pcInput[2] (in)
                                                         pcInput[2] (net)
                      0.013111    0.000000    5.006681 ^ input21/A (sky130_fd_sc_hd__dlymetal6s2s_1)
     5    0.018587    0.154681    0.137297    5.143978 ^ input21/X (sky130_fd_sc_hd__dlymetal6s2s_1)
                                                         net21 (net)
                      0.154694    0.001143    5.145121 ^ _041_/A (sky130_fd_sc_hd__and4_2)
     8    0.026732    0.114845    0.209081    5.354201 ^ _041_/X (sky130_fd_sc_hd__and4_2)
                                                         _013_ (net)
                      0.114855    0.001164    5.355365 ^ _044_/C (sky130_fd_sc_hd__and4_2)
     7    0.020957    0.093789    0.189071    5.544436 ^ _044_/X (sky130_fd_sc_hd__and4_2)
                                                         _016_ (net)
                      0.093821    0.001650    5.546086 ^ _051_/A (sky130_fd_sc_hd__and4_2)
     8    0.026253    0.112466    0.193974    5.740060 ^ _051_/X (sky130_fd_sc_hd__and4_2)
                                                         _023_ (net)
                      0.112482    0.001375    5.741435 ^ _070_/B (sky130_fd_sc_hd__and4_2)
     8    0.026209    0.112321    0.203365    5.944800 ^ _070_/X (sky130_fd_sc_hd__and4_2)
                                                         _034_ (net)
                      0.112348    0.001690    5.946490 ^ _082_/C (sky130_fd_sc_hd__and4_1)
     1    0.004729    0.048826    0.127495    6.073986 ^ _082_/X (sky130_fd_sc_hd__and4_1)
                                                         _002_ (net)
                      0.048826    0.000222    6.074208 ^ _084_/B (sky130_fd_sc_hd__xor2_1)
     1    0.002878    0.081055    0.091576    6.165783 ^ _084_/X (sky130_fd_sc_hd__xor2_1)
                                                         net55 (net)
                      0.081055    0.000200    6.165984 ^ output55/A (sky130_fd_sc_hd__buf_2)
     1    0.034502    0.128699    0.150302    6.316285 ^ output55/X (sky130_fd_sc_hd__buf_2)
                                                         res[31] (net)
                      0.128730    0.001638    6.317923 ^ res[31] (out)
                                              6.317923   data arrival time

                      0.000000   25.000000   25.000000   clock clk (rise edge)
                                  0.000000   25.000000   clock network delay (ideal)
                                 -0.250000   24.750000   clock uncertainty
                                  0.000000   24.750000   clock reconvergence pessimism
                                 -5.000000   19.750000   output external delay
                                             19.750000   data required time
---------------------------------------------------------------------------------------------
                                             19.750000   data required time
                                             -6.317923   data arrival time
---------------------------------------------------------------------------------------------
                                             13.432076   slack (MET)




===========================================================================
report_checks --slack_max -0.01
============================================================================
======================= max_ff_n40C_1v95 Corner ===================================

No paths found.


===========================================================================
 report_check_types -max_slew -max_cap -max_fanout -violators
============================================================================
======================= max_ff_n40C_1v95 Corner ===================================



===========================================================================
report_parasitic_annotation -report_unannotated
============================================================================
Found 0 unannotated drivers.
Found 0 partially unannotated drivers.

===========================================================================
max slew violation count 0
max fanout violation count 0
max cap violation count 0
============================================================================

===========================================================================
check_setup -verbose -unconstrained_endpoints -multiple_clock -no_clock -no_input_delay -loops -generated_clocks
===========================================================================
