Reading OpenROAD database at '/foss/designs/ece429-tt-design-project/src/runs/RUN_2026-05-16_00-55-12/31-openroad-repairdesignpostgpl/barrelShifter.odb'…
Reading library file at '/foss/pdks/sky130A/libs.ref/sky130_fd_sc_hd/lib/sky130_fd_sc_hd__tt_025C_1v80.lib'…
Reading design constraints file at '/usr/local/lib/python3.12/dist-packages/librelane/scripts/base.sdc'…
[WARNING STA-0366] port 'clk' not found.
[INFO] Using clock clk…
[INFO] Setting output delay to: 5
[INFO] Setting input delay to: 5
[WARNING STA-0366] port 'clk' not found.
[INFO] Setting load to: 0.033442
[INFO] Setting clock uncertainty to: 0.25
[INFO] Setting clock transition to: 0.1499999999999999944488848768742172978818416595458984375
[WARNING STA-0419] transition time can not be specified for virtual clocks.
[INFO] Setting timing derate to: 5%
[WARNING STA-0450] virtual clock clk can not be propagated.
Placement Analysis
---------------------------------
total displacement          0.0 u
average displacement        0.0 u
max displacement            0.0 u
original HPWL            1581.1 u
legalized HPWL           1658.8 u
delta HPWL                    5 %

[INFO DPL-0020] Mirrored 42 instances
[INFO DPL-0021] HPWL before            1658.8 u
[INFO DPL-0022] HPWL after             1581.1 u
[INFO DPL-0023] HPWL delta               -4.7 %
Setting global connections for newly added cells…
[INFO] Setting global connections...
Updating metrics…
Cell type report:                       Count       Area
  Fill cell                                26      97.59
  Tap cell                                 15      18.77
  Timing Repair Buffer                     34     161.40
  Multi-Input combinational cell           64     649.37
  Total                                   139     927.14
Writing OpenROAD database to '/foss/designs/ece429-tt-design-project/src/runs/RUN_2026-05-16_00-55-12/33-openroad-detailedplacement/barrelShifter.odb'…
Writing netlist to '/foss/designs/ece429-tt-design-project/src/runs/RUN_2026-05-16_00-55-12/33-openroad-detailedplacement/barrelShifter.nl.v'…
Writing powered netlist to '/foss/designs/ece429-tt-design-project/src/runs/RUN_2026-05-16_00-55-12/33-openroad-detailedplacement/barrelShifter.pnl.v'…
Writing layout to '/foss/designs/ece429-tt-design-project/src/runs/RUN_2026-05-16_00-55-12/33-openroad-detailedplacement/barrelShifter.def'…
Writing timing constraints to '/foss/designs/ece429-tt-design-project/src/runs/RUN_2026-05-16_00-55-12/33-openroad-detailedplacement/barrelShifter.sdc'…
