101. Printing statistics.

=== pcInc ===

        +----------Local Count, excluding submodules.
        |        +-Local Area, excluding submodules.
        |        | 
       41        - wires
      103        - wire bits
        2        - public wires
       64        - public wire bits
        2        - ports
       64        - port bits
       71  653.126 cells
        1    8.758   sky130_fd_sc_hd__a21o_2
        8   70.067   sky130_fd_sc_hd__a21oi_2
        3   26.275   sky130_fd_sc_hd__a31o_2
        8   60.058   sky130_fd_sc_hd__and2_2
        3   26.275   sky130_fd_sc_hd__and2b_2
        8   60.058   sky130_fd_sc_hd__and3_2
        7   70.067   sky130_fd_sc_hd__and4_2
        2    10.01   sky130_fd_sc_hd__buf_2
        1    3.754   sky130_fd_sc_hd__inv_2
        2   12.512   sky130_fd_sc_hd__nand2_2
        1    10.01   sky130_fd_sc_hd__nand3_2
       12   75.072   sky130_fd_sc_hd__nor2_2
        1    8.758   sky130_fd_sc_hd__o21a_2
        1    10.01   sky130_fd_sc_hd__o21ba_2
        2   22.522   sky130_fd_sc_hd__o2bb2a_2
        3   48.797   sky130_fd_sc_hd__xnor2_2
        8  130.125   sky130_fd_sc_hd__xor2_2

   Chip area for module '\pcInc': 653.126400
     of which used for sequential elements: 0.000000 (0.00%)

