
===========================================================================
report_checks -unconstrained
===========================================================================
======================= max_ss_100C_1v60 Corner ===================================

Startpoint: data2[6] (input port clocked by clk)
Endpoint: z (output port clocked by clk)
Path Group: clk
Path Type: max

Fanout         Cap        Slew       Delay        Time   Description
---------------------------------------------------------------------------------------------
                      0.000000    0.000000    0.000000   clock clk (rise edge)
                                  0.000000    0.000000   clock network delay (ideal)
                                  5.000000    5.000000 v input external delay
     1    0.002893    0.018810    0.009567    5.009568 v data2[6] (in)
                                                         data2[6] (net)
                      0.018810    0.000000    5.009568 v input15/A (sky130_fd_sc_hd__clkbuf_1)
     1    0.003476    0.057189    0.143642    5.153210 v input15/X (sky130_fd_sc_hd__clkbuf_1)
                                                         net15 (net)
                      0.057189    0.000196    5.153406 v fanout40/A (sky130_fd_sc_hd__dlymetal6s2s_1)
     6    0.019770    0.208301    0.394373    5.547779 v fanout40/X (sky130_fd_sc_hd__dlymetal6s2s_1)
                                                         net40 (net)
                      0.208301    0.000609    5.548388 v fanout39/A (sky130_fd_sc_hd__clkbuf_2)
    10    0.027877    0.199437    0.370494    5.918882 v fanout39/X (sky130_fd_sc_hd__clkbuf_2)
                                                         net39 (net)
                      0.199437    0.000715    5.919598 v _152_/B (sky130_fd_sc_hd__and2_2)
     9    0.037481    0.205744    0.609217    6.528814 v _152_/X (sky130_fd_sc_hd__and2_2)
                                                         _083_ (net)
                      0.205787    0.002945    6.531759 v _205_/A2 (sky130_fd_sc_hd__a221o_1)
     1    0.001678    0.080834    0.669611    7.201370 v _205_/X (sky130_fd_sc_hd__a221o_1)
                                                         _007_ (net)
                      0.080834    0.000117    7.201487 v _207_/C (sky130_fd_sc_hd__or4_1)
     1    0.005055    0.207141    1.154159    8.355645 v _207_/X (sky130_fd_sc_hd__or4_1)
                                                         _009_ (net)
                      0.207141    0.000389    8.356034 v _208_/C1 (sky130_fd_sc_hd__o211a_1)
     1    0.003082    0.073557    0.263594    8.619629 v _208_/X (sky130_fd_sc_hd__o211a_1)
                                                         _010_ (net)
                      0.073557    0.000210    8.619839 v _213_/A1 (sky130_fd_sc_hd__o32a_1)
     2    0.006078    0.149379    0.676763    9.296601 v _213_/X (sky130_fd_sc_hd__o32a_1)
                                                         net21 (net)
                      0.149379    0.000408    9.297009 v _257_/A1 (sky130_fd_sc_hd__o21ba_1)
     1    0.002791    0.063722    0.361664    9.658673 v _257_/X (sky130_fd_sc_hd__o21ba_1)
                                                         _054_ (net)
                      0.063722    0.000127    9.658800 v _258_/B (sky130_fd_sc_hd__nor2_1)
     1    0.004623    0.178036    0.176878    9.835678 ^ _258_/Y (sky130_fd_sc_hd__nor2_1)
                                                         _055_ (net)
                      0.178036    0.000204    9.835882 ^ _259_/B2 (sky130_fd_sc_hd__o2bb2a_1)
     1    0.002656    0.078184    0.287123   10.123006 ^ _259_/X (sky130_fd_sc_hd__o2bb2a_1)
                                                         _056_ (net)
                      0.078184    0.000166   10.123172 ^ _260_/B1 (sky130_fd_sc_hd__o2bb2a_1)
     1    0.002209    0.072664    0.262276   10.385448 ^ _260_/X (sky130_fd_sc_hd__o2bb2a_1)
                                                         net28 (net)
                      0.072664    0.000151   10.385598 ^ output28/A (sky130_fd_sc_hd__buf_2)
     1    0.034246    0.272192    0.343867   10.729465 ^ output28/X (sky130_fd_sc_hd__buf_2)
                                                         z (net)
                      0.272198    0.001716   10.731181 ^ z (out)
                                             10.731181   data arrival time

                      0.000000   25.000000   25.000000   clock clk (rise edge)
                                  0.000000   25.000000   clock network delay (ideal)
                                 -0.250000   24.750000   clock uncertainty
                                  0.000000   24.750000   clock reconvergence pessimism
                                 -5.000000   19.750000   output external delay
                                             19.750000   data required time
---------------------------------------------------------------------------------------------
                                             19.750000   data required time
                                            -10.731181   data arrival time
---------------------------------------------------------------------------------------------
                                              9.018818   slack (MET)




===========================================================================
report_checks --slack_max -0.01
============================================================================
======================= max_ss_100C_1v60 Corner ===================================

No paths found.


===========================================================================
 report_check_types -max_slew -max_cap -max_fanout -violators
============================================================================
======================= max_ss_100C_1v60 Corner ===================================

max slew

Pin                                        Limit        Slew       Slack
------------------------------------------------------------------------
_238_/B1                                0.750000    0.901524   -0.151524 (VIOLATED)
_204_/B                                 0.750000    0.901523   -0.151524 (VIOLATED)
_228_/B1                                0.750000    0.901523   -0.151524 (VIOLATED)
max_cap29/A                             0.750000    0.901523   -0.151523 (VIOLATED)
_180_/Y                                 0.750000    0.901521   -0.151521 (VIOLATED)



===========================================================================
report_parasitic_annotation -report_unannotated
============================================================================
Found 0 unannotated drivers.
Found 0 partially unannotated drivers.

===========================================================================
max slew violation count 5
max fanout violation count 0
max cap violation count 0
============================================================================

===========================================================================
check_setup -verbose -unconstrained_endpoints -multiple_clock -no_clock -no_input_delay -loops -generated_clocks
===========================================================================
