Reading timing models for corner max_ss_100C_1v60…
Reading cell library for the 'max_ss_100C_1v60' corner at '/foss/pdks/sky130A/libs.ref/sky130_fd_sc_hd/lib/sky130_fd_sc_hd__ss_100C_1v60.lib'…
Reading top-level netlist at '/foss/designs/ece429-tt-design-project/src/runs/RUN_2026-05-16_00-53-55/51-openroad-fillinsertion/alu.nl.v'…
Linking design 'alu' from netlist…
Warning: /foss/designs/ece429-tt-design-project/src/runs/RUN_2026-05-16_00-53-55/51-openroad-fillinsertion/alu.nl.v line 805, module sky130_fd_sc_hd__tapvpwrvgnd_1 not found. Creating black box for TAP_TAPCELL_ROW_0_36.
Warning: /foss/designs/ece429-tt-design-project/src/runs/RUN_2026-05-16_00-53-55/51-openroad-fillinsertion/alu.nl.v line 928, module sky130_fd_sc_hd__fill_1 not found. Creating black box for FILLER_0_27.
Warning: /foss/designs/ece429-tt-design-project/src/runs/RUN_2026-05-16_00-53-55/51-openroad-fillinsertion/alu.nl.v line 951, module sky130_fd_sc_hd__fill_2 not found. Creating black box for FILLER_0_103.
Reading design constraints file at '/usr/local/lib/python3.12/dist-packages/librelane/scripts/base.sdc'…
Warning: base.sdc line 15, port 'clk' not found.
[INFO] Using clock clk…
[INFO] Setting output delay to: 5
[INFO] Setting input delay to: 5
Warning: base.sdc line 32, port 'clk' not found.
[INFO] Setting load to: 0.033442
[INFO] Setting clock uncertainty to: 0.25
[INFO] Setting clock transition to: 0.1499999999999999944488848768742172978818416595458984375
Warning: base.sdc line 69, transition time can not be specified for virtual clocks.
[INFO] Setting timing derate to: 5%
Warning: base.sdc line 79, virtual clock clk can not be propagated.
Reading top-level design parasitics for the 'max_ss_100C_1v60' corner at '/foss/designs/ece429-tt-design-project/src/runs/RUN_2026-05-16_00-53-55/53-openroad-rcx/max/alu.max.spef'…
%OL_CREATE_REPORT min.rpt

===========================================================================
report_checks -path_delay min (Hold)
============================================================================
======================= max_ss_100C_1v60 Corner ===================================

Startpoint: data2[4] (input port clocked by clk)
Endpoint: res[4] (output port clocked by clk)
Path Group: clk
Path Type: min

Fanout         Cap        Slew       Delay        Time   Description
---------------------------------------------------------------------------------------------
                      0.000000    0.000000    0.000000   clock clk (rise edge)
                                  0.000000    0.000000   clock network delay (ideal)
                                  5.000000    5.000000 v input external delay
     1    0.002990    0.019186    0.009878    5.009878 v data2[4] (in)
                                                         data2[4] (net)
                      0.019186    0.000000    5.009878 v input13/A (sky130_fd_sc_hd__clkbuf_1)
     3    0.007565    0.099267    0.178264    5.188142 v input13/X (sky130_fd_sc_hd__clkbuf_1)
                                                         net13 (net)
                      0.099268    0.000496    5.188639 v _223_/B2 (sky130_fd_sc_hd__o32a_1)
     2    0.007199    0.128769    0.360544    5.549182 v _223_/X (sky130_fd_sc_hd__o32a_1)
                                                         net24 (net)
                      0.128769    0.000453    5.549635 v output24/A (sky130_fd_sc_hd__buf_2)
     1    0.034177    0.165849    0.371715    5.921350 v output24/X (sky130_fd_sc_hd__buf_2)
                                                         res[4] (net)
                      0.165863    0.001651    5.923001 v res[4] (out)
                                              5.923001   data arrival time

                      0.000000    0.000000    0.000000   clock clk (rise edge)
                                  0.000000    0.000000   clock network delay (ideal)
                                  0.250000    0.250000   clock uncertainty
                                  0.000000    0.250000   clock reconvergence pessimism
                                 -5.000000   -4.750000   output external delay
                                             -4.750000   data required time
---------------------------------------------------------------------------------------------
                                             -4.750000   data required time
                                             -5.923001   data arrival time
---------------------------------------------------------------------------------------------
                                             10.673001   slack (MET)


Startpoint: data2[1] (input port clocked by clk)
Endpoint: res[1] (output port clocked by clk)
Path Group: clk
Path Type: min

Fanout         Cap        Slew       Delay        Time   Description
---------------------------------------------------------------------------------------------
                      0.000000    0.000000    0.000000   clock clk (rise edge)
                                  0.000000    0.000000   clock network delay (ideal)
                                  5.000000    5.000000 v input external delay
     1    0.002534    0.017447    0.008438    5.008438 v data2[1] (in)
                                                         data2[1] (net)
                      0.017447    0.000000    5.008438 v input10/A (sky130_fd_sc_hd__buf_1)
     4    0.009034    0.114752    0.189790    5.198227 v input10/X (sky130_fd_sc_hd__buf_1)
                                                         net10 (net)
                      0.114753    0.000514    5.198741 v _213_/B2 (sky130_fd_sc_hd__o32a_1)
     2    0.006078    0.116775    0.354738    5.553480 v _213_/X (sky130_fd_sc_hd__o32a_1)
                                                         net21 (net)
                      0.116775    0.000359    5.553838 v output21/A (sky130_fd_sc_hd__buf_2)
     1    0.035134    0.169630    0.368968    5.922806 v output21/X (sky130_fd_sc_hd__buf_2)
                                                         res[1] (net)
                      0.169645    0.001689    5.924495 v res[1] (out)
                                              5.924495   data arrival time

                      0.000000    0.000000    0.000000   clock clk (rise edge)
                                  0.000000    0.000000   clock network delay (ideal)
                                  0.250000    0.250000   clock uncertainty
                                  0.000000    0.250000   clock reconvergence pessimism
                                 -5.000000   -4.750000   output external delay
                                             -4.750000   data required time
---------------------------------------------------------------------------------------------
                                             -4.750000   data required time
                                             -5.924495   data arrival time
---------------------------------------------------------------------------------------------
                                             10.674496   slack (MET)


Startpoint: data2[2] (input port clocked by clk)
Endpoint: res[2] (output port clocked by clk)
Path Group: clk
Path Type: min

Fanout         Cap        Slew       Delay        Time   Description
---------------------------------------------------------------------------------------------
                      0.000000    0.000000    0.000000   clock clk (rise edge)
                                  0.000000    0.000000   clock network delay (ideal)
                                  5.000000    5.000000 v input external delay
     1    0.002981    0.019148    0.009847    5.009847 v data2[2] (in)
                                                         data2[2] (net)
                      0.019148    0.000000    5.009847 v input11/A (sky130_fd_sc_hd__buf_1)
     4    0.010281    0.127953    0.200727    5.210574 v input11/X (sky130_fd_sc_hd__buf_1)
                                                         net11 (net)
                      0.127954    0.000608    5.211182 v _256_/B2 (sky130_fd_sc_hd__o32a_1)
     2    0.005763    0.113475    0.356803    5.567986 v _256_/X (sky130_fd_sc_hd__o32a_1)
                                                         net22 (net)
                      0.113475    0.000332    5.568317 v output22/A (sky130_fd_sc_hd__buf_2)
     1    0.034402    0.166716    0.365068    5.933386 v output22/X (sky130_fd_sc_hd__buf_2)
                                                         res[2] (net)
                      0.166731    0.001644    5.935030 v res[2] (out)
                                              5.935030   data arrival time

                      0.000000    0.000000    0.000000   clock clk (rise edge)
                                  0.000000    0.000000   clock network delay (ideal)
                                  0.250000    0.250000   clock uncertainty
                                  0.000000    0.250000   clock reconvergence pessimism
                                 -5.000000   -4.750000   output external delay
                                             -4.750000   data required time
---------------------------------------------------------------------------------------------
                                             -4.750000   data required time
                                             -5.935030   data arrival time
---------------------------------------------------------------------------------------------
                                             10.685030   slack (MET)


Startpoint: data2[3] (input port clocked by clk)
Endpoint: res[3] (output port clocked by clk)
Path Group: clk
Path Type: min

Fanout         Cap        Slew       Delay        Time   Description
---------------------------------------------------------------------------------------------
                      0.000000    0.000000    0.000000   clock clk (rise edge)
                                  0.000000    0.000000   clock network delay (ideal)
                                  5.000000    5.000000 v input external delay
     1    0.002978    0.019136    0.009837    5.009838 v data2[3] (in)
                                                         data2[3] (net)
                      0.019137    0.000000    5.009838 v input12/A (sky130_fd_sc_hd__buf_1)
     4    0.010072    0.125719    0.199042    5.208879 v input12/X (sky130_fd_sc_hd__buf_1)
                                                         net12 (net)
                      0.125719    0.000540    5.209420 v _234_/B2 (sky130_fd_sc_hd__o32a_1)
     2    0.006458    0.120795    0.363444    5.572865 v _234_/X (sky130_fd_sc_hd__o32a_1)
                                                         net23 (net)
                      0.120795    0.000358    5.573223 v output23/A (sky130_fd_sc_hd__buf_2)
     1    0.034444    0.166896    0.368721    5.941943 v output23/X (sky130_fd_sc_hd__buf_2)
                                                         res[3] (net)
                      0.166911    0.001661    5.943604 v res[3] (out)
                                              5.943604   data arrival time

                      0.000000    0.000000    0.000000   clock clk (rise edge)
                                  0.000000    0.000000   clock network delay (ideal)
                                  0.250000    0.250000   clock uncertainty
                                  0.000000    0.250000   clock reconvergence pessimism
                                 -5.000000   -4.750000   output external delay
                                             -4.750000   data required time
---------------------------------------------------------------------------------------------
                                             -4.750000   data required time
                                             -5.943604   data arrival time
---------------------------------------------------------------------------------------------
                                             10.693604   slack (MET)


Startpoint: data2[0] (input port clocked by clk)
Endpoint: res[0] (output port clocked by clk)
Path Group: clk
Path Type: min

Fanout         Cap        Slew       Delay        Time   Description
---------------------------------------------------------------------------------------------
                      0.000000    0.000000    0.000000   clock clk (rise edge)
                                  0.000000    0.000000   clock network delay (ideal)
                                  5.000000    5.000000 v input external delay
     1    0.002914    0.018890    0.009639    5.009639 v data2[0] (in)
                                                         data2[0] (net)
                      0.018891    0.000000    5.009639 v input9/A (sky130_fd_sc_hd__clkbuf_2)
     7    0.022600    0.164819    0.256043    5.265682 v input9/X (sky130_fd_sc_hd__clkbuf_2)
                                                         net9 (net)
                      0.164833    0.001612    5.267294 v _244_/B2 (sky130_fd_sc_hd__o32a_1)
     2    0.007769    0.135023    0.394006    5.661300 v _244_/X (sky130_fd_sc_hd__o32a_1)
                                                         net20 (net)
                      0.135023    0.000466    5.661766 v output20/A (sky130_fd_sc_hd__buf_2)
     1    0.034153    0.165759    0.374652    6.036418 v output20/X (sky130_fd_sc_hd__buf_2)
                                                         res[0] (net)
                      0.165773    0.001646    6.038064 v res[0] (out)
                                              6.038064   data arrival time

                      0.000000    0.000000    0.000000   clock clk (rise edge)
                                  0.000000    0.000000   clock network delay (ideal)
                                  0.250000    0.250000   clock uncertainty
                                  0.000000    0.250000   clock reconvergence pessimism
                                 -5.000000   -4.750000   output external delay
                                             -4.750000   data required time
---------------------------------------------------------------------------------------------
                                             -4.750000   data required time
                                             -6.038064   data arrival time
---------------------------------------------------------------------------------------------
                                             10.788064   slack (MET)


Startpoint: data2[6] (input port clocked by clk)
Endpoint: res[6] (output port clocked by clk)
Path Group: clk
Path Type: min

Fanout         Cap        Slew       Delay        Time   Description
---------------------------------------------------------------------------------------------
                      0.000000    0.000000    0.000000   clock clk (rise edge)
                                  0.000000    0.000000   clock network delay (ideal)
                                  5.000000    5.000000 ^ input external delay
     1    0.003022    0.033711    0.017005    5.017005 ^ data2[6] (in)
                                                         data2[6] (net)
                      0.033711    0.000000    5.017005 ^ input15/A (sky130_fd_sc_hd__clkbuf_1)
     1    0.003591    0.086123    0.144608    5.161613 ^ input15/X (sky130_fd_sc_hd__clkbuf_1)
                                                         net15 (net)
                      0.086123    0.000207    5.161819 ^ fanout40/A (sky130_fd_sc_hd__dlymetal6s2s_1)
     6    0.020550    0.336052    0.360400    5.522220 ^ fanout40/X (sky130_fd_sc_hd__dlymetal6s2s_1)
                                                         net40 (net)
                      0.336058    0.001234    5.523454 ^ _188_/A1 (sky130_fd_sc_hd__o22a_1)
     2    0.004165    0.090535    0.388919    5.912373 ^ _188_/X (sky130_fd_sc_hd__o22a_1)
                                                         net26 (net)
                      0.090535    0.000203    5.912576 ^ output26/A (sky130_fd_sc_hd__buf_2)
     1    0.034456    0.273790    0.353253    6.265828 ^ output26/X (sky130_fd_sc_hd__buf_2)
                                                         res[6] (net)
                      0.273797    0.001775    6.267603 ^ res[6] (out)
                                              6.267603   data arrival time

                      0.000000    0.000000    0.000000   clock clk (rise edge)
                                  0.000000    0.000000   clock network delay (ideal)
                                  0.250000    0.250000   clock uncertainty
                                  0.000000    0.250000   clock reconvergence pessimism
                                 -5.000000   -4.750000   output external delay
                                             -4.750000   data required time
---------------------------------------------------------------------------------------------
                                             -4.750000   data required time
                                             -6.267603   data arrival time
---------------------------------------------------------------------------------------------
                                             11.017603   slack (MET)


Startpoint: data2[7] (input port clocked by clk)
Endpoint: res[7] (output port clocked by clk)
Path Group: clk
Path Type: min

Fanout         Cap        Slew       Delay        Time   Description
---------------------------------------------------------------------------------------------
                      0.000000    0.000000    0.000000   clock clk (rise edge)
                                  0.000000    0.000000   clock network delay (ideal)
                                  5.000000    5.000000 ^ input external delay
     1    0.002842    0.032523    0.016057    5.016057 ^ data2[7] (in)
                                                         data2[7] (net)
                      0.032524    0.000000    5.016057 ^ input16/A (sky130_fd_sc_hd__clkbuf_1)
     1    0.003765    0.089112    0.146398    5.162455 ^ input16/X (sky130_fd_sc_hd__clkbuf_1)
                                                         net16 (net)
                      0.089112    0.000234    5.162689 ^ fanout38/A (sky130_fd_sc_hd__buf_1)
     5    0.016681    0.323712    0.339577    5.502266 ^ fanout38/X (sky130_fd_sc_hd__buf_1)
                                                         net38 (net)
                      0.323713    0.000429    5.502695 ^ _189_/A (sky130_fd_sc_hd__or2_1)
     2    0.003858    0.079276    0.276399    5.779094 ^ _189_/X (sky130_fd_sc_hd__or2_1)
                                                         _118_ (net)
                      0.079276    0.000230    5.779325 ^ _202_/A (sky130_fd_sc_hd__and2_1)
     1    0.001826    0.067097    0.206176    5.985500 ^ _202_/X (sky130_fd_sc_hd__and2_1)
                                                         net27 (net)
                      0.067097    0.000084    5.985584 ^ output27/A (sky130_fd_sc_hd__buf_2)
     1    0.034206    0.271886    0.341109    6.326693 ^ output27/X (sky130_fd_sc_hd__buf_2)
                                                         res[7] (net)
                      0.271892    0.001705    6.328398 ^ res[7] (out)
                                              6.328398   data arrival time

                      0.000000    0.000000    0.000000   clock clk (rise edge)
                                  0.000000    0.000000   clock network delay (ideal)
                                  0.250000    0.250000   clock uncertainty
                                  0.000000    0.250000   clock reconvergence pessimism
                                 -5.000000   -4.750000   output external delay
                                             -4.750000   data required time
---------------------------------------------------------------------------------------------
                                             -4.750000   data required time
                                             -6.328398   data arrival time
---------------------------------------------------------------------------------------------
                                             11.078398   slack (MET)


Startpoint: data2[5] (input port clocked by clk)
Endpoint: res[5] (output port clocked by clk)
Path Group: clk
Path Type: min

Fanout         Cap        Slew       Delay        Time   Description
---------------------------------------------------------------------------------------------
                      0.000000    0.000000    0.000000   clock clk (rise edge)
                                  0.000000    0.000000   clock network delay (ideal)
                                  5.000000    5.000000 ^ input external delay
     1    0.002688    0.031509    0.015244    5.015244 ^ data2[5] (in)
                                                         data2[5] (net)
                      0.031509    0.000000    5.015244 ^ input14/A (sky130_fd_sc_hd__clkbuf_1)
     1    0.006025    0.129317    0.175270    5.190515 ^ input14/X (sky130_fd_sc_hd__clkbuf_1)
                                                         net14 (net)
                      0.129317    0.000437    5.190952 ^ fanout42/A (sky130_fd_sc_hd__buf_1)
     5    0.015042    0.293137    0.334787    5.525739 ^ fanout42/X (sky130_fd_sc_hd__buf_1)
                                                         net42 (net)
                      0.293137    0.000467    5.526206 ^ _128_/A (sky130_fd_sc_hd__or2_1)
     2    0.003555    0.075345    0.263018    5.789224 ^ _128_/X (sky130_fd_sc_hd__or2_1)
                                                         _059_ (net)
                      0.075345    0.000217    5.789440 ^ _171_/A (sky130_fd_sc_hd__and2_1)
     1    0.001967    0.068879    0.206312    5.995752 ^ _171_/X (sky130_fd_sc_hd__and2_1)
                                                         net25 (net)
                      0.068879    0.000141    5.995893 ^ output25/A (sky130_fd_sc_hd__buf_2)
     1    0.034269    0.272360    0.342259    6.338152 ^ output25/X (sky130_fd_sc_hd__buf_2)
                                                         res[5] (net)
                      0.272366    0.001708    6.339860 ^ res[5] (out)
                                              6.339860   data arrival time

                      0.000000    0.000000    0.000000   clock clk (rise edge)
                                  0.000000    0.000000   clock network delay (ideal)
                                  0.250000    0.250000   clock uncertainty
                                  0.000000    0.250000   clock reconvergence pessimism
                                 -5.000000   -4.750000   output external delay
                                             -4.750000   data required time
---------------------------------------------------------------------------------------------
                                             -4.750000   data required time
                                             -6.339860   data arrival time
---------------------------------------------------------------------------------------------
                                             11.089860   slack (MET)


Startpoint: data2[4] (input port clocked by clk)
Endpoint: z (output port clocked by clk)
Path Group: clk
Path Type: min

Fanout         Cap        Slew       Delay        Time   Description
---------------------------------------------------------------------------------------------
                      0.000000    0.000000    0.000000   clock clk (rise edge)
                                  0.000000    0.000000   clock network delay (ideal)
                                  5.000000    5.000000 ^ input external delay
     1    0.003119    0.034362    0.017524    5.017524 ^ data2[4] (in)
                                                         data2[4] (net)
                      0.034363    0.000000    5.017524 ^ input13/A (sky130_fd_sc_hd__clkbuf_1)
     3    0.007994    0.164787    0.201970    5.219494 ^ input13/X (sky130_fd_sc_hd__clkbuf_1)
                                                         net13 (net)
                      0.164787    0.000529    5.220023 ^ _223_/B2 (sky130_fd_sc_hd__o32a_1)
     2    0.007403    0.146385    0.334708    5.554731 ^ _223_/X (sky130_fd_sc_hd__o32a_1)
                                                         net24 (net)
                      0.146385    0.000399    5.555130 ^ _259_/B1 (sky130_fd_sc_hd__o2bb2a_1)
     1    0.002656    0.075402    0.294645    5.849775 ^ _259_/X (sky130_fd_sc_hd__o2bb2a_1)
                                                         _056_ (net)
                      0.075402    0.000166    5.849941 ^ _260_/B1 (sky130_fd_sc_hd__o2bb2a_1)
     1    0.002209    0.069898    0.261024    6.110964 ^ _260_/X (sky130_fd_sc_hd__o2bb2a_1)
                                                         net28 (net)
                      0.069898    0.000151    6.111115 ^ output28/A (sky130_fd_sc_hd__buf_2)
     1    0.034246    0.272188    0.342599    6.453714 ^ output28/X (sky130_fd_sc_hd__buf_2)
                                                         z (net)
                      0.272195    0.001716    6.455430 ^ z (out)
                                              6.455430   data arrival time

                      0.000000    0.000000    0.000000   clock clk (rise edge)
                                  0.000000    0.000000   clock network delay (ideal)
                                  0.250000    0.250000   clock uncertainty
                                  0.000000    0.250000   clock reconvergence pessimism
                                 -5.000000   -4.750000   output external delay
                                             -4.750000   data required time
---------------------------------------------------------------------------------------------
                                             -4.750000   data required time
                                             -6.455430   data arrival time
---------------------------------------------------------------------------------------------
                                             11.205430   slack (MET)



%OL_END_REPORT
%OL_CREATE_REPORT max.rpt

===========================================================================
report_checks -path_delay max (Setup)
============================================================================
======================= max_ss_100C_1v60 Corner ===================================

Startpoint: data2[6] (input port clocked by clk)
Endpoint: z (output port clocked by clk)
Path Group: clk
Path Type: max

Fanout         Cap        Slew       Delay        Time   Description
---------------------------------------------------------------------------------------------
                      0.000000    0.000000    0.000000   clock clk (rise edge)
                                  0.000000    0.000000   clock network delay (ideal)
                                  5.000000    5.000000 v input external delay
     1    0.002893    0.018810    0.009567    5.009568 v data2[6] (in)
                                                         data2[6] (net)
                      0.018810    0.000000    5.009568 v input15/A (sky130_fd_sc_hd__clkbuf_1)
     1    0.003476    0.057189    0.143642    5.153210 v input15/X (sky130_fd_sc_hd__clkbuf_1)
                                                         net15 (net)
                      0.057189    0.000196    5.153406 v fanout40/A (sky130_fd_sc_hd__dlymetal6s2s_1)
     6    0.019770    0.208301    0.394373    5.547779 v fanout40/X (sky130_fd_sc_hd__dlymetal6s2s_1)
                                                         net40 (net)
                      0.208301    0.000609    5.548388 v fanout39/A (sky130_fd_sc_hd__clkbuf_2)
    10    0.027877    0.199437    0.370494    5.918882 v fanout39/X (sky130_fd_sc_hd__clkbuf_2)
                                                         net39 (net)
                      0.199437    0.000715    5.919598 v _152_/B (sky130_fd_sc_hd__and2_2)
     9    0.037481    0.205744    0.609217    6.528814 v _152_/X (sky130_fd_sc_hd__and2_2)
                                                         _083_ (net)
                      0.205787    0.002945    6.531759 v _205_/A2 (sky130_fd_sc_hd__a221o_1)
     1    0.001678    0.080834    0.669611    7.201370 v _205_/X (sky130_fd_sc_hd__a221o_1)
                                                         _007_ (net)
                      0.080834    0.000117    7.201487 v _207_/C (sky130_fd_sc_hd__or4_1)
     1    0.005055    0.207141    1.154159    8.355645 v _207_/X (sky130_fd_sc_hd__or4_1)
                                                         _009_ (net)
                      0.207141    0.000389    8.356034 v _208_/C1 (sky130_fd_sc_hd__o211a_1)
     1    0.003082    0.073557    0.263594    8.619629 v _208_/X (sky130_fd_sc_hd__o211a_1)
                                                         _010_ (net)
                      0.073557    0.000210    8.619839 v _213_/A1 (sky130_fd_sc_hd__o32a_1)
     2    0.006078    0.149379    0.676763    9.296601 v _213_/X (sky130_fd_sc_hd__o32a_1)
                                                         net21 (net)
                      0.149379    0.000408    9.297009 v _257_/A1 (sky130_fd_sc_hd__o21ba_1)
     1    0.002791    0.063722    0.361664    9.658673 v _257_/X (sky130_fd_sc_hd__o21ba_1)
                                                         _054_ (net)
                      0.063722    0.000127    9.658800 v _258_/B (sky130_fd_sc_hd__nor2_1)
     1    0.004623    0.178036    0.176878    9.835678 ^ _258_/Y (sky130_fd_sc_hd__nor2_1)
                                                         _055_ (net)
                      0.178036    0.000204    9.835882 ^ _259_/B2 (sky130_fd_sc_hd__o2bb2a_1)
     1    0.002656    0.078184    0.287123   10.123006 ^ _259_/X (sky130_fd_sc_hd__o2bb2a_1)
                                                         _056_ (net)
                      0.078184    0.000166   10.123172 ^ _260_/B1 (sky130_fd_sc_hd__o2bb2a_1)
     1    0.002209    0.072664    0.262276   10.385448 ^ _260_/X (sky130_fd_sc_hd__o2bb2a_1)
                                                         net28 (net)
                      0.072664    0.000151   10.385598 ^ output28/A (sky130_fd_sc_hd__buf_2)
     1    0.034246    0.272192    0.343867   10.729465 ^ output28/X (sky130_fd_sc_hd__buf_2)
                                                         z (net)
                      0.272198    0.001716   10.731181 ^ z (out)
                                             10.731181   data arrival time

                      0.000000   25.000000   25.000000   clock clk (rise edge)
                                  0.000000   25.000000   clock network delay (ideal)
                                 -0.250000   24.750000   clock uncertainty
                                  0.000000   24.750000   clock reconvergence pessimism
                                 -5.000000   19.750000   output external delay
                                             19.750000   data required time
---------------------------------------------------------------------------------------------
                                             19.750000   data required time
                                            -10.731181   data arrival time
---------------------------------------------------------------------------------------------
                                              9.018818   slack (MET)


Startpoint: data2[6] (input port clocked by clk)
Endpoint: res[1] (output port clocked by clk)
Path Group: clk
Path Type: max

Fanout         Cap        Slew       Delay        Time   Description
---------------------------------------------------------------------------------------------
                      0.000000    0.000000    0.000000   clock clk (rise edge)
                                  0.000000    0.000000   clock network delay (ideal)
                                  5.000000    5.000000 v input external delay
     1    0.002893    0.018810    0.009567    5.009568 v data2[6] (in)
                                                         data2[6] (net)
                      0.018810    0.000000    5.009568 v input15/A (sky130_fd_sc_hd__clkbuf_1)
     1    0.003476    0.057189    0.143642    5.153210 v input15/X (sky130_fd_sc_hd__clkbuf_1)
                                                         net15 (net)
                      0.057189    0.000196    5.153406 v fanout40/A (sky130_fd_sc_hd__dlymetal6s2s_1)
     6    0.019770    0.208301    0.394373    5.547779 v fanout40/X (sky130_fd_sc_hd__dlymetal6s2s_1)
                                                         net40 (net)
                      0.208301    0.000609    5.548388 v fanout39/A (sky130_fd_sc_hd__clkbuf_2)
    10    0.027877    0.199437    0.370494    5.918882 v fanout39/X (sky130_fd_sc_hd__clkbuf_2)
                                                         net39 (net)
                      0.199437    0.000715    5.919598 v _152_/B (sky130_fd_sc_hd__and2_2)
     9    0.037481    0.205744    0.609217    6.528814 v _152_/X (sky130_fd_sc_hd__and2_2)
                                                         _083_ (net)
                      0.205787    0.002945    6.531759 v _205_/A2 (sky130_fd_sc_hd__a221o_1)
     1    0.001678    0.080834    0.669611    7.201370 v _205_/X (sky130_fd_sc_hd__a221o_1)
                                                         _007_ (net)
                      0.080834    0.000117    7.201487 v _207_/C (sky130_fd_sc_hd__or4_1)
     1    0.005055    0.207141    1.154159    8.355645 v _207_/X (sky130_fd_sc_hd__or4_1)
                                                         _009_ (net)
                      0.207141    0.000389    8.356034 v _208_/C1 (sky130_fd_sc_hd__o211a_1)
     1    0.003082    0.073557    0.263594    8.619629 v _208_/X (sky130_fd_sc_hd__o211a_1)
                                                         _010_ (net)
                      0.073557    0.000210    8.619839 v _213_/A1 (sky130_fd_sc_hd__o32a_1)
     2    0.006078    0.149379    0.676763    9.296601 v _213_/X (sky130_fd_sc_hd__o32a_1)
                                                         net21 (net)
                      0.149379    0.000359    9.296960 v output21/A (sky130_fd_sc_hd__buf_2)
     1    0.035134    0.169675    0.384690    9.681649 v output21/X (sky130_fd_sc_hd__buf_2)
                                                         res[1] (net)
                      0.169690    0.001689    9.683339 v res[1] (out)
                                              9.683339   data arrival time

                      0.000000   25.000000   25.000000   clock clk (rise edge)
                                  0.000000   25.000000   clock network delay (ideal)
                                 -0.250000   24.750000   clock uncertainty
                                  0.000000   24.750000   clock reconvergence pessimism
                                 -5.000000   19.750000   output external delay
                                             19.750000   data required time
---------------------------------------------------------------------------------------------
                                             19.750000   data required time
                                             -9.683339   data arrival time
---------------------------------------------------------------------------------------------
                                             10.066661   slack (MET)


Startpoint: data2[7] (input port clocked by clk)
Endpoint: res[7] (output port clocked by clk)
Path Group: clk
Path Type: max

Fanout         Cap        Slew       Delay        Time   Description
---------------------------------------------------------------------------------------------
                      0.000000    0.000000    0.000000   clock clk (rise edge)
                                  0.000000    0.000000   clock network delay (ideal)
                                  5.000000    5.000000 ^ input external delay
     1    0.002842    0.032523    0.016057    5.016057 ^ data2[7] (in)
                                                         data2[7] (net)
                      0.032524    0.000000    5.016057 ^ input16/A (sky130_fd_sc_hd__clkbuf_1)
     1    0.003765    0.089112    0.146398    5.162455 ^ input16/X (sky130_fd_sc_hd__clkbuf_1)
                                                         net16 (net)
                      0.089112    0.000234    5.162689 ^ fanout38/A (sky130_fd_sc_hd__buf_1)
     5    0.016681    0.323712    0.339577    5.502266 ^ fanout38/X (sky130_fd_sc_hd__buf_1)
                                                         net38 (net)
                      0.323719    0.001265    5.503531 ^ fanout37/A (sky130_fd_sc_hd__clkbuf_2)
    10    0.033374    0.288229    0.456439    5.959970 ^ fanout37/X (sky130_fd_sc_hd__clkbuf_2)
                                                         net37 (net)
                      0.288229    0.001124    5.961094 ^ _160_/S (sky130_fd_sc_hd__mux2_1)
     3    0.006871    0.148879    0.829153    6.790247 v _160_/X (sky130_fd_sc_hd__mux2_1)
                                                         _091_ (net)
                      0.148879    0.000304    6.790551 v _195_/A2 (sky130_fd_sc_hd__a22o_1)
     1    0.004054    0.082789    0.456056    7.246607 v _195_/X (sky130_fd_sc_hd__a22o_1)
                                                         _124_ (net)
                      0.082789    0.000252    7.246859 v _196_/C1 (sky130_fd_sc_hd__a221o_1)
     1    0.003888    0.103622    0.508289    7.755148 v _196_/X (sky130_fd_sc_hd__a221o_1)
                                                         _125_ (net)
                      0.103622    0.000278    7.755426 v _198_/A2 (sky130_fd_sc_hd__o211a_1)
     1    0.004949    0.091269    0.411305    8.166731 v _198_/X (sky130_fd_sc_hd__o211a_1)
                                                         _001_ (net)
                      0.091269    0.000312    8.167043 v _200_/B1 (sky130_fd_sc_hd__a211o_1)
     1    0.003496    0.091828    0.512206    8.679249 v _200_/X (sky130_fd_sc_hd__a211o_1)
                                                         _003_ (net)
                      0.091828    0.000219    8.679468 v _201_/B1 (sky130_fd_sc_hd__a31o_1)
     2    0.004268    0.079466    0.354809    9.034277 v _201_/X (sky130_fd_sc_hd__a31o_1)
                                                         _004_ (net)
                      0.079466    0.000138    9.034414 v _202_/B (sky130_fd_sc_hd__and2_1)
     1    0.001698    0.059478    0.305258    9.339672 v _202_/X (sky130_fd_sc_hd__and2_1)
                                                         net27 (net)
                      0.059478    0.000078    9.339750 v output27/A (sky130_fd_sc_hd__buf_2)
     1    0.034206    0.166004    0.338833    9.678583 v output27/X (sky130_fd_sc_hd__buf_2)
                                                         res[7] (net)
                      0.166020    0.001704    9.680288 v res[7] (out)
                                              9.680288   data arrival time

                      0.000000   25.000000   25.000000   clock clk (rise edge)
                                  0.000000   25.000000   clock network delay (ideal)
                                 -0.250000   24.750000   clock uncertainty
                                  0.000000   24.750000   clock reconvergence pessimism
                                 -5.000000   19.750000   output external delay
                                             19.750000   data required time
---------------------------------------------------------------------------------------------
                                             19.750000   data required time
                                             -9.680288   data arrival time
---------------------------------------------------------------------------------------------
                                             10.069712   slack (MET)


Startpoint: data2[6] (input port clocked by clk)
Endpoint: res[0] (output port clocked by clk)
Path Group: clk
Path Type: max

Fanout         Cap        Slew       Delay        Time   Description
---------------------------------------------------------------------------------------------
                      0.000000    0.000000    0.000000   clock clk (rise edge)
                                  0.000000    0.000000   clock network delay (ideal)
                                  5.000000    5.000000 v input external delay
     1    0.002893    0.018810    0.009567    5.009568 v data2[6] (in)
                                                         data2[6] (net)
                      0.018810    0.000000    5.009568 v input15/A (sky130_fd_sc_hd__clkbuf_1)
     1    0.003476    0.057189    0.143642    5.153210 v input15/X (sky130_fd_sc_hd__clkbuf_1)
                                                         net15 (net)
                      0.057189    0.000196    5.153406 v fanout40/A (sky130_fd_sc_hd__dlymetal6s2s_1)
     6    0.019770    0.208301    0.394373    5.547779 v fanout40/X (sky130_fd_sc_hd__dlymetal6s2s_1)
                                                         net40 (net)
                      0.208301    0.000609    5.548388 v fanout39/A (sky130_fd_sc_hd__clkbuf_2)
    10    0.027877    0.199437    0.370494    5.918882 v fanout39/X (sky130_fd_sc_hd__clkbuf_2)
                                                         net39 (net)
                      0.199437    0.000715    5.919598 v _152_/B (sky130_fd_sc_hd__and2_2)
     9    0.037481    0.205744    0.609217    6.528814 v _152_/X (sky130_fd_sc_hd__and2_2)
                                                         _083_ (net)
                      0.205793    0.003099    6.531913 v _237_/A2 (sky130_fd_sc_hd__a221o_1)
     1    0.002021    0.084126    0.674910    7.206823 v _237_/X (sky130_fd_sc_hd__a221o_1)
                                                         _036_ (net)
                      0.084126    0.000128    7.206951 v _239_/C (sky130_fd_sc_hd__or4_1)
     1    0.002982    0.177905    1.106285    8.313236 v _239_/X (sky130_fd_sc_hd__or4_1)
                                                         _038_ (net)
                      0.177905    0.000205    8.313441 v _240_/C1 (sky130_fd_sc_hd__o211a_1)
     1    0.003297    0.075632    0.252168    8.565610 v _240_/X (sky130_fd_sc_hd__o211a_1)
                                                         _039_ (net)
                      0.075632    0.000230    8.565840 v _244_/A1 (sky130_fd_sc_hd__o32a_1)
     2    0.007769    0.166504    0.699562    9.265402 v _244_/X (sky130_fd_sc_hd__o32a_1)
                                                         net20 (net)
                      0.166504    0.000466    9.265868 v output20/A (sky130_fd_sc_hd__buf_2)
     1    0.034153    0.165801    0.389833    9.655702 v output20/X (sky130_fd_sc_hd__buf_2)
                                                         res[0] (net)
                      0.165816    0.001646    9.657347 v res[0] (out)
                                              9.657347   data arrival time

                      0.000000   25.000000   25.000000   clock clk (rise edge)
                                  0.000000   25.000000   clock network delay (ideal)
                                 -0.250000   24.750000   clock uncertainty
                                  0.000000   24.750000   clock reconvergence pessimism
                                 -5.000000   19.750000   output external delay
                                             19.750000   data required time
---------------------------------------------------------------------------------------------
                                             19.750000   data required time
                                             -9.657347   data arrival time
---------------------------------------------------------------------------------------------
                                             10.092652   slack (MET)


Startpoint: data2[7] (input port clocked by clk)
Endpoint: res[5] (output port clocked by clk)
Path Group: clk
Path Type: max

Fanout         Cap        Slew       Delay        Time   Description
---------------------------------------------------------------------------------------------
                      0.000000    0.000000    0.000000   clock clk (rise edge)
                                  0.000000    0.000000   clock network delay (ideal)
                                  5.000000    5.000000 v input external delay
     1    0.002713    0.018122    0.009002    5.009002 v data2[7] (in)
                                                         data2[7] (net)
                      0.018123    0.000000    5.009002 v input16/A (sky130_fd_sc_hd__clkbuf_1)
     1    0.003636    0.058775    0.144878    5.153881 v input16/X (sky130_fd_sc_hd__clkbuf_1)
                                                         net16 (net)
                      0.058775    0.000222    5.154103 v fanout38/A (sky130_fd_sc_hd__buf_1)
     5    0.015855    0.186966    0.262761    5.416863 v fanout38/X (sky130_fd_sc_hd__buf_1)
                                                         net38 (net)
                      0.186971    0.001201    5.418065 v fanout37/A (sky130_fd_sc_hd__clkbuf_2)
    10    0.031723    0.224576    0.379208    5.797273 v fanout37/X (sky130_fd_sc_hd__clkbuf_2)
                                                         net37 (net)
                      0.224585    0.001657    5.798930 v _151_/C_N (sky130_fd_sc_hd__nor3b_1)
     2    0.009648    0.122665    0.404212    6.203142 v _151_/Y (sky130_fd_sc_hd__nor3b_1)
                                                         _082_ (net)
                      0.122668    0.000620    6.203763 v max_cap33/A (sky130_fd_sc_hd__clkbuf_2)
     6    0.022130    0.161607    0.302578    6.506341 v max_cap33/X (sky130_fd_sc_hd__clkbuf_2)
                                                         net33 (net)
                      0.161607    0.000685    6.507026 v _155_/A2 (sky130_fd_sc_hd__a221o_1)
     1    0.002846    0.092064    0.668966    7.175992 v _155_/X (sky130_fd_sc_hd__a221o_1)
                                                         _086_ (net)
                      0.092064    0.000191    7.176183 v _163_/C1 (sky130_fd_sc_hd__a221o_1)
     1    0.003502    0.099245    0.505660    7.681842 v _163_/X (sky130_fd_sc_hd__a221o_1)
                                                         _094_ (net)
                      0.099245    0.000245    7.682087 v _164_/C1 (sky130_fd_sc_hd__a211o_1)
     1    0.005859    0.113135    0.472781    8.154868 v _164_/X (sky130_fd_sc_hd__a211o_1)
                                                         _095_ (net)
                      0.113135    0.000449    8.155317 v _166_/B1 (sky130_fd_sc_hd__o211a_1)
     1    0.006251    0.101598    0.277637    8.432954 v _166_/X (sky130_fd_sc_hd__o211a_1)
                                                         _097_ (net)
                      0.101598    0.000447    8.433401 v _170_/B1 (sky130_fd_sc_hd__a211o_1)
     2    0.003650    0.093416    0.518395    8.951796 v _170_/X (sky130_fd_sc_hd__a211o_1)
                                                         _101_ (net)
                      0.093416    0.000222    8.952018 v _171_/B (sky130_fd_sc_hd__and2_1)
     1    0.001839    0.060611    0.313682    9.265700 v _171_/X (sky130_fd_sc_hd__and2_1)
                                                         net25 (net)
                      0.060611    0.000131    9.265831 v output25/A (sky130_fd_sc_hd__buf_2)
     1    0.034269    0.166251    0.339552    9.605383 v output25/X (sky130_fd_sc_hd__buf_2)
                                                         res[5] (net)
                      0.166267    0.001707    9.607090 v res[5] (out)
                                              9.607090   data arrival time

                      0.000000   25.000000   25.000000   clock clk (rise edge)
                                  0.000000   25.000000   clock network delay (ideal)
                                 -0.250000   24.750000   clock uncertainty
                                  0.000000   24.750000   clock reconvergence pessimism
                                 -5.000000   19.750000   output external delay
                                             19.750000   data required time
---------------------------------------------------------------------------------------------
                                             19.750000   data required time
                                             -9.607090   data arrival time
---------------------------------------------------------------------------------------------
                                             10.142910   slack (MET)


Startpoint: data1[1] (input port clocked by clk)
Endpoint: res[6] (output port clocked by clk)
Path Group: clk
Path Type: max

Fanout         Cap        Slew       Delay        Time   Description
---------------------------------------------------------------------------------------------
                      0.000000    0.000000    0.000000   clock clk (rise edge)
                                  0.000000    0.000000   clock network delay (ideal)
                                  5.000000    5.000000 v input external delay
     1    0.003191    0.019961    0.010513    5.010513 v data1[1] (in)
                                                         data1[1] (net)
                      0.019962    0.000000    5.010513 v input2/A (sky130_fd_sc_hd__clkbuf_1)
     2    0.008500    0.109121    0.186266    5.196779 v input2/X (sky130_fd_sc_hd__clkbuf_1)
                                                         net2 (net)
                      0.109121    0.000429    5.197208 v fanout36/A (sky130_fd_sc_hd__buf_2)
    10    0.035551    0.171402    0.366263    5.563471 v fanout36/X (sky130_fd_sc_hd__buf_2)
                                                         net36 (net)
                      0.171416    0.001695    5.565166 v _141_/A (sky130_fd_sc_hd__or2_1)
     4    0.012385    0.182118    0.638524    6.203691 v _141_/X (sky130_fd_sc_hd__or2_1)
                                                         _072_ (net)
                      0.182118    0.000619    6.204309 v _142_/A3 (sky130_fd_sc_hd__a31o_1)
     3    0.010064    0.126223    0.497935    6.702244 v _142_/X (sky130_fd_sc_hd__a31o_1)
                                                         _073_ (net)
                      0.126224    0.000616    6.702860 v _144_/A1 (sky130_fd_sc_hd__a21bo_1)
     3    0.010384    0.122621    0.390508    7.093368 v _144_/X (sky130_fd_sc_hd__a21bo_1)
                                                         _075_ (net)
                      0.122623    0.000680    7.094048 v _145_/A2 (sky130_fd_sc_hd__a21o_1)
     4    0.012219    0.134957    0.412687    7.506734 v _145_/X (sky130_fd_sc_hd__a21o_1)
                                                         _076_ (net)
                      0.134958    0.000606    7.507340 v _175_/A2 (sky130_fd_sc_hd__a211o_1)
     2    0.005891    0.113263    0.597975    8.105315 v _175_/X (sky130_fd_sc_hd__a211o_1)
                                                         _105_ (net)
                      0.113263    0.000393    8.105708 v _176_/A2 (sky130_fd_sc_hd__a21o_1)
     1    0.002879    0.060442    0.332035    8.437743 v _176_/X (sky130_fd_sc_hd__a21o_1)
                                                         _106_ (net)
                      0.060442    0.000211    8.437955 v _187_/A2 (sky130_fd_sc_hd__a31o_1)
     1    0.002972    0.067299    0.360823    8.798778 v _187_/X (sky130_fd_sc_hd__a31o_1)
                                                         _117_ (net)
                      0.067299    0.000203    8.798981 v _188_/B2 (sky130_fd_sc_hd__o22a_1)
     2    0.003890    0.095926    0.321495    9.120476 v _188_/X (sky130_fd_sc_hd__o22a_1)
                                                         net26 (net)
                      0.095926    0.000189    9.120665 v output26/A (sky130_fd_sc_hd__buf_2)
     1    0.034456    0.166938    0.356686    9.477351 v output26/X (sky130_fd_sc_hd__buf_2)
                                                         res[6] (net)
                      0.166955    0.001774    9.479124 v res[6] (out)
                                              9.479124   data arrival time

                      0.000000   25.000000   25.000000   clock clk (rise edge)
                                  0.000000   25.000000   clock network delay (ideal)
                                 -0.250000   24.750000   clock uncertainty
                                  0.000000   24.750000   clock reconvergence pessimism
                                 -5.000000   19.750000   output external delay
                                             19.750000   data required time
---------------------------------------------------------------------------------------------
                                             19.750000   data required time
                                             -9.479124   data arrival time
---------------------------------------------------------------------------------------------
                                             10.270875   slack (MET)


Startpoint: data2[5] (input port clocked by clk)
Endpoint: res[3] (output port clocked by clk)
Path Group: clk
Path Type: max

Fanout         Cap        Slew       Delay        Time   Description
---------------------------------------------------------------------------------------------
                      0.000000    0.000000    0.000000   clock clk (rise edge)
                                  0.000000    0.000000   clock network delay (ideal)
                                  5.000000    5.000000 ^ input external delay
     1    0.002688    0.031509    0.015244    5.015244 ^ data2[5] (in)
                                                         data2[5] (net)
                      0.031509    0.000000    5.015244 ^ input14/A (sky130_fd_sc_hd__clkbuf_1)
     1    0.006025    0.129317    0.175270    5.190515 ^ input14/X (sky130_fd_sc_hd__clkbuf_1)
                                                         net14 (net)
                      0.129317    0.000437    5.190952 ^ fanout42/A (sky130_fd_sc_hd__buf_1)
     5    0.015042    0.293137    0.334787    5.525739 ^ fanout42/X (sky130_fd_sc_hd__buf_1)
                                                         net42 (net)
                      0.293224    0.001133    5.526872 ^ fanout41/A (sky130_fd_sc_hd__clkbuf_2)
    10    0.030617    0.265846    0.428832    5.955703 ^ fanout41/X (sky130_fd_sc_hd__clkbuf_2)
                                                         net41 (net)
                      0.265861    0.002276    5.957980 ^ _179_/A_N (sky130_fd_sc_hd__and3b_2)
     7    0.030106    0.182944    0.624645    6.582625 v _179_/X (sky130_fd_sc_hd__and3b_2)
                                                         _109_ (net)
                      0.182966    0.002146    6.584771 v _227_/B1 (sky130_fd_sc_hd__a22o_1)
     1    0.003444    0.077007    0.376084    6.960855 v _227_/X (sky130_fd_sc_hd__a22o_1)
                                                         _027_ (net)
                      0.077007    0.000218    6.961074 v _228_/C1 (sky130_fd_sc_hd__a221o_1)
     1    0.003004    0.093780    0.492859    7.453933 v _228_/X (sky130_fd_sc_hd__a221o_1)
                                                         _028_ (net)
                      0.093780    0.000222    7.454155 v _230_/B1 (sky130_fd_sc_hd__a211o_1)
     1    0.006286    0.116625    0.545434    7.999589 v _230_/X (sky130_fd_sc_hd__a211o_1)
                                                         _030_ (net)
                      0.116625    0.000472    8.000060 v _231_/C1 (sky130_fd_sc_hd__o211a_1)
     1    0.004111    0.083492    0.232233    8.232293 v _231_/X (sky130_fd_sc_hd__o211a_1)
                                                         _031_ (net)
                      0.083492    0.000268    8.232561 v _234_/A2 (sky130_fd_sc_hd__o32a_1)
     2    0.006458    0.153055    0.656988    8.889550 v _234_/X (sky130_fd_sc_hd__o32a_1)
                                                         net23 (net)
                      0.153055    0.000358    8.889908 v output23/A (sky130_fd_sc_hd__buf_2)
     1    0.034444    0.166939    0.384277    9.274184 v output23/X (sky130_fd_sc_hd__buf_2)
                                                         res[3] (net)
                      0.166954    0.001661    9.275846 v res[3] (out)
                                              9.275846   data arrival time

                      0.000000   25.000000   25.000000   clock clk (rise edge)
                                  0.000000   25.000000   clock network delay (ideal)
                                 -0.250000   24.750000   clock uncertainty
                                  0.000000   24.750000   clock reconvergence pessimism
                                 -5.000000   19.750000   output external delay
                                             19.750000   data required time
---------------------------------------------------------------------------------------------
                                             19.750000   data required time
                                             -9.275846   data arrival time
---------------------------------------------------------------------------------------------
                                             10.474154   slack (MET)


Startpoint: data2[7] (input port clocked by clk)
Endpoint: res[4] (output port clocked by clk)
Path Group: clk
Path Type: max

Fanout         Cap        Slew       Delay        Time   Description
---------------------------------------------------------------------------------------------
                      0.000000    0.000000    0.000000   clock clk (rise edge)
                                  0.000000    0.000000   clock network delay (ideal)
                                  5.000000    5.000000 ^ input external delay
     1    0.002842    0.032523    0.016057    5.016057 ^ data2[7] (in)
                                                         data2[7] (net)
                      0.032524    0.000000    5.016057 ^ input16/A (sky130_fd_sc_hd__clkbuf_1)
     1    0.003765    0.089112    0.146398    5.162455 ^ input16/X (sky130_fd_sc_hd__clkbuf_1)
                                                         net16 (net)
                      0.089112    0.000234    5.162689 ^ fanout38/A (sky130_fd_sc_hd__buf_1)
     5    0.016681    0.323712    0.339577    5.502266 ^ fanout38/X (sky130_fd_sc_hd__buf_1)
                                                         net38 (net)
                      0.323719    0.001265    5.503531 ^ fanout37/A (sky130_fd_sc_hd__clkbuf_2)
    10    0.033374    0.288229    0.456439    5.959970 ^ fanout37/X (sky130_fd_sc_hd__clkbuf_2)
                                                         net37 (net)
                      0.288235    0.001770    5.961740 ^ _180_/B (sky130_fd_sc_hd__nor3b_1)
     4    0.015363    0.163796    0.253158    6.214899 v _180_/Y (sky130_fd_sc_hd__nor3b_1)
                                                         _110_ (net)
                      0.163799    0.000991    6.215889 v max_cap29/A (sky130_fd_sc_hd__clkbuf_2)
     4    0.014728    0.115906    0.284601    6.500491 v max_cap29/X (sky130_fd_sc_hd__clkbuf_2)
                                                         net29 (net)
                      0.115916    0.001112    6.501603 v _217_/B1 (sky130_fd_sc_hd__a22o_1)
     1    0.003501    0.077509    0.350852    6.852454 v _217_/X (sky130_fd_sc_hd__a22o_1)
                                                         _018_ (net)
                      0.077509    0.000222    6.852677 v _218_/C1 (sky130_fd_sc_hd__a221o_1)
     1    0.004483    0.110573    0.515333    7.368010 v _218_/X (sky130_fd_sc_hd__a221o_1)
                                                         _019_ (net)
                      0.110573    0.000281    7.368290 v _219_/C1 (sky130_fd_sc_hd__a211o_1)
     1    0.002801    0.084917    0.438881    7.807171 v _219_/X (sky130_fd_sc_hd__a211o_1)
                                                         _020_ (net)
                      0.084917    0.000196    7.807367 v _220_/C1 (sky130_fd_sc_hd__o211a_1)
     1    0.003957    0.082015    0.215643    8.023010 v _220_/X (sky130_fd_sc_hd__o211a_1)
                                                         _021_ (net)
                      0.082015    0.000247    8.023257 v _223_/A2 (sky130_fd_sc_hd__o32a_1)
     2    0.007199    0.160529    0.666024    8.689281 v _223_/X (sky130_fd_sc_hd__o32a_1)
                                                         net24 (net)
                      0.160529    0.000453    8.689734 v output24/A (sky130_fd_sc_hd__buf_2)
     1    0.034177    0.165891    0.387030    9.076763 v output24/X (sky130_fd_sc_hd__buf_2)
                                                         res[4] (net)
                      0.165906    0.001650    9.078414 v res[4] (out)
                                              9.078414   data arrival time

                      0.000000   25.000000   25.000000   clock clk (rise edge)
                                  0.000000   25.000000   clock network delay (ideal)
                                 -0.250000   24.750000   clock uncertainty
                                  0.000000   24.750000   clock reconvergence pessimism
                                 -5.000000   19.750000   output external delay
                                             19.750000   data required time
---------------------------------------------------------------------------------------------
                                             19.750000   data required time
                                             -9.078414   data arrival time
---------------------------------------------------------------------------------------------
                                             10.671586   slack (MET)


Startpoint: data2[6] (input port clocked by clk)
Endpoint: res[2] (output port clocked by clk)
Path Group: clk
Path Type: max

Fanout         Cap        Slew       Delay        Time   Description
---------------------------------------------------------------------------------------------
                      0.000000    0.000000    0.000000   clock clk (rise edge)
                                  0.000000    0.000000   clock network delay (ideal)
                                  5.000000    5.000000 v input external delay
     1    0.002893    0.018810    0.009567    5.009568 v data2[6] (in)
                                                         data2[6] (net)
                      0.018810    0.000000    5.009568 v input15/A (sky130_fd_sc_hd__clkbuf_1)
     1    0.003476    0.057189    0.143642    5.153210 v input15/X (sky130_fd_sc_hd__clkbuf_1)
                                                         net15 (net)
                      0.057189    0.000196    5.153406 v fanout40/A (sky130_fd_sc_hd__dlymetal6s2s_1)
     6    0.019770    0.208301    0.394373    5.547779 v fanout40/X (sky130_fd_sc_hd__dlymetal6s2s_1)
                                                         net40 (net)
                      0.208301    0.000609    5.548388 v fanout39/A (sky130_fd_sc_hd__clkbuf_2)
    10    0.027877    0.199437    0.370494    5.918882 v fanout39/X (sky130_fd_sc_hd__clkbuf_2)
                                                         net39 (net)
                      0.199437    0.000715    5.919598 v _152_/B (sky130_fd_sc_hd__and2_2)
     9    0.037481    0.205744    0.609217    6.528814 v _152_/X (sky130_fd_sc_hd__and2_2)
                                                         _083_ (net)
                      0.205793    0.003093    6.531907 v _248_/A2 (sky130_fd_sc_hd__a221o_1)
     1    0.002789    0.091492    0.686735    7.218642 v _248_/X (sky130_fd_sc_hd__a221o_1)
                                                         _046_ (net)
                      0.091492    0.000200    7.218842 v _249_/B1 (sky130_fd_sc_hd__a21o_1)
     1    0.003031    0.061642    0.284867    7.503709 v _249_/X (sky130_fd_sc_hd__a21o_1)
                                                         _047_ (net)
                      0.061642    0.000204    7.503913 v _253_/A1 (sky130_fd_sc_hd__o21a_1)
     1    0.005801    0.091443    0.359869    7.863782 v _253_/X (sky130_fd_sc_hd__o21a_1)
                                                         _051_ (net)
                      0.091444    0.000423    7.864204 v _256_/A2 (sky130_fd_sc_hd__o32a_1)
     2    0.005763    0.146378    0.651156    8.515360 v _256_/X (sky130_fd_sc_hd__o32a_1)
                                                         net22 (net)
                      0.146378    0.000332    8.515693 v output22/A (sky130_fd_sc_hd__buf_2)
     1    0.034402    0.166760    0.380935    8.896627 v output22/X (sky130_fd_sc_hd__buf_2)
                                                         res[2] (net)
                      0.166775    0.001644    8.898272 v res[2] (out)
                                              8.898272   data arrival time

                      0.000000   25.000000   25.000000   clock clk (rise edge)
                                  0.000000   25.000000   clock network delay (ideal)
                                 -0.250000   24.750000   clock uncertainty
                                  0.000000   24.750000   clock reconvergence pessimism
                                 -5.000000   19.750000   output external delay
                                             19.750000   data required time
---------------------------------------------------------------------------------------------
                                             19.750000   data required time
                                             -8.898272   data arrival time
---------------------------------------------------------------------------------------------
                                             10.851727   slack (MET)



%OL_END_REPORT
%OL_CREATE_REPORT checks.rpt

===========================================================================
report_checks -unconstrained
===========================================================================
======================= max_ss_100C_1v60 Corner ===================================

Startpoint: data2[6] (input port clocked by clk)
Endpoint: z (output port clocked by clk)
Path Group: clk
Path Type: max

Fanout         Cap        Slew       Delay        Time   Description
---------------------------------------------------------------------------------------------
                      0.000000    0.000000    0.000000   clock clk (rise edge)
                                  0.000000    0.000000   clock network delay (ideal)
                                  5.000000    5.000000 v input external delay
     1    0.002893    0.018810    0.009567    5.009568 v data2[6] (in)
                                                         data2[6] (net)
                      0.018810    0.000000    5.009568 v input15/A (sky130_fd_sc_hd__clkbuf_1)
     1    0.003476    0.057189    0.143642    5.153210 v input15/X (sky130_fd_sc_hd__clkbuf_1)
                                                         net15 (net)
                      0.057189    0.000196    5.153406 v fanout40/A (sky130_fd_sc_hd__dlymetal6s2s_1)
     6    0.019770    0.208301    0.394373    5.547779 v fanout40/X (sky130_fd_sc_hd__dlymetal6s2s_1)
                                                         net40 (net)
                      0.208301    0.000609    5.548388 v fanout39/A (sky130_fd_sc_hd__clkbuf_2)
    10    0.027877    0.199437    0.370494    5.918882 v fanout39/X (sky130_fd_sc_hd__clkbuf_2)
                                                         net39 (net)
                      0.199437    0.000715    5.919598 v _152_/B (sky130_fd_sc_hd__and2_2)
     9    0.037481    0.205744    0.609217    6.528814 v _152_/X (sky130_fd_sc_hd__and2_2)
                                                         _083_ (net)
                      0.205787    0.002945    6.531759 v _205_/A2 (sky130_fd_sc_hd__a221o_1)
     1    0.001678    0.080834    0.669611    7.201370 v _205_/X (sky130_fd_sc_hd__a221o_1)
                                                         _007_ (net)
                      0.080834    0.000117    7.201487 v _207_/C (sky130_fd_sc_hd__or4_1)
     1    0.005055    0.207141    1.154159    8.355645 v _207_/X (sky130_fd_sc_hd__or4_1)
                                                         _009_ (net)
                      0.207141    0.000389    8.356034 v _208_/C1 (sky130_fd_sc_hd__o211a_1)
     1    0.003082    0.073557    0.263594    8.619629 v _208_/X (sky130_fd_sc_hd__o211a_1)
                                                         _010_ (net)
                      0.073557    0.000210    8.619839 v _213_/A1 (sky130_fd_sc_hd__o32a_1)
     2    0.006078    0.149379    0.676763    9.296601 v _213_/X (sky130_fd_sc_hd__o32a_1)
                                                         net21 (net)
                      0.149379    0.000408    9.297009 v _257_/A1 (sky130_fd_sc_hd__o21ba_1)
     1    0.002791    0.063722    0.361664    9.658673 v _257_/X (sky130_fd_sc_hd__o21ba_1)
                                                         _054_ (net)
                      0.063722    0.000127    9.658800 v _258_/B (sky130_fd_sc_hd__nor2_1)
     1    0.004623    0.178036    0.176878    9.835678 ^ _258_/Y (sky130_fd_sc_hd__nor2_1)
                                                         _055_ (net)
                      0.178036    0.000204    9.835882 ^ _259_/B2 (sky130_fd_sc_hd__o2bb2a_1)
     1    0.002656    0.078184    0.287123   10.123006 ^ _259_/X (sky130_fd_sc_hd__o2bb2a_1)
                                                         _056_ (net)
                      0.078184    0.000166   10.123172 ^ _260_/B1 (sky130_fd_sc_hd__o2bb2a_1)
     1    0.002209    0.072664    0.262276   10.385448 ^ _260_/X (sky130_fd_sc_hd__o2bb2a_1)
                                                         net28 (net)
                      0.072664    0.000151   10.385598 ^ output28/A (sky130_fd_sc_hd__buf_2)
     1    0.034246    0.272192    0.343867   10.729465 ^ output28/X (sky130_fd_sc_hd__buf_2)
                                                         z (net)
                      0.272198    0.001716   10.731181 ^ z (out)
                                             10.731181   data arrival time

                      0.000000   25.000000   25.000000   clock clk (rise edge)
                                  0.000000   25.000000   clock network delay (ideal)
                                 -0.250000   24.750000   clock uncertainty
                                  0.000000   24.750000   clock reconvergence pessimism
                                 -5.000000   19.750000   output external delay
                                             19.750000   data required time
---------------------------------------------------------------------------------------------
                                             19.750000   data required time
                                            -10.731181   data arrival time
---------------------------------------------------------------------------------------------
                                              9.018818   slack (MET)




===========================================================================
report_checks --slack_max -0.01
============================================================================
======================= max_ss_100C_1v60 Corner ===================================

No paths found.


===========================================================================
 report_check_types -max_slew -max_cap -max_fanout -violators
============================================================================
======================= max_ss_100C_1v60 Corner ===================================

max slew

Pin                                        Limit        Slew       Slack
------------------------------------------------------------------------
_238_/B1                                0.750000    0.901524   -0.151524 (VIOLATED)
_204_/B                                 0.750000    0.901523   -0.151524 (VIOLATED)
_228_/B1                                0.750000    0.901523   -0.151524 (VIOLATED)
max_cap29/A                             0.750000    0.901523   -0.151523 (VIOLATED)
_180_/Y                                 0.750000    0.901521   -0.151521 (VIOLATED)



===========================================================================
report_parasitic_annotation -report_unannotated
============================================================================
Found 0 unannotated drivers.
Found 0 partially unannotated drivers.

===========================================================================
max slew violation count 5
%OL_METRIC_I design__max_slew_violation__count__corner:max_ss_100C_1v60 5
max fanout violation count 0
%OL_METRIC_I design__max_fanout_violation__count__corner:max_ss_100C_1v60 0
max cap violation count 0
%OL_METRIC_I design__max_cap_violation__count__corner:max_ss_100C_1v60 0
============================================================================

===========================================================================
check_setup -verbose -unconstrained_endpoints -multiple_clock -no_clock -no_input_delay -loops -generated_clocks
===========================================================================
%OL_END_REPORT
%OL_CREATE_REPORT power.rpt

===========================================================================
 report_power
============================================================================
======================= max_ss_100C_1v60 Corner ===================================

Group                    Internal    Switching      Leakage        Total
                            Power        Power        Power        Power (Watts)
------------------------------------------------------------------------
Sequential           0.000000e+00 0.000000e+00 0.000000e+00 0.000000e+00   0.0%
Combinational        1.060039e-05 1.395900e-05 8.507755e-07 2.541017e-05 100.0%
Clock                0.000000e+00 0.000000e+00 7.764658e-10 7.764658e-10   0.0%
Macro                0.000000e+00 0.000000e+00 0.000000e+00 0.000000e+00   0.0%
Pad                  0.000000e+00 0.000000e+00 0.000000e+00 0.000000e+00   0.0%
------------------------------------------------------------------------
Total                1.060039e-05 1.395900e-05 8.515520e-07 2.541095e-05 100.0%
                            41.7%        54.9%         3.4%
%OL_METRIC_F power__internal__total 1.0600393579807132e-5
%OL_METRIC_F power__switching__total 1.3959001989860553e-5
%OL_METRIC_F power__leakage__total 8.515519880347711e-7
%OL_METRIC_F power__total 2.5410947273485363e-5

%OL_END_REPORT
%OL_CREATE_REPORT skew.min.rpt

===========================================================================
Clock Skew (Hold)
============================================================================
%OL_METRIC_F clock__skew__worst_hold__corner:max_ss_100C_1v60 0.0
======================= max_ss_100C_1v60 Corner ===================================

Clock clk
No launch/capture paths found.

%OL_END_REPORT
%OL_CREATE_REPORT skew.max.rpt

===========================================================================
Clock Skew (Setup)
============================================================================
%OL_METRIC_F clock__skew__worst_setup__corner:max_ss_100C_1v60 0.0
======================= max_ss_100C_1v60 Corner ===================================

Clock clk
No launch/capture paths found.

%OL_END_REPORT
%OL_CREATE_REPORT ws.min.rpt

===========================================================================
Worst Slack (Hold)
============================================================================
%OL_METRIC_F timing__hold__ws__corner:max_ss_100C_1v60 10.673001451394601
max_ss_100C_1v60: 10.673001451394601
%OL_END_REPORT
%OL_CREATE_REPORT ws.max.rpt

===========================================================================
Worst Slack (Setup)
============================================================================
%OL_METRIC_F timing__setup__ws__corner:max_ss_100C_1v60 9.018817947732696
max_ss_100C_1v60: 9.018817947732696
%OL_END_REPORT
%OL_CREATE_REPORT tns.min.rpt

===========================================================================
Total Negative Slack (Hold)
============================================================================
%OL_METRIC_F timing__hold__tns__corner:max_ss_100C_1v60 0.0
max_ss_100C_1v60: 0.0
%OL_END_REPORT
%OL_CREATE_REPORT tns.max.rpt

===========================================================================
Total Negative Slack (Setup)
============================================================================
%OL_METRIC_F timing__setup__tns__corner:max_ss_100C_1v60 0.0
max_ss_100C_1v60: 0.0
%OL_END_REPORT
%OL_CREATE_REPORT wns.min.rpt

===========================================================================
Worst Negative Slack (Hold)
============================================================================
%OL_METRIC_F timing__hold__wns__corner:max_ss_100C_1v60 0
max_ss_100C_1v60: 0
%OL_END_REPORT
%OL_CREATE_REPORT wns.max.rpt

===========================================================================
Worst Negative Slack (Setup)
============================================================================
%OL_METRIC_F timing__setup__wns__corner:max_ss_100C_1v60 0.0
max_ss_100C_1v60: 0.0
%OL_END_REPORT
%OL_CREATE_REPORT violator_list.rpt

===========================================================================
Violator List
============================================================================
%OL_METRIC_I timing__hold_vio__count__corner:max_ss_100C_1v60 0
%OL_METRIC_F timing__hold_r2r__ws__corner:max_ss_100C_1v60 inf
%OL_METRIC_I timing__hold_r2r_vio__count__corner:max_ss_100C_1v60 0
%OL_METRIC_I timing__setup_vio__count__corner:max_ss_100C_1v60 0
%OL_METRIC_F timing__setup_r2r__ws__corner:max_ss_100C_1v60 inf
%OL_METRIC_I timing__setup_r2r_vio__count__corner:max_ss_100C_1v60 0
%OL_END_REPORT
%OL_CREATE_REPORT unpropagated.rpt
clk
%OL_END_REPORT
%OL_CREATE_REPORT clock.rpt
Clock: clk
Sources: 
Generated: no
Virtual: yes
Propagated: no
Period: 25.000000

===========================================================================
report_clock_properties
============================================================================
Clock                   Period          Waveform
----------------------------------------------------
clk                  25.000000    0.000000 12.500000

===========================================================================
report_clock_latency
============================================================================
Clock clk


===========================================================================
report_clock_min_period
============================================================================
clk period_min = 0.00 fmax = inf
%OL_END_REPORT
Writing SDF files for all corners…
Removing Clock latencies before writing libs…
Writing timing models for all corners…
Writing timing models for the max_ss_100C_1v60 corner to /foss/designs/ece429-tt-design-project/src/runs/RUN_2026-05-16_00-53-55/54-openroad-stapostpnr/max_ss_100C_1v60/alu__max_ss_100C_1v60.lib…
