
===========================================================================
report_checks -unconstrained
===========================================================================
======================= nom_tt_025C_1v80 Corner ===================================

Startpoint: data2[6] (input port clocked by clk)
Endpoint: z (output port clocked by clk)
Path Group: clk
Path Type: max

Fanout         Cap        Slew       Delay        Time   Description
---------------------------------------------------------------------------------------------
                      0.000000    0.000000    0.000000   clock clk (rise edge)
                                  0.000000    0.000000   clock network delay (ideal)
                                  5.000000    5.000000 ^ input external delay
    15    0.046299    0.212445    0.147290    5.147290 ^ data2[6] (in)
                                                         data2[6] (net)
                      0.212447    0.000000    5.147290 ^ _156_/A_N (sky130_fd_sc_hd__and3b_2)
     7    0.018400    0.072221    0.277966    5.425256 v _156_/X (sky130_fd_sc_hd__and3b_2)
                                                         _087_ (net)
                      0.072221    0.000050    5.425306 v _237_/B1 (sky130_fd_sc_hd__a221o_2)
     1    0.001642    0.048205    0.325363    5.750669 v _237_/X (sky130_fd_sc_hd__a221o_2)
                                                         _036_ (net)
                      0.048205    0.000002    5.750671 v _239_/C (sky130_fd_sc_hd__or4_2)
     1    0.003163    0.101214    0.602974    6.353645 v _239_/X (sky130_fd_sc_hd__or4_2)
                                                         _038_ (net)
                      0.101214    0.000012    6.353657 v _240_/C1 (sky130_fd_sc_hd__o211a_2)
     1    0.003165    0.041248    0.137467    6.491124 v _240_/X (sky130_fd_sc_hd__o211a_2)
                                                         _039_ (net)
                      0.041248    0.000014    6.491138 v _244_/A1 (sky130_fd_sc_hd__o32a_2)
     2    0.037648    0.128793    0.482774    6.973913 v _244_/X (sky130_fd_sc_hd__o32a_2)
                                                         res[0] (net)
                      0.128793    0.000058    6.973971 v _257_/A2 (sky130_fd_sc_hd__o21ba_2)
     1    0.004663    0.039220    0.230018    7.203989 v _257_/X (sky130_fd_sc_hd__o21ba_2)
                                                         _054_ (net)
                      0.039220    0.000011    7.204000 v _258_/B (sky130_fd_sc_hd__nor2_2)
     1    0.003799    0.073382    0.074788    7.278788 ^ _258_/Y (sky130_fd_sc_hd__nor2_2)
                                                         _055_ (net)
                      0.073382    0.000022    7.278810 ^ _259_/B2 (sky130_fd_sc_hd__o2bb2a_2)
     1    0.002483    0.038127    0.149348    7.428157 ^ _259_/X (sky130_fd_sc_hd__o2bb2a_2)
                                                         _056_ (net)
                      0.038127    0.000010    7.428167 ^ _260_/B1 (sky130_fd_sc_hd__o2bb2a_2)
     1    0.034098    0.187437    0.281741    7.709908 ^ _260_/X (sky130_fd_sc_hd__o2bb2a_2)
                                                         z (net)
                      0.187437    0.000100    7.710008 ^ z (out)
                                              7.710008   data arrival time

                      0.000000   25.000000   25.000000   clock clk (rise edge)
                                  0.000000   25.000000   clock network delay (ideal)
                                 -0.250000   24.750000   clock uncertainty
                                  0.000000   24.750000   clock reconvergence pessimism
                                 -5.000000   19.750000   output external delay
                                             19.750000   data required time
---------------------------------------------------------------------------------------------
                                             19.750000   data required time
                                             -7.710008   data arrival time
---------------------------------------------------------------------------------------------
                                             12.039991   slack (MET)




===========================================================================
report_checks --slack_max -0.01
============================================================================
======================= nom_tt_025C_1v80 Corner ===================================

No paths found.


===========================================================================
 report_check_types -max_slew -max_cap -max_fanout -violators
============================================================================
======================= nom_tt_025C_1v80 Corner ===================================

max fanout

Pin                                   Limit Fanout  Slack
---------------------------------------------------------
data2[6]                                 10     15     -5 (VIOLATED)
data1[0]                                 10     14     -4 (VIOLATED)
data2[5]                                 10     14     -4 (VIOLATED)
data2[7]                                 10     14     -4 (VIOLATED)
data1[1]                                 10     11        (VIOLATED)
data1[2]                                 10     11        (VIOLATED)
data1[6]                                 10     11        (VIOLATED)
_167_/X                                  10     11        (VIOLATED)



===========================================================================
report_parasitic_annotation -report_unannotated
============================================================================
Found 0 unannotated drivers.
Found 0 partially unannotated drivers.

===========================================================================
max slew violation count 0
Writing metric design__max_slew_violation__count__corner:nom_tt_025C_1v80: 0
max fanout violation count 8
Writing metric design__max_fanout_violation__count__corner:nom_tt_025C_1v80: 8
max cap violation count 0
Writing metric design__max_cap_violation__count__corner:nom_tt_025C_1v80: 0
============================================================================

===========================================================================
check_setup -verbose -unconstrained_endpoints -multiple_clock -no_clock -no_input_delay -loops -generated_clocks
===========================================================================
