
===========================================================================
report_checks -unconstrained
===========================================================================
======================= min_tt_025C_1v80 Corner ===================================

Startpoint: data2[6] (input port clocked by clk)
Endpoint: z (output port clocked by clk)
Path Group: clk
Path Type: max

Fanout         Cap        Slew       Delay        Time   Description
---------------------------------------------------------------------------------------------
                      0.000000    0.000000    0.000000   clock clk (rise edge)
                                  0.000000    0.000000   clock network delay (ideal)
                                  5.000000    5.000000 v input external delay
     1    0.002796    0.008623    0.004415    5.004415 v data2[6] (in)
                                                         data2[6] (net)
                      0.008623    0.000000    5.004415 v input15/A (sky130_fd_sc_hd__clkbuf_1)
     1    0.003185    0.028447    0.074318    5.078733 v input15/X (sky130_fd_sc_hd__clkbuf_1)
                                                         net15 (net)
                      0.028447    0.000040    5.078773 v fanout40/A (sky130_fd_sc_hd__dlymetal6s2s_1)
     6    0.018177    0.101701    0.186049    5.264822 v fanout40/X (sky130_fd_sc_hd__dlymetal6s2s_1)
                                                         net40 (net)
                      0.101701    0.000105    5.264927 v fanout39/A (sky130_fd_sc_hd__clkbuf_2)
    10    0.026054    0.103260    0.191261    5.456188 v fanout39/X (sky130_fd_sc_hd__clkbuf_2)
                                                         net39 (net)
                      0.103260    0.000074    5.456262 v _152_/B (sky130_fd_sc_hd__and2_2)
     9    0.034019    0.103612    0.287543    5.743805 v _152_/X (sky130_fd_sc_hd__and2_2)
                                                         _083_ (net)
                      0.103615    0.000707    5.744513 v _205_/A2 (sky130_fd_sc_hd__a221o_1)
     1    0.001656    0.045644    0.348952    6.093464 v _205_/X (sky130_fd_sc_hd__a221o_1)
                                                         _007_ (net)
                      0.045644    0.000014    6.093478 v _207_/C (sky130_fd_sc_hd__or4_1)
     1    0.004410    0.093750    0.478073    6.571551 v _207_/X (sky130_fd_sc_hd__or4_1)
                                                         _009_ (net)
                      0.093750    0.000068    6.571620 v _208_/C1 (sky130_fd_sc_hd__o211a_1)
     1    0.002858    0.038861    0.125545    6.697165 v _208_/X (sky130_fd_sc_hd__o211a_1)
                                                         _010_ (net)
                      0.038861    0.000030    6.697194 v _213_/A1 (sky130_fd_sc_hd__o32a_1)
     2    0.005660    0.064783    0.353460    7.050654 v _213_/X (sky130_fd_sc_hd__o32a_1)
                                                         net21 (net)
                      0.064783    0.000068    7.050723 v _257_/A1 (sky130_fd_sc_hd__o21ba_1)
     1    0.002648    0.034428    0.183127    7.233850 v _257_/X (sky130_fd_sc_hd__o21ba_1)
                                                         _054_ (net)
                      0.034428    0.000015    7.233865 v _258_/B (sky130_fd_sc_hd__nor2_1)
     1    0.004192    0.098221    0.095088    7.328953 ^ _258_/Y (sky130_fd_sc_hd__nor2_1)
                                                         _055_ (net)
                      0.098221    0.000066    7.329019 ^ _259_/B2 (sky130_fd_sc_hd__o2bb2a_1)
     1    0.002493    0.044518    0.137974    7.466992 ^ _259_/X (sky130_fd_sc_hd__o2bb2a_1)
                                                         _056_ (net)
                      0.044518    0.000029    7.467022 ^ _260_/B1 (sky130_fd_sc_hd__o2bb2a_1)
     1    0.002174    0.041930    0.130444    7.597466 ^ _260_/X (sky130_fd_sc_hd__o2bb2a_1)
                                                         net28 (net)
                      0.041930    0.000020    7.597486 ^ output28/A (sky130_fd_sc_hd__buf_2)
     1    0.034136    0.169497    0.196644    7.794129 ^ output28/X (sky130_fd_sc_hd__buf_2)
                                                         z (net)
                      0.169497    0.000251    7.794381 ^ z (out)
                                              7.794381   data arrival time

                      0.000000   25.000000   25.000000   clock clk (rise edge)
                                  0.000000   25.000000   clock network delay (ideal)
                                 -0.250000   24.750000   clock uncertainty
                                  0.000000   24.750000   clock reconvergence pessimism
                                 -5.000000   19.750000   output external delay
                                             19.750000   data required time
---------------------------------------------------------------------------------------------
                                             19.750000   data required time
                                             -7.794381   data arrival time
---------------------------------------------------------------------------------------------
                                             11.955619   slack (MET)




===========================================================================
report_checks --slack_max -0.01
============================================================================
======================= min_tt_025C_1v80 Corner ===================================

No paths found.


===========================================================================
 report_check_types -max_slew -max_cap -max_fanout -violators
============================================================================
======================= min_tt_025C_1v80 Corner ===================================



===========================================================================
report_parasitic_annotation -report_unannotated
============================================================================
Found 0 unannotated drivers.
Found 0 partially unannotated drivers.

===========================================================================
max slew violation count 0
max fanout violation count 0
max cap violation count 0
============================================================================

===========================================================================
check_setup -verbose -unconstrained_endpoints -multiple_clock -no_clock -no_input_delay -loops -generated_clocks
===========================================================================
