Reading OpenROAD database at '/foss/designs/ece429-tt-design-project/src/runs/RUN_2026-05-16_00-53-55/24-openroad-ioplacement/alu.odb'…
Reading library file at '/foss/pdks/sky130A/libs.ref/sky130_fd_sc_hd/lib/sky130_fd_sc_hd__tt_025C_1v80.lib'…
Reading design constraints file at '/usr/local/lib/python3.12/dist-packages/librelane/scripts/base.sdc'…
[WARNING STA-0366] port 'clk' not found.
[INFO] Using clock clk…
[INFO] Setting output delay to: 5
[INFO] Setting input delay to: 5
[WARNING STA-0366] port 'clk' not found.
[INFO] Setting load to: 0.033442
[INFO] Setting clock uncertainty to: 0.25
[INFO] Setting clock transition to: 0.1499999999999999944488848768742172978818416595458984375
[WARNING STA-0419] transition time can not be specified for virtual clocks.
[INFO] Setting timing derate to: 5%
[WARNING STA-0450] virtual clock clk can not be propagated.
[INFO] Setting RC values…
[INFO] Setting signal min routing layer to: met1 and clock min routing layer to met1. 
[INFO] Setting signal max routing layer to: met5 and clock max routing layer to met5. 
+ global_placement -density 0.628292 -timing_driven -routability_driven -pad_right 0 -pad_left 0 -init_wirelength_coef 0.25
[INFO GPL-0002] DBU: 1000
[INFO GPL-0003] SiteSize: (  0.460  2.720 ) um
[INFO GPL-0004] CoreBBox: (  5.520 10.880 ) ( 55.200 59.840 ) um
[INFO GPL-0006] NumInstances:               201
[INFO GPL-0007] NumPlaceInstances:          135
[INFO GPL-0008] NumFixedInstances:           66
[INFO GPL-0009] NumDummyInstances:            0
[INFO GPL-0010] NumNets:                    154
[INFO GPL-0011] NumPins:                    615
[INFO GPL-0012] DieBBox:  (  0.000  0.000 ) ( 60.990 71.710 ) um
[INFO GPL-0013] CoreBBox: (  5.520 10.880 ) ( 55.200 59.840 ) um
[INFO GPL-0016] CoreArea:              2432.333 um^2
[INFO GPL-0017] NonPlaceInstsArea:      172.666 um^2
[INFO GPL-0018] PlaceInstsArea:        1247.446 um^2
[INFO GPL-0019] Util:                    55.205 %
[INFO GPL-0020] StdInstsArea:          1247.446 um^2
[INFO GPL-0021] MacroInstsArea:           0.000 um^2
[InitialPlace]  Iter: 1 CG residual: 0.00000010 HPWL: 3264937
[InitialPlace]  Iter: 2 CG residual: 0.00000011 HPWL: 2210533
[InitialPlace]  Iter: 3 CG residual: 0.00000009 HPWL: 2213012
[InitialPlace]  Iter: 4 CG residual: 0.00000011 HPWL: 2218857
[InitialPlace]  Iter: 5 CG residual: 0.00000008 HPWL: 2214116
[INFO GPL-0031] FillerInit:NumGCells:       153
[INFO GPL-0032] FillerInit:NumGNets:        154
[INFO GPL-0033] FillerInit:NumGPins:        615
[INFO GPL-0023] TargetDensity:            0.628
[INFO GPL-0024] AvrgPlaceInstArea:        9.240 um^2
[INFO GPL-0025] IdealBinArea:            14.707 um^2
[INFO GPL-0026] IdealBinCnt:                165
[INFO GPL-0027] TotalBinArea:          2432.333 um^2
[INFO GPL-0028] BinCnt:         8      8
[INFO GPL-0029] BinSize: (  6.210  6.120 )
[INFO GPL-0030] NumBins: 64
[NesterovSolve] Iter:    1 overflow: 0.819 HPWL: 1398202
[INFO GPL-0100] Timing-driven: executing resizer for reweighting nets.
[INFO GPL-0101] Timing-driven: worst slack 1.21e-08
[INFO GPL-0103] Timing-driven: weighted 15 nets.
[NesterovSolve] Iter:   10 overflow: 0.717 HPWL: 1525429
[NesterovSolve] Iter:   20 overflow: 0.726 HPWL: 1535021
[NesterovSolve] Iter:   30 overflow: 0.711 HPWL: 1531565
[NesterovSolve] Iter:   40 overflow: 0.703 HPWL: 1536366
[NesterovSolve] Iter:   50 overflow: 0.705 HPWL: 1535314
[NesterovSolve] Iter:   60 overflow: 0.711 HPWL: 1533419
[NesterovSolve] Iter:   70 overflow: 0.712 HPWL: 1533428
[NesterovSolve] Iter:   80 overflow: 0.711 HPWL: 1534150
[NesterovSolve] Iter:   90 overflow: 0.709 HPWL: 1535359
[NesterovSolve] Iter:  100 overflow: 0.709 HPWL: 1536315
[NesterovSolve] Iter:  110 overflow: 0.710 HPWL: 1537395
[NesterovSolve] Iter:  120 overflow: 0.712 HPWL: 1539486
[NesterovSolve] Iter:  130 overflow: 0.712 HPWL: 1543002
[NesterovSolve] Iter:  140 overflow: 0.712 HPWL: 1548383
[NesterovSolve] Iter:  150 overflow: 0.712 HPWL: 1555381
[NesterovSolve] Iter:  160 overflow: 0.703 HPWL: 1568017
[NesterovSolve] Iter:  170 overflow: 0.683 HPWL: 1585642
[NesterovSolve] Iter:  180 overflow: 0.657 HPWL: 1607612
[NesterovSolve] Iter:  190 overflow: 0.638 HPWL: 1641709
[INFO GPL-0100] Timing-driven: executing resizer for reweighting nets.
[INFO GPL-0101] Timing-driven: worst slack 1.21e-08
[INFO GPL-0103] Timing-driven: weighted 15 nets.
[NesterovSolve] Iter:  200 overflow: 0.616 HPWL: 1689202
[NesterovSolve] Snapshot saved at iter = 204
[NesterovSolve] Iter:  210 overflow: 0.582 HPWL: 1730958
[NesterovSolve] Iter:  220 overflow: 0.543 HPWL: 1782188
[NesterovSolve] Iter:  230 overflow: 0.504 HPWL: 1837319
[INFO GPL-0100] Timing-driven: executing resizer for reweighting nets.
[INFO GPL-0101] Timing-driven: worst slack 1.21e-08
[INFO GPL-0103] Timing-driven: weighted 15 nets.
[NesterovSolve] Iter:  240 overflow: 0.459 HPWL: 1900013
[NesterovSolve] Iter:  250 overflow: 0.414 HPWL: 1961531
[NesterovSolve] Iter:  260 overflow: 0.369 HPWL: 2016409
[NesterovSolve] Iter:  270 overflow: 0.333 HPWL: 2076969
[NesterovSolve] Iter:  280 overflow: 0.307 HPWL: 2127050
[INFO GPL-0075] Routability numCall: 1 inflationIterCnt: 1 bloatIterCnt: 0
[INFO GPL-0036] TileBBox: (    0    0 ) ( 6900 6900 ) DBU
[INFO GPL-0038] TileCnt:       8   10
[INFO GPL-0040] NumTiles: 80
[INFO GPL-0081] TotalRouteOverflow: 0.0
[INFO GPL-0082] OverflowTileCnt: 0
[INFO GPL-0083] 0.5%RC: 0.7832347750663757
[INFO GPL-0084] 1.0%RC: 0.7832347750663757
[INFO GPL-0085] 2.0%RC: 0.7819705605506897
[INFO GPL-0086] 5.0%RC: 0.7522447854280472
[INFO GPL-0087] FinalRC: 0.7832348
[INFO GPL-0077] FinalRC lower than targetRC(1.01), routability not needed.
[INFO GPL-0100] Timing-driven: executing resizer for reweighting nets.
[INFO GPL-0101] Timing-driven: worst slack 1.2e-08
[INFO GPL-0103] Timing-driven: weighted 15 nets.
[NesterovSolve] Iter:  290 overflow: 0.274 HPWL: 2164923
[NesterovSolve] Iter:  300 overflow: 0.233 HPWL: 2187173
[NesterovSolve] Iter:  310 overflow: 0.204 HPWL: 2209747
[INFO GPL-0100] Timing-driven: executing resizer for reweighting nets.
[INFO GPL-0101] Timing-driven: worst slack 1.21e-08
[INFO GPL-0103] Timing-driven: weighted 14 nets.
[NesterovSolve] Iter:  320 overflow: 0.177 HPWL: 2272205
[NesterovSolve] Iter:  330 overflow: 0.154 HPWL: 2286005
[INFO GPL-0100] Timing-driven: executing resizer for reweighting nets.
[INFO GPL-0101] Timing-driven: worst slack 1.22e-08
[INFO GPL-0103] Timing-driven: weighted 15 nets.
[NesterovSolve] Iter:  340 overflow: 0.128 HPWL: 2326647
[NesterovSolve] Iter:  350 overflow: 0.107 HPWL: 2350606
[NesterovSolve] Finished with Overflow: 0.097867
[INFO] Setting RC values…
Setting global connections for newly added cells…
[INFO] Setting global connections...
Updating metrics…
Cell type report:                       Count       Area
  Fill cell                                36     135.13
  Tap cell                                 30      37.54
  Multi-Input combinational cell          135    1247.45
  Total                                   201    1420.11
Writing OpenROAD database to '/foss/designs/ece429-tt-design-project/src/runs/RUN_2026-05-16_00-53-55/27-openroad-globalplacement/alu.odb'…
Writing netlist to '/foss/designs/ece429-tt-design-project/src/runs/RUN_2026-05-16_00-53-55/27-openroad-globalplacement/alu.nl.v'…
Writing powered netlist to '/foss/designs/ece429-tt-design-project/src/runs/RUN_2026-05-16_00-53-55/27-openroad-globalplacement/alu.pnl.v'…
Writing layout to '/foss/designs/ece429-tt-design-project/src/runs/RUN_2026-05-16_00-53-55/27-openroad-globalplacement/alu.def'…
Writing timing constraints to '/foss/designs/ece429-tt-design-project/src/runs/RUN_2026-05-16_00-53-55/27-openroad-globalplacement/alu.sdc'…
