
===========================================================================
report_checks -unconstrained
===========================================================================
======================= min_ff_n40C_1v95 Corner ===================================

Startpoint: pcInput[2] (input port clocked by clk)
Endpoint: res[31] (output port clocked by clk)
Path Group: clk
Path Type: max

Fanout         Cap        Slew       Delay        Time   Description
---------------------------------------------------------------------------------------------
                      0.000000    0.000000    0.000000   clock clk (rise edge)
                                  0.000000    0.000000   clock network delay (ideal)
                                  5.000000    5.000000 ^ input external delay
     1    0.002475    0.012764    0.006370    5.006370 ^ pcInput[2] (in)
                                                         pcInput[2] (net)
                      0.012764    0.000000    5.006370 ^ input21/A (sky130_fd_sc_hd__dlymetal6s2s_1)
     5    0.017880    0.149942    0.134285    5.140655 ^ input21/X (sky130_fd_sc_hd__dlymetal6s2s_1)
                                                         net21 (net)
                      0.149942    0.000195    5.140851 ^ _041_/A (sky130_fd_sc_hd__and4_2)
     8    0.025522    0.110330    0.205435    5.346286 ^ _041_/X (sky130_fd_sc_hd__and4_2)
                                                         _013_ (net)
                      0.110330    0.000223    5.346509 ^ _044_/C (sky130_fd_sc_hd__and4_2)
     7    0.020010    0.090555    0.186410    5.532919 ^ _044_/X (sky130_fd_sc_hd__and4_2)
                                                         _016_ (net)
                      0.090555    0.000322    5.533242 ^ _051_/A (sky130_fd_sc_hd__and4_2)
     8    0.024898    0.107793    0.190205    5.723447 ^ _051_/X (sky130_fd_sc_hd__and4_2)
                                                         _023_ (net)
                      0.107793    0.000348    5.723795 ^ _070_/B (sky130_fd_sc_hd__and4_2)
     8    0.024971    0.108028    0.199648    5.923443 ^ _070_/X (sky130_fd_sc_hd__and4_2)
                                                         _034_ (net)
                      0.108028    0.000351    5.923794 ^ _082_/C (sky130_fd_sc_hd__and4_1)
     1    0.004702    0.048631    0.126704    6.050498 ^ _082_/X (sky130_fd_sc_hd__and4_1)
                                                         _002_ (net)
                      0.048631    0.000022    6.050520 ^ _084_/B (sky130_fd_sc_hd__xor2_1)
     1    0.002704    0.078856    0.089882    6.140402 ^ _084_/X (sky130_fd_sc_hd__xor2_1)
                                                         net55 (net)
                      0.078856    0.000030    6.140432 ^ output55/A (sky130_fd_sc_hd__buf_2)
     1    0.034372    0.128479    0.150282    6.290715 ^ output55/X (sky130_fd_sc_hd__buf_2)
                                                         res[31] (net)
                      0.128479    0.000374    6.291089 ^ res[31] (out)
                                              6.291089   data arrival time

                      0.000000   25.000000   25.000000   clock clk (rise edge)
                                  0.000000   25.000000   clock network delay (ideal)
                                 -0.250000   24.750000   clock uncertainty
                                  0.000000   24.750000   clock reconvergence pessimism
                                 -5.000000   19.750000   output external delay
                                             19.750000   data required time
---------------------------------------------------------------------------------------------
                                             19.750000   data required time
                                             -6.291089   data arrival time
---------------------------------------------------------------------------------------------
                                             13.458911   slack (MET)




===========================================================================
report_checks --slack_max -0.01
============================================================================
======================= min_ff_n40C_1v95 Corner ===================================

No paths found.


===========================================================================
 report_check_types -max_slew -max_cap -max_fanout -violators
============================================================================
======================= min_ff_n40C_1v95 Corner ===================================



===========================================================================
report_parasitic_annotation -report_unannotated
============================================================================
Found 0 unannotated drivers.
Found 0 partially unannotated drivers.

===========================================================================
max slew violation count 0
max fanout violation count 0
max cap violation count 0
============================================================================

===========================================================================
check_setup -verbose -unconstrained_endpoints -multiple_clock -no_clock -no_input_delay -loops -generated_clocks
===========================================================================
