Reading timing models for corner nom_tt_025C_1v80…
Reading timing library for the 'nom_tt_025C_1v80' corner at '/foss/pdks/sky130A/libs.ref/sky130_fd_sc_hd/lib/sky130_fd_sc_hd__tt_025C_1v80.lib'…
Reading timing models for corner nom_ff_n40C_1v95…
Reading timing library for the 'nom_ff_n40C_1v95' corner at '/foss/pdks/sky130A/libs.ref/sky130_fd_sc_hd/lib/sky130_fd_sc_hd__ff_n40C_1v95.lib'…
Reading timing models for corner nom_ss_100C_1v60…
Reading timing library for the 'nom_ss_100C_1v60' corner at '/foss/pdks/sky130A/libs.ref/sky130_fd_sc_hd/lib/sky130_fd_sc_hd__ss_100C_1v60.lib'…
Reading OpenROAD database at '/foss/designs/ece429-tt-design-project/src/runs/RUN_2026-05-16_00-55-12/27-openroad-globalplacement/barrelShifter.odb'…
Reading design constraints file at '/usr/local/lib/python3.12/dist-packages/librelane/scripts/base.sdc'…
[WARNING STA-0366] port 'clk' not found.
[INFO] Using clock clk…
[INFO] Setting output delay to: 5
[INFO] Setting input delay to: 5
[WARNING STA-0366] port 'clk' not found.
[INFO] Setting load to: 0.033442
[INFO] Setting clock uncertainty to: 0.25
[INFO] Setting clock transition to: 0.1499999999999999944488848768742172978818416595458984375
[WARNING STA-0419] transition time can not be specified for virtual clocks.
[INFO] Setting timing derate to: 5%
[WARNING STA-0450] virtual clock clk can not be propagated.
[INFO] Setting RC values…
[INFO RSZ-0027] Inserted 11 input buffers.
[INFO RSZ-0028] Inserted 8 output buffers.
[INFO RSZ-0058] Using max wire length 6335um.
Iteration | Resized | Buffers | Nets repaired | Remaining
---------------------------------------------------------
        0 |       0 |       0 |             0 |        94
       10 |       9 |       0 |             0 |        84
       20 |      19 |       0 |             0 |        74
       30 |      29 |       0 |             0 |        64
       40 |      39 |       0 |             0 |        54
       50 |      49 |       0 |             0 |        44
       60 |      59 |       0 |             0 |        34
       70 |      69 |       1 |             1 |        24
       80 |      80 |       6 |             3 |        14
       90 |      89 |      15 |             5 |         4
    final |      89 |      15 |             5 |         0
---------------------------------------------------------
[INFO RSZ-0034] Found 2 slew violations.
[INFO RSZ-0035] Found 3 fanout violations.
[INFO RSZ-0038] Inserted 15 buffers in 5 nets.
[INFO RSZ-0039] Resized 89 instances.
Placement Analysis
---------------------------------
total displacement        291.9 u
average displacement        2.1 u
max displacement           12.4 u
original HPWL            1462.1 u
legalized HPWL           1658.8 u
delta HPWL                   13 %

[INFO DPL-0020] Mirrored 42 instances
[INFO DPL-0021] HPWL before            1658.8 u
[INFO DPL-0022] HPWL after             1581.1 u
[INFO DPL-0023] HPWL delta               -4.7 %
[INFO] Setting RC values…
Setting global connections for newly added cells…
[INFO] Setting global connections...
Updating metrics…
Cell type report:                       Count       Area
  Fill cell                                26      97.59
  Tap cell                                 15      18.77
  Timing Repair Buffer                     34     161.40
  Multi-Input combinational cell           64     649.37
  Total                                   139     927.14
Writing OpenROAD database to '/foss/designs/ece429-tt-design-project/src/runs/RUN_2026-05-16_00-55-12/31-openroad-repairdesignpostgpl/barrelShifter.odb'…
Writing netlist to '/foss/designs/ece429-tt-design-project/src/runs/RUN_2026-05-16_00-55-12/31-openroad-repairdesignpostgpl/barrelShifter.nl.v'…
Writing powered netlist to '/foss/designs/ece429-tt-design-project/src/runs/RUN_2026-05-16_00-55-12/31-openroad-repairdesignpostgpl/barrelShifter.pnl.v'…
Writing layout to '/foss/designs/ece429-tt-design-project/src/runs/RUN_2026-05-16_00-55-12/31-openroad-repairdesignpostgpl/barrelShifter.def'…
Writing timing constraints to '/foss/designs/ece429-tt-design-project/src/runs/RUN_2026-05-16_00-55-12/31-openroad-repairdesignpostgpl/barrelShifter.sdc'…
