
===========================================================================
report_checks -unconstrained
===========================================================================
======================= min_ff_n40C_1v95 Corner ===================================

Startpoint: amt[1] (input port clocked by clk)
Endpoint: result[5] (output port clocked by clk)
Path Group: clk
Path Type: max

Fanout         Cap        Slew       Delay        Time   Description
---------------------------------------------------------------------------------------------
                      0.000000    0.000000    0.000000   clock clk (rise edge)
                                  0.000000    0.000000   clock network delay (ideal)
                                  5.000000    5.000000 ^ input external delay
     1    0.003806    0.017530    0.009856    5.009856 ^ amt[1] (in)
                                                         amt[1] (net)
                      0.017530    0.000000    5.009856 ^ input2/A (sky130_fd_sc_hd__clkbuf_1)
     1    0.003172    0.035169    0.050929    5.060785 ^ input2/X (sky130_fd_sc_hd__clkbuf_1)
                                                         net2 (net)
                      0.035169    0.000034    5.060820 ^ fanout30/A (sky130_fd_sc_hd__buf_1)
     5    0.019659    0.174862    0.151422    5.212242 ^ fanout30/X (sky130_fd_sc_hd__buf_1)
                                                         net30 (net)
                      0.174862    0.000131    5.212373 ^ fanout29/A (sky130_fd_sc_hd__buf_2)
    10    0.037541    0.139891    0.173064    5.385437 ^ fanout29/X (sky130_fd_sc_hd__buf_2)
                                                         net29 (net)
                      0.139891    0.000083    5.385520 ^ fanout28/A (sky130_fd_sc_hd__clkbuf_2)
    10    0.026859    0.115619    0.149174    5.534694 ^ fanout28/X (sky130_fd_sc_hd__clkbuf_2)
                                                         net28 (net)
                      0.115619    0.000414    5.535108 ^ _058_/C_N (sky130_fd_sc_hd__nor3b_2)
     5    0.020213    0.263009    0.248691    5.783799 ^ _058_/Y (sky130_fd_sc_hd__nor3b_2)
                                                         _002_ (net)
                      0.263010    0.000265    5.784064 ^ _098_/B1 (sky130_fd_sc_hd__a22o_1)
     1    0.004583    0.044074    0.092094    5.876158 ^ _098_/X (sky130_fd_sc_hd__a22o_1)
                                                         _037_ (net)
                      0.044074    0.000070    5.876228 ^ _104_/A2 (sky130_fd_sc_hd__o32a_1)
     1    0.003246    0.036899    0.081100    5.957328 ^ _104_/X (sky130_fd_sc_hd__o32a_1)
                                                         net17 (net)
                      0.036899    0.000040    5.957368 ^ output17/A (sky130_fd_sc_hd__buf_2)
     1    0.035299    0.131833    0.141864    6.099233 ^ output17/X (sky130_fd_sc_hd__buf_2)
                                                         result[5] (net)
                      0.131834    0.000203    6.099436 ^ result[5] (out)
                                              6.099436   data arrival time

                      0.000000   25.000000   25.000000   clock clk (rise edge)
                                  0.000000   25.000000   clock network delay (ideal)
                                 -0.250000   24.750000   clock uncertainty
                                  0.000000   24.750000   clock reconvergence pessimism
                                 -5.000000   19.750000   output external delay
                                             19.750000   data required time
---------------------------------------------------------------------------------------------
                                             19.750000   data required time
                                             -6.099436   data arrival time
---------------------------------------------------------------------------------------------
                                             13.650564   slack (MET)




===========================================================================
report_checks --slack_max -0.01
============================================================================
======================= min_ff_n40C_1v95 Corner ===================================

No paths found.


===========================================================================
 report_check_types -max_slew -max_cap -max_fanout -violators
============================================================================
======================= min_ff_n40C_1v95 Corner ===================================



===========================================================================
report_parasitic_annotation -report_unannotated
============================================================================
Found 0 unannotated drivers.
Found 0 partially unannotated drivers.

===========================================================================
max slew violation count 0
max fanout violation count 0
max cap violation count 0
============================================================================

===========================================================================
check_setup -verbose -unconstrained_endpoints -multiple_clock -no_clock -no_input_delay -loops -generated_clocks
===========================================================================
