Reading timing models for corner nom_tt_025C_1v80…
Reading timing library for the 'nom_tt_025C_1v80' corner at '/foss/pdks/sky130A/libs.ref/sky130_fd_sc_hd/lib/sky130_fd_sc_hd__tt_025C_1v80.lib'…
Reading timing models for corner nom_ff_n40C_1v95…
Reading timing library for the 'nom_ff_n40C_1v95' corner at '/foss/pdks/sky130A/libs.ref/sky130_fd_sc_hd/lib/sky130_fd_sc_hd__ff_n40C_1v95.lib'…
Reading timing models for corner nom_ss_100C_1v60…
Reading timing library for the 'nom_ss_100C_1v60' corner at '/foss/pdks/sky130A/libs.ref/sky130_fd_sc_hd/lib/sky130_fd_sc_hd__ss_100C_1v60.lib'…
Reading OpenROAD database at '/foss/designs/ece429-tt-design-project/src/runs/RUN_2026-05-16_00-56-15/27-openroad-globalplacement/pcInc.odb'…
Reading design constraints file at '/usr/local/lib/python3.12/dist-packages/librelane/scripts/base.sdc'…
[WARNING STA-0366] port 'clk' not found.
[INFO] Using clock clk…
[INFO] Setting output delay to: 5
[INFO] Setting input delay to: 5
[WARNING STA-0366] port 'clk' not found.
[INFO] Setting load to: 0.033442
[INFO] Setting clock uncertainty to: 0.25
[INFO] Setting clock transition to: 0.1499999999999999944488848768742172978818416595458984375
[WARNING STA-0419] transition time can not be specified for virtual clocks.
[INFO] Setting timing derate to: 5%
[WARNING STA-0450] virtual clock clk can not be propagated.
[INFO] Setting RC values…
[INFO RSZ-0027] Inserted 30 input buffers.
[INFO RSZ-0028] Inserted 32 output buffers.
[INFO RSZ-0058] Using max wire length 6335um.
Iteration | Resized | Buffers | Nets repaired | Remaining
---------------------------------------------------------
        0 |       0 |       0 |             0 |       165
       10 |       9 |       0 |             0 |       155
       20 |      19 |       0 |             0 |       145
       30 |      29 |       0 |             0 |       135
       40 |      39 |       0 |             0 |       125
       50 |      48 |       0 |             0 |       115
       60 |      58 |       0 |             0 |       105
       70 |      68 |       0 |             0 |        95
       80 |      77 |       0 |             0 |        85
       90 |      86 |       0 |             0 |        75
      100 |      96 |       0 |             0 |        65
      110 |     103 |       0 |             0 |        55
      120 |     109 |       0 |             0 |        45
      130 |     116 |       0 |             0 |        35
      140 |     118 |       0 |             0 |        25
      150 |     118 |       0 |             0 |        15
      160 |     118 |       0 |             0 |         5
    final |     118 |       0 |             0 |         0
---------------------------------------------------------
[INFO RSZ-0039] Resized 118 instances.
Placement Analysis
---------------------------------
total displacement        526.0 u
average displacement        3.0 u
max displacement           18.4 u
original HPWL            1669.5 u
legalized HPWL           2044.8 u
delta HPWL                   22 %

[INFO DPL-0020] Mirrored 58 instances
[INFO DPL-0021] HPWL before            2044.8 u
[INFO DPL-0022] HPWL after             1970.1 u
[INFO DPL-0023] HPWL delta               -3.7 %
[INFO] Setting RC values…
Setting global connections for newly added cells…
[INFO] Setting global connections...
Updating metrics…
Cell type report:                       Count       Area
  Fill cell                                26      97.59
  Tap cell                                 15      18.77
  Buffer                                    2       7.51
  Timing Repair Buffer                     62     281.52
  Inverter                                  1       3.75
  Multi-Input combinational cell           68     454.19
  Total                                   174     863.33
Writing OpenROAD database to '/foss/designs/ece429-tt-design-project/src/runs/RUN_2026-05-16_00-56-15/31-openroad-repairdesignpostgpl/pcInc.odb'…
Writing netlist to '/foss/designs/ece429-tt-design-project/src/runs/RUN_2026-05-16_00-56-15/31-openroad-repairdesignpostgpl/pcInc.nl.v'…
Writing powered netlist to '/foss/designs/ece429-tt-design-project/src/runs/RUN_2026-05-16_00-56-15/31-openroad-repairdesignpostgpl/pcInc.pnl.v'…
Writing layout to '/foss/designs/ece429-tt-design-project/src/runs/RUN_2026-05-16_00-56-15/31-openroad-repairdesignpostgpl/pcInc.def'…
Writing timing constraints to '/foss/designs/ece429-tt-design-project/src/runs/RUN_2026-05-16_00-56-15/31-openroad-repairdesignpostgpl/pcInc.sdc'…
