
===========================================================================
report_checks -unconstrained
===========================================================================
======================= nom_tt_025C_1v80 Corner ===================================

Startpoint: data2[5] (input port clocked by clk)
Endpoint: z (output port clocked by clk)
Path Group: clk
Path Type: max

Fanout         Cap        Slew       Delay        Time   Description
---------------------------------------------------------------------------------------------
                      0.000000    0.000000    0.000000   clock clk (rise edge)
                                  0.000000    0.000000   clock network delay (ideal)
                                  5.000000    5.000000 ^ input external delay
     1    0.002720    0.019390    0.010037    5.010037 ^ data2[5] (in)
                                                         data2[5] (net)
                      0.019390    0.000000    5.010037 ^ input14/A (sky130_fd_sc_hd__clkbuf_1)
     1    0.005683    0.076037    0.094635    5.104672 ^ input14/X (sky130_fd_sc_hd__clkbuf_1)
                                                         net14 (net)
                      0.076037    0.000233    5.104905 ^ fanout42/A (sky130_fd_sc_hd__buf_1)
     5    0.014747    0.179139    0.184619    5.289525 ^ fanout42/X (sky130_fd_sc_hd__buf_1)
                                                         net42 (net)
                      0.179141    0.000504    5.290029 ^ fanout41/A (sky130_fd_sc_hd__clkbuf_2)
    10    0.029964    0.166993    0.234319    5.524348 ^ fanout41/X (sky130_fd_sc_hd__clkbuf_2)
                                                         net41 (net)
                      0.166996    0.000950    5.525298 ^ _179_/A_N (sky130_fd_sc_hd__and3b_2)
     7    0.028466    0.095155    0.291978    5.817276 v _179_/X (sky130_fd_sc_hd__and3b_2)
                                                         _109_ (net)
                      0.095172    0.001264    5.818540 v _205_/B1 (sky130_fd_sc_hd__a221o_1)
     1    0.001681    0.045788    0.292999    6.111538 v _205_/X (sky130_fd_sc_hd__a221o_1)
                                                         _007_ (net)
                      0.045788    0.000048    6.111587 v _207_/C (sky130_fd_sc_hd__or4_1)
     1    0.004675    0.095198    0.480512    6.592098 v _207_/X (sky130_fd_sc_hd__or4_1)
                                                         _009_ (net)
                      0.095198    0.000162    6.592260 v _208_/C1 (sky130_fd_sc_hd__o211a_1)
     1    0.002929    0.039261    0.126583    6.718843 v _208_/X (sky130_fd_sc_hd__o211a_1)
                                                         _010_ (net)
                      0.039261    0.000089    6.718931 v _213_/A1 (sky130_fd_sc_hd__o32a_1)
     2    0.005886    0.065913    0.354984    7.073915 v _213_/X (sky130_fd_sc_hd__o32a_1)
                                                         net21 (net)
                      0.065913    0.000171    7.074086 v _257_/A1 (sky130_fd_sc_hd__o21ba_1)
     1    0.002698    0.034672    0.183865    7.257951 v _257_/X (sky130_fd_sc_hd__o21ba_1)
                                                         _054_ (net)
                      0.034672    0.000055    7.258006 v _258_/B (sky130_fd_sc_hd__nor2_1)
     1    0.004422    0.101919    0.098006    7.356012 ^ _258_/Y (sky130_fd_sc_hd__nor2_1)
                                                         _055_ (net)
                      0.101919    0.000137    7.356149 ^ _259_/B2 (sky130_fd_sc_hd__o2bb2a_1)
     1    0.002588    0.045307    0.139743    7.495892 ^ _259_/X (sky130_fd_sc_hd__o2bb2a_1)
                                                         _056_ (net)
                      0.045307    0.000081    7.495973 ^ _260_/B1 (sky130_fd_sc_hd__o2bb2a_1)
     1    0.002214    0.042251    0.131024    7.626997 ^ _260_/X (sky130_fd_sc_hd__o2bb2a_1)
                                                         net28 (net)
                      0.042251    0.000063    7.627060 ^ output28/A (sky130_fd_sc_hd__buf_2)
     1    0.034204    0.169871    0.196664    7.823724 ^ output28/X (sky130_fd_sc_hd__buf_2)
                                                         z (net)
                      0.169871    0.000717    7.824441 ^ z (out)
                                              7.824441   data arrival time

                      0.000000   25.000000   25.000000   clock clk (rise edge)
                                  0.000000   25.000000   clock network delay (ideal)
                                 -0.250000   24.750000   clock uncertainty
                                  0.000000   24.750000   clock reconvergence pessimism
                                 -5.000000   19.750000   output external delay
                                             19.750000   data required time
---------------------------------------------------------------------------------------------
                                             19.750000   data required time
                                             -7.824441   data arrival time
---------------------------------------------------------------------------------------------
                                             11.925559   slack (MET)




===========================================================================
report_checks --slack_max -0.01
============================================================================
======================= nom_tt_025C_1v80 Corner ===================================

No paths found.


===========================================================================
 report_check_types -max_slew -max_cap -max_fanout -violators
============================================================================
======================= nom_tt_025C_1v80 Corner ===================================



===========================================================================
report_parasitic_annotation -report_unannotated
============================================================================
Found 0 unannotated drivers.
Found 0 partially unannotated drivers.

===========================================================================
max slew violation count 0
max fanout violation count 0
max cap violation count 0
============================================================================

===========================================================================
check_setup -verbose -unconstrained_endpoints -multiple_clock -no_clock -no_input_delay -loops -generated_clocks
===========================================================================
