
===========================================================================
report_checks -unconstrained
===========================================================================
======================= max_ss_100C_1v60 Corner ===================================

Startpoint: amt[1] (input port clocked by clk)
Endpoint: result[5] (output port clocked by clk)
Path Group: clk
Path Type: max

Fanout         Cap        Slew       Delay        Time   Description
---------------------------------------------------------------------------------------------
                      0.000000    0.000000    0.000000   clock clk (rise edge)
                                  0.000000    0.000000   clock network delay (ideal)
                                  5.000000    5.000000 ^ input external delay
     1    0.003821    0.039096    0.021231    5.021231 ^ amt[1] (in)
                                                         amt[1] (net)
                      0.039096    0.000000    5.021231 ^ input2/A (sky130_fd_sc_hd__clkbuf_1)
     1    0.003304    0.081179    0.143149    5.164380 ^ input2/X (sky130_fd_sc_hd__clkbuf_1)
                                                         net2 (net)
                      0.081179    0.000212    5.164592 ^ fanout30/A (sky130_fd_sc_hd__buf_1)
     5    0.020465    0.393244    0.385822    5.550414 ^ fanout30/X (sky130_fd_sc_hd__buf_1)
                                                         net30 (net)
                      0.393252    0.001476    5.551890 ^ fanout27/A (sky130_fd_sc_hd__buf_1)
     6    0.016269    0.315289    0.436849    5.988739 ^ fanout27/X (sky130_fd_sc_hd__buf_1)
                                                         net27 (net)
                      0.315289    0.000866    5.989605 ^ _099_/B_N (sky130_fd_sc_hd__and4bb_1)
     1    0.002062    0.069953    0.502068    6.491673 v _099_/X (sky130_fd_sc_hd__and4bb_1)
                                                         _038_ (net)
                      0.069953    0.000144    6.491817 v _103_/A (sky130_fd_sc_hd__or4_1)
     1    0.003437    0.183524    1.217127    7.708944 v _103_/X (sky130_fd_sc_hd__or4_1)
                                                         _042_ (net)
                      0.183524    0.000221    7.709165 v _104_/A3 (sky130_fd_sc_hd__o32a_1)
     1    0.003277    0.117850    0.572235    8.281400 v _104_/X (sky130_fd_sc_hd__o32a_1)
                                                         net17 (net)
                      0.117850    0.000234    8.281634 v output17/A (sky130_fd_sc_hd__buf_2)
     1    0.035561    0.171321    0.370867    8.652501 v output17/X (sky130_fd_sc_hd__buf_2)
                                                         result[5] (net)
                      0.171335    0.001680    8.654181 v result[5] (out)
                                              8.654181   data arrival time

                      0.000000   25.000000   25.000000   clock clk (rise edge)
                                  0.000000   25.000000   clock network delay (ideal)
                                 -0.250000   24.750000   clock uncertainty
                                  0.000000   24.750000   clock reconvergence pessimism
                                 -5.000000   19.750000   output external delay
                                             19.750000   data required time
---------------------------------------------------------------------------------------------
                                             19.750000   data required time
                                             -8.654181   data arrival time
---------------------------------------------------------------------------------------------
                                             11.095819   slack (MET)




===========================================================================
report_checks --slack_max -0.01
============================================================================
======================= max_ss_100C_1v60 Corner ===================================

No paths found.


===========================================================================
 report_check_types -max_slew -max_cap -max_fanout -violators
============================================================================
======================= max_ss_100C_1v60 Corner ===================================



===========================================================================
report_parasitic_annotation -report_unannotated
============================================================================
Found 0 unannotated drivers.
Found 0 partially unannotated drivers.

===========================================================================
max slew violation count 0
max fanout violation count 0
max cap violation count 0
============================================================================

===========================================================================
check_setup -verbose -unconstrained_endpoints -multiple_clock -no_clock -no_input_delay -loops -generated_clocks
===========================================================================
