
===========================================================================
report_checks -path_delay min (Hold)
============================================================================
======================= max_ss_100C_1v60 Corner ===================================

Startpoint: data[5] (input port clocked by clk)
Endpoint: result[6] (output port clocked by clk)
Path Group: clk
Path Type: min

Fanout         Cap        Slew       Delay        Time   Description
---------------------------------------------------------------------------------------------
                      0.000000    0.000000    0.000000   clock clk (rise edge)
                                  0.000000    0.000000   clock network delay (ideal)
                                  5.000000    5.000000 ^ input external delay
     1    0.003018    0.033683    0.016989    5.016989 ^ data[5] (in)
                                                         data[5] (net)
                      0.033684    0.000000    5.016989 ^ input9/A (sky130_fd_sc_hd__clkbuf_2)
     8    0.027626    0.241041    0.298717    5.315706 ^ input9/X (sky130_fd_sc_hd__clkbuf_2)
                                                         net9 (net)
                      0.241044    0.001286    5.316992 ^ _112_/B2 (sky130_fd_sc_hd__o32a_1)
     1    0.003042    0.082691    0.311730    5.628722 ^ _112_/X (sky130_fd_sc_hd__o32a_1)
                                                         net18 (net)
                      0.082691    0.000195    5.628917 ^ output18/A (sky130_fd_sc_hd__buf_2)
     1    0.034303    0.272631    0.348802    5.977719 ^ output18/X (sky130_fd_sc_hd__buf_2)
                                                         result[6] (net)
                      0.272638    0.001710    5.979429 ^ result[6] (out)
                                              5.979429   data arrival time

                      0.000000    0.000000    0.000000   clock clk (rise edge)
                                  0.000000    0.000000   clock network delay (ideal)
                                  0.250000    0.250000   clock uncertainty
                                  0.000000    0.250000   clock reconvergence pessimism
                                 -5.000000   -4.750000   output external delay
                                             -4.750000   data required time
---------------------------------------------------------------------------------------------
                                             -4.750000   data required time
                                             -5.979429   data arrival time
---------------------------------------------------------------------------------------------
                                             10.729429   slack (MET)


Startpoint: data[4] (input port clocked by clk)
Endpoint: result[5] (output port clocked by clk)
Path Group: clk
Path Type: min

Fanout         Cap        Slew       Delay        Time   Description
---------------------------------------------------------------------------------------------
                      0.000000    0.000000    0.000000   clock clk (rise edge)
                                  0.000000    0.000000   clock network delay (ideal)
                                  5.000000    5.000000 v input external delay
     1    0.002865    0.018702    0.009482    5.009482 v data[4] (in)
                                                         data[4] (net)
                      0.018703    0.000000    5.009482 v input8/A (sky130_fd_sc_hd__clkbuf_2)
     8    0.027039    0.193958    0.277254    5.286736 v input8/X (sky130_fd_sc_hd__clkbuf_2)
                                                         net8 (net)
                      0.193959    0.000854    5.287591 v _104_/B2 (sky130_fd_sc_hd__o32a_1)
     1    0.003277    0.086216    0.353615    5.641206 v _104_/X (sky130_fd_sc_hd__o32a_1)
                                                         net17 (net)
                      0.086216    0.000235    5.641441 v output17/A (sky130_fd_sc_hd__buf_2)
     1    0.035561    0.171278    0.355613    5.997054 v output17/X (sky130_fd_sc_hd__buf_2)
                                                         result[5] (net)
                      0.171292    0.001679    5.998733 v result[5] (out)
                                              5.998733   data arrival time

                      0.000000    0.000000    0.000000   clock clk (rise edge)
                                  0.000000    0.000000   clock network delay (ideal)
                                  0.250000    0.250000   clock uncertainty
                                  0.000000    0.250000   clock reconvergence pessimism
                                 -5.000000   -4.750000   output external delay
                                             -4.750000   data required time
---------------------------------------------------------------------------------------------
                                             -4.750000   data required time
                                             -5.998733   data arrival time
---------------------------------------------------------------------------------------------
                                             10.748733   slack (MET)


Startpoint: data[0] (input port clocked by clk)
Endpoint: result[1] (output port clocked by clk)
Path Group: clk
Path Type: min

Fanout         Cap        Slew       Delay        Time   Description
---------------------------------------------------------------------------------------------
                      0.000000    0.000000    0.000000   clock clk (rise edge)
                                  0.000000    0.000000   clock network delay (ideal)
                                  5.000000    5.000000 ^ input external delay
     1    0.003210    0.034966    0.017999    5.017999 ^ data[0] (in)
                                                         data[0] (net)
                      0.034966    0.000000    5.017999 ^ input4/A (sky130_fd_sc_hd__clkbuf_2)
     8    0.029008    0.252524    0.306140    5.324140 ^ input4/X (sky130_fd_sc_hd__clkbuf_2)
                                                         net4 (net)
                      0.252542    0.001787    5.325927 ^ _074_/A1 (sky130_fd_sc_hd__o22a_1)
     1    0.003077    0.076083    0.344728    5.670655 ^ _074_/X (sky130_fd_sc_hd__o22a_1)
                                                         net13 (net)
                      0.076083    0.000196    5.670851 ^ output13/A (sky130_fd_sc_hd__buf_2)
     1    0.034371    0.273105    0.346187    6.017038 ^ output13/X (sky130_fd_sc_hd__buf_2)
                                                         result[1] (net)
                      0.273110    0.001596    6.018634 ^ result[1] (out)
                                              6.018634   data arrival time

                      0.000000    0.000000    0.000000   clock clk (rise edge)
                                  0.000000    0.000000   clock network delay (ideal)
                                  0.250000    0.250000   clock uncertainty
                                  0.000000    0.250000   clock reconvergence pessimism
                                 -5.000000   -4.750000   output external delay
                                             -4.750000   data required time
---------------------------------------------------------------------------------------------
                                             -4.750000   data required time
                                             -6.018634   data arrival time
---------------------------------------------------------------------------------------------
                                             10.768634   slack (MET)


Startpoint: data[2] (input port clocked by clk)
Endpoint: result[3] (output port clocked by clk)
Path Group: clk
Path Type: min

Fanout         Cap        Slew       Delay        Time   Description
---------------------------------------------------------------------------------------------
                      0.000000    0.000000    0.000000   clock clk (rise edge)
                                  0.000000    0.000000   clock network delay (ideal)
                                  5.000000    5.000000 v input external delay
     1    0.004318    0.024415    0.014081    5.014081 v data[2] (in)
                                                         data[2] (net)
                      0.024418    0.000000    5.014081 v input6/A (sky130_fd_sc_hd__clkbuf_2)
     8    0.029947    0.213201    0.293126    5.307207 v input6/X (sky130_fd_sc_hd__clkbuf_2)
                                                         net6 (net)
                      0.213337    0.003269    5.310476 v _089_/B2 (sky130_fd_sc_hd__o32a_1)
     1    0.002724    0.079392    0.353763    5.664238 v _089_/X (sky130_fd_sc_hd__o32a_1)
                                                         net15 (net)
                      0.079432    0.000171    5.664410 v output15/A (sky130_fd_sc_hd__buf_2)
     1    0.035725    0.172014    0.352613    6.017022 v output15/X (sky130_fd_sc_hd__buf_2)
                                                         result[3] (net)
                      0.172038    0.002041    6.019063 v result[3] (out)
                                              6.019063   data arrival time

                      0.000000    0.000000    0.000000   clock clk (rise edge)
                                  0.000000    0.000000   clock network delay (ideal)
                                  0.250000    0.250000   clock uncertainty
                                  0.000000    0.250000   clock reconvergence pessimism
                                 -5.000000   -4.750000   output external delay
                                             -4.750000   data required time
---------------------------------------------------------------------------------------------
                                             -4.750000   data required time
                                             -6.019063   data arrival time
---------------------------------------------------------------------------------------------
                                             10.769062   slack (MET)


Startpoint: data[1] (input port clocked by clk)
Endpoint: result[2] (output port clocked by clk)
Path Group: clk
Path Type: min

Fanout         Cap        Slew       Delay        Time   Description
---------------------------------------------------------------------------------------------
                      0.000000    0.000000    0.000000   clock clk (rise edge)
                                  0.000000    0.000000   clock network delay (ideal)
                                  5.000000    5.000000 ^ input external delay
     1    0.002910    0.032973    0.016418    5.016418 ^ data[1] (in)
                                                         data[1] (net)
                      0.032973    0.000000    5.016418 ^ input5/A (sky130_fd_sc_hd__clkbuf_2)
     8    0.032783    0.282900    0.327326    5.343744 ^ input5/X (sky130_fd_sc_hd__clkbuf_2)
                                                         net5 (net)
                      0.282933    0.002511    5.346256 ^ _081_/A1 (sky130_fd_sc_hd__o22a_1)
     1    0.002732    0.071538    0.351053    5.697309 ^ _081_/X (sky130_fd_sc_hd__o22a_1)
                                                         net14 (net)
                      0.071538    0.000171    5.697479 ^ output14/A (sky130_fd_sc_hd__buf_2)
     1    0.035267    0.279770    0.348775    6.046254 ^ output14/X (sky130_fd_sc_hd__buf_2)
                                                         result[2] (net)
                      0.279776    0.001719    6.047973 ^ result[2] (out)
                                              6.047973   data arrival time

                      0.000000    0.000000    0.000000   clock clk (rise edge)
                                  0.000000    0.000000   clock network delay (ideal)
                                  0.250000    0.250000   clock uncertainty
                                  0.000000    0.250000   clock reconvergence pessimism
                                 -5.000000   -4.750000   output external delay
                                             -4.750000   data required time
---------------------------------------------------------------------------------------------
                                             -4.750000   data required time
                                             -6.047973   data arrival time
---------------------------------------------------------------------------------------------
                                             10.797973   slack (MET)


Startpoint: data[3] (input port clocked by clk)
Endpoint: result[4] (output port clocked by clk)
Path Group: clk
Path Type: min

Fanout         Cap        Slew       Delay        Time   Description
---------------------------------------------------------------------------------------------
                      0.000000    0.000000    0.000000   clock clk (rise edge)
                                  0.000000    0.000000   clock network delay (ideal)
                                  5.000000    5.000000 ^ input external delay
     1    0.002834    0.032474    0.016018    5.016018 ^ data[3] (in)
                                                         data[3] (net)
                      0.032474    0.000000    5.016018 ^ input7/A (sky130_fd_sc_hd__clkbuf_2)
     8    0.034460    0.296696    0.335508    5.351526 ^ input7/X (sky130_fd_sc_hd__clkbuf_2)
                                                         net7 (net)
                      0.296800    0.004602    5.356127 ^ _096_/A1 (sky130_fd_sc_hd__o22a_1)
     1    0.002806    0.072501    0.356956    5.713083 ^ _096_/X (sky130_fd_sc_hd__o22a_1)
                                                         net16 (net)
                      0.072501    0.000203    5.713285 ^ output16/A (sky130_fd_sc_hd__buf_2)
     1    0.034337    0.272873    0.344258    6.057544 ^ output16/X (sky130_fd_sc_hd__buf_2)
                                                         result[4] (net)
                      0.272880    0.001743    6.059287 ^ result[4] (out)
                                              6.059287   data arrival time

                      0.000000    0.000000    0.000000   clock clk (rise edge)
                                  0.000000    0.000000   clock network delay (ideal)
                                  0.250000    0.250000   clock uncertainty
                                  0.000000    0.250000   clock reconvergence pessimism
                                 -5.000000   -4.750000   output external delay
                                             -4.750000   data required time
---------------------------------------------------------------------------------------------
                                             -4.750000   data required time
                                             -6.059287   data arrival time
---------------------------------------------------------------------------------------------
                                             10.809286   slack (MET)


Startpoint: data[6] (input port clocked by clk)
Endpoint: result[7] (output port clocked by clk)
Path Group: clk
Path Type: min

Fanout         Cap        Slew       Delay        Time   Description
---------------------------------------------------------------------------------------------
                      0.000000    0.000000    0.000000   clock clk (rise edge)
                                  0.000000    0.000000   clock network delay (ideal)
                                  5.000000    5.000000 ^ input external delay
     1    0.002897    0.032884    0.016347    5.016347 ^ data[6] (in)
                                                         data[6] (net)
                      0.032884    0.000000    5.016347 ^ input10/A (sky130_fd_sc_hd__clkbuf_2)
     8    0.033156    0.286100    0.328420    5.344768 ^ input10/X (sky130_fd_sc_hd__clkbuf_2)
                                                         net10 (net)
                      0.286189    0.004170    5.348938 ^ _119_/A1 (sky130_fd_sc_hd__o22a_1)
     1    0.004149    0.090329    0.370830    5.719768 ^ _119_/X (sky130_fd_sc_hd__o22a_1)
                                                         net19 (net)
                      0.090329    0.000251    5.720019 ^ output19/A (sky130_fd_sc_hd__buf_2)
     1    0.034406    0.273412    0.352925    6.072944 ^ output19/X (sky130_fd_sc_hd__buf_2)
                                                         result[7] (net)
                      0.273419    0.001716    6.074659 ^ result[7] (out)
                                              6.074659   data arrival time

                      0.000000    0.000000    0.000000   clock clk (rise edge)
                                  0.000000    0.000000   clock network delay (ideal)
                                  0.250000    0.250000   clock uncertainty
                                  0.000000    0.250000   clock reconvergence pessimism
                                 -5.000000   -4.750000   output external delay
                                             -4.750000   data required time
---------------------------------------------------------------------------------------------
                                             -4.750000   data required time
                                             -6.074659   data arrival time
---------------------------------------------------------------------------------------------
                                             10.824658   slack (MET)


Startpoint: data[7] (input port clocked by clk)
Endpoint: result[0] (output port clocked by clk)
Path Group: clk
Path Type: min

Fanout         Cap        Slew       Delay        Time   Description
---------------------------------------------------------------------------------------------
                      0.000000    0.000000    0.000000   clock clk (rise edge)
                                  0.000000    0.000000   clock network delay (ideal)
                                  5.000000    5.000000 ^ input external delay
     1    0.002997    0.033548    0.016879    5.016880 ^ data[7] (in)
                                                         data[7] (net)
                      0.033549    0.000000    5.016880 ^ input11/A (sky130_fd_sc_hd__clkbuf_2)
     8    0.036943    0.316933    0.349453    5.366333 ^ input11/X (sky130_fd_sc_hd__clkbuf_2)
                                                         net11 (net)
                      0.317039    0.004797    5.371130 ^ _067_/A1 (sky130_fd_sc_hd__o22a_1)
     1    0.003702    0.084422    0.375971    5.747100 ^ _067_/X (sky130_fd_sc_hd__o22a_1)
                                                         net12 (net)
                      0.084422    0.000253    5.747353 ^ output12/A (sky130_fd_sc_hd__buf_2)
     1    0.033990    0.270292    0.348032    6.095385 ^ output12/X (sky130_fd_sc_hd__buf_2)
                                                         result[0] (net)
                      0.270297    0.001597    6.096982 ^ result[0] (out)
                                              6.096982   data arrival time

                      0.000000    0.000000    0.000000   clock clk (rise edge)
                                  0.000000    0.000000   clock network delay (ideal)
                                  0.250000    0.250000   clock uncertainty
                                  0.000000    0.250000   clock reconvergence pessimism
                                 -5.000000   -4.750000   output external delay
                                             -4.750000   data required time
---------------------------------------------------------------------------------------------
                                             -4.750000   data required time
                                             -6.096982   data arrival time
---------------------------------------------------------------------------------------------
                                             10.846982   slack (MET)



