                                                                        Cells by Master                                                                         
┏━━━━━━━━━━━━━━━━━━━━━━━━━━━━━━━━━━━━━━━━━━━━━━━━━━━━━━━━━━━━━━━━━━━━━━━━━━━━━━━━━━━━━━━━━━━━━━━━━━━━━━━━━━━━━━━━━━━━━━━━━━━━━━━━━┳━━━━━━━━━━━━━━━━━━━━━━━━━━━━┓
┃ Cell                                                                                                                            ┃ Count                      ┃
┡━━━━━━━━━━━━━━━━━━━━━━━━━━━━━━━━━━━━━━━━━━━━━━━━━━━━━━━━━━━━━━━━━━━━━━━━━━━━━━━━━━━━━━━━━━━━━━━━━━━━━━━━━━━━━━━━━━━━━━━━━━━━━━━━━╇━━━━━━━━━━━━━━━━━━━━━━━━━━━━┩
│ sky130_fd_sc_hd__a2111o_1                                                                                                       │ 5                          │
│ sky130_fd_sc_hd__a221o_1                                                                                                        │ 5                          │
│ sky130_fd_sc_hd__a22o_1                                                                                                         │ 3                          │
│ sky130_fd_sc_hd__and2_1                                                                                                         │ 3                          │
│ sky130_fd_sc_hd__and3b_1                                                                                                        │ 1                          │
│ sky130_fd_sc_hd__and4b_1                                                                                                        │ 12                         │
│ sky130_fd_sc_hd__and4bb_1                                                                                                       │ 12                         │
│ sky130_fd_sc_hd__buf_1                                                                                                          │ 6                          │
│ sky130_fd_sc_hd__buf_2                                                                                                          │ 11                         │
│ sky130_fd_sc_hd__clkbuf_1                                                                                                       │ 1                          │
│ sky130_fd_sc_hd__clkbuf_2                                                                                                       │ 16                         │
│ sky130_fd_sc_hd__decap_3                                                                                                        │ 109                        │
│ sky130_fd_sc_hd__fill_1                                                                                                         │ 21                         │
│ sky130_fd_sc_hd__fill_2                                                                                                         │ 21                         │
│ sky130_fd_sc_hd__nand3_4                                                                                                        │ 1                          │
│ sky130_fd_sc_hd__nor3_1                                                                                                         │ 1                          │
│ sky130_fd_sc_hd__nor3b_1                                                                                                        │ 1                          │
│ sky130_fd_sc_hd__nor3b_2                                                                                                        │ 1                          │
│ sky130_fd_sc_hd__o211a_1                                                                                                        │ 8                          │
│ sky130_fd_sc_hd__o22a_1                                                                                                         │ 5                          │
│ sky130_fd_sc_hd__o32a_1                                                                                                         │ 3                          │
│ sky130_fd_sc_hd__or4_1                                                                                                          │ 3                          │
│ sky130_fd_sc_hd__tapvpwrvgnd_1                                                                                                  │ 15                         │
└─────────────────────────────────────────────────────────────────────────────────────────────────────────────────────────────────┴────────────────────────────┘
