[WARNING ORD-0039] .openroad ignored with -python
                                Cells by Master                                 
┏━━━━━━━━━━━━━━━━━━━━━━━━━━━━━━━━━━━━━━━━━━━━━━━━━━━━━━━━━━━━━━━━┳━━━━━━━━━━━━━┓
┃ Cell                                                           ┃ Count       ┃
┡━━━━━━━━━━━━━━━━━━━━━━━━━━━━━━━━━━━━━━━━━━━━━━━━━━━━━━━━━━━━━━━━╇━━━━━━━━━━━━━┩
│ sky130_fd_sc_hd__a2111o_1                                      │ 5           │
│ sky130_fd_sc_hd__a221o_1                                       │ 5           │
│ sky130_fd_sc_hd__a22o_1                                        │ 3           │
│ sky130_fd_sc_hd__and2_1                                        │ 3           │
│ sky130_fd_sc_hd__and3b_1                                       │ 1           │
│ sky130_fd_sc_hd__and4b_1                                       │ 12          │
│ sky130_fd_sc_hd__and4bb_1                                      │ 12          │
│ sky130_fd_sc_hd__buf_1                                         │ 6           │
│ sky130_fd_sc_hd__buf_2                                         │ 11          │
│ sky130_fd_sc_hd__clkbuf_1                                      │ 1           │
│ sky130_fd_sc_hd__clkbuf_2                                      │ 16          │
│ sky130_fd_sc_hd__decap_3                                       │ 109         │
│ sky130_fd_sc_hd__fill_1                                        │ 21          │
│ sky130_fd_sc_hd__fill_2                                        │ 21          │
│ sky130_fd_sc_hd__nand3_4                                       │ 1           │
│ sky130_fd_sc_hd__nor3_1                                        │ 1           │
│ sky130_fd_sc_hd__nor3b_1                                       │ 1           │
│ sky130_fd_sc_hd__nor3b_2                                       │ 1           │
│ sky130_fd_sc_hd__o211a_1                                       │ 8           │
│ sky130_fd_sc_hd__o22a_1                                        │ 5           │
│ sky130_fd_sc_hd__o32a_1                                        │ 3           │
│ sky130_fd_sc_hd__or4_1                                         │ 3           │
│ sky130_fd_sc_hd__tapvpwrvgnd_1                                 │ 15          │
└────────────────────────────────────────────────────────────────┴─────────────┘
                               Cells by Function                                
┏━━━━━━━━━━━━━━━━━━━━━━━━━━━━━━━━━━━━━━━━━━━━━━━━━━━━━━━━━━━━━━━┳━━━━━━━━━━━━━━┓
┃ Cell Function                                                 ┃ Count        ┃
┡━━━━━━━━━━━━━━━━━━━━━━━━━━━━━━━━━━━━━━━━━━━━━━━━━━━━━━━━━━━━━━━╇━━━━━━━━━━━━━━┩
│ sky130_fd_sc_hd__a2111o                                       │ 5            │
│ sky130_fd_sc_hd__a221o                                        │ 5            │
│ sky130_fd_sc_hd__a22o                                         │ 3            │
│ sky130_fd_sc_hd__and2                                         │ 3            │
│ sky130_fd_sc_hd__and3b                                        │ 1            │
│ sky130_fd_sc_hd__and4b                                        │ 12           │
│ sky130_fd_sc_hd__and4bb                                       │ 12           │
│ sky130_fd_sc_hd__buf                                          │ 17           │
│ sky130_fd_sc_hd__clkbuf                                       │ 17           │
│ sky130_fd_sc_hd__decap                                        │ 109          │
│ sky130_fd_sc_hd__fill                                         │ 42           │
│ sky130_fd_sc_hd__nand3                                        │ 1            │
│ sky130_fd_sc_hd__nor3                                         │ 1            │
│ sky130_fd_sc_hd__nor3b                                        │ 2            │
│ sky130_fd_sc_hd__o211a                                        │ 8            │
│ sky130_fd_sc_hd__o22a                                         │ 5            │
│ sky130_fd_sc_hd__o32a                                         │ 3            │
│ sky130_fd_sc_hd__or4                                          │ 3            │
│ sky130_fd_sc_hd__tapvpwrvgnd                                  │ 15           │
└───────────────────────────────────────────────────────────────┴──────────────┘
                                  Cells by SCL                                  
┏━━━━━━━━━━━━━━━━━━━━━━━━━━━━━━━━━━━━━━━━━━━━━━━━━━━━━━━┳━━━━━━━━━━━━━━━━━━━━━━┓
┃ SCL                                                   ┃ Count                ┃
┡━━━━━━━━━━━━━━━━━━━━━━━━━━━━━━━━━━━━━━━━━━━━━━━━━━━━━━━╇━━━━━━━━━━━━━━━━━━━━━━┩
│ sky130_fd_sc_hd                                       │ 264                  │
└───────────────────────────────────────────────────────┴──────────────────────┘
                             Buffers by Cell Master                             
┏━━━━━━━━━━━━━━━━━━━━━━━━━━━━━━━━━━━━━━━━━━━━━━━━━━━━━━━━━━━━━━┳━━━━━━━━━━━━━━━┓
┃ Buffer                                                       ┃ Count         ┃
┡━━━━━━━━━━━━━━━━━━━━━━━━━━━━━━━━━━━━━━━━━━━━━━━━━━━━━━━━━━━━━━╇━━━━━━━━━━━━━━━┩
│ sky130_fd_sc_hd__buf_1                                       │ 6             │
│ sky130_fd_sc_hd__buf_2                                       │ 11            │
│ sky130_fd_sc_hd__clkbuf_1                                    │ 1             │
│ sky130_fd_sc_hd__clkbuf_2                                    │ 16            │
└──────────────────────────────────────────────────────────────┴───────────────┘
