
===========================================================================
report_checks -unconstrained
===========================================================================
======================= min_ss_100C_1v60 Corner ===================================

Startpoint: amt[1] (input port clocked by clk)
Endpoint: result[5] (output port clocked by clk)
Path Group: clk
Path Type: max

Fanout         Cap        Slew       Delay        Time   Description
---------------------------------------------------------------------------------------------
                      0.000000    0.000000    0.000000   clock clk (rise edge)
                                  0.000000    0.000000   clock network delay (ideal)
                                  5.000000    5.000000 ^ input external delay
     1    0.003675    0.038110    0.020383    5.020383 ^ amt[1] (in)
                                                         amt[1] (net)
                      0.038110    0.000000    5.020383 ^ input2/A (sky130_fd_sc_hd__clkbuf_1)
     1    0.003039    0.076620    0.139209    5.159593 ^ input2/X (sky130_fd_sc_hd__clkbuf_1)
                                                         net2 (net)
                      0.076620    0.000033    5.159626 ^ fanout30/A (sky130_fd_sc_hd__buf_1)
     5    0.019034    0.366673    0.365716    5.525342 ^ fanout30/X (sky130_fd_sc_hd__buf_1)
                                                         net30 (net)
                      0.366673    0.000199    5.525541 ^ fanout27/A (sky130_fd_sc_hd__buf_1)
     6    0.015246    0.296496    0.416696    5.942236 ^ fanout27/X (sky130_fd_sc_hd__buf_1)
                                                         net27 (net)
                      0.296496    0.000124    5.942360 ^ _099_/B_N (sky130_fd_sc_hd__and4bb_1)
     1    0.001904    0.068631    0.494485    6.436845 v _099_/X (sky130_fd_sc_hd__and4bb_1)
                                                         _038_ (net)
                      0.068631    0.000018    6.436863 v _103_/A (sky130_fd_sc_hd__or4_1)
     1    0.003211    0.186778    1.210940    7.647803 v _103_/X (sky130_fd_sc_hd__or4_1)
                                                         _042_ (net)
                      0.186778    0.000036    7.647840 v _104_/A3 (sky130_fd_sc_hd__o32a_1)
     1    0.002993    0.113857    0.568248    8.216087 v _104_/X (sky130_fd_sc_hd__o32a_1)
                                                         net17 (net)
                      0.113857    0.000037    8.216125 v output17/A (sky130_fd_sc_hd__buf_2)
     1    0.035299    0.169851    0.369117    8.585242 v output17/X (sky130_fd_sc_hd__buf_2)
                                                         result[5] (net)
                      0.169851    0.000203    8.585445 v result[5] (out)
                                              8.585445   data arrival time

                      0.000000   25.000000   25.000000   clock clk (rise edge)
                                  0.000000   25.000000   clock network delay (ideal)
                                 -0.250000   24.750000   clock uncertainty
                                  0.000000   24.750000   clock reconvergence pessimism
                                 -5.000000   19.750000   output external delay
                                             19.750000   data required time
---------------------------------------------------------------------------------------------
                                             19.750000   data required time
                                             -8.585445   data arrival time
---------------------------------------------------------------------------------------------
                                             11.164554   slack (MET)




===========================================================================
report_checks --slack_max -0.01
============================================================================
======================= min_ss_100C_1v60 Corner ===================================

No paths found.


===========================================================================
 report_check_types -max_slew -max_cap -max_fanout -violators
============================================================================
======================= min_ss_100C_1v60 Corner ===================================



===========================================================================
report_parasitic_annotation -report_unannotated
============================================================================
Found 0 unannotated drivers.
Found 0 partially unannotated drivers.

===========================================================================
max slew violation count 0
max fanout violation count 0
max cap violation count 0
============================================================================

===========================================================================
check_setup -verbose -unconstrained_endpoints -multiple_clock -no_clock -no_input_delay -loops -generated_clocks
===========================================================================
