
===========================================================================
report_checks -unconstrained
===========================================================================
======================= nom_ss_100C_1v60 Corner ===================================

Startpoint: data2[6] (input port clocked by clk)
Endpoint: z (output port clocked by clk)
Path Group: clk
Path Type: max

Fanout         Cap        Slew       Delay        Time   Description
---------------------------------------------------------------------------------------------
                      0.000000    0.000000    0.000000   clock clk (rise edge)
                                  0.000000    0.000000   clock network delay (ideal)
                                  5.000000    5.000000 v input external delay
     1    0.002834    0.018589    0.009345    5.009345 v data2[6] (in)
                                                         data2[6] (net)
                      0.018589    0.000000    5.009345 v input15/A (sky130_fd_sc_hd__clkbuf_1)
     1    0.003316    0.055593    0.142036    5.151381 v input15/X (sky130_fd_sc_hd__clkbuf_1)
                                                         net15 (net)
                      0.055593    0.000101    5.151482 v fanout40/A (sky130_fd_sc_hd__dlymetal6s2s_1)
     6    0.018926    0.201160    0.388488    5.539970 v fanout40/X (sky130_fd_sc_hd__dlymetal6s2s_1)
                                                         net40 (net)
                      0.201160    0.000285    5.540255 v fanout39/A (sky130_fd_sc_hd__clkbuf_2)
    10    0.026870    0.192625    0.362830    5.903085 v fanout39/X (sky130_fd_sc_hd__clkbuf_2)
                                                         net39 (net)
                      0.192625    0.000299    5.903385 v _152_/B (sky130_fd_sc_hd__and2_2)
     9    0.035989    0.199384    0.601621    6.505005 v _152_/X (sky130_fd_sc_hd__and2_2)
                                                         _083_ (net)
                      0.199389    0.001346    6.506351 v _205_/A2 (sky130_fd_sc_hd__a221o_1)
     1    0.001640    0.080442    0.666331    7.172682 v _205_/X (sky130_fd_sc_hd__a221o_1)
                                                         _007_ (net)
                      0.080442    0.000047    7.172729 v _207_/C (sky130_fd_sc_hd__or4_1)
     1    0.004709    0.203755    1.148296    8.321024 v _207_/X (sky130_fd_sc_hd__or4_1)
                                                         _009_ (net)
                      0.203755    0.000163    8.321188 v _208_/C1 (sky130_fd_sc_hd__o211a_1)
     1    0.002970    0.072498    0.260823    8.582011 v _208_/X (sky130_fd_sc_hd__o211a_1)
                                                         _010_ (net)
                      0.072498    0.000091    8.582102 v _213_/A1 (sky130_fd_sc_hd__o32a_1)
     2    0.005888    0.147523    0.673942    9.256043 v _213_/X (sky130_fd_sc_hd__o32a_1)
                                                         net21 (net)
                      0.147523    0.000171    9.256214 v _257_/A1 (sky130_fd_sc_hd__o21ba_1)
     1    0.002719    0.063083    0.360139    9.616352 v _257_/X (sky130_fd_sc_hd__o21ba_1)
                                                         _054_ (net)
                      0.063083    0.000055    9.616407 v _258_/B (sky130_fd_sc_hd__nor2_1)
     1    0.004340    0.170316    0.170775    9.787182 ^ _258_/Y (sky130_fd_sc_hd__nor2_1)
                                                         _055_ (net)
                      0.170316    0.000133    9.787315 ^ _259_/B2 (sky130_fd_sc_hd__o2bb2a_1)
     1    0.002515    0.076446    0.282375   10.069691 ^ _259_/X (sky130_fd_sc_hd__o2bb2a_1)
                                                         _056_ (net)
                      0.076446    0.000078   10.069768 ^ _260_/B1 (sky130_fd_sc_hd__o2bb2a_1)
     1    0.002160    0.071811    0.260860   10.330628 ^ _260_/X (sky130_fd_sc_hd__o2bb2a_1)
                                                         net28 (net)
                      0.071811    0.000061   10.330689 ^ output28/A (sky130_fd_sc_hd__buf_2)
     1    0.034204    0.271685    0.343957   10.674646 ^ output28/X (sky130_fd_sc_hd__buf_2)
                                                         z (net)
                      0.271685    0.000718   10.675364 ^ z (out)
                                             10.675364   data arrival time

                      0.000000   25.000000   25.000000   clock clk (rise edge)
                                  0.000000   25.000000   clock network delay (ideal)
                                 -0.250000   24.750000   clock uncertainty
                                  0.000000   24.750000   clock reconvergence pessimism
                                 -5.000000   19.750000   output external delay
                                             19.750000   data required time
---------------------------------------------------------------------------------------------
                                             19.750000   data required time
                                            -10.675364   data arrival time
---------------------------------------------------------------------------------------------
                                              9.074636   slack (MET)




===========================================================================
report_checks --slack_max -0.01
============================================================================
======================= nom_ss_100C_1v60 Corner ===================================

No paths found.


===========================================================================
 report_check_types -max_slew -max_cap -max_fanout -violators
============================================================================
======================= nom_ss_100C_1v60 Corner ===================================

max slew

Pin                                        Limit        Slew       Slack
------------------------------------------------------------------------
_180_/Y                                 0.750000    0.866336   -0.116336 (VIOLATED)
_204_/B                                 0.750000    0.866336   -0.116336 (VIOLATED)
_228_/B1                                0.750000    0.866336   -0.116336 (VIOLATED)
_238_/B1                                0.750000    0.866336   -0.116336 (VIOLATED)
max_cap29/A                             0.750000    0.866336   -0.116336 (VIOLATED)



===========================================================================
report_parasitic_annotation -report_unannotated
============================================================================
Found 0 unannotated drivers.
Found 0 partially unannotated drivers.

===========================================================================
max slew violation count 5
max fanout violation count 0
max cap violation count 0
============================================================================

===========================================================================
check_setup -verbose -unconstrained_endpoints -multiple_clock -no_clock -no_input_delay -loops -generated_clocks
===========================================================================
