Reading timing models for corner nom_ss_100C_1v60…
Reading cell library for the 'nom_ss_100C_1v60' corner at '/foss/pdks/sky130A/libs.ref/sky130_fd_sc_hd/lib/sky130_fd_sc_hd__ss_100C_1v60.lib'…
Reading top-level netlist at '/foss/designs/ece429-tt-design-project/src/runs/RUN_2026-05-16_00-53-55/51-openroad-fillinsertion/alu.nl.v'…
Linking design 'alu' from netlist…
Warning: /foss/designs/ece429-tt-design-project/src/runs/RUN_2026-05-16_00-53-55/51-openroad-fillinsertion/alu.nl.v line 805, module sky130_fd_sc_hd__tapvpwrvgnd_1 not found. Creating black box for TAP_TAPCELL_ROW_0_36.
Warning: /foss/designs/ece429-tt-design-project/src/runs/RUN_2026-05-16_00-53-55/51-openroad-fillinsertion/alu.nl.v line 928, module sky130_fd_sc_hd__fill_1 not found. Creating black box for FILLER_0_27.
Warning: /foss/designs/ece429-tt-design-project/src/runs/RUN_2026-05-16_00-53-55/51-openroad-fillinsertion/alu.nl.v line 951, module sky130_fd_sc_hd__fill_2 not found. Creating black box for FILLER_0_103.
Reading design constraints file at '/usr/local/lib/python3.12/dist-packages/librelane/scripts/base.sdc'…
Warning: base.sdc line 15, port 'clk' not found.
[INFO] Using clock clk…
[INFO] Setting output delay to: 5
[INFO] Setting input delay to: 5
Warning: base.sdc line 32, port 'clk' not found.
[INFO] Setting load to: 0.033442
[INFO] Setting clock uncertainty to: 0.25
[INFO] Setting clock transition to: 0.1499999999999999944488848768742172978818416595458984375
Warning: base.sdc line 69, transition time can not be specified for virtual clocks.
[INFO] Setting timing derate to: 5%
Warning: base.sdc line 79, virtual clock clk can not be propagated.
Reading top-level design parasitics for the 'nom_ss_100C_1v60' corner at '/foss/designs/ece429-tt-design-project/src/runs/RUN_2026-05-16_00-53-55/53-openroad-rcx/nom/alu.nom.spef'…
%OL_CREATE_REPORT min.rpt

===========================================================================
report_checks -path_delay min (Hold)
============================================================================
======================= nom_ss_100C_1v60 Corner ===================================

Startpoint: data2[4] (input port clocked by clk)
Endpoint: res[4] (output port clocked by clk)
Path Group: clk
Path Type: min

Fanout         Cap        Slew       Delay        Time   Description
---------------------------------------------------------------------------------------------
                      0.000000    0.000000    0.000000   clock clk (rise edge)
                                  0.000000    0.000000   clock network delay (ideal)
                                  5.000000    5.000000 v input external delay
     1    0.002936    0.018979    0.009666    5.009666 v data2[4] (in)
                                                         data2[4] (net)
                      0.018979    0.000000    5.009666 v input13/A (sky130_fd_sc_hd__clkbuf_1)
     3    0.007273    0.096157    0.175910    5.185576 v input13/X (sky130_fd_sc_hd__clkbuf_1)
                                                         net13 (net)
                      0.096157    0.000219    5.185796 v _223_/B2 (sky130_fd_sc_hd__o32a_1)
     2    0.006813    0.124535    0.355143    5.540939 v _223_/X (sky130_fd_sc_hd__o32a_1)
                                                         net24 (net)
                      0.124535    0.000222    5.541162 v output24/A (sky130_fd_sc_hd__buf_2)
     1    0.034123    0.165352    0.370180    5.911342 v output24/X (sky130_fd_sc_hd__buf_2)
                                                         res[4] (net)
                      0.165353    0.000663    5.912005 v res[4] (out)
                                              5.912005   data arrival time

                      0.000000    0.000000    0.000000   clock clk (rise edge)
                                  0.000000    0.000000   clock network delay (ideal)
                                  0.250000    0.250000   clock uncertainty
                                  0.000000    0.250000   clock reconvergence pessimism
                                 -5.000000   -4.750000   output external delay
                                             -4.750000   data required time
---------------------------------------------------------------------------------------------
                                             -4.750000   data required time
                                             -5.912005   data arrival time
---------------------------------------------------------------------------------------------
                                             10.662004   slack (MET)


Startpoint: data2[1] (input port clocked by clk)
Endpoint: res[1] (output port clocked by clk)
Path Group: clk
Path Type: min

Fanout         Cap        Slew       Delay        Time   Description
---------------------------------------------------------------------------------------------
                      0.000000    0.000000    0.000000   clock clk (rise edge)
                                  0.000000    0.000000   clock network delay (ideal)
                                  5.000000    5.000000 v input external delay
     1    0.002506    0.017346    0.008307    5.008307 v data2[1] (in)
                                                         data2[1] (net)
                      0.017346    0.000000    5.008307 v input10/A (sky130_fd_sc_hd__buf_1)
     4    0.008829    0.112516    0.188241    5.196548 v input10/X (sky130_fd_sc_hd__buf_1)
                                                         net10 (net)
                      0.112516    0.000205    5.196754 v _213_/B2 (sky130_fd_sc_hd__o32a_1)
     2    0.005888    0.114726    0.351833    5.548587 v _213_/X (sky130_fd_sc_hd__o32a_1)
                                                         net21 (net)
                      0.114726    0.000143    5.548730 v output21/A (sky130_fd_sc_hd__buf_2)
     1    0.034994    0.168792    0.368228    5.916958 v output21/X (sky130_fd_sc_hd__buf_2)
                                                         res[1] (net)
                      0.168793    0.000681    5.917639 v res[1] (out)
                                              5.917639   data arrival time

                      0.000000    0.000000    0.000000   clock clk (rise edge)
                                  0.000000    0.000000   clock network delay (ideal)
                                  0.250000    0.250000   clock uncertainty
                                  0.000000    0.250000   clock reconvergence pessimism
                                 -5.000000   -4.750000   output external delay
                                             -4.750000   data required time
---------------------------------------------------------------------------------------------
                                             -4.750000   data required time
                                             -5.917639   data arrival time
---------------------------------------------------------------------------------------------
                                             10.667640   slack (MET)


Startpoint: data2[2] (input port clocked by clk)
Endpoint: res[2] (output port clocked by clk)
Path Group: clk
Path Type: min

Fanout         Cap        Slew       Delay        Time   Description
---------------------------------------------------------------------------------------------
                      0.000000    0.000000    0.000000   clock clk (rise edge)
                                  0.000000    0.000000   clock network delay (ideal)
                                  5.000000    5.000000 v input external delay
     1    0.002930    0.018954    0.009646    5.009646 v data2[2] (in)
                                                         data2[2] (net)
                      0.018954    0.000000    5.009646 v input11/A (sky130_fd_sc_hd__buf_1)
     4    0.010056    0.125476    0.199021    5.208667 v input11/X (sky130_fd_sc_hd__buf_1)
                                                         net11 (net)
                      0.125476    0.000242    5.208910 v _256_/B2 (sky130_fd_sc_hd__o32a_1)
     2    0.005408    0.109749    0.351980    5.560890 v _256_/X (sky130_fd_sc_hd__o32a_1)
                                                         net22 (net)
                      0.109749    0.000127    5.561017 v output22/A (sky130_fd_sc_hd__buf_2)
     1    0.034354    0.166278    0.363714    5.924731 v output22/X (sky130_fd_sc_hd__buf_2)
                                                         res[2] (net)
                      0.166279    0.000774    5.925505 v res[2] (out)
                                              5.925505   data arrival time

                      0.000000    0.000000    0.000000   clock clk (rise edge)
                                  0.000000    0.000000   clock network delay (ideal)
                                  0.250000    0.250000   clock uncertainty
                                  0.000000    0.250000   clock reconvergence pessimism
                                 -5.000000   -4.750000   output external delay
                                             -4.750000   data required time
---------------------------------------------------------------------------------------------
                                             -4.750000   data required time
                                             -5.925505   data arrival time
---------------------------------------------------------------------------------------------
                                             10.675506   slack (MET)


Startpoint: data2[3] (input port clocked by clk)
Endpoint: res[3] (output port clocked by clk)
Path Group: clk
Path Type: min

Fanout         Cap        Slew       Delay        Time   Description
---------------------------------------------------------------------------------------------
                      0.000000    0.000000    0.000000   clock clk (rise edge)
                                  0.000000    0.000000   clock network delay (ideal)
                                  5.000000    5.000000 v input external delay
     1    0.002929    0.018952    0.009644    5.009645 v data2[3] (in)
                                                         data2[3] (net)
                      0.018952    0.000000    5.009645 v input12/A (sky130_fd_sc_hd__buf_1)
     4    0.009809    0.122865    0.196995    5.206640 v input12/X (sky130_fd_sc_hd__buf_1)
                                                         net12 (net)
                      0.122865    0.000235    5.206875 v _234_/B2 (sky130_fd_sc_hd__o32a_1)
     2    0.006116    0.117120    0.358646    5.565521 v _234_/X (sky130_fd_sc_hd__o32a_1)
                                                         net23 (net)
                      0.117120    0.000134    5.565655 v output23/A (sky130_fd_sc_hd__buf_2)
     1    0.034394    0.166451    0.367387    5.933042 v output23/X (sky130_fd_sc_hd__buf_2)
                                                         res[3] (net)
                      0.166452    0.000789    5.933831 v res[3] (out)
                                              5.933831   data arrival time

                      0.000000    0.000000    0.000000   clock clk (rise edge)
                                  0.000000    0.000000   clock network delay (ideal)
                                  0.250000    0.250000   clock uncertainty
                                  0.000000    0.250000   clock reconvergence pessimism
                                 -5.000000   -4.750000   output external delay
                                             -4.750000   data required time
---------------------------------------------------------------------------------------------
                                             -4.750000   data required time
                                             -5.933831   data arrival time
---------------------------------------------------------------------------------------------
                                             10.683831   slack (MET)


Startpoint: data2[0] (input port clocked by clk)
Endpoint: res[0] (output port clocked by clk)
Path Group: clk
Path Type: min

Fanout         Cap        Slew       Delay        Time   Description
---------------------------------------------------------------------------------------------
                      0.000000    0.000000    0.000000   clock clk (rise edge)
                                  0.000000    0.000000   clock network delay (ideal)
                                  5.000000    5.000000 v input external delay
     1    0.002855    0.018670    0.009408    5.009408 v data2[0] (in)
                                                         data2[0] (net)
                      0.018670    0.000000    5.009408 v input9/A (sky130_fd_sc_hd__clkbuf_2)
     7    0.021833    0.159637    0.252760    5.262169 v input9/X (sky130_fd_sc_hd__clkbuf_2)
                                                         net9 (net)
                      0.159638    0.000707    5.262876 v _244_/B2 (sky130_fd_sc_hd__o32a_1)
     2    0.007439    0.131327    0.388389    5.651265 v _244_/X (sky130_fd_sc_hd__o32a_1)
                                                         net20 (net)
                      0.131327    0.000220    5.651485 v output20/A (sky130_fd_sc_hd__buf_2)
     1    0.034106    0.165294    0.373404    6.024889 v output20/X (sky130_fd_sc_hd__buf_2)
                                                         res[0] (net)
                      0.165294    0.000658    6.025547 v res[0] (out)
                                              6.025547   data arrival time

                      0.000000    0.000000    0.000000   clock clk (rise edge)
                                  0.000000    0.000000   clock network delay (ideal)
                                  0.250000    0.250000   clock uncertainty
                                  0.000000    0.250000   clock reconvergence pessimism
                                 -5.000000   -4.750000   output external delay
                                             -4.750000   data required time
---------------------------------------------------------------------------------------------
                                             -4.750000   data required time
                                             -6.025547   data arrival time
---------------------------------------------------------------------------------------------
                                             10.775547   slack (MET)


Startpoint: data2[6] (input port clocked by clk)
Endpoint: res[6] (output port clocked by clk)
Path Group: clk
Path Type: min

Fanout         Cap        Slew       Delay        Time   Description
---------------------------------------------------------------------------------------------
                      0.000000    0.000000    0.000000   clock clk (rise edge)
                                  0.000000    0.000000   clock network delay (ideal)
                                  5.000000    5.000000 ^ input external delay
     1    0.002963    0.033332    0.016655    5.016655 ^ data2[6] (in)
                                                         data2[6] (net)
                      0.033332    0.000000    5.016655 ^ input15/A (sky130_fd_sc_hd__clkbuf_1)
     1    0.003431    0.083367    0.142313    5.158968 ^ input15/X (sky130_fd_sc_hd__clkbuf_1)
                                                         net15 (net)
                      0.083367    0.000105    5.159074 ^ fanout40/A (sky130_fd_sc_hd__dlymetal6s2s_1)
     6    0.019706    0.323894    0.350898    5.509972 ^ fanout40/X (sky130_fd_sc_hd__dlymetal6s2s_1)
                                                         net40 (net)
                      0.323895    0.000625    5.510597 ^ _188_/A1 (sky130_fd_sc_hd__o22a_1)
     2    0.004093    0.089583    0.383667    5.894264 ^ _188_/X (sky130_fd_sc_hd__o22a_1)
                                                         net26 (net)
                      0.089583    0.000082    5.894346 ^ output26/A (sky130_fd_sc_hd__buf_2)
     1    0.034416    0.273297    0.353300    6.247646 ^ output26/X (sky130_fd_sc_hd__buf_2)
                                                         res[6] (net)
                      0.273297    0.000768    6.248414 ^ res[6] (out)
                                              6.248414   data arrival time

                      0.000000    0.000000    0.000000   clock clk (rise edge)
                                  0.000000    0.000000   clock network delay (ideal)
                                  0.250000    0.250000   clock uncertainty
                                  0.000000    0.250000   clock reconvergence pessimism
                                 -5.000000   -4.750000   output external delay
                                             -4.750000   data required time
---------------------------------------------------------------------------------------------
                                             -4.750000   data required time
                                             -6.248414   data arrival time
---------------------------------------------------------------------------------------------
                                             10.998413   slack (MET)


Startpoint: data2[7] (input port clocked by clk)
Endpoint: res[7] (output port clocked by clk)
Path Group: clk
Path Type: min

Fanout         Cap        Slew       Delay        Time   Description
---------------------------------------------------------------------------------------------
                      0.000000    0.000000    0.000000   clock clk (rise edge)
                                  0.000000    0.000000   clock network delay (ideal)
                                  5.000000    5.000000 ^ input external delay
     1    0.002793    0.032207    0.015756    5.015757 ^ data2[7] (in)
                                                         data2[7] (net)
                      0.032207    0.000000    5.015757 ^ input16/A (sky130_fd_sc_hd__clkbuf_1)
     1    0.003601    0.086296    0.144095    5.159852 ^ input16/X (sky130_fd_sc_hd__clkbuf_1)
                                                         net16 (net)
                      0.086296    0.000112    5.159963 ^ fanout38/A (sky130_fd_sc_hd__buf_1)
     5    0.016112    0.313166    0.331388    5.491351 ^ fanout38/X (sky130_fd_sc_hd__buf_1)
                                                         net38 (net)
                      0.313166    0.000170    5.491521 ^ _189_/A (sky130_fd_sc_hd__or2_1)
     2    0.003750    0.077871    0.271796    5.763318 ^ _189_/X (sky130_fd_sc_hd__or2_1)
                                                         _118_ (net)
                      0.077871    0.000087    5.763404 ^ _202_/A (sky130_fd_sc_hd__and2_1)
     1    0.001824    0.067064    0.205568    5.968972 ^ _202_/X (sky130_fd_sc_hd__and2_1)
                                                         net27 (net)
                      0.067064    0.000034    5.969007 ^ output27/A (sky130_fd_sc_hd__buf_2)
     1    0.034168    0.271405    0.341595    6.310602 ^ output27/X (sky130_fd_sc_hd__buf_2)
                                                         res[7] (net)
                      0.271405    0.000707    6.311308 ^ res[7] (out)
                                              6.311308   data arrival time

                      0.000000    0.000000    0.000000   clock clk (rise edge)
                                  0.000000    0.000000   clock network delay (ideal)
                                  0.250000    0.250000   clock uncertainty
                                  0.000000    0.250000   clock reconvergence pessimism
                                 -5.000000   -4.750000   output external delay
                                             -4.750000   data required time
---------------------------------------------------------------------------------------------
                                             -4.750000   data required time
                                             -6.311308   data arrival time
---------------------------------------------------------------------------------------------
                                             11.061309   slack (MET)


Startpoint: data2[5] (input port clocked by clk)
Endpoint: res[5] (output port clocked by clk)
Path Group: clk
Path Type: min

Fanout         Cap        Slew       Delay        Time   Description
---------------------------------------------------------------------------------------------
                      0.000000    0.000000    0.000000   clock clk (rise edge)
                                  0.000000    0.000000   clock network delay (ideal)
                                  5.000000    5.000000 ^ input external delay
     1    0.002654    0.031291    0.015020    5.015020 ^ data2[5] (in)
                                                         data2[5] (net)
                      0.031291    0.000000    5.015020 ^ input14/A (sky130_fd_sc_hd__clkbuf_1)
     1    0.005617    0.121977    0.169983    5.185003 ^ input14/X (sky130_fd_sc_hd__clkbuf_1)
                                                         net14 (net)
                      0.121977    0.000230    5.185233 ^ fanout42/A (sky130_fd_sc_hd__buf_1)
     5    0.014389    0.281201    0.323581    5.508814 ^ fanout42/X (sky130_fd_sc_hd__buf_1)
                                                         net42 (net)
                      0.281201    0.000190    5.509004 ^ _128_/A (sky130_fd_sc_hd__or2_1)
     2    0.003501    0.074643    0.258559    5.767562 ^ _128_/X (sky130_fd_sc_hd__or2_1)
                                                         _059_ (net)
                      0.074643    0.000084    5.767646 ^ _171_/A (sky130_fd_sc_hd__and2_1)
     1    0.001944    0.068585    0.205745    5.973391 ^ _171_/X (sky130_fd_sc_hd__and2_1)
                                                         net25 (net)
                      0.068585    0.000054    5.973445 ^ output25/A (sky130_fd_sc_hd__buf_2)
     1    0.034214    0.271750    0.342537    6.315983 ^ output25/X (sky130_fd_sc_hd__buf_2)
                                                         res[5] (net)
                      0.271750    0.000707    6.316689 ^ res[5] (out)
                                              6.316689   data arrival time

                      0.000000    0.000000    0.000000   clock clk (rise edge)
                                  0.000000    0.000000   clock network delay (ideal)
                                  0.250000    0.250000   clock uncertainty
                                  0.000000    0.250000   clock reconvergence pessimism
                                 -5.000000   -4.750000   output external delay
                                             -4.750000   data required time
---------------------------------------------------------------------------------------------
                                             -4.750000   data required time
                                             -6.316689   data arrival time
---------------------------------------------------------------------------------------------
                                             11.066689   slack (MET)


Startpoint: data2[4] (input port clocked by clk)
Endpoint: z (output port clocked by clk)
Path Group: clk
Path Type: min

Fanout         Cap        Slew       Delay        Time   Description
---------------------------------------------------------------------------------------------
                      0.000000    0.000000    0.000000   clock clk (rise edge)
                                  0.000000    0.000000   clock network delay (ideal)
                                  5.000000    5.000000 ^ input external delay
     1    0.003065    0.034003    0.017193    5.017193 ^ data2[4] (in)
                                                         data2[4] (net)
                      0.034004    0.000000    5.017193 ^ input13/A (sky130_fd_sc_hd__clkbuf_1)
     3    0.007702    0.159483    0.198184    5.215377 ^ input13/X (sky130_fd_sc_hd__clkbuf_1)
                                                         net13 (net)
                      0.159483    0.000234    5.215611 ^ _223_/B2 (sky130_fd_sc_hd__o32a_1)
     2    0.007017    0.140576    0.327983    5.543593 ^ _223_/X (sky130_fd_sc_hd__o32a_1)
                                                         net24 (net)
                      0.140576    0.000177    5.543770 ^ _259_/B1 (sky130_fd_sc_hd__o2bb2a_1)
     1    0.002515    0.073671    0.290526    5.834296 ^ _259_/X (sky130_fd_sc_hd__o2bb2a_1)
                                                         _056_ (net)
                      0.073671    0.000078    5.834374 ^ _260_/B1 (sky130_fd_sc_hd__o2bb2a_1)
     1    0.002160    0.069300    0.259611    6.093986 ^ _260_/X (sky130_fd_sc_hd__o2bb2a_1)
                                                         net28 (net)
                      0.069300    0.000061    6.094047 ^ output28/A (sky130_fd_sc_hd__buf_2)
     1    0.034204    0.271681    0.342806    6.436853 ^ output28/X (sky130_fd_sc_hd__buf_2)
                                                         z (net)
                      0.271681    0.000717    6.437571 ^ z (out)
                                              6.437571   data arrival time

                      0.000000    0.000000    0.000000   clock clk (rise edge)
                                  0.000000    0.000000   clock network delay (ideal)
                                  0.250000    0.250000   clock uncertainty
                                  0.000000    0.250000   clock reconvergence pessimism
                                 -5.000000   -4.750000   output external delay
                                             -4.750000   data required time
---------------------------------------------------------------------------------------------
                                             -4.750000   data required time
                                             -6.437571   data arrival time
---------------------------------------------------------------------------------------------
                                             11.187571   slack (MET)



%OL_END_REPORT
%OL_CREATE_REPORT max.rpt

===========================================================================
report_checks -path_delay max (Setup)
============================================================================
======================= nom_ss_100C_1v60 Corner ===================================

Startpoint: data2[6] (input port clocked by clk)
Endpoint: z (output port clocked by clk)
Path Group: clk
Path Type: max

Fanout         Cap        Slew       Delay        Time   Description
---------------------------------------------------------------------------------------------
                      0.000000    0.000000    0.000000   clock clk (rise edge)
                                  0.000000    0.000000   clock network delay (ideal)
                                  5.000000    5.000000 v input external delay
     1    0.002834    0.018589    0.009345    5.009345 v data2[6] (in)
                                                         data2[6] (net)
                      0.018589    0.000000    5.009345 v input15/A (sky130_fd_sc_hd__clkbuf_1)
     1    0.003316    0.055593    0.142036    5.151381 v input15/X (sky130_fd_sc_hd__clkbuf_1)
                                                         net15 (net)
                      0.055593    0.000101    5.151482 v fanout40/A (sky130_fd_sc_hd__dlymetal6s2s_1)
     6    0.018926    0.201160    0.388488    5.539970 v fanout40/X (sky130_fd_sc_hd__dlymetal6s2s_1)
                                                         net40 (net)
                      0.201160    0.000285    5.540255 v fanout39/A (sky130_fd_sc_hd__clkbuf_2)
    10    0.026870    0.192625    0.362830    5.903085 v fanout39/X (sky130_fd_sc_hd__clkbuf_2)
                                                         net39 (net)
                      0.192625    0.000299    5.903385 v _152_/B (sky130_fd_sc_hd__and2_2)
     9    0.035989    0.199384    0.601621    6.505005 v _152_/X (sky130_fd_sc_hd__and2_2)
                                                         _083_ (net)
                      0.199389    0.001346    6.506351 v _205_/A2 (sky130_fd_sc_hd__a221o_1)
     1    0.001640    0.080442    0.666331    7.172682 v _205_/X (sky130_fd_sc_hd__a221o_1)
                                                         _007_ (net)
                      0.080442    0.000047    7.172729 v _207_/C (sky130_fd_sc_hd__or4_1)
     1    0.004709    0.203755    1.148296    8.321024 v _207_/X (sky130_fd_sc_hd__or4_1)
                                                         _009_ (net)
                      0.203755    0.000163    8.321188 v _208_/C1 (sky130_fd_sc_hd__o211a_1)
     1    0.002970    0.072498    0.260823    8.582011 v _208_/X (sky130_fd_sc_hd__o211a_1)
                                                         _010_ (net)
                      0.072498    0.000091    8.582102 v _213_/A1 (sky130_fd_sc_hd__o32a_1)
     2    0.005888    0.147523    0.673942    9.256043 v _213_/X (sky130_fd_sc_hd__o32a_1)
                                                         net21 (net)
                      0.147523    0.000171    9.256214 v _257_/A1 (sky130_fd_sc_hd__o21ba_1)
     1    0.002719    0.063083    0.360139    9.616352 v _257_/X (sky130_fd_sc_hd__o21ba_1)
                                                         _054_ (net)
                      0.063083    0.000055    9.616407 v _258_/B (sky130_fd_sc_hd__nor2_1)
     1    0.004340    0.170316    0.170775    9.787182 ^ _258_/Y (sky130_fd_sc_hd__nor2_1)
                                                         _055_ (net)
                      0.170316    0.000133    9.787315 ^ _259_/B2 (sky130_fd_sc_hd__o2bb2a_1)
     1    0.002515    0.076446    0.282375   10.069691 ^ _259_/X (sky130_fd_sc_hd__o2bb2a_1)
                                                         _056_ (net)
                      0.076446    0.000078   10.069768 ^ _260_/B1 (sky130_fd_sc_hd__o2bb2a_1)
     1    0.002160    0.071811    0.260860   10.330628 ^ _260_/X (sky130_fd_sc_hd__o2bb2a_1)
                                                         net28 (net)
                      0.071811    0.000061   10.330689 ^ output28/A (sky130_fd_sc_hd__buf_2)
     1    0.034204    0.271685    0.343957   10.674646 ^ output28/X (sky130_fd_sc_hd__buf_2)
                                                         z (net)
                      0.271685    0.000718   10.675364 ^ z (out)
                                             10.675364   data arrival time

                      0.000000   25.000000   25.000000   clock clk (rise edge)
                                  0.000000   25.000000   clock network delay (ideal)
                                 -0.250000   24.750000   clock uncertainty
                                  0.000000   24.750000   clock reconvergence pessimism
                                 -5.000000   19.750000   output external delay
                                             19.750000   data required time
---------------------------------------------------------------------------------------------
                                             19.750000   data required time
                                            -10.675364   data arrival time
---------------------------------------------------------------------------------------------
                                              9.074636   slack (MET)


Startpoint: data2[6] (input port clocked by clk)
Endpoint: res[1] (output port clocked by clk)
Path Group: clk
Path Type: max

Fanout         Cap        Slew       Delay        Time   Description
---------------------------------------------------------------------------------------------
                      0.000000    0.000000    0.000000   clock clk (rise edge)
                                  0.000000    0.000000   clock network delay (ideal)
                                  5.000000    5.000000 v input external delay
     1    0.002834    0.018589    0.009345    5.009345 v data2[6] (in)
                                                         data2[6] (net)
                      0.018589    0.000000    5.009345 v input15/A (sky130_fd_sc_hd__clkbuf_1)
     1    0.003316    0.055593    0.142036    5.151381 v input15/X (sky130_fd_sc_hd__clkbuf_1)
                                                         net15 (net)
                      0.055593    0.000101    5.151482 v fanout40/A (sky130_fd_sc_hd__dlymetal6s2s_1)
     6    0.018926    0.201160    0.388488    5.539970 v fanout40/X (sky130_fd_sc_hd__dlymetal6s2s_1)
                                                         net40 (net)
                      0.201160    0.000285    5.540255 v fanout39/A (sky130_fd_sc_hd__clkbuf_2)
    10    0.026870    0.192625    0.362830    5.903085 v fanout39/X (sky130_fd_sc_hd__clkbuf_2)
                                                         net39 (net)
                      0.192625    0.000299    5.903385 v _152_/B (sky130_fd_sc_hd__and2_2)
     9    0.035989    0.199384    0.601621    6.505005 v _152_/X (sky130_fd_sc_hd__and2_2)
                                                         _083_ (net)
                      0.199389    0.001346    6.506351 v _205_/A2 (sky130_fd_sc_hd__a221o_1)
     1    0.001640    0.080442    0.666331    7.172682 v _205_/X (sky130_fd_sc_hd__a221o_1)
                                                         _007_ (net)
                      0.080442    0.000047    7.172729 v _207_/C (sky130_fd_sc_hd__or4_1)
     1    0.004709    0.203755    1.148296    8.321024 v _207_/X (sky130_fd_sc_hd__or4_1)
                                                         _009_ (net)
                      0.203755    0.000163    8.321188 v _208_/C1 (sky130_fd_sc_hd__o211a_1)
     1    0.002970    0.072498    0.260823    8.582011 v _208_/X (sky130_fd_sc_hd__o211a_1)
                                                         _010_ (net)
                      0.072498    0.000091    8.582102 v _213_/A1 (sky130_fd_sc_hd__o32a_1)
     2    0.005888    0.147523    0.673942    9.256043 v _213_/X (sky130_fd_sc_hd__o32a_1)
                                                         net21 (net)
                      0.147523    0.000144    9.256187 v output21/A (sky130_fd_sc_hd__buf_2)
     1    0.034994    0.168837    0.384043    9.640230 v output21/X (sky130_fd_sc_hd__buf_2)
                                                         res[1] (net)
                      0.168837    0.000681    9.640911 v res[1] (out)
                                              9.640911   data arrival time

                      0.000000   25.000000   25.000000   clock clk (rise edge)
                                  0.000000   25.000000   clock network delay (ideal)
                                 -0.250000   24.750000   clock uncertainty
                                  0.000000   24.750000   clock reconvergence pessimism
                                 -5.000000   19.750000   output external delay
                                             19.750000   data required time
---------------------------------------------------------------------------------------------
                                             19.750000   data required time
                                             -9.640911   data arrival time
---------------------------------------------------------------------------------------------
                                             10.109088   slack (MET)


Startpoint: data2[7] (input port clocked by clk)
Endpoint: res[7] (output port clocked by clk)
Path Group: clk
Path Type: max

Fanout         Cap        Slew       Delay        Time   Description
---------------------------------------------------------------------------------------------
                      0.000000    0.000000    0.000000   clock clk (rise edge)
                                  0.000000    0.000000   clock network delay (ideal)
                                  5.000000    5.000000 ^ input external delay
     1    0.002793    0.032207    0.015756    5.015757 ^ data2[7] (in)
                                                         data2[7] (net)
                      0.032207    0.000000    5.015757 ^ input16/A (sky130_fd_sc_hd__clkbuf_1)
     1    0.003601    0.086296    0.144095    5.159852 ^ input16/X (sky130_fd_sc_hd__clkbuf_1)
                                                         net16 (net)
                      0.086296    0.000112    5.159963 ^ fanout38/A (sky130_fd_sc_hd__buf_1)
     5    0.016112    0.313166    0.331388    5.491351 ^ fanout38/X (sky130_fd_sc_hd__buf_1)
                                                         net38 (net)
                      0.313167    0.000548    5.491899 ^ fanout37/A (sky130_fd_sc_hd__clkbuf_2)
    10    0.032335    0.279637    0.447067    5.938966 ^ fanout37/X (sky130_fd_sc_hd__clkbuf_2)
                                                         net37 (net)
                      0.279637    0.000429    5.939395 ^ _160_/S (sky130_fd_sc_hd__mux2_1)
     3    0.006684    0.147240    0.824771    6.764165 v _160_/X (sky130_fd_sc_hd__mux2_1)
                                                         _091_ (net)
                      0.147240    0.000120    6.764286 v _195_/A2 (sky130_fd_sc_hd__a22o_1)
     1    0.003863    0.080925    0.453034    7.217319 v _195_/X (sky130_fd_sc_hd__a22o_1)
                                                         _124_ (net)
                      0.080925    0.000124    7.217443 v _196_/C1 (sky130_fd_sc_hd__a221o_1)
     1    0.003714    0.101633    0.505014    7.722457 v _196_/X (sky130_fd_sc_hd__a221o_1)
                                                         _125_ (net)
                      0.101633    0.000122    7.722579 v _198_/A2 (sky130_fd_sc_hd__o211a_1)
     1    0.004709    0.089484    0.408376    8.130956 v _198_/X (sky130_fd_sc_hd__o211a_1)
                                                         _001_ (net)
                      0.089484    0.000154    8.131109 v _200_/B1 (sky130_fd_sc_hd__a211o_1)
     1    0.003382    0.090592    0.509933    8.641043 v _200_/X (sky130_fd_sc_hd__a211o_1)
                                                         _003_ (net)
                      0.090592    0.000099    8.641142 v _201_/B1 (sky130_fd_sc_hd__a31o_1)
     2    0.004106    0.077845    0.352476    8.993619 v _201_/X (sky130_fd_sc_hd__a31o_1)
                                                         _004_ (net)
                      0.077845    0.000059    8.993677 v _202_/B (sky130_fd_sc_hd__and2_1)
     1    0.001696    0.059455    0.304461    9.298139 v _202_/X (sky130_fd_sc_hd__and2_1)
                                                         net27 (net)
                      0.059455    0.000032    9.298170 v output27/A (sky130_fd_sc_hd__buf_2)
     1    0.034168    0.165578    0.339388    9.637559 v output27/X (sky130_fd_sc_hd__buf_2)
                                                         res[7] (net)
                      0.165578    0.000707    9.638266 v res[7] (out)
                                              9.638266   data arrival time

                      0.000000   25.000000   25.000000   clock clk (rise edge)
                                  0.000000   25.000000   clock network delay (ideal)
                                 -0.250000   24.750000   clock uncertainty
                                  0.000000   24.750000   clock reconvergence pessimism
                                 -5.000000   19.750000   output external delay
                                             19.750000   data required time
---------------------------------------------------------------------------------------------
                                             19.750000   data required time
                                             -9.638266   data arrival time
---------------------------------------------------------------------------------------------
                                             10.111734   slack (MET)


Startpoint: data2[6] (input port clocked by clk)
Endpoint: res[0] (output port clocked by clk)
Path Group: clk
Path Type: max

Fanout         Cap        Slew       Delay        Time   Description
---------------------------------------------------------------------------------------------
                      0.000000    0.000000    0.000000   clock clk (rise edge)
                                  0.000000    0.000000   clock network delay (ideal)
                                  5.000000    5.000000 v input external delay
     1    0.002834    0.018589    0.009345    5.009345 v data2[6] (in)
                                                         data2[6] (net)
                      0.018589    0.000000    5.009345 v input15/A (sky130_fd_sc_hd__clkbuf_1)
     1    0.003316    0.055593    0.142036    5.151381 v input15/X (sky130_fd_sc_hd__clkbuf_1)
                                                         net15 (net)
                      0.055593    0.000101    5.151482 v fanout40/A (sky130_fd_sc_hd__dlymetal6s2s_1)
     6    0.018926    0.201160    0.388488    5.539970 v fanout40/X (sky130_fd_sc_hd__dlymetal6s2s_1)
                                                         net40 (net)
                      0.201160    0.000285    5.540255 v fanout39/A (sky130_fd_sc_hd__clkbuf_2)
    10    0.026870    0.192625    0.362830    5.903085 v fanout39/X (sky130_fd_sc_hd__clkbuf_2)
                                                         net39 (net)
                      0.192625    0.000299    5.903385 v _152_/B (sky130_fd_sc_hd__and2_2)
     9    0.035989    0.199384    0.601621    6.505005 v _152_/X (sky130_fd_sc_hd__and2_2)
                                                         _083_ (net)
                      0.199390    0.001430    6.506435 v _237_/A2 (sky130_fd_sc_hd__a221o_1)
     1    0.001951    0.083435    0.671136    7.177571 v _237_/X (sky130_fd_sc_hd__a221o_1)
                                                         _036_ (net)
                      0.083435    0.000055    7.177625 v _239_/C (sky130_fd_sc_hd__or4_1)
     1    0.002917    0.177053    1.104391    8.282016 v _239_/X (sky130_fd_sc_hd__or4_1)
                                                         _038_ (net)
                      0.177053    0.000085    8.282102 v _240_/C1 (sky130_fd_sc_hd__o211a_1)
     1    0.003167    0.074323    0.250403    8.532505 v _240_/X (sky130_fd_sc_hd__o211a_1)
                                                         _039_ (net)
                      0.074323    0.000098    8.532602 v _244_/A1 (sky130_fd_sc_hd__o32a_1)
     2    0.007439    0.162941    0.694871    9.227473 v _244_/X (sky130_fd_sc_hd__o32a_1)
                                                         net20 (net)
                      0.162941    0.000220    9.227694 v output20/A (sky130_fd_sc_hd__buf_2)
     1    0.034106    0.165336    0.388649    9.616343 v output20/X (sky130_fd_sc_hd__buf_2)
                                                         res[0] (net)
                      0.165337    0.000657    9.617000 v res[0] (out)
                                              9.617000   data arrival time

                      0.000000   25.000000   25.000000   clock clk (rise edge)
                                  0.000000   25.000000   clock network delay (ideal)
                                 -0.250000   24.750000   clock uncertainty
                                  0.000000   24.750000   clock reconvergence pessimism
                                 -5.000000   19.750000   output external delay
                                             19.750000   data required time
---------------------------------------------------------------------------------------------
                                             19.750000   data required time
                                             -9.617000   data arrival time
---------------------------------------------------------------------------------------------
                                             10.132999   slack (MET)


Startpoint: data2[7] (input port clocked by clk)
Endpoint: res[5] (output port clocked by clk)
Path Group: clk
Path Type: max

Fanout         Cap        Slew       Delay        Time   Description
---------------------------------------------------------------------------------------------
                      0.000000    0.000000    0.000000   clock clk (rise edge)
                                  0.000000    0.000000   clock network delay (ideal)
                                  5.000000    5.000000 v input external delay
     1    0.002664    0.017943    0.008808    5.008808 v data2[7] (in)
                                                         data2[7] (net)
                      0.017943    0.000000    5.008808 v input16/A (sky130_fd_sc_hd__clkbuf_1)
     1    0.003472    0.057147    0.143267    5.152074 v input16/X (sky130_fd_sc_hd__clkbuf_1)
                                                         net16 (net)
                      0.057147    0.000107    5.152182 v fanout38/A (sky130_fd_sc_hd__buf_1)
     5    0.015286    0.180666    0.257913    5.410095 v fanout38/X (sky130_fd_sc_hd__buf_1)
                                                         net38 (net)
                      0.180666    0.000520    5.410615 v fanout37/A (sky130_fd_sc_hd__clkbuf_2)
    10    0.030684    0.217557    0.371757    5.782372 v fanout37/X (sky130_fd_sc_hd__clkbuf_2)
                                                         net37 (net)
                      0.217557    0.000707    5.783079 v _151_/C_N (sky130_fd_sc_hd__nor3b_1)
     2    0.009073    0.117346    0.396951    6.180030 v _151_/Y (sky130_fd_sc_hd__nor3b_1)
                                                         _082_ (net)
                      0.117346    0.000261    6.180291 v max_cap33/A (sky130_fd_sc_hd__clkbuf_2)
     6    0.021305    0.156082    0.296461    6.476752 v max_cap33/X (sky130_fd_sc_hd__clkbuf_2)
                                                         net33 (net)
                      0.156082    0.000281    6.477033 v _155_/A2 (sky130_fd_sc_hd__a221o_1)
     1    0.002778    0.091414    0.665626    7.142659 v _155_/X (sky130_fd_sc_hd__a221o_1)
                                                         _086_ (net)
                      0.091414    0.000079    7.142738 v _163_/C1 (sky130_fd_sc_hd__a221o_1)
     1    0.003326    0.097268    0.502780    7.645518 v _163_/X (sky130_fd_sc_hd__a221o_1)
                                                         _094_ (net)
                      0.097268    0.000101    7.645619 v _164_/C1 (sky130_fd_sc_hd__a211o_1)
     1    0.005348    0.109159    0.467113    8.112732 v _164_/X (sky130_fd_sc_hd__a211o_1)
                                                         _095_ (net)
                      0.109159    0.000210    8.112943 v _166_/B1 (sky130_fd_sc_hd__o211a_1)
     1    0.006009    0.099580    0.273821    8.386764 v _166_/X (sky130_fd_sc_hd__o211a_1)
                                                         _097_ (net)
                      0.099580    0.000218    8.386982 v _170_/B1 (sky130_fd_sc_hd__a211o_1)
     2    0.003572    0.092591    0.516560    8.903543 v _170_/X (sky130_fd_sc_hd__a211o_1)
                                                         _101_ (net)
                      0.092591    0.000083    8.903625 v _171_/B (sky130_fd_sc_hd__and2_1)
     1    0.001816    0.060422    0.313041    9.216667 v _171_/X (sky130_fd_sc_hd__and2_1)
                                                         net25 (net)
                      0.060422    0.000051    9.216718 v output25/A (sky130_fd_sc_hd__buf_2)
     1    0.034214    0.165755    0.339979    9.556696 v output25/X (sky130_fd_sc_hd__buf_2)
                                                         res[5] (net)
                      0.165756    0.000707    9.557404 v res[5] (out)
                                              9.557404   data arrival time

                      0.000000   25.000000   25.000000   clock clk (rise edge)
                                  0.000000   25.000000   clock network delay (ideal)
                                 -0.250000   24.750000   clock uncertainty
                                  0.000000   24.750000   clock reconvergence pessimism
                                 -5.000000   19.750000   output external delay
                                             19.750000   data required time
---------------------------------------------------------------------------------------------
                                             19.750000   data required time
                                             -9.557404   data arrival time
---------------------------------------------------------------------------------------------
                                             10.192596   slack (MET)


Startpoint: data1[1] (input port clocked by clk)
Endpoint: res[6] (output port clocked by clk)
Path Group: clk
Path Type: max

Fanout         Cap        Slew       Delay        Time   Description
---------------------------------------------------------------------------------------------
                      0.000000    0.000000    0.000000   clock clk (rise edge)
                                  0.000000    0.000000   clock network delay (ideal)
                                  5.000000    5.000000 v input external delay
     1    0.003079    0.019531    0.010113    5.010113 v data1[1] (in)
                                                         data1[1] (net)
                      0.019531    0.000000    5.010113 v input2/A (sky130_fd_sc_hd__clkbuf_1)
     2    0.007943    0.103190    0.181670    5.191783 v input2/X (sky130_fd_sc_hd__clkbuf_1)
                                                         net2 (net)
                      0.103190    0.000153    5.191936 v fanout36/A (sky130_fd_sc_hd__buf_2)
    10    0.034058    0.165153    0.359477    5.551413 v fanout36/X (sky130_fd_sc_hd__buf_2)
                                                         net36 (net)
                      0.165153    0.000729    5.552142 v _141_/A (sky130_fd_sc_hd__or2_1)
     4    0.011975    0.178926    0.632032    6.184174 v _141_/X (sky130_fd_sc_hd__or2_1)
                                                         _072_ (net)
                      0.178926    0.000251    6.184425 v _142_/A3 (sky130_fd_sc_hd__a31o_1)
     3    0.009703    0.122984    0.493694    6.678119 v _142_/X (sky130_fd_sc_hd__a31o_1)
                                                         _073_ (net)
                      0.122984    0.000266    6.678385 v _144_/A1 (sky130_fd_sc_hd__a21bo_1)
     3    0.010015    0.119441    0.386501    7.064886 v _144_/X (sky130_fd_sc_hd__a21bo_1)
                                                         _075_ (net)
                      0.119441    0.000305    7.065191 v _145_/A2 (sky130_fd_sc_hd__a21o_1)
     4    0.011946    0.132583    0.409447    7.474638 v _145_/X (sky130_fd_sc_hd__a21o_1)
                                                         _076_ (net)
                      0.132583    0.000291    7.474929 v _175_/A2 (sky130_fd_sc_hd__a211o_1)
     2    0.005746    0.112119    0.595693    8.070622 v _175_/X (sky130_fd_sc_hd__a211o_1)
                                                         _105_ (net)
                      0.112119    0.000161    8.070784 v _176_/A2 (sky130_fd_sc_hd__a21o_1)
     1    0.002823    0.059965    0.331013    8.401796 v _176_/X (sky130_fd_sc_hd__a21o_1)
                                                         _106_ (net)
                      0.059965    0.000083    8.401878 v _187_/A2 (sky130_fd_sc_hd__a31o_1)
     1    0.002896    0.066602    0.359764    8.761642 v _187_/X (sky130_fd_sc_hd__a31o_1)
                                                         _117_ (net)
                      0.066602    0.000084    8.761726 v _188_/B2 (sky130_fd_sc_hd__o22a_1)
     2    0.003818    0.095078    0.320194    9.081921 v _188_/X (sky130_fd_sc_hd__o22a_1)
                                                         net26 (net)
                      0.095078    0.000076    9.081997 v output26/A (sky130_fd_sc_hd__buf_2)
     1    0.034416    0.166501    0.356842    9.438838 v output26/X (sky130_fd_sc_hd__buf_2)
                                                         res[6] (net)
                      0.166503    0.000767    9.439606 v res[6] (out)
                                              9.439606   data arrival time

                      0.000000   25.000000   25.000000   clock clk (rise edge)
                                  0.000000   25.000000   clock network delay (ideal)
                                 -0.250000   24.750000   clock uncertainty
                                  0.000000   24.750000   clock reconvergence pessimism
                                 -5.000000   19.750000   output external delay
                                             19.750000   data required time
---------------------------------------------------------------------------------------------
                                             19.750000   data required time
                                             -9.439606   data arrival time
---------------------------------------------------------------------------------------------
                                             10.310393   slack (MET)


Startpoint: data2[5] (input port clocked by clk)
Endpoint: res[3] (output port clocked by clk)
Path Group: clk
Path Type: max

Fanout         Cap        Slew       Delay        Time   Description
---------------------------------------------------------------------------------------------
                      0.000000    0.000000    0.000000   clock clk (rise edge)
                                  0.000000    0.000000   clock network delay (ideal)
                                  5.000000    5.000000 ^ input external delay
     1    0.002654    0.031291    0.015020    5.015020 ^ data2[5] (in)
                                                         data2[5] (net)
                      0.031291    0.000000    5.015020 ^ input14/A (sky130_fd_sc_hd__clkbuf_1)
     1    0.005617    0.121977    0.169983    5.185003 ^ input14/X (sky130_fd_sc_hd__clkbuf_1)
                                                         net14 (net)
                      0.121977    0.000230    5.185233 ^ fanout42/A (sky130_fd_sc_hd__buf_1)
     5    0.014389    0.281201    0.323581    5.508814 ^ fanout42/X (sky130_fd_sc_hd__buf_1)
                                                         net42 (net)
                      0.281201    0.000493    5.509307 ^ fanout41/A (sky130_fd_sc_hd__clkbuf_2)
    10    0.029475    0.256362    0.418470    5.927778 ^ fanout41/X (sky130_fd_sc_hd__clkbuf_2)
                                                         net41 (net)
                      0.256362    0.000933    5.928710 ^ _179_/A_N (sky130_fd_sc_hd__and3b_2)
     7    0.028838    0.178003    0.618045    6.546755 v _179_/X (sky130_fd_sc_hd__and3b_2)
                                                         _109_ (net)
                      0.178005    0.001016    6.547771 v _227_/B1 (sky130_fd_sc_hd__a22o_1)
     1    0.003369    0.076280    0.373288    6.921060 v _227_/X (sky130_fd_sc_hd__a22o_1)
                                                         _027_ (net)
                      0.076280    0.000101    6.921160 v _228_/C1 (sky130_fd_sc_hd__a221o_1)
     1    0.002918    0.092862    0.491400    7.412560 v _228_/X (sky130_fd_sc_hd__a221o_1)
                                                         _028_ (net)
                      0.092862    0.000086    7.412646 v _230_/B1 (sky130_fd_sc_hd__a211o_1)
     1    0.005848    0.113067    0.540831    7.953477 v _230_/X (sky130_fd_sc_hd__a211o_1)
                                                         _030_ (net)
                      0.113067    0.000237    7.953714 v _231_/C1 (sky130_fd_sc_hd__o211a_1)
     1    0.003892    0.081395    0.228220    8.181934 v _231_/X (sky130_fd_sc_hd__o211a_1)
                                                         _031_ (net)
                      0.081395    0.000132    8.182067 v _234_/A2 (sky130_fd_sc_hd__o32a_1)
     2    0.006116    0.149672    0.651822    8.833889 v _234_/X (sky130_fd_sc_hd__o32a_1)
                                                         net23 (net)
                      0.149672    0.000134    8.834023 v output23/A (sky130_fd_sc_hd__buf_2)
     1    0.034394    0.166495    0.383084    9.217107 v output23/X (sky130_fd_sc_hd__buf_2)
                                                         res[3] (net)
                      0.166496    0.000789    9.217896 v res[3] (out)
                                              9.217896   data arrival time

                      0.000000   25.000000   25.000000   clock clk (rise edge)
                                  0.000000   25.000000   clock network delay (ideal)
                                 -0.250000   24.750000   clock uncertainty
                                  0.000000   24.750000   clock reconvergence pessimism
                                 -5.000000   19.750000   output external delay
                                             19.750000   data required time
---------------------------------------------------------------------------------------------
                                             19.750000   data required time
                                             -9.217896   data arrival time
---------------------------------------------------------------------------------------------
                                             10.532104   slack (MET)


Startpoint: data2[7] (input port clocked by clk)
Endpoint: res[4] (output port clocked by clk)
Path Group: clk
Path Type: max

Fanout         Cap        Slew       Delay        Time   Description
---------------------------------------------------------------------------------------------
                      0.000000    0.000000    0.000000   clock clk (rise edge)
                                  0.000000    0.000000   clock network delay (ideal)
                                  5.000000    5.000000 ^ input external delay
     1    0.002793    0.032207    0.015756    5.015757 ^ data2[7] (in)
                                                         data2[7] (net)
                      0.032207    0.000000    5.015757 ^ input16/A (sky130_fd_sc_hd__clkbuf_1)
     1    0.003601    0.086296    0.144095    5.159852 ^ input16/X (sky130_fd_sc_hd__clkbuf_1)
                                                         net16 (net)
                      0.086296    0.000112    5.159963 ^ fanout38/A (sky130_fd_sc_hd__buf_1)
     5    0.016112    0.313166    0.331388    5.491351 ^ fanout38/X (sky130_fd_sc_hd__buf_1)
                                                         net38 (net)
                      0.313167    0.000548    5.491899 ^ fanout37/A (sky130_fd_sc_hd__clkbuf_2)
    10    0.032335    0.279637    0.447067    5.938966 ^ fanout37/X (sky130_fd_sc_hd__clkbuf_2)
                                                         net37 (net)
                      0.279637    0.000753    5.939719 ^ _180_/B (sky130_fd_sc_hd__nor3b_1)
     4    0.014654    0.158106    0.245345    6.185064 v _180_/Y (sky130_fd_sc_hd__nor3b_1)
                                                         _110_ (net)
                      0.158106    0.000431    6.185495 v max_cap29/A (sky130_fd_sc_hd__clkbuf_2)
     4    0.014035    0.111245    0.278632    6.464127 v max_cap29/X (sky130_fd_sc_hd__clkbuf_2)
                                                         net29 (net)
                      0.111245    0.000454    6.464581 v _217_/B1 (sky130_fd_sc_hd__a22o_1)
     1    0.003352    0.076091    0.347253    6.811834 v _217_/X (sky130_fd_sc_hd__a22o_1)
                                                         _018_ (net)
                      0.076091    0.000102    6.811936 v _218_/C1 (sky130_fd_sc_hd__a221o_1)
     1    0.004260    0.108174    0.511989    7.323925 v _218_/X (sky130_fd_sc_hd__a221o_1)
                                                         _019_ (net)
                      0.108174    0.000144    7.324069 v _219_/C1 (sky130_fd_sc_hd__a211o_1)
     1    0.002745    0.084393    0.437265    7.761335 v _219_/X (sky130_fd_sc_hd__a211o_1)
                                                         _020_ (net)
                      0.084393    0.000079    7.761414 v _220_/C1 (sky130_fd_sc_hd__o211a_1)
     1    0.003789    0.080421    0.213608    7.975022 v _220_/X (sky130_fd_sc_hd__o211a_1)
                                                         _021_ (net)
                      0.080421    0.000118    7.975140 v _223_/A2 (sky130_fd_sc_hd__o32a_1)
     2    0.006813    0.156527    0.660475    8.635615 v _223_/X (sky130_fd_sc_hd__o32a_1)
                                                         net24 (net)
                      0.156527    0.000222    8.635838 v output24/A (sky130_fd_sc_hd__buf_2)
     1    0.034123    0.165395    0.385607    9.021444 v output24/X (sky130_fd_sc_hd__buf_2)
                                                         res[4] (net)
                      0.165396    0.000663    9.022108 v res[4] (out)
                                              9.022108   data arrival time

                      0.000000   25.000000   25.000000   clock clk (rise edge)
                                  0.000000   25.000000   clock network delay (ideal)
                                 -0.250000   24.750000   clock uncertainty
                                  0.000000   24.750000   clock reconvergence pessimism
                                 -5.000000   19.750000   output external delay
                                             19.750000   data required time
---------------------------------------------------------------------------------------------
                                             19.750000   data required time
                                             -9.022108   data arrival time
---------------------------------------------------------------------------------------------
                                             10.727892   slack (MET)


Startpoint: data2[6] (input port clocked by clk)
Endpoint: res[2] (output port clocked by clk)
Path Group: clk
Path Type: max

Fanout         Cap        Slew       Delay        Time   Description
---------------------------------------------------------------------------------------------
                      0.000000    0.000000    0.000000   clock clk (rise edge)
                                  0.000000    0.000000   clock network delay (ideal)
                                  5.000000    5.000000 v input external delay
     1    0.002834    0.018589    0.009345    5.009345 v data2[6] (in)
                                                         data2[6] (net)
                      0.018589    0.000000    5.009345 v input15/A (sky130_fd_sc_hd__clkbuf_1)
     1    0.003316    0.055593    0.142036    5.151381 v input15/X (sky130_fd_sc_hd__clkbuf_1)
                                                         net15 (net)
                      0.055593    0.000101    5.151482 v fanout40/A (sky130_fd_sc_hd__dlymetal6s2s_1)
     6    0.018926    0.201160    0.388488    5.539970 v fanout40/X (sky130_fd_sc_hd__dlymetal6s2s_1)
                                                         net40 (net)
                      0.201160    0.000285    5.540255 v fanout39/A (sky130_fd_sc_hd__clkbuf_2)
    10    0.026870    0.192625    0.362830    5.903085 v fanout39/X (sky130_fd_sc_hd__clkbuf_2)
                                                         net39 (net)
                      0.192625    0.000299    5.903385 v _152_/B (sky130_fd_sc_hd__and2_2)
     9    0.035989    0.199384    0.601621    6.505005 v _152_/X (sky130_fd_sc_hd__and2_2)
                                                         _083_ (net)
                      0.199390    0.001426    6.506431 v _248_/A2 (sky130_fd_sc_hd__a221o_1)
     1    0.002721    0.090826    0.683018    7.189449 v _248_/X (sky130_fd_sc_hd__a221o_1)
                                                         _046_ (net)
                      0.090826    0.000079    7.189528 v _249_/B1 (sky130_fd_sc_hd__a21o_1)
     1    0.002966    0.061087    0.283963    7.473491 v _249_/X (sky130_fd_sc_hd__a21o_1)
                                                         _047_ (net)
                      0.061087    0.000086    7.473577 v _253_/A1 (sky130_fd_sc_hd__o21a_1)
     1    0.005326    0.087486    0.355675    7.829251 v _253_/X (sky130_fd_sc_hd__o21a_1)
                                                         _051_ (net)
                      0.087486    0.000199    7.829450 v _256_/A2 (sky130_fd_sc_hd__o32a_1)
     2    0.005408    0.143001    0.645037    8.474487 v _256_/X (sky130_fd_sc_hd__o32a_1)
                                                         net22 (net)
                      0.143001    0.000127    8.474614 v output22/A (sky130_fd_sc_hd__buf_2)
     1    0.034354    0.166323    0.379749    8.854362 v output22/X (sky130_fd_sc_hd__buf_2)
                                                         res[2] (net)
                      0.166324    0.000774    8.855137 v res[2] (out)
                                              8.855137   data arrival time

                      0.000000   25.000000   25.000000   clock clk (rise edge)
                                  0.000000   25.000000   clock network delay (ideal)
                                 -0.250000   24.750000   clock uncertainty
                                  0.000000   24.750000   clock reconvergence pessimism
                                 -5.000000   19.750000   output external delay
                                             19.750000   data required time
---------------------------------------------------------------------------------------------
                                             19.750000   data required time
                                             -8.855137   data arrival time
---------------------------------------------------------------------------------------------
                                             10.894862   slack (MET)



%OL_END_REPORT
%OL_CREATE_REPORT checks.rpt

===========================================================================
report_checks -unconstrained
===========================================================================
======================= nom_ss_100C_1v60 Corner ===================================

Startpoint: data2[6] (input port clocked by clk)
Endpoint: z (output port clocked by clk)
Path Group: clk
Path Type: max

Fanout         Cap        Slew       Delay        Time   Description
---------------------------------------------------------------------------------------------
                      0.000000    0.000000    0.000000   clock clk (rise edge)
                                  0.000000    0.000000   clock network delay (ideal)
                                  5.000000    5.000000 v input external delay
     1    0.002834    0.018589    0.009345    5.009345 v data2[6] (in)
                                                         data2[6] (net)
                      0.018589    0.000000    5.009345 v input15/A (sky130_fd_sc_hd__clkbuf_1)
     1    0.003316    0.055593    0.142036    5.151381 v input15/X (sky130_fd_sc_hd__clkbuf_1)
                                                         net15 (net)
                      0.055593    0.000101    5.151482 v fanout40/A (sky130_fd_sc_hd__dlymetal6s2s_1)
     6    0.018926    0.201160    0.388488    5.539970 v fanout40/X (sky130_fd_sc_hd__dlymetal6s2s_1)
                                                         net40 (net)
                      0.201160    0.000285    5.540255 v fanout39/A (sky130_fd_sc_hd__clkbuf_2)
    10    0.026870    0.192625    0.362830    5.903085 v fanout39/X (sky130_fd_sc_hd__clkbuf_2)
                                                         net39 (net)
                      0.192625    0.000299    5.903385 v _152_/B (sky130_fd_sc_hd__and2_2)
     9    0.035989    0.199384    0.601621    6.505005 v _152_/X (sky130_fd_sc_hd__and2_2)
                                                         _083_ (net)
                      0.199389    0.001346    6.506351 v _205_/A2 (sky130_fd_sc_hd__a221o_1)
     1    0.001640    0.080442    0.666331    7.172682 v _205_/X (sky130_fd_sc_hd__a221o_1)
                                                         _007_ (net)
                      0.080442    0.000047    7.172729 v _207_/C (sky130_fd_sc_hd__or4_1)
     1    0.004709    0.203755    1.148296    8.321024 v _207_/X (sky130_fd_sc_hd__or4_1)
                                                         _009_ (net)
                      0.203755    0.000163    8.321188 v _208_/C1 (sky130_fd_sc_hd__o211a_1)
     1    0.002970    0.072498    0.260823    8.582011 v _208_/X (sky130_fd_sc_hd__o211a_1)
                                                         _010_ (net)
                      0.072498    0.000091    8.582102 v _213_/A1 (sky130_fd_sc_hd__o32a_1)
     2    0.005888    0.147523    0.673942    9.256043 v _213_/X (sky130_fd_sc_hd__o32a_1)
                                                         net21 (net)
                      0.147523    0.000171    9.256214 v _257_/A1 (sky130_fd_sc_hd__o21ba_1)
     1    0.002719    0.063083    0.360139    9.616352 v _257_/X (sky130_fd_sc_hd__o21ba_1)
                                                         _054_ (net)
                      0.063083    0.000055    9.616407 v _258_/B (sky130_fd_sc_hd__nor2_1)
     1    0.004340    0.170316    0.170775    9.787182 ^ _258_/Y (sky130_fd_sc_hd__nor2_1)
                                                         _055_ (net)
                      0.170316    0.000133    9.787315 ^ _259_/B2 (sky130_fd_sc_hd__o2bb2a_1)
     1    0.002515    0.076446    0.282375   10.069691 ^ _259_/X (sky130_fd_sc_hd__o2bb2a_1)
                                                         _056_ (net)
                      0.076446    0.000078   10.069768 ^ _260_/B1 (sky130_fd_sc_hd__o2bb2a_1)
     1    0.002160    0.071811    0.260860   10.330628 ^ _260_/X (sky130_fd_sc_hd__o2bb2a_1)
                                                         net28 (net)
                      0.071811    0.000061   10.330689 ^ output28/A (sky130_fd_sc_hd__buf_2)
     1    0.034204    0.271685    0.343957   10.674646 ^ output28/X (sky130_fd_sc_hd__buf_2)
                                                         z (net)
                      0.271685    0.000718   10.675364 ^ z (out)
                                             10.675364   data arrival time

                      0.000000   25.000000   25.000000   clock clk (rise edge)
                                  0.000000   25.000000   clock network delay (ideal)
                                 -0.250000   24.750000   clock uncertainty
                                  0.000000   24.750000   clock reconvergence pessimism
                                 -5.000000   19.750000   output external delay
                                             19.750000   data required time
---------------------------------------------------------------------------------------------
                                             19.750000   data required time
                                            -10.675364   data arrival time
---------------------------------------------------------------------------------------------
                                              9.074636   slack (MET)




===========================================================================
report_checks --slack_max -0.01
============================================================================
======================= nom_ss_100C_1v60 Corner ===================================

No paths found.


===========================================================================
 report_check_types -max_slew -max_cap -max_fanout -violators
============================================================================
======================= nom_ss_100C_1v60 Corner ===================================

max slew

Pin                                        Limit        Slew       Slack
------------------------------------------------------------------------
_180_/Y                                 0.750000    0.866336   -0.116336 (VIOLATED)
_204_/B                                 0.750000    0.866336   -0.116336 (VIOLATED)
_228_/B1                                0.750000    0.866336   -0.116336 (VIOLATED)
_238_/B1                                0.750000    0.866336   -0.116336 (VIOLATED)
max_cap29/A                             0.750000    0.866336   -0.116336 (VIOLATED)



===========================================================================
report_parasitic_annotation -report_unannotated
============================================================================
Found 0 unannotated drivers.
Found 0 partially unannotated drivers.

===========================================================================
max slew violation count 5
%OL_METRIC_I design__max_slew_violation__count__corner:nom_ss_100C_1v60 5
max fanout violation count 0
%OL_METRIC_I design__max_fanout_violation__count__corner:nom_ss_100C_1v60 0
max cap violation count 0
%OL_METRIC_I design__max_cap_violation__count__corner:nom_ss_100C_1v60 0
============================================================================

===========================================================================
check_setup -verbose -unconstrained_endpoints -multiple_clock -no_clock -no_input_delay -loops -generated_clocks
===========================================================================
%OL_END_REPORT
%OL_CREATE_REPORT power.rpt

===========================================================================
 report_power
============================================================================
======================= nom_ss_100C_1v60 Corner ===================================

Group                    Internal    Switching      Leakage        Total
                            Power        Power        Power        Power (Watts)
------------------------------------------------------------------------
Sequential           0.000000e+00 0.000000e+00 0.000000e+00 0.000000e+00   0.0%
Combinational        1.059511e-05 1.360112e-05 8.507755e-07 2.504701e-05 100.0%
Clock                0.000000e+00 0.000000e+00 7.764658e-10 7.764658e-10   0.0%
Macro                0.000000e+00 0.000000e+00 0.000000e+00 0.000000e+00   0.0%
Pad                  0.000000e+00 0.000000e+00 0.000000e+00 0.000000e+00   0.0%
------------------------------------------------------------------------
Total                1.059511e-05 1.360112e-05 8.515520e-07 2.504778e-05 100.0%
                            42.3%        54.3%         3.4%
%OL_METRIC_F power__internal__total 1.0595112144073937e-5
%OL_METRIC_F power__switching__total 1.3601118553197011e-5
%OL_METRIC_F power__leakage__total 8.515519880347711e-7
%OL_METRIC_F power__total 2.5047782401088625e-5

%OL_END_REPORT
%OL_CREATE_REPORT skew.min.rpt

===========================================================================
Clock Skew (Hold)
============================================================================
%OL_METRIC_F clock__skew__worst_hold__corner:nom_ss_100C_1v60 0.0
======================= nom_ss_100C_1v60 Corner ===================================

Clock clk
No launch/capture paths found.

%OL_END_REPORT
%OL_CREATE_REPORT skew.max.rpt

===========================================================================
Clock Skew (Setup)
============================================================================
%OL_METRIC_F clock__skew__worst_setup__corner:nom_ss_100C_1v60 0.0
======================= nom_ss_100C_1v60 Corner ===================================

Clock clk
No launch/capture paths found.

%OL_END_REPORT
%OL_CREATE_REPORT ws.min.rpt

===========================================================================
Worst Slack (Hold)
============================================================================
%OL_METRIC_F timing__hold__ws__corner:nom_ss_100C_1v60 10.662004914069291
nom_ss_100C_1v60: 10.662004914069291
%OL_END_REPORT
%OL_CREATE_REPORT ws.max.rpt

===========================================================================
Worst Slack (Setup)
============================================================================
%OL_METRIC_F timing__setup__ws__corner:nom_ss_100C_1v60 9.07463552209738
nom_ss_100C_1v60: 9.07463552209738
%OL_END_REPORT
%OL_CREATE_REPORT tns.min.rpt

===========================================================================
Total Negative Slack (Hold)
============================================================================
%OL_METRIC_F timing__hold__tns__corner:nom_ss_100C_1v60 0.0
nom_ss_100C_1v60: 0.0
%OL_END_REPORT
%OL_CREATE_REPORT tns.max.rpt

===========================================================================
Total Negative Slack (Setup)
============================================================================
%OL_METRIC_F timing__setup__tns__corner:nom_ss_100C_1v60 0.0
nom_ss_100C_1v60: 0.0
%OL_END_REPORT
%OL_CREATE_REPORT wns.min.rpt

===========================================================================
Worst Negative Slack (Hold)
============================================================================
%OL_METRIC_F timing__hold__wns__corner:nom_ss_100C_1v60 0
nom_ss_100C_1v60: 0
%OL_END_REPORT
%OL_CREATE_REPORT wns.max.rpt

===========================================================================
Worst Negative Slack (Setup)
============================================================================
%OL_METRIC_F timing__setup__wns__corner:nom_ss_100C_1v60 0.0
nom_ss_100C_1v60: 0.0
%OL_END_REPORT
%OL_CREATE_REPORT violator_list.rpt

===========================================================================
Violator List
============================================================================
%OL_METRIC_I timing__hold_vio__count__corner:nom_ss_100C_1v60 0
%OL_METRIC_F timing__hold_r2r__ws__corner:nom_ss_100C_1v60 inf
%OL_METRIC_I timing__hold_r2r_vio__count__corner:nom_ss_100C_1v60 0
%OL_METRIC_I timing__setup_vio__count__corner:nom_ss_100C_1v60 0
%OL_METRIC_F timing__setup_r2r__ws__corner:nom_ss_100C_1v60 inf
%OL_METRIC_I timing__setup_r2r_vio__count__corner:nom_ss_100C_1v60 0
%OL_END_REPORT
%OL_CREATE_REPORT unpropagated.rpt
clk
%OL_END_REPORT
%OL_CREATE_REPORT clock.rpt
Clock: clk
Sources: 
Generated: no
Virtual: yes
Propagated: no
Period: 25.000000

===========================================================================
report_clock_properties
============================================================================
Clock                   Period          Waveform
----------------------------------------------------
clk                  25.000000    0.000000 12.500000

===========================================================================
report_clock_latency
============================================================================
Clock clk


===========================================================================
report_clock_min_period
============================================================================
clk period_min = 0.00 fmax = inf
%OL_END_REPORT
Writing SDF files for all corners…
Removing Clock latencies before writing libs…
Writing timing models for all corners…
Writing timing models for the nom_ss_100C_1v60 corner to /foss/designs/ece429-tt-design-project/src/runs/RUN_2026-05-16_00-53-55/54-openroad-stapostpnr/nom_ss_100C_1v60/alu__nom_ss_100C_1v60.lib…
