
===========================================================================
report_checks -path_delay min (Hold)
============================================================================
======================= nom_ff_n40C_1v95 Corner ===================================

Startpoint: pcInput[1] (input port clocked by clk)
Endpoint: res[1] (output port clocked by clk)
Path Group: clk
Path Type: min

Fanout         Cap        Slew       Delay        Time   Description
---------------------------------------------------------------------------------------------
                      0.000000    0.000000    0.000000   clock clk (rise edge)
                                  0.000000    0.000000   clock network delay (ideal)
                                  5.000000    5.000000 v input external delay
     1    0.003612    0.005905    0.003003    5.003004 v pcInput[1] (in)
                                                         pcInput[1] (net)
                      0.005906    0.000000    5.003004 v _109_/A (sky130_fd_sc_hd__clkbuf_1)
     1    0.002166    0.016144    0.044565    5.047569 v _109_/X (sky130_fd_sc_hd__clkbuf_1)
                                                         net42 (net)
                      0.016144    0.000044    5.047612 v output42/A (sky130_fd_sc_hd__buf_2)
     1    0.035279    0.064326    0.113076    5.160688 v output42/X (sky130_fd_sc_hd__buf_2)
                                                         res[1] (net)
                      0.064340    0.000922    5.161610 v res[1] (out)
                                              5.161610   data arrival time

                      0.000000    0.000000    0.000000   clock clk (rise edge)
                                  0.000000    0.000000   clock network delay (ideal)
                                  0.250000    0.250000   clock uncertainty
                                  0.000000    0.250000   clock reconvergence pessimism
                                 -5.000000   -4.750000   output external delay
                                             -4.750000   data required time
---------------------------------------------------------------------------------------------
                                             -4.750000   data required time
                                             -5.161610   data arrival time
---------------------------------------------------------------------------------------------
                                              9.911610   slack (MET)


Startpoint: pcInput[0] (input port clocked by clk)
Endpoint: res[0] (output port clocked by clk)
Path Group: clk
Path Type: min

Fanout         Cap        Slew       Delay        Time   Description
---------------------------------------------------------------------------------------------
                      0.000000    0.000000    0.000000   clock clk (rise edge)
                                  0.000000    0.000000   clock network delay (ideal)
                                  5.000000    5.000000 v input external delay
     1    0.004915    0.008050    0.004189    5.004189 v pcInput[0] (in)
                                                         pcInput[0] (net)
                      0.008057    0.000000    5.004189 v _108_/A (sky130_fd_sc_hd__clkbuf_1)
     1    0.002202    0.016273    0.045479    5.049668 v _108_/X (sky130_fd_sc_hd__clkbuf_1)
                                                         net31 (net)
                      0.016273    0.000062    5.049730 v output31/A (sky130_fd_sc_hd__buf_2)
     1    0.035841    0.065173    0.113813    5.163543 v output31/X (sky130_fd_sc_hd__buf_2)
                                                         res[0] (net)
                      0.065188    0.000949    5.164492 v res[0] (out)
                                              5.164492   data arrival time

                      0.000000    0.000000    0.000000   clock clk (rise edge)
                                  0.000000    0.000000   clock network delay (ideal)
                                  0.250000    0.250000   clock uncertainty
                                  0.000000    0.250000   clock reconvergence pessimism
                                 -5.000000   -4.750000   output external delay
                                             -4.750000   data required time
---------------------------------------------------------------------------------------------
                                             -4.750000   data required time
                                             -5.164492   data arrival time
---------------------------------------------------------------------------------------------
                                              9.914493   slack (MET)


Startpoint: pcInput[31] (input port clocked by clk)
Endpoint: res[31] (output port clocked by clk)
Path Group: clk
Path Type: min

Fanout         Cap        Slew       Delay        Time   Description
---------------------------------------------------------------------------------------------
                      0.000000    0.000000    0.000000   clock clk (rise edge)
                                  0.000000    0.000000   clock network delay (ideal)
                                  5.000000    5.000000 ^ input external delay
     1    0.004398    0.019602    0.011475    5.011475 ^ pcInput[31] (in)
                                                         pcInput[31] (net)
                      0.019604    0.000000    5.011475 ^ input23/A (sky130_fd_sc_hd__clkbuf_1)
     1    0.004913    0.049676    0.061694    5.073169 ^ input23/X (sky130_fd_sc_hd__clkbuf_1)
                                                         net23 (net)
                      0.049676    0.000143    5.073312 ^ _084_/A (sky130_fd_sc_hd__xor2_1)
     1    0.002630    0.024577    0.038811    5.112123 v _084_/X (sky130_fd_sc_hd__xor2_1)
                                                         net55 (net)
                      0.024577    0.000079    5.112202 v output55/A (sky130_fd_sc_hd__buf_2)
     1    0.034448    0.063085    0.115188    5.227389 v output55/X (sky130_fd_sc_hd__buf_2)
                                                         res[31] (net)
                      0.063094    0.000768    5.228158 v res[31] (out)
                                              5.228158   data arrival time

                      0.000000    0.000000    0.000000   clock clk (rise edge)
                                  0.000000    0.000000   clock network delay (ideal)
                                  0.250000    0.250000   clock uncertainty
                                  0.000000    0.250000   clock reconvergence pessimism
                                 -5.000000   -4.750000   output external delay
                                             -4.750000   data required time
---------------------------------------------------------------------------------------------
                                             -4.750000   data required time
                                             -5.228158   data arrival time
---------------------------------------------------------------------------------------------
                                              9.978157   slack (MET)


Startpoint: pcInput[13] (input port clocked by clk)
Endpoint: res[13] (output port clocked by clk)
Path Group: clk
Path Type: min

Fanout         Cap        Slew       Delay        Time   Description
---------------------------------------------------------------------------------------------
                      0.000000    0.000000    0.000000   clock clk (rise edge)
                                  0.000000    0.000000   clock network delay (ideal)
                                  5.000000    5.000000 v input external delay
     1    0.002826    0.004758    0.002304    5.002304 v pcInput[13] (in)
                                                         pcInput[13] (net)
                      0.004758    0.000000    5.002304 v input4/A (sky130_fd_sc_hd__clkbuf_1)
     2    0.004788    0.025241    0.053154    5.055459 v input4/X (sky130_fd_sc_hd__clkbuf_1)
                                                         net4 (net)
                      0.025241    0.000071    5.055530 v _101_/B1 (sky130_fd_sc_hd__a21oi_1)
     1    0.003331    0.051811    0.051375    5.106905 ^ _101_/Y (sky130_fd_sc_hd__a21oi_1)
                                                         _009_ (net)
                      0.051811    0.000101    5.107006 ^ _102_/B (sky130_fd_sc_hd__nor2_1)
     1    0.001893    0.017921    0.020745    5.127750 v _102_/Y (sky130_fd_sc_hd__nor2_1)
                                                         net35 (net)
                      0.017921    0.000036    5.127786 v output35/A (sky130_fd_sc_hd__buf_2)
     1    0.034168    0.062613    0.112448    5.240235 v output35/X (sky130_fd_sc_hd__buf_2)
                                                         res[13] (net)
                      0.062621    0.000706    5.240941 v res[13] (out)
                                              5.240941   data arrival time

                      0.000000    0.000000    0.000000   clock clk (rise edge)
                                  0.000000    0.000000   clock network delay (ideal)
                                  0.250000    0.250000   clock uncertainty
                                  0.000000    0.250000   clock reconvergence pessimism
                                 -5.000000   -4.750000   output external delay
                                             -4.750000   data required time
---------------------------------------------------------------------------------------------
                                             -4.750000   data required time
                                             -5.240941   data arrival time
---------------------------------------------------------------------------------------------
                                              9.990941   slack (MET)


Startpoint: pcInput[30] (input port clocked by clk)
Endpoint: res[30] (output port clocked by clk)
Path Group: clk
Path Type: min

Fanout         Cap        Slew       Delay        Time   Description
---------------------------------------------------------------------------------------------
                      0.000000    0.000000    0.000000   clock clk (rise edge)
                                  0.000000    0.000000   clock network delay (ideal)
                                  5.000000    5.000000 ^ input external delay
     1    0.003228    0.015453    0.008367    5.008367 ^ pcInput[30] (in)
                                                         pcInput[30] (net)
                      0.015453    0.000000    5.008367 ^ input22/A (sky130_fd_sc_hd__clkbuf_1)
     2    0.007238    0.069265    0.074159    5.082527 ^ input22/X (sky130_fd_sc_hd__clkbuf_1)
                                                         net22 (net)
                      0.069266    0.000206    5.082733 ^ _083_/A (sky130_fd_sc_hd__xnor2_1)
     1    0.003182    0.025074    0.045471    5.128203 v _083_/Y (sky130_fd_sc_hd__xnor2_1)
                                                         net54 (net)
                      0.025074    0.000096    5.128300 v output54/A (sky130_fd_sc_hd__buf_2)
     1    0.034537    0.063218    0.115499    5.243798 v output54/X (sky130_fd_sc_hd__buf_2)
                                                         res[30] (net)
                      0.063228    0.000770    5.244569 v res[30] (out)
                                              5.244569   data arrival time

                      0.000000    0.000000    0.000000   clock clk (rise edge)
                                  0.000000    0.000000   clock network delay (ideal)
                                  0.250000    0.250000   clock uncertainty
                                  0.000000    0.250000   clock reconvergence pessimism
                                 -5.000000   -4.750000   output external delay
                                             -4.750000   data required time
---------------------------------------------------------------------------------------------
                                             -4.750000   data required time
                                             -5.244569   data arrival time
---------------------------------------------------------------------------------------------
                                              9.994569   slack (MET)


Startpoint: pcInput[21] (input port clocked by clk)
Endpoint: res[21] (output port clocked by clk)
Path Group: clk
Path Type: min

Fanout         Cap        Slew       Delay        Time   Description
---------------------------------------------------------------------------------------------
                      0.000000    0.000000    0.000000   clock clk (rise edge)
                                  0.000000    0.000000   clock network delay (ideal)
                                  5.000000    5.000000 v input external delay
     1    0.003189    0.005288    0.002624    5.002624 v pcInput[21] (in)
                                                         pcInput[21] (net)
                      0.005289    0.000000    5.002624 v input12/A (sky130_fd_sc_hd__clkbuf_1)
     2    0.005716    0.028607    0.056194    5.058818 v input12/X (sky130_fd_sc_hd__clkbuf_1)
                                                         net12 (net)
                      0.028607    0.000173    5.058991 v _062_/B1 (sky130_fd_sc_hd__a21oi_1)
     1    0.002706    0.045610    0.047861    5.106852 ^ _062_/Y (sky130_fd_sc_hd__a21oi_1)
                                                         _030_ (net)
                      0.045610    0.000053    5.106905 ^ _063_/B (sky130_fd_sc_hd__nor2_1)
     1    0.002794    0.018871    0.023316    5.130221 v _063_/Y (sky130_fd_sc_hd__nor2_1)
                                                         net44 (net)
                      0.018871    0.000085    5.130307 v output44/A (sky130_fd_sc_hd__buf_2)
     1    0.035622    0.064924    0.114327    5.244633 v output44/X (sky130_fd_sc_hd__buf_2)
                                                         res[21] (net)
                      0.064946    0.001119    5.245752 v res[21] (out)
                                              5.245752   data arrival time

                      0.000000    0.000000    0.000000   clock clk (rise edge)
                                  0.000000    0.000000   clock network delay (ideal)
                                  0.250000    0.250000   clock uncertainty
                                  0.000000    0.250000   clock reconvergence pessimism
                                 -5.000000   -4.750000   output external delay
                                             -4.750000   data required time
---------------------------------------------------------------------------------------------
                                             -4.750000   data required time
                                             -5.245752   data arrival time
---------------------------------------------------------------------------------------------
                                              9.995752   slack (MET)


Startpoint: pcInput[25] (input port clocked by clk)
Endpoint: res[25] (output port clocked by clk)
Path Group: clk
Path Type: min

Fanout         Cap        Slew       Delay        Time   Description
---------------------------------------------------------------------------------------------
                      0.000000    0.000000    0.000000   clock clk (rise edge)
                                  0.000000    0.000000   clock network delay (ideal)
                                  5.000000    5.000000 v input external delay
     1    0.004999    0.008218    0.004273    5.004272 v pcInput[25] (in)
                                                         pcInput[25] (net)
                      0.008224    0.000000    5.004272 v input16/A (sky130_fd_sc_hd__clkbuf_1)
     2    0.006610    0.031900    0.060044    5.064317 v input16/X (sky130_fd_sc_hd__clkbuf_1)
                                                         net16 (net)
                      0.031901    0.000218    5.064534 v _071_/B1 (sky130_fd_sc_hd__a21oi_1)
     1    0.002955    0.048154    0.051035    5.115569 ^ _071_/Y (sky130_fd_sc_hd__a21oi_1)
                                                         _035_ (net)
                      0.048155    0.000087    5.115656 ^ _072_/B (sky130_fd_sc_hd__nor2_1)
     1    0.001924    0.017201    0.020453    5.136108 v _072_/Y (sky130_fd_sc_hd__nor2_1)
                                                         net48 (net)
                      0.017201    0.000036    5.136145 v output48/A (sky130_fd_sc_hd__buf_2)
     1    0.035500    0.064712    0.113624    5.249769 v output48/X (sky130_fd_sc_hd__buf_2)
                                                         res[25] (net)
                      0.064732    0.001064    5.250833 v res[25] (out)
                                              5.250833   data arrival time

                      0.000000    0.000000    0.000000   clock clk (rise edge)
                                  0.000000    0.000000   clock network delay (ideal)
                                  0.250000    0.250000   clock uncertainty
                                  0.000000    0.250000   clock reconvergence pessimism
                                 -5.000000   -4.750000   output external delay
                                             -4.750000   data required time
---------------------------------------------------------------------------------------------
                                             -4.750000   data required time
                                             -5.250833   data arrival time
---------------------------------------------------------------------------------------------
                                             10.000833   slack (MET)


Startpoint: pcInput[19] (input port clocked by clk)
Endpoint: res[19] (output port clocked by clk)
Path Group: clk
Path Type: min

Fanout         Cap        Slew       Delay        Time   Description
---------------------------------------------------------------------------------------------
                      0.000000    0.000000    0.000000   clock clk (rise edge)
                                  0.000000    0.000000   clock network delay (ideal)
                                  5.000000    5.000000 v input external delay
     1    0.002574    0.004391    0.002077    5.002077 v pcInput[19] (in)
                                                         pcInput[19] (net)
                      0.004392    0.000000    5.002077 v input10/A (sky130_fd_sc_hd__buf_1)
     3    0.007408    0.034773    0.061175    5.063251 v input10/X (sky130_fd_sc_hd__buf_1)
                                                         net10 (net)
                      0.034774    0.000181    5.063432 v _054_/B1 (sky130_fd_sc_hd__a21oi_1)
     1    0.003045    0.049125    0.052839    5.116271 ^ _054_/Y (sky130_fd_sc_hd__a21oi_1)
                                                         _024_ (net)
                      0.049125    0.000088    5.116359 ^ _056_/A (sky130_fd_sc_hd__nor2_1)
     1    0.002687    0.020573    0.027732    5.144091 v _056_/Y (sky130_fd_sc_hd__nor2_1)
                                                         net41 (net)
                      0.020573    0.000079    5.144170 v output41/A (sky130_fd_sc_hd__buf_2)
     1    0.033947    0.062271    0.113174    5.257345 v output41/X (sky130_fd_sc_hd__buf_2)
                                                         res[19] (net)
                      0.062277    0.000614    5.257959 v res[19] (out)
                                              5.257959   data arrival time

                      0.000000    0.000000    0.000000   clock clk (rise edge)
                                  0.000000    0.000000   clock network delay (ideal)
                                  0.250000    0.250000   clock uncertainty
                                  0.000000    0.250000   clock reconvergence pessimism
                                 -5.000000   -4.750000   output external delay
                                             -4.750000   data required time
---------------------------------------------------------------------------------------------
                                             -4.750000   data required time
                                             -5.257959   data arrival time
---------------------------------------------------------------------------------------------
                                             10.007959   slack (MET)


Startpoint: pcInput[4] (input port clocked by clk)
Endpoint: res[4] (output port clocked by clk)
Path Group: clk
Path Type: min

Fanout         Cap        Slew       Delay        Time   Description
---------------------------------------------------------------------------------------------
                      0.000000    0.000000    0.000000   clock clk (rise edge)
                                  0.000000    0.000000   clock network delay (ideal)
                                  5.000000    5.000000 v input external delay
     1    0.005738    0.009386    0.005153    5.005153 v pcInput[4] (in)
                                                         pcInput[4] (net)
                      0.009392    0.000000    5.005153 v input25/A (sky130_fd_sc_hd__clkbuf_1)
     3    0.007355    0.034644    0.062797    5.067950 v input25/X (sky130_fd_sc_hd__clkbuf_1)
                                                         net25 (net)
                      0.034645    0.000199    5.068149 v _086_/B1 (sky130_fd_sc_hd__a21oi_1)
     1    0.003076    0.049431    0.053025    5.121174 ^ _086_/Y (sky130_fd_sc_hd__a21oi_1)
                                                         _003_ (net)
                      0.049431    0.000089    5.121263 ^ _087_/B (sky130_fd_sc_hd__nor2_1)
     1    0.002666    0.019416    0.023410    5.144673 v _087_/Y (sky130_fd_sc_hd__nor2_1)
                                                         net57 (net)
                      0.019416    0.000080    5.144753 v output57/A (sky130_fd_sc_hd__buf_2)
     1    0.035221    0.064248    0.114187    5.258941 v output57/X (sky130_fd_sc_hd__buf_2)
                                                         res[4] (net)
                      0.064262    0.000886    5.259828 v res[4] (out)
                                              5.259828   data arrival time

                      0.000000    0.000000    0.000000   clock clk (rise edge)
                                  0.000000    0.000000   clock network delay (ideal)
                                  0.250000    0.250000   clock uncertainty
                                  0.000000    0.250000   clock reconvergence pessimism
                                 -5.000000   -4.750000   output external delay
                                             -4.750000   data required time
---------------------------------------------------------------------------------------------
                                             -4.750000   data required time
                                             -5.259828   data arrival time
---------------------------------------------------------------------------------------------
                                             10.009828   slack (MET)


Startpoint: pcInput[5] (input port clocked by clk)
Endpoint: res[5] (output port clocked by clk)
Path Group: clk
Path Type: min

Fanout         Cap        Slew       Delay        Time   Description
---------------------------------------------------------------------------------------------
                      0.000000    0.000000    0.000000   clock clk (rise edge)
                                  0.000000    0.000000   clock network delay (ideal)
                                  5.000000    5.000000 v input external delay
     1    0.005220    0.008545    0.004561    5.004561 v pcInput[5] (in)
                                                         pcInput[5] (net)
                      0.008551    0.000000    5.004561 v input26/A (sky130_fd_sc_hd__clkbuf_1)
     2    0.004797    0.025305    0.054577    5.059138 v input26/X (sky130_fd_sc_hd__clkbuf_1)
                                                         net26 (net)
                      0.025305    0.000075    5.059212 v _088_/A (sky130_fd_sc_hd__nor2_1)
     1    0.003384    0.059706    0.068022    5.127234 ^ _088_/Y (sky130_fd_sc_hd__nor2_1)
                                                         _004_ (net)
                      0.059706    0.000103    5.127337 ^ _089_/B (sky130_fd_sc_hd__nor2_1)
     1    0.001983    0.019487    0.021286    5.148623 v _089_/Y (sky130_fd_sc_hd__nor2_1)
                                                         net58 (net)
                      0.019487    0.000057    5.148680 v output58/A (sky130_fd_sc_hd__buf_2)
     1    0.034453    0.063058    0.113343    5.262023 v output58/X (sky130_fd_sc_hd__buf_2)
                                                         res[5] (net)
                      0.063067    0.000737    5.262760 v res[5] (out)
                                              5.262760   data arrival time

                      0.000000    0.000000    0.000000   clock clk (rise edge)
                                  0.000000    0.000000   clock network delay (ideal)
                                  0.250000    0.250000   clock uncertainty
                                  0.000000    0.250000   clock reconvergence pessimism
                                 -5.000000   -4.750000   output external delay
                                             -4.750000   data required time
---------------------------------------------------------------------------------------------
                                             -4.750000   data required time
                                             -5.262760   data arrival time
---------------------------------------------------------------------------------------------
                                             10.012761   slack (MET)


Startpoint: pcInput[12] (input port clocked by clk)
Endpoint: res[12] (output port clocked by clk)
Path Group: clk
Path Type: min

Fanout         Cap        Slew       Delay        Time   Description
---------------------------------------------------------------------------------------------
                      0.000000    0.000000    0.000000   clock clk (rise edge)
                                  0.000000    0.000000   clock network delay (ideal)
                                  5.000000    5.000000 ^ input external delay
     1    0.002956    0.014471    0.007649    5.007649 ^ pcInput[12] (in)
                                                         pcInput[12] (net)
                      0.014476    0.000000    5.007649 ^ input3/A (sky130_fd_sc_hd__buf_1)
     3    0.009552    0.088724    0.087490    5.095140 ^ input3/X (sky130_fd_sc_hd__buf_1)
                                                         net3 (net)
                      0.088724    0.000149    5.095289 ^ _100_/A (sky130_fd_sc_hd__xor2_1)
     1    0.003842    0.027916    0.048494    5.143783 v _100_/X (sky130_fd_sc_hd__xor2_1)
                                                         net34 (net)
                      0.027925    0.000137    5.143920 v output34/A (sky130_fd_sc_hd__buf_2)
     1    0.035617    0.064904    0.117848    5.261768 v output34/X (sky130_fd_sc_hd__buf_2)
                                                         res[12] (net)
                      0.064921    0.001004    5.262772 v res[12] (out)
                                              5.262772   data arrival time

                      0.000000    0.000000    0.000000   clock clk (rise edge)
                                  0.000000    0.000000   clock network delay (ideal)
                                  0.250000    0.250000   clock uncertainty
                                  0.000000    0.250000   clock reconvergence pessimism
                                 -5.000000   -4.750000   output external delay
                                             -4.750000   data required time
---------------------------------------------------------------------------------------------
                                             -4.750000   data required time
                                             -5.262772   data arrival time
---------------------------------------------------------------------------------------------
                                             10.012773   slack (MET)


Startpoint: pcInput[27] (input port clocked by clk)
Endpoint: res[27] (output port clocked by clk)
Path Group: clk
Path Type: min

Fanout         Cap        Slew       Delay        Time   Description
---------------------------------------------------------------------------------------------
                      0.000000    0.000000    0.000000   clock clk (rise edge)
                                  0.000000    0.000000   clock network delay (ideal)
                                  5.000000    5.000000 v input external delay
     1    0.004798    0.007898    0.004058    5.004058 v pcInput[27] (in)
                                                         pcInput[27] (net)
                      0.007904    0.000000    5.004058 v input18/A (sky130_fd_sc_hd__clkbuf_1)
     3    0.006732    0.032330    0.060331    5.064389 v input18/X (sky130_fd_sc_hd__clkbuf_1)
                                                         net18 (net)
                      0.032330    0.000135    5.064524 v _074_/B1 (sky130_fd_sc_hd__a21oi_1)
     1    0.003395    0.052610    0.054593    5.119117 ^ _074_/Y (sky130_fd_sc_hd__a21oi_1)
                                                         _036_ (net)
                      0.052610    0.000107    5.119225 ^ _076_/A (sky130_fd_sc_hd__nor2_1)
     1    0.003118    0.020492    0.029940    5.149164 v _076_/Y (sky130_fd_sc_hd__nor2_1)
                                                         net50 (net)
                      0.020492    0.000121    5.149285 v output50/A (sky130_fd_sc_hd__buf_2)
     1    0.034512    0.063164    0.113749    5.263035 v output50/X (sky130_fd_sc_hd__buf_2)
                                                         res[27] (net)
                      0.063173    0.000770    5.263805 v res[27] (out)
                                              5.263805   data arrival time

                      0.000000    0.000000    0.000000   clock clk (rise edge)
                                  0.000000    0.000000   clock network delay (ideal)
                                  0.250000    0.250000   clock uncertainty
                                  0.000000    0.250000   clock reconvergence pessimism
                                 -5.000000   -4.750000   output external delay
                                             -4.750000   data required time
---------------------------------------------------------------------------------------------
                                             -4.750000   data required time
                                             -5.263805   data arrival time
---------------------------------------------------------------------------------------------
                                             10.013805   slack (MET)


Startpoint: pcInput[14] (input port clocked by clk)
Endpoint: res[14] (output port clocked by clk)
Path Group: clk
Path Type: min

Fanout         Cap        Slew       Delay        Time   Description
---------------------------------------------------------------------------------------------
                      0.000000    0.000000    0.000000   clock clk (rise edge)
                                  0.000000    0.000000   clock network delay (ideal)
                                  5.000000    5.000000 ^ input external delay
     1    0.005034    0.021819    0.013078    5.013079 ^ pcInput[14] (in)
                                                         pcInput[14] (net)
                      0.021820    0.000000    5.013079 ^ input5/A (sky130_fd_sc_hd__buf_1)
     3    0.010507    0.096813    0.095082    5.108160 ^ input5/X (sky130_fd_sc_hd__buf_1)
                                                         net5 (net)
                      0.096814    0.000258    5.108419 ^ _103_/A (sky130_fd_sc_hd__xor2_1)
     1    0.001958    0.022551    0.041343    5.149763 v _103_/X (sky130_fd_sc_hd__xor2_1)
                                                         net36 (net)
                      0.022551    0.000055    5.149817 v output36/A (sky130_fd_sc_hd__buf_2)
     1    0.034271    0.062798    0.114216    5.264033 v output36/X (sky130_fd_sc_hd__buf_2)
                                                         res[14] (net)
                      0.062806    0.000711    5.264744 v res[14] (out)
                                              5.264744   data arrival time

                      0.000000    0.000000    0.000000   clock clk (rise edge)
                                  0.000000    0.000000   clock network delay (ideal)
                                  0.250000    0.250000   clock uncertainty
                                  0.000000    0.250000   clock reconvergence pessimism
                                 -5.000000   -4.750000   output external delay
                                             -4.750000   data required time
---------------------------------------------------------------------------------------------
                                             -4.750000   data required time
                                             -5.264744   data arrival time
---------------------------------------------------------------------------------------------
                                             10.014744   slack (MET)


Startpoint: pcInput[20] (input port clocked by clk)
Endpoint: res[20] (output port clocked by clk)
Path Group: clk
Path Type: min

Fanout         Cap        Slew       Delay        Time   Description
---------------------------------------------------------------------------------------------
                      0.000000    0.000000    0.000000   clock clk (rise edge)
                                  0.000000    0.000000   clock network delay (ideal)
                                  5.000000    5.000000 v input external delay
     1    0.002539    0.004339    0.002045    5.002046 v pcInput[20] (in)
                                                         pcInput[20] (net)
                      0.004340    0.000000    5.002046 v input11/A (sky130_fd_sc_hd__clkbuf_1)
     2    0.004766    0.025168    0.052916    5.054962 v input11/X (sky130_fd_sc_hd__clkbuf_1)
                                                         net11 (net)
                      0.025168    0.000119    5.055081 v _057_/A (sky130_fd_sc_hd__nor2_1)
     1    0.003036    0.055771    0.064917    5.119998 ^ _057_/Y (sky130_fd_sc_hd__nor2_1)
                                                         _026_ (net)
                      0.055771    0.000089    5.120087 ^ _059_/B1 (sky130_fd_sc_hd__a21oi_1)
     1    0.004083    0.024340    0.029160    5.149247 v _059_/Y (sky130_fd_sc_hd__a21oi_1)
                                                         net43 (net)
                      0.024340    0.000147    5.149394 v output43/A (sky130_fd_sc_hd__buf_2)
     1    0.034724    0.063505    0.115422    5.264816 v output43/X (sky130_fd_sc_hd__buf_2)
                                                         res[20] (net)
                      0.063516    0.000793    5.265608 v res[20] (out)
                                              5.265608   data arrival time

                      0.000000    0.000000    0.000000   clock clk (rise edge)
                                  0.000000    0.000000   clock network delay (ideal)
                                  0.250000    0.250000   clock uncertainty
                                  0.000000    0.250000   clock reconvergence pessimism
                                 -5.000000   -4.750000   output external delay
                                             -4.750000   data required time
---------------------------------------------------------------------------------------------
                                             -4.750000   data required time
                                             -5.265608   data arrival time
---------------------------------------------------------------------------------------------
                                             10.015608   slack (MET)


Startpoint: pcInput[2] (input port clocked by clk)
Endpoint: res[2] (output port clocked by clk)
Path Group: clk
Path Type: min

Fanout         Cap        Slew       Delay        Time   Description
---------------------------------------------------------------------------------------------
                      0.000000    0.000000    0.000000   clock clk (rise edge)
                                  0.000000    0.000000   clock network delay (ideal)
                                  5.000000    5.000000 ^ input external delay
     1    0.002522    0.012930    0.006511    5.006511 ^ pcInput[2] (in)
                                                         pcInput[2] (net)
                      0.012930    0.000000    5.006511 ^ input21/A (sky130_fd_sc_hd__dlymetal6s2s_1)
     5    0.018221    0.152350    0.135854    5.142365 ^ input21/X (sky130_fd_sc_hd__dlymetal6s2s_1)
                                                         net21 (net)
                      0.152353    0.000595    5.142960 ^ _039_/A (sky130_fd_sc_hd__inv_2)
     1    0.002195    0.025900    0.008456    5.151416 v _039_/Y (sky130_fd_sc_hd__inv_2)
                                                         net53 (net)
                      0.025900    0.000043    5.151459 v output53/A (sky130_fd_sc_hd__buf_2)
     1    0.034367    0.062967    0.115614    5.267073 v output53/X (sky130_fd_sc_hd__buf_2)
                                                         res[2] (net)
                      0.062977    0.000770    5.267842 v res[2] (out)
                                              5.267842   data arrival time

                      0.000000    0.000000    0.000000   clock clk (rise edge)
                                  0.000000    0.000000   clock network delay (ideal)
                                  0.250000    0.250000   clock uncertainty
                                  0.000000    0.250000   clock reconvergence pessimism
                                 -5.000000   -4.750000   output external delay
                                             -4.750000   data required time
---------------------------------------------------------------------------------------------
                                             -4.750000   data required time
                                             -5.267842   data arrival time
---------------------------------------------------------------------------------------------
                                             10.017843   slack (MET)


Startpoint: pcInput[23] (input port clocked by clk)
Endpoint: res[23] (output port clocked by clk)
Path Group: clk
Path Type: min

Fanout         Cap        Slew       Delay        Time   Description
---------------------------------------------------------------------------------------------
                      0.000000    0.000000    0.000000   clock clk (rise edge)
                                  0.000000    0.000000   clock network delay (ideal)
                                  5.000000    5.000000 v input external delay
     1    0.006230    0.010181    0.005694    5.005694 v pcInput[23] (in)
                                                         pcInput[23] (net)
                      0.010187    0.000000    5.005694 v input14/A (sky130_fd_sc_hd__clkbuf_1)
     3    0.008834    0.039819    0.067717    5.073411 v input14/X (sky130_fd_sc_hd__clkbuf_1)
                                                         net14 (net)
                      0.039819    0.000157    5.073568 v _065_/B1 (sky130_fd_sc_hd__a21oi_1)
     1    0.002680    0.045759    0.052028    5.125596 ^ _065_/Y (sky130_fd_sc_hd__a21oi_1)
                                                         _031_ (net)
                      0.045759    0.000052    5.125647 ^ _067_/A (sky130_fd_sc_hd__nor2_1)
     1    0.003081    0.019798    0.028276    5.153923 v _067_/Y (sky130_fd_sc_hd__nor2_1)
                                                         net46 (net)
                      0.019798    0.000095    5.154018 v output46/A (sky130_fd_sc_hd__buf_2)
     1    0.034777    0.063587    0.113773    5.267791 v output46/X (sky130_fd_sc_hd__buf_2)
                                                         res[23] (net)
                      0.063599    0.000859    5.268650 v res[23] (out)
                                              5.268650   data arrival time

                      0.000000    0.000000    0.000000   clock clk (rise edge)
                                  0.000000    0.000000   clock network delay (ideal)
                                  0.250000    0.250000   clock uncertainty
                                  0.000000    0.250000   clock reconvergence pessimism
                                 -5.000000   -4.750000   output external delay
                                             -4.750000   data required time
---------------------------------------------------------------------------------------------
                                             -4.750000   data required time
                                             -5.268650   data arrival time
---------------------------------------------------------------------------------------------
                                             10.018650   slack (MET)


Startpoint: pcInput[16] (input port clocked by clk)
Endpoint: res[16] (output port clocked by clk)
Path Group: clk
Path Type: min

Fanout         Cap        Slew       Delay        Time   Description
---------------------------------------------------------------------------------------------
                      0.000000    0.000000    0.000000   clock clk (rise edge)
                                  0.000000    0.000000   clock network delay (ideal)
                                  5.000000    5.000000 v input external delay
     1    0.004214    0.006838    0.003540    5.003540 v pcInput[16] (in)
                                                         pcInput[16] (net)
                      0.006844    0.000000    5.003540 v input7/A (sky130_fd_sc_hd__clkbuf_1)
     3    0.008200    0.037758    0.064466    5.068006 v input7/X (sky130_fd_sc_hd__clkbuf_1)
                                                         net7 (net)
                      0.037759    0.000270    5.068276 v _106_/A (sky130_fd_sc_hd__nor2_1)
     1    0.003225    0.057960    0.070906    5.139181 ^ _106_/Y (sky130_fd_sc_hd__nor2_1)
                                                         _011_ (net)
                      0.057960    0.000097    5.139278 ^ _107_/B (sky130_fd_sc_hd__nor2_1)
     1    0.001886    0.018959    0.020880    5.160158 v _107_/Y (sky130_fd_sc_hd__nor2_1)
                                                         net38 (net)
                      0.018959    0.000036    5.160194 v output38/A (sky130_fd_sc_hd__buf_2)
     1    0.034615    0.063323    0.113303    5.273498 v output38/X (sky130_fd_sc_hd__buf_2)
                                                         res[16] (net)
                      0.063334    0.000814    5.274311 v res[16] (out)
                                              5.274311   data arrival time

                      0.000000    0.000000    0.000000   clock clk (rise edge)
                                  0.000000    0.000000   clock network delay (ideal)
                                  0.250000    0.250000   clock uncertainty
                                  0.000000    0.250000   clock reconvergence pessimism
                                 -5.000000   -4.750000   output external delay
                                             -4.750000   data required time
---------------------------------------------------------------------------------------------
                                             -4.750000   data required time
                                             -5.274311   data arrival time
---------------------------------------------------------------------------------------------
                                             10.024310   slack (MET)


Startpoint: pcInput[7] (input port clocked by clk)
Endpoint: res[7] (output port clocked by clk)
Path Group: clk
Path Type: min

Fanout         Cap        Slew       Delay        Time   Description
---------------------------------------------------------------------------------------------
                      0.000000    0.000000    0.000000   clock clk (rise edge)
                                  0.000000    0.000000   clock network delay (ideal)
                                  5.000000    5.000000 v input external delay
     1    0.003393    0.005586    0.002809    5.002809 v pcInput[7] (in)
                                                         pcInput[7] (net)
                      0.005587    0.000000    5.002809 v input28/A (sky130_fd_sc_hd__buf_1)
     4    0.012479    0.052966    0.076655    5.079464 v input28/X (sky130_fd_sc_hd__buf_1)
                                                         net28 (net)
                      0.052966    0.000193    5.079657 v _092_/A (sky130_fd_sc_hd__xnor2_1)
     1    0.002096    0.019580    0.082822    5.162479 v _092_/Y (sky130_fd_sc_hd__xnor2_1)
                                                         net60 (net)
                      0.019580    0.000060    5.162539 v output60/A (sky130_fd_sc_hd__buf_2)
     1    0.036285    0.066066    0.115079    5.277617 v output60/X (sky130_fd_sc_hd__buf_2)
                                                         res[7] (net)
                      0.066113    0.001594    5.279212 v res[7] (out)
                                              5.279212   data arrival time

                      0.000000    0.000000    0.000000   clock clk (rise edge)
                                  0.000000    0.000000   clock network delay (ideal)
                                  0.250000    0.250000   clock uncertainty
                                  0.000000    0.250000   clock reconvergence pessimism
                                 -5.000000   -4.750000   output external delay
                                             -4.750000   data required time
---------------------------------------------------------------------------------------------
                                             -4.750000   data required time
                                             -5.279212   data arrival time
---------------------------------------------------------------------------------------------
                                             10.029212   slack (MET)


Startpoint: pcInput[18] (input port clocked by clk)
Endpoint: res[18] (output port clocked by clk)
Path Group: clk
Path Type: min

Fanout         Cap        Slew       Delay        Time   Description
---------------------------------------------------------------------------------------------
                      0.000000    0.000000    0.000000   clock clk (rise edge)
                                  0.000000    0.000000   clock network delay (ideal)
                                  5.000000    5.000000 ^ input external delay
     1    0.004530    0.020091    0.011783    5.011784 ^ pcInput[18] (in)
                                                         pcInput[18] (net)
                      0.020092    0.000000    5.011784 ^ input9/A (sky130_fd_sc_hd__clkbuf_1)
     4    0.012686    0.115478    0.107213    5.118997 ^ input9/X (sky130_fd_sc_hd__clkbuf_1)
                                                         net9 (net)
                      0.115480    0.000344    5.119340 ^ _053_/A (sky130_fd_sc_hd__xor2_1)
     1    0.002492    0.024165    0.045913    5.165253 v _053_/X (sky130_fd_sc_hd__xor2_1)
                                                         net40 (net)
                      0.024165    0.000075    5.165328 v output40/A (sky130_fd_sc_hd__buf_2)
     1    0.033936    0.062271    0.114484    5.279812 v output40/X (sky130_fd_sc_hd__buf_2)
                                                         res[18] (net)
                      0.062277    0.000614    5.280426 v res[18] (out)
                                              5.280426   data arrival time

                      0.000000    0.000000    0.000000   clock clk (rise edge)
                                  0.000000    0.000000   clock network delay (ideal)
                                  0.250000    0.250000   clock uncertainty
                                  0.000000    0.250000   clock reconvergence pessimism
                                 -5.000000   -4.750000   output external delay
                                             -4.750000   data required time
---------------------------------------------------------------------------------------------
                                             -4.750000   data required time
                                             -5.280426   data arrival time
---------------------------------------------------------------------------------------------
                                             10.030427   slack (MET)


Startpoint: pcInput[17] (input port clocked by clk)
Endpoint: res[17] (output port clocked by clk)
Path Group: clk
Path Type: min

Fanout         Cap        Slew       Delay        Time   Description
---------------------------------------------------------------------------------------------
                      0.000000    0.000000    0.000000   clock clk (rise edge)
                                  0.000000    0.000000   clock network delay (ideal)
                                  5.000000    5.000000 v input external delay
     1    0.003546    0.005814    0.002937    5.002937 v pcInput[17] (in)
                                                         pcInput[17] (net)
                      0.005815    0.000000    5.002937 v input8/A (sky130_fd_sc_hd__clkbuf_1)
     2    0.004412    0.023915    0.052374    5.055311 v input8/X (sky130_fd_sc_hd__clkbuf_1)
                                                         net8 (net)
                      0.023915    0.000092    5.055403 v _052_/A1 (sky130_fd_sc_hd__o21ba_1)
     1    0.003572    0.020521    0.111985    5.167388 v _052_/X (sky130_fd_sc_hd__o21ba_1)
                                                         net39 (net)
                      0.020533    0.000117    5.167505 v output39/A (sky130_fd_sc_hd__buf_2)
     1    0.035111    0.064123    0.114382    5.281888 v output39/X (sky130_fd_sc_hd__buf_2)
                                                         res[17] (net)
                      0.064139    0.000962    5.282850 v res[17] (out)
                                              5.282850   data arrival time

                      0.000000    0.000000    0.000000   clock clk (rise edge)
                                  0.000000    0.000000   clock network delay (ideal)
                                  0.250000    0.250000   clock uncertainty
                                  0.000000    0.250000   clock reconvergence pessimism
                                 -5.000000   -4.750000   output external delay
                                             -4.750000   data required time
---------------------------------------------------------------------------------------------
                                             -4.750000   data required time
                                             -5.282850   data arrival time
---------------------------------------------------------------------------------------------
                                             10.032849   slack (MET)


Startpoint: pcInput[10] (input port clocked by clk)
Endpoint: res[10] (output port clocked by clk)
Path Group: clk
Path Type: min

Fanout         Cap        Slew       Delay        Time   Description
---------------------------------------------------------------------------------------------
                      0.000000    0.000000    0.000000   clock clk (rise edge)
                                  0.000000    0.000000   clock network delay (ideal)
                                  5.000000    5.000000 v input external delay
     1    0.003960    0.006428    0.003313    5.003314 v pcInput[10] (in)
                                                         pcInput[10] (net)
                      0.006433    0.000000    5.003314 v input1/A (sky130_fd_sc_hd__buf_1)
     3    0.010811    0.046807    0.072116    5.075429 v input1/X (sky130_fd_sc_hd__buf_1)
                                                         net1 (net)
                      0.046809    0.000338    5.075767 v _097_/A (sky130_fd_sc_hd__xnor2_1)
     1    0.004479    0.030019    0.089406    5.165173 v _097_/Y (sky130_fd_sc_hd__xnor2_1)
                                                         net32 (net)
                      0.030019    0.000149    5.165322 v output32/A (sky130_fd_sc_hd__buf_2)
     1    0.034075    0.062481    0.116998    5.282320 v output32/X (sky130_fd_sc_hd__buf_2)
                                                         res[10] (net)
                      0.062487    0.000626    5.282945 v res[10] (out)
                                              5.282945   data arrival time

                      0.000000    0.000000    0.000000   clock clk (rise edge)
                                  0.000000    0.000000   clock network delay (ideal)
                                  0.250000    0.250000   clock uncertainty
                                  0.000000    0.250000   clock reconvergence pessimism
                                 -5.000000   -4.750000   output external delay
                                             -4.750000   data required time
---------------------------------------------------------------------------------------------
                                             -4.750000   data required time
                                             -5.282945   data arrival time
---------------------------------------------------------------------------------------------
                                             10.032946   slack (MET)


Startpoint: pcInput[3] (input port clocked by clk)
Endpoint: res[3] (output port clocked by clk)
Path Group: clk
Path Type: min

Fanout         Cap        Slew       Delay        Time   Description
---------------------------------------------------------------------------------------------
                      0.000000    0.000000    0.000000   clock clk (rise edge)
                                  0.000000    0.000000   clock network delay (ideal)
                                  5.000000    5.000000 ^ input external delay
     1    0.005447    0.023193    0.014082    5.014082 ^ pcInput[3] (in)
                                                         pcInput[3] (net)
                      0.023195    0.000000    5.014082 ^ input24/A (sky130_fd_sc_hd__buf_1)
     4    0.013402    0.121461    0.112238    5.126320 ^ input24/X (sky130_fd_sc_hd__buf_1)
                                                         net24 (net)
                      0.121463    0.000355    5.126675 ^ _085_/B (sky130_fd_sc_hd__xor2_1)
     1    0.002312    0.023745    0.041529    5.168204 v _085_/X (sky130_fd_sc_hd__xor2_1)
                                                         net56 (net)
                      0.023745    0.000068    5.168272 v output56/A (sky130_fd_sc_hd__buf_2)
     1    0.035877    0.065305    0.116468    5.284740 v output56/X (sky130_fd_sc_hd__buf_2)
                                                         res[3] (net)
                      0.065324    0.001041    5.285782 v res[3] (out)
                                              5.285782   data arrival time

                      0.000000    0.000000    0.000000   clock clk (rise edge)
                                  0.000000    0.000000   clock network delay (ideal)
                                  0.250000    0.250000   clock uncertainty
                                  0.000000    0.250000   clock reconvergence pessimism
                                 -5.000000   -4.750000   output external delay
                                             -4.750000   data required time
---------------------------------------------------------------------------------------------
                                             -4.750000   data required time
                                             -5.285782   data arrival time
---------------------------------------------------------------------------------------------
                                             10.035782   slack (MET)


Startpoint: pcInput[28] (input port clocked by clk)
Endpoint: res[28] (output port clocked by clk)
Path Group: clk
Path Type: min

Fanout         Cap        Slew       Delay        Time   Description
---------------------------------------------------------------------------------------------
                      0.000000    0.000000    0.000000   clock clk (rise edge)
                                  0.000000    0.000000   clock network delay (ideal)
                                  5.000000    5.000000 ^ input external delay
     1    0.003843    0.017662    0.009979    5.009979 ^ pcInput[28] (in)
                                                         pcInput[28] (net)
                      0.017663    0.000000    5.009979 ^ input19/A (sky130_fd_sc_hd__clkbuf_1)
     2    0.004647    0.047431    0.059615    5.069595 ^ input19/X (sky130_fd_sc_hd__clkbuf_1)
                                                         net19 (net)
                      0.047431    0.000107    5.069702 ^ _078_/B2 (sky130_fd_sc_hd__o2bb2a_1)
     1    0.002323    0.028621    0.078896    5.148598 ^ _078_/X (sky130_fd_sc_hd__o2bb2a_1)
                                                         net51 (net)
                      0.028621    0.000067    5.148665 ^ output51/A (sky130_fd_sc_hd__buf_2)
     1    0.034536    0.129230    0.137084    5.285749 ^ output51/X (sky130_fd_sc_hd__buf_2)
                                                         res[28] (net)
                      0.129236    0.000771    5.286520 ^ res[28] (out)
                                              5.286520   data arrival time

                      0.000000    0.000000    0.000000   clock clk (rise edge)
                                  0.000000    0.000000   clock network delay (ideal)
                                  0.250000    0.250000   clock uncertainty
                                  0.000000    0.250000   clock reconvergence pessimism
                                 -5.000000   -4.750000   output external delay
                                             -4.750000   data required time
---------------------------------------------------------------------------------------------
                                             -4.750000   data required time
                                             -5.286520   data arrival time
---------------------------------------------------------------------------------------------
                                             10.036520   slack (MET)


Startpoint: pcInput[22] (input port clocked by clk)
Endpoint: res[22] (output port clocked by clk)
Path Group: clk
Path Type: min

Fanout         Cap        Slew       Delay        Time   Description
---------------------------------------------------------------------------------------------
                      0.000000    0.000000    0.000000   clock clk (rise edge)
                                  0.000000    0.000000   clock network delay (ideal)
                                  5.000000    5.000000 ^ input external delay
     1    0.003541    0.016578    0.009184    5.009184 ^ pcInput[22] (in)
                                                         pcInput[22] (net)
                      0.016578    0.000000    5.009184 ^ input13/A (sky130_fd_sc_hd__buf_1)
     4    0.013551    0.122759    0.111271    5.120456 ^ input13/X (sky130_fd_sc_hd__buf_1)
                                                         net13 (net)
                      0.122760    0.000295    5.120750 ^ _064_/A (sky130_fd_sc_hd__xor2_1)
     1    0.003364    0.026679    0.050933    5.171683 v _064_/X (sky130_fd_sc_hd__xor2_1)
                                                         net45 (net)
                      0.026679    0.000108    5.171792 v output45/A (sky130_fd_sc_hd__buf_2)
     1    0.036103    0.065680    0.117850    5.289641 v output45/X (sky130_fd_sc_hd__buf_2)
                                                         res[22] (net)
                      0.065704    0.001156    5.290797 v res[22] (out)
                                              5.290797   data arrival time

                      0.000000    0.000000    0.000000   clock clk (rise edge)
                                  0.000000    0.000000   clock network delay (ideal)
                                  0.250000    0.250000   clock uncertainty
                                  0.000000    0.250000   clock reconvergence pessimism
                                 -5.000000   -4.750000   output external delay
                                             -4.750000   data required time
---------------------------------------------------------------------------------------------
                                             -4.750000   data required time
                                             -5.290797   data arrival time
---------------------------------------------------------------------------------------------
                                             10.040797   slack (MET)


Startpoint: pcInput[9] (input port clocked by clk)
Endpoint: res[9] (output port clocked by clk)
Path Group: clk
Path Type: min

Fanout         Cap        Slew       Delay        Time   Description
---------------------------------------------------------------------------------------------
                      0.000000    0.000000    0.000000   clock clk (rise edge)
                                  0.000000    0.000000   clock network delay (ideal)
                                  5.000000    5.000000 v input external delay
     1    0.003167    0.005256    0.002605    5.002605 v pcInput[9] (in)
                                                         pcInput[9] (net)
                      0.005257    0.000000    5.002605 v input30/A (sky130_fd_sc_hd__clkbuf_1)
     2    0.006747    0.032374    0.059382    5.061987 v input30/X (sky130_fd_sc_hd__clkbuf_1)
                                                         net30 (net)
                      0.032375    0.000206    5.062193 v _096_/A1 (sky130_fd_sc_hd__o21a_1)
     1    0.004658    0.022763    0.120514    5.182708 v _096_/X (sky130_fd_sc_hd__o21a_1)
                                                         net62 (net)
                      0.022764    0.000175    5.182883 v output62/A (sky130_fd_sc_hd__buf_2)
     1    0.034340    0.062920    0.114344    5.297227 v output62/X (sky130_fd_sc_hd__buf_2)
                                                         res[9] (net)
                      0.062929    0.000759    5.297986 v res[9] (out)
                                              5.297986   data arrival time

                      0.000000    0.000000    0.000000   clock clk (rise edge)
                                  0.000000    0.000000   clock network delay (ideal)
                                  0.250000    0.250000   clock uncertainty
                                  0.000000    0.250000   clock reconvergence pessimism
                                 -5.000000   -4.750000   output external delay
                                             -4.750000   data required time
---------------------------------------------------------------------------------------------
                                             -4.750000   data required time
                                             -5.297986   data arrival time
---------------------------------------------------------------------------------------------
                                             10.047986   slack (MET)


Startpoint: pcInput[24] (input port clocked by clk)
Endpoint: res[24] (output port clocked by clk)
Path Group: clk
Path Type: min

Fanout         Cap        Slew       Delay        Time   Description
---------------------------------------------------------------------------------------------
                      0.000000    0.000000    0.000000   clock clk (rise edge)
                                  0.000000    0.000000   clock network delay (ideal)
                                  5.000000    5.000000 ^ input external delay
     1    0.005487    0.023329    0.014187    5.014187 ^ pcInput[24] (in)
                                                         pcInput[24] (net)
                      0.023330    0.000000    5.014187 ^ input15/A (sky130_fd_sc_hd__clkbuf_1)
     2    0.005681    0.056144    0.067214    5.081401 ^ input15/X (sky130_fd_sc_hd__clkbuf_1)
                                                         net15 (net)
                      0.056144    0.000132    5.081533 ^ _069_/B2 (sky130_fd_sc_hd__o2bb2a_1)
     1    0.002263    0.028244    0.080434    5.161967 ^ _069_/X (sky130_fd_sc_hd__o2bb2a_1)
                                                         net47 (net)
                      0.028244    0.000064    5.162031 ^ output47/A (sky130_fd_sc_hd__buf_2)
     1    0.034475    0.129012    0.136835    5.298867 ^ output47/X (sky130_fd_sc_hd__buf_2)
                                                         res[24] (net)
                      0.129019    0.000750    5.299617 ^ res[24] (out)
                                              5.299617   data arrival time

                      0.000000    0.000000    0.000000   clock clk (rise edge)
                                  0.000000    0.000000   clock network delay (ideal)
                                  0.250000    0.250000   clock uncertainty
                                  0.000000    0.250000   clock reconvergence pessimism
                                 -5.000000   -4.750000   output external delay
                                             -4.750000   data required time
---------------------------------------------------------------------------------------------
                                             -4.750000   data required time
                                             -5.299617   data arrival time
---------------------------------------------------------------------------------------------
                                             10.049617   slack (MET)


Startpoint: pcInput[26] (input port clocked by clk)
Endpoint: res[26] (output port clocked by clk)
Path Group: clk
Path Type: min

Fanout         Cap        Slew       Delay        Time   Description
---------------------------------------------------------------------------------------------
                      0.000000    0.000000    0.000000   clock clk (rise edge)
                                  0.000000    0.000000   clock network delay (ideal)
                                  5.000000    5.000000 ^ input external delay
     1    0.006062    0.025254    0.015585    5.015585 ^ pcInput[26] (in)
                                                         pcInput[26] (net)
                      0.025256    0.000000    5.015585 ^ input17/A (sky130_fd_sc_hd__buf_1)
     4    0.014671    0.132300    0.119978    5.135564 ^ input17/X (sky130_fd_sc_hd__buf_1)
                                                         net17 (net)
                      0.132303    0.000540    5.136104 ^ _073_/A (sky130_fd_sc_hd__xor2_1)
     1    0.002463    0.024126    0.046519    5.182623 v _073_/X (sky130_fd_sc_hd__xor2_1)
                                                         net49 (net)
                      0.024126    0.000075    5.182697 v output49/A (sky130_fd_sc_hd__buf_2)
     1    0.035645    0.065001    0.116238    5.298936 v output49/X (sky130_fd_sc_hd__buf_2)
                                                         res[26] (net)
                      0.065026    0.001174    5.300109 v res[26] (out)
                                              5.300109   data arrival time

                      0.000000    0.000000    0.000000   clock clk (rise edge)
                                  0.000000    0.000000   clock network delay (ideal)
                                  0.250000    0.250000   clock uncertainty
                                  0.000000    0.250000   clock reconvergence pessimism
                                 -5.000000   -4.750000   output external delay
                                             -4.750000   data required time
---------------------------------------------------------------------------------------------
                                             -4.750000   data required time
                                             -5.300109   data arrival time
---------------------------------------------------------------------------------------------
                                             10.050110   slack (MET)


Startpoint: pcInput[6] (input port clocked by clk)
Endpoint: res[6] (output port clocked by clk)
Path Group: clk
Path Type: min

Fanout         Cap        Slew       Delay        Time   Description
---------------------------------------------------------------------------------------------
                      0.000000    0.000000    0.000000   clock clk (rise edge)
                                  0.000000    0.000000   clock network delay (ideal)
                                  5.000000    5.000000 ^ input external delay
     1    0.003273    0.015614    0.008485    5.008485 ^ pcInput[6] (in)
                                                         pcInput[6] (net)
                      0.015614    0.000000    5.008485 ^ input27/A (sky130_fd_sc_hd__buf_1)
     5    0.016080    0.144313    0.125679    5.134163 ^ input27/X (sky130_fd_sc_hd__buf_1)
                                                         net27 (net)
                      0.144315    0.000499    5.134663 ^ _091_/A (sky130_fd_sc_hd__xor2_1)
     1    0.003867    0.028050    0.053548    5.188211 v _091_/X (sky130_fd_sc_hd__xor2_1)
                                                         net59 (net)
                      0.028050    0.000100    5.188311 v output59/A (sky130_fd_sc_hd__buf_2)
     1    0.034682    0.063450    0.116841    5.305152 v output59/X (sky130_fd_sc_hd__buf_2)
                                                         res[6] (net)
                      0.063461    0.000812    5.305964 v res[6] (out)
                                              5.305964   data arrival time

                      0.000000    0.000000    0.000000   clock clk (rise edge)
                                  0.000000    0.000000   clock network delay (ideal)
                                  0.250000    0.250000   clock uncertainty
                                  0.000000    0.250000   clock reconvergence pessimism
                                 -5.000000   -4.750000   output external delay
                                             -4.750000   data required time
---------------------------------------------------------------------------------------------
                                             -4.750000   data required time
                                             -5.305964   data arrival time
---------------------------------------------------------------------------------------------
                                             10.055964   slack (MET)


Startpoint: pcInput[15] (input port clocked by clk)
Endpoint: res[15] (output port clocked by clk)
Path Group: clk
Path Type: min

Fanout         Cap        Slew       Delay        Time   Description
---------------------------------------------------------------------------------------------
                      0.000000    0.000000    0.000000   clock clk (rise edge)
                                  0.000000    0.000000   clock network delay (ideal)
                                  5.000000    5.000000 v input external delay
     1    0.004254    0.006904    0.003582    5.003582 v pcInput[15] (in)
                                                         pcInput[15] (net)
                      0.006910    0.000000    5.003582 v input6/A (sky130_fd_sc_hd__clkbuf_1)
     2    0.005697    0.028550    0.056739    5.060321 v input6/X (sky130_fd_sc_hd__clkbuf_1)
                                                         net6 (net)
                      0.028550    0.000143    5.060464 v _104_/B1 (sky130_fd_sc_hd__a31o_1)
     1    0.002884    0.019627    0.067197    5.127661 v _104_/X (sky130_fd_sc_hd__a31o_1)
                                                         _010_ (net)
                      0.019627    0.000090    5.127750 v _105_/B (sky130_fd_sc_hd__and2b_1)
     1    0.002073    0.021191    0.086611    5.214361 v _105_/X (sky130_fd_sc_hd__and2b_1)
                                                         net37 (net)
                      0.021191    0.000059    5.214420 v output37/A (sky130_fd_sc_hd__buf_2)
     1    0.034315    0.062844    0.113812    5.328232 v output37/X (sky130_fd_sc_hd__buf_2)
                                                         res[15] (net)
                      0.062852    0.000680    5.328913 v res[15] (out)
                                              5.328913   data arrival time

                      0.000000    0.000000    0.000000   clock clk (rise edge)
                                  0.000000    0.000000   clock network delay (ideal)
                                  0.250000    0.250000   clock uncertainty
                                  0.000000    0.250000   clock reconvergence pessimism
                                 -5.000000   -4.750000   output external delay
                                             -4.750000   data required time
---------------------------------------------------------------------------------------------
                                             -4.750000   data required time
                                             -5.328913   data arrival time
---------------------------------------------------------------------------------------------
                                             10.078912   slack (MET)


Startpoint: pcInput[11] (input port clocked by clk)
Endpoint: res[11] (output port clocked by clk)
Path Group: clk
Path Type: min

Fanout         Cap        Slew       Delay        Time   Description
---------------------------------------------------------------------------------------------
                      0.000000    0.000000    0.000000   clock clk (rise edge)
                                  0.000000    0.000000   clock network delay (ideal)
                                  5.000000    5.000000 v input external delay
     1    0.003465    0.005692    0.002872    5.002872 v pcInput[11] (in)
                                                         pcInput[11] (net)
                      0.005693    0.000000    5.002872 v input2/A (sky130_fd_sc_hd__clkbuf_1)
     2    0.006560    0.031696    0.058954    5.061827 v input2/X (sky130_fd_sc_hd__clkbuf_1)
                                                         net2 (net)
                      0.031697    0.000192    5.062018 v _098_/B1 (sky130_fd_sc_hd__a31o_1)
     1    0.002201    0.017606    0.065958    5.127976 v _098_/X (sky130_fd_sc_hd__a31o_1)
                                                         _008_ (net)
                      0.017606    0.000063    5.128039 v _099_/B (sky130_fd_sc_hd__and2b_1)
     1    0.002577    0.022676    0.088176    5.216216 v _099_/X (sky130_fd_sc_hd__and2b_1)
                                                         net33 (net)
                      0.022676    0.000074    5.216290 v output33/A (sky130_fd_sc_hd__buf_2)
     1    0.034193    0.062652    0.114226    5.330515 v output33/X (sky130_fd_sc_hd__buf_2)
                                                         res[11] (net)
                      0.062658    0.000625    5.331140 v res[11] (out)
                                              5.331140   data arrival time

                      0.000000    0.000000    0.000000   clock clk (rise edge)
                                  0.000000    0.000000   clock network delay (ideal)
                                  0.250000    0.250000   clock uncertainty
                                  0.000000    0.250000   clock reconvergence pessimism
                                 -5.000000   -4.750000   output external delay
                                             -4.750000   data required time
---------------------------------------------------------------------------------------------
                                             -4.750000   data required time
                                             -5.331140   data arrival time
---------------------------------------------------------------------------------------------
                                             10.081140   slack (MET)


Startpoint: pcInput[29] (input port clocked by clk)
Endpoint: res[29] (output port clocked by clk)
Path Group: clk
Path Type: min

Fanout         Cap        Slew       Delay        Time   Description
---------------------------------------------------------------------------------------------
                      0.000000    0.000000    0.000000   clock clk (rise edge)
                                  0.000000    0.000000   clock network delay (ideal)
                                  5.000000    5.000000 v input external delay
     1    0.005529    0.009044    0.004907    5.004907 v pcInput[29] (in)
                                                         pcInput[29] (net)
                      0.009052    0.000000    5.004907 v input20/A (sky130_fd_sc_hd__buf_1)
     3    0.009322    0.041327    0.068805    5.073712 v input20/X (sky130_fd_sc_hd__buf_1)
                                                         net20 (net)
                      0.041328    0.000290    5.074003 v _080_/B1 (sky130_fd_sc_hd__a21o_1)
     1    0.002124    0.017062    0.068461    5.142464 v _080_/X (sky130_fd_sc_hd__a21o_1)
                                                         _001_ (net)
                      0.017062    0.000060    5.142524 v _081_/B (sky130_fd_sc_hd__and2_1)
     1    0.002162    0.021795    0.086987    5.229511 v _081_/X (sky130_fd_sc_hd__and2_1)
                                                         net52 (net)
                      0.021795    0.000060    5.229572 v output52/A (sky130_fd_sc_hd__buf_2)
     1    0.034538    0.063211    0.114245    5.343816 v output52/X (sky130_fd_sc_hd__buf_2)
                                                         res[29] (net)
                      0.063221    0.000770    5.344587 v res[29] (out)
                                              5.344587   data arrival time

                      0.000000    0.000000    0.000000   clock clk (rise edge)
                                  0.000000    0.000000   clock network delay (ideal)
                                  0.250000    0.250000   clock uncertainty
                                  0.000000    0.250000   clock reconvergence pessimism
                                 -5.000000   -4.750000   output external delay
                                             -4.750000   data required time
---------------------------------------------------------------------------------------------
                                             -4.750000   data required time
                                             -5.344587   data arrival time
---------------------------------------------------------------------------------------------
                                             10.094586   slack (MET)


Startpoint: pcInput[8] (input port clocked by clk)
Endpoint: res[8] (output port clocked by clk)
Path Group: clk
Path Type: min

Fanout         Cap        Slew       Delay        Time   Description
---------------------------------------------------------------------------------------------
                      0.000000    0.000000    0.000000   clock clk (rise edge)
                                  0.000000    0.000000   clock network delay (ideal)
                                  5.000000    5.000000 v input external delay
     1    0.004719    0.007759    0.003986    5.003986 v pcInput[8] (in)
                                                         pcInput[8] (net)
                      0.007764    0.000000    5.003986 v input29/A (sky130_fd_sc_hd__clkbuf_1)
     3    0.010018    0.043909    0.070282    5.074269 v input29/X (sky130_fd_sc_hd__clkbuf_1)
                                                         net29 (net)
                      0.043911    0.000345    5.074614 v _094_/B1 (sky130_fd_sc_hd__a31o_1)
     1    0.002846    0.019517    0.073349    5.147963 v _094_/X (sky130_fd_sc_hd__a31o_1)
                                                         _007_ (net)
                      0.019517    0.000087    5.148051 v _095_/B (sky130_fd_sc_hd__and2b_1)
     1    0.004884    0.029501    0.097645    5.245696 v _095_/X (sky130_fd_sc_hd__and2b_1)
                                                         net61 (net)
                      0.029502    0.000164    5.245860 v output61/A (sky130_fd_sc_hd__buf_2)
     1    0.034493    0.063157    0.117211    5.363071 v output61/X (sky130_fd_sc_hd__buf_2)
                                                         res[8] (net)
                      0.063166    0.000778    5.363849 v res[8] (out)
                                              5.363849   data arrival time

                      0.000000    0.000000    0.000000   clock clk (rise edge)
                                  0.000000    0.000000   clock network delay (ideal)
                                  0.250000    0.250000   clock uncertainty
                                  0.000000    0.250000   clock reconvergence pessimism
                                 -5.000000   -4.750000   output external delay
                                             -4.750000   data required time
---------------------------------------------------------------------------------------------
                                             -4.750000   data required time
                                             -5.363849   data arrival time
---------------------------------------------------------------------------------------------
                                             10.113850   slack (MET)



