
===========================================================================
report_checks -unconstrained
===========================================================================
======================= nom_tt_025C_1v80 Corner ===================================

Startpoint: data2[6] (input port clocked by clk)
Endpoint: z (output port clocked by clk)
Path Group: clk
Path Type: max

Fanout         Cap        Slew       Delay        Time   Description
---------------------------------------------------------------------------------------------
                      0.000000    0.000000    0.000000   clock clk (rise edge)
                                  0.000000    0.000000   clock network delay (ideal)
                                  5.000000    5.000000 v input external delay
     1    0.002826    0.008691    0.004458    5.004458 v data2[6] (in)
                                                         data2[6] (net)
                      0.008691    0.000000    5.004458 v input15/A (sky130_fd_sc_hd__clkbuf_1)
     1    0.002535    0.025124    0.070774    5.075233 v input15/X (sky130_fd_sc_hd__clkbuf_1)
                                                         net15 (net)
                      0.025124    0.000011    5.075243 v fanout40/A (sky130_fd_sc_hd__dlymetal6s2s_1)
     6    0.014760    0.086912    0.172396    5.247639 v fanout40/X (sky130_fd_sc_hd__dlymetal6s2s_1)
                                                         net40 (net)
                      0.086912    0.000027    5.247666 v fanout39/A (sky130_fd_sc_hd__clkbuf_2)
    10    0.021115    0.085721    0.171172    5.418839 v fanout39/X (sky130_fd_sc_hd__clkbuf_2)
                                                         net39 (net)
                      0.085721    0.000008    5.418847 v _152_/B (sky130_fd_sc_hd__and2_2)
     9    0.027973    0.089865    0.266799    5.685647 v _152_/X (sky130_fd_sc_hd__and2_2)
                                                         _083_ (net)
                      0.089865    0.000162    5.685808 v _205_/A2 (sky130_fd_sc_hd__a221o_1)
     1    0.001666    0.046499    0.343707    6.029515 v _205_/X (sky130_fd_sc_hd__a221o_1)
                                                         _007_ (net)
                      0.046499    0.000003    6.029518 v _207_/C (sky130_fd_sc_hd__or4_1)
     1    0.003364    0.087657    0.468183    6.497701 v _207_/X (sky130_fd_sc_hd__or4_1)
                                                         _009_ (net)
                      0.087657    0.000019    6.497720 v _208_/C1 (sky130_fd_sc_hd__o211a_1)
     1    0.002626    0.038969    0.121470    6.619190 v _208_/X (sky130_fd_sc_hd__o211a_1)
                                                         _010_ (net)
                      0.038969    0.000007    6.619197 v _213_/A1 (sky130_fd_sc_hd__o32a_1)
     2    0.004811    0.063037    0.348167    6.967364 v _213_/X (sky130_fd_sc_hd__o32a_1)
                                                         net21 (net)
                      0.063037    0.000015    6.967379 v _257_/A1 (sky130_fd_sc_hd__o21ba_1)
     1    0.002531    0.035077    0.181690    7.149069 v _257_/X (sky130_fd_sc_hd__o21ba_1)
                                                         _054_ (net)
                      0.035077    0.000003    7.149073 v _258_/B (sky130_fd_sc_hd__nor2_1)
     1    0.003484    0.090099    0.086505    7.235578 ^ _258_/Y (sky130_fd_sc_hd__nor2_1)
                                                         _055_ (net)
                      0.090099    0.000019    7.235597 ^ _259_/B2 (sky130_fd_sc_hd__o2bb2a_1)
     1    0.002192    0.043389    0.133291    7.368888 ^ _259_/X (sky130_fd_sc_hd__o2bb2a_1)
                                                         _056_ (net)
                      0.043389    0.000008    7.368896 ^ _260_/B1 (sky130_fd_sc_hd__o2bb2a_1)
     1    0.002071    0.042322    0.129222    7.498119 ^ _260_/X (sky130_fd_sc_hd__o2bb2a_1)
                                                         net28 (net)
                      0.042322    0.000004    7.498122 ^ output28/A (sky130_fd_sc_hd__buf_2)
     1    0.033953    0.171150    0.196362    7.694484 ^ output28/X (sky130_fd_sc_hd__buf_2)
                                                         z (net)
                      0.171150    0.000075    7.694559 ^ z (out)
                                              7.694559   data arrival time

                      0.000000   25.000000   25.000000   clock clk (rise edge)
                                  0.000000   25.000000   clock network delay (ideal)
                                 -0.250000   24.750000   clock uncertainty
                                  0.000000   24.750000   clock reconvergence pessimism
                                 -5.000000   19.750000   output external delay
                                             19.750000   data required time
---------------------------------------------------------------------------------------------
                                             19.750000   data required time
                                             -7.694559   data arrival time
---------------------------------------------------------------------------------------------
                                             12.055441   slack (MET)




===========================================================================
report_checks --slack_max -0.01
============================================================================
======================= nom_tt_025C_1v80 Corner ===================================

No paths found.


===========================================================================
 report_check_types -max_slew -max_cap -max_fanout -violators
============================================================================
======================= nom_tt_025C_1v80 Corner ===================================



===========================================================================
report_parasitic_annotation -report_unannotated
============================================================================
Found 0 unannotated drivers.
Found 0 partially unannotated drivers.

===========================================================================
max slew violation count 0
Writing metric design__max_slew_violation__count__corner:nom_tt_025C_1v80: 0
max fanout violation count 0
Writing metric design__max_fanout_violation__count__corner:nom_tt_025C_1v80: 0
max cap violation count 0
Writing metric design__max_cap_violation__count__corner:nom_tt_025C_1v80: 0
============================================================================

===========================================================================
check_setup -verbose -unconstrained_endpoints -multiple_clock -no_clock -no_input_delay -loops -generated_clocks
===========================================================================
