
===========================================================================
report_checks -unconstrained
===========================================================================
======================= nom_ff_n40C_1v95 Corner ===================================

Startpoint: data2[6] (input port clocked by clk)
Endpoint: z (output port clocked by clk)
Path Group: clk
Path Type: max

Fanout         Cap        Slew       Delay        Time   Description
---------------------------------------------------------------------------------------------
                      0.000000    0.000000    0.000000   clock clk (rise edge)
                                  0.000000    0.000000   clock network delay (ideal)
                                  5.000000    5.000000 ^ input external delay
     1    0.003094    0.014967    0.008014    5.008014 ^ data2[6] (in)
                                                         data2[6] (net)
                      0.014972    0.000000    5.008014 ^ input15/A (sky130_fd_sc_hd__clkbuf_1)
     1    0.003659    0.039169    0.053107    5.061121 ^ input15/X (sky130_fd_sc_hd__clkbuf_1)
                                                         net15 (net)
                      0.039169    0.000114    5.061234 ^ fanout40/A (sky130_fd_sc_hd__dlymetal6s2s_1)
     6    0.020171    0.166024    0.153187    5.214421 ^ fanout40/X (sky130_fd_sc_hd__dlymetal6s2s_1)
                                                         net40 (net)
                      0.166024    0.000305    5.214725 ^ fanout39/A (sky130_fd_sc_hd__clkbuf_2)
    10    0.029215    0.125251    0.157906    5.372632 ^ fanout39/X (sky130_fd_sc_hd__clkbuf_2)
                                                         net39 (net)
                      0.125253    0.000685    5.373317 ^ _151_/B (sky130_fd_sc_hd__nor3b_1)
     2    0.009064    0.057462    0.059733    5.433050 v _151_/Y (sky130_fd_sc_hd__nor3b_1)
                                                         _082_ (net)
                      0.057462    0.000262    5.433311 v max_cap33/A (sky130_fd_sc_hd__clkbuf_2)
     6    0.021184    0.059732    0.113658    5.546969 v max_cap33/X (sky130_fd_sc_hd__clkbuf_2)
                                                         net33 (net)
                      0.059735    0.000456    5.547424 v _203_/A2 (sky130_fd_sc_hd__a22o_1)
     1    0.001863    0.022878    0.121060    5.668485 v _203_/X (sky130_fd_sc_hd__a22o_1)
                                                         _005_ (net)
                      0.022878    0.000054    5.668538 v _207_/A (sky130_fd_sc_hd__or4_1)
     1    0.004712    0.062289    0.301634    5.970172 v _207_/X (sky130_fd_sc_hd__or4_1)
                                                         _009_ (net)
                      0.062289    0.000163    5.970335 v _208_/C1 (sky130_fd_sc_hd__o211a_1)
     1    0.002949    0.028484    0.077240    6.047575 v _208_/X (sky130_fd_sc_hd__o211a_1)
                                                         _010_ (net)
                      0.028484    0.000090    6.047665 v _213_/A1 (sky130_fd_sc_hd__o32a_1)
     2    0.005965    0.047746    0.208059    6.255723 v _213_/X (sky130_fd_sc_hd__o32a_1)
                                                         net21 (net)
                      0.047746    0.000172    6.255896 v _257_/A1 (sky130_fd_sc_hd__o21ba_1)
     1    0.002703    0.025223    0.116336    6.372232 v _257_/X (sky130_fd_sc_hd__o21ba_1)
                                                         _054_ (net)
                      0.025223    0.000055    6.372286 v _258_/B (sky130_fd_sc_hd__nor2_1)
     1    0.004514    0.072712    0.067807    6.440094 ^ _258_/Y (sky130_fd_sc_hd__nor2_1)
                                                         _055_ (net)
                      0.072712    0.000140    6.440233 ^ _259_/B2 (sky130_fd_sc_hd__o2bb2a_1)
     1    0.002662    0.032228    0.085659    6.525892 ^ _259_/X (sky130_fd_sc_hd__o2bb2a_1)
                                                         _056_ (net)
                      0.032228    0.000083    6.525975 ^ _260_/B1 (sky130_fd_sc_hd__o2bb2a_1)
     1    0.002285    0.029748    0.081510    6.607485 ^ _260_/X (sky130_fd_sc_hd__o2bb2a_1)
                                                         net28 (net)
                      0.029748    0.000065    6.607550 ^ output28/A (sky130_fd_sc_hd__buf_2)
     1    0.034204    0.128039    0.136645    6.744195 ^ output28/X (sky130_fd_sc_hd__buf_2)
                                                         z (net)
                      0.128045    0.000717    6.744912 ^ z (out)
                                              6.744912   data arrival time

                      0.000000   25.000000   25.000000   clock clk (rise edge)
                                  0.000000   25.000000   clock network delay (ideal)
                                 -0.250000   24.750000   clock uncertainty
                                  0.000000   24.750000   clock reconvergence pessimism
                                 -5.000000   19.750000   output external delay
                                             19.750000   data required time
---------------------------------------------------------------------------------------------
                                             19.750000   data required time
                                             -6.744912   data arrival time
---------------------------------------------------------------------------------------------
                                             13.005087   slack (MET)




===========================================================================
report_checks --slack_max -0.01
============================================================================
======================= nom_ff_n40C_1v95 Corner ===================================

No paths found.


===========================================================================
 report_check_types -max_slew -max_cap -max_fanout -violators
============================================================================
======================= nom_ff_n40C_1v95 Corner ===================================



===========================================================================
report_parasitic_annotation -report_unannotated
============================================================================
Found 0 unannotated drivers.
Found 0 partially unannotated drivers.

===========================================================================
max slew violation count 0
max fanout violation count 0
max cap violation count 0
============================================================================

===========================================================================
check_setup -verbose -unconstrained_endpoints -multiple_clock -no_clock -no_input_delay -loops -generated_clocks
===========================================================================
