
===========================================================================
report_checks -path_delay max (Setup)
============================================================================
======================= nom_ff_n40C_1v95 Corner ===================================

Startpoint: data2[6] (input port clocked by clk)
Endpoint: z (output port clocked by clk)
Path Group: clk
Path Type: max

Fanout         Cap        Slew       Delay        Time   Description
---------------------------------------------------------------------------------------------
                      0.000000    0.000000    0.000000   clock clk (rise edge)
                                  0.000000    0.000000   clock network delay (ideal)
                                  5.000000    5.000000 ^ input external delay
     1    0.003094    0.014967    0.008014    5.008014 ^ data2[6] (in)
                                                         data2[6] (net)
                      0.014972    0.000000    5.008014 ^ input15/A (sky130_fd_sc_hd__clkbuf_1)
     1    0.003659    0.039169    0.053107    5.061121 ^ input15/X (sky130_fd_sc_hd__clkbuf_1)
                                                         net15 (net)
                      0.039169    0.000114    5.061234 ^ fanout40/A (sky130_fd_sc_hd__dlymetal6s2s_1)
     6    0.020171    0.166024    0.153187    5.214421 ^ fanout40/X (sky130_fd_sc_hd__dlymetal6s2s_1)
                                                         net40 (net)
                      0.166024    0.000305    5.214725 ^ fanout39/A (sky130_fd_sc_hd__clkbuf_2)
    10    0.029215    0.125251    0.157906    5.372632 ^ fanout39/X (sky130_fd_sc_hd__clkbuf_2)
                                                         net39 (net)
                      0.125253    0.000685    5.373317 ^ _151_/B (sky130_fd_sc_hd__nor3b_1)
     2    0.009064    0.057462    0.059733    5.433050 v _151_/Y (sky130_fd_sc_hd__nor3b_1)
                                                         _082_ (net)
                      0.057462    0.000262    5.433311 v max_cap33/A (sky130_fd_sc_hd__clkbuf_2)
     6    0.021184    0.059732    0.113658    5.546969 v max_cap33/X (sky130_fd_sc_hd__clkbuf_2)
                                                         net33 (net)
                      0.059735    0.000456    5.547424 v _203_/A2 (sky130_fd_sc_hd__a22o_1)
     1    0.001863    0.022878    0.121060    5.668485 v _203_/X (sky130_fd_sc_hd__a22o_1)
                                                         _005_ (net)
                      0.022878    0.000054    5.668538 v _207_/A (sky130_fd_sc_hd__or4_1)
     1    0.004712    0.062289    0.301634    5.970172 v _207_/X (sky130_fd_sc_hd__or4_1)
                                                         _009_ (net)
                      0.062289    0.000163    5.970335 v _208_/C1 (sky130_fd_sc_hd__o211a_1)
     1    0.002949    0.028484    0.077240    6.047575 v _208_/X (sky130_fd_sc_hd__o211a_1)
                                                         _010_ (net)
                      0.028484    0.000090    6.047665 v _213_/A1 (sky130_fd_sc_hd__o32a_1)
     2    0.005965    0.047746    0.208059    6.255723 v _213_/X (sky130_fd_sc_hd__o32a_1)
                                                         net21 (net)
                      0.047746    0.000172    6.255896 v _257_/A1 (sky130_fd_sc_hd__o21ba_1)
     1    0.002703    0.025223    0.116336    6.372232 v _257_/X (sky130_fd_sc_hd__o21ba_1)
                                                         _054_ (net)
                      0.025223    0.000055    6.372286 v _258_/B (sky130_fd_sc_hd__nor2_1)
     1    0.004514    0.072712    0.067807    6.440094 ^ _258_/Y (sky130_fd_sc_hd__nor2_1)
                                                         _055_ (net)
                      0.072712    0.000140    6.440233 ^ _259_/B2 (sky130_fd_sc_hd__o2bb2a_1)
     1    0.002662    0.032228    0.085659    6.525892 ^ _259_/X (sky130_fd_sc_hd__o2bb2a_1)
                                                         _056_ (net)
                      0.032228    0.000083    6.525975 ^ _260_/B1 (sky130_fd_sc_hd__o2bb2a_1)
     1    0.002285    0.029748    0.081510    6.607485 ^ _260_/X (sky130_fd_sc_hd__o2bb2a_1)
                                                         net28 (net)
                      0.029748    0.000065    6.607550 ^ output28/A (sky130_fd_sc_hd__buf_2)
     1    0.034204    0.128039    0.136645    6.744195 ^ output28/X (sky130_fd_sc_hd__buf_2)
                                                         z (net)
                      0.128045    0.000717    6.744912 ^ z (out)
                                              6.744912   data arrival time

                      0.000000   25.000000   25.000000   clock clk (rise edge)
                                  0.000000   25.000000   clock network delay (ideal)
                                 -0.250000   24.750000   clock uncertainty
                                  0.000000   24.750000   clock reconvergence pessimism
                                 -5.000000   19.750000   output external delay
                                             19.750000   data required time
---------------------------------------------------------------------------------------------
                                             19.750000   data required time
                                             -6.744912   data arrival time
---------------------------------------------------------------------------------------------
                                             13.005087   slack (MET)


Startpoint: data1[1] (input port clocked by clk)
Endpoint: res[7] (output port clocked by clk)
Path Group: clk
Path Type: max

Fanout         Cap        Slew       Delay        Time   Description
---------------------------------------------------------------------------------------------
                      0.000000    0.000000    0.000000   clock clk (rise edge)
                                  0.000000    0.000000   clock network delay (ideal)
                                  5.000000    5.000000 v input external delay
     1    0.003153    0.005237    0.002589    5.002589 v data1[1] (in)
                                                         data1[1] (net)
                      0.005238    0.000000    5.002589 v input2/A (sky130_fd_sc_hd__clkbuf_1)
     2    0.008017    0.037065    0.063305    5.065895 v input2/X (sky130_fd_sc_hd__clkbuf_1)
                                                         net2 (net)
                      0.037066    0.000156    5.066051 v fanout36/A (sky130_fd_sc_hd__buf_2)
    10    0.034279    0.062907    0.119829    5.185880 v fanout36/X (sky130_fd_sc_hd__buf_2)
                                                         net36 (net)
                      0.062916    0.000737    5.186617 v _141_/A (sky130_fd_sc_hd__or2_1)
     4    0.011935    0.060651    0.175071    5.361688 v _141_/X (sky130_fd_sc_hd__or2_1)
                                                         _072_ (net)
                      0.060651    0.000250    5.361938 v _142_/A3 (sky130_fd_sc_hd__a31o_1)
     3    0.009687    0.048345    0.170037    5.531975 v _142_/X (sky130_fd_sc_hd__a31o_1)
                                                         _073_ (net)
                      0.048346    0.000266    5.532240 v _144_/A1 (sky130_fd_sc_hd__a21bo_1)
     3    0.010007    0.047187    0.131638    5.663878 v _144_/X (sky130_fd_sc_hd__a21bo_1)
                                                         _075_ (net)
                      0.047189    0.000305    5.664183 v _145_/A2 (sky130_fd_sc_hd__a21o_1)
     4    0.011847    0.049364    0.144522    5.808705 v _145_/X (sky130_fd_sc_hd__a21o_1)
                                                         _076_ (net)
                      0.049365    0.000289    5.808993 v _175_/A2 (sky130_fd_sc_hd__a211o_1)
     2    0.005708    0.043160    0.195644    6.004637 v _175_/X (sky130_fd_sc_hd__a211o_1)
                                                         _105_ (net)
                      0.043160    0.000149    6.004786 v _177_/C (sky130_fd_sc_hd__nand3_1)
     3    0.011281    0.103207    0.098804    6.103590 ^ _177_/Y (sky130_fd_sc_hd__nand3_1)
                                                         _107_ (net)
                      0.103209    0.000353    6.103943 ^ _192_/B1 (sky130_fd_sc_hd__o211ai_1)
     1    0.003270    0.044190    0.046781    6.150724 v _192_/Y (sky130_fd_sc_hd__o211ai_1)
                                                         _121_ (net)
                      0.044190    0.000096    6.150821 v _201_/A2 (sky130_fd_sc_hd__a31o_1)
     2    0.004397    0.032582    0.138516    6.289337 v _201_/X (sky130_fd_sc_hd__a31o_1)
                                                         _004_ (net)
                      0.032582    0.000064    6.289401 v _202_/B (sky130_fd_sc_hd__and2_1)
     1    0.001790    0.022422    0.091124    6.380524 v _202_/X (sky130_fd_sc_hd__and2_1)
                                                         net27 (net)
                      0.022422    0.000034    6.380558 v output27/A (sky130_fd_sc_hd__buf_2)
     1    0.034168    0.062643    0.114042    6.494600 v output27/X (sky130_fd_sc_hd__buf_2)
                                                         res[7] (net)
                      0.062651    0.000706    6.495306 v res[7] (out)
                                              6.495306   data arrival time

                      0.000000   25.000000   25.000000   clock clk (rise edge)
                                  0.000000   25.000000   clock network delay (ideal)
                                 -0.250000   24.750000   clock uncertainty
                                  0.000000   24.750000   clock reconvergence pessimism
                                 -5.000000   19.750000   output external delay
                                             19.750000   data required time
---------------------------------------------------------------------------------------------
                                             19.750000   data required time
                                             -6.495306   data arrival time
---------------------------------------------------------------------------------------------
                                             13.254694   slack (MET)


Startpoint: data1[1] (input port clocked by clk)
Endpoint: res[6] (output port clocked by clk)
Path Group: clk
Path Type: max

Fanout         Cap        Slew       Delay        Time   Description
---------------------------------------------------------------------------------------------
                      0.000000    0.000000    0.000000   clock clk (rise edge)
                                  0.000000    0.000000   clock network delay (ideal)
                                  5.000000    5.000000 v input external delay
     1    0.003153    0.005237    0.002589    5.002589 v data1[1] (in)
                                                         data1[1] (net)
                      0.005238    0.000000    5.002589 v input2/A (sky130_fd_sc_hd__clkbuf_1)
     2    0.008017    0.037065    0.063305    5.065895 v input2/X (sky130_fd_sc_hd__clkbuf_1)
                                                         net2 (net)
                      0.037066    0.000156    5.066051 v fanout36/A (sky130_fd_sc_hd__buf_2)
    10    0.034279    0.062907    0.119829    5.185880 v fanout36/X (sky130_fd_sc_hd__buf_2)
                                                         net36 (net)
                      0.062916    0.000737    5.186617 v _141_/A (sky130_fd_sc_hd__or2_1)
     4    0.011935    0.060651    0.175071    5.361688 v _141_/X (sky130_fd_sc_hd__or2_1)
                                                         _072_ (net)
                      0.060651    0.000250    5.361938 v _142_/A3 (sky130_fd_sc_hd__a31o_1)
     3    0.009687    0.048345    0.170037    5.531975 v _142_/X (sky130_fd_sc_hd__a31o_1)
                                                         _073_ (net)
                      0.048346    0.000266    5.532240 v _144_/A1 (sky130_fd_sc_hd__a21bo_1)
     3    0.010007    0.047187    0.131638    5.663878 v _144_/X (sky130_fd_sc_hd__a21bo_1)
                                                         _075_ (net)
                      0.047189    0.000305    5.664183 v _145_/A2 (sky130_fd_sc_hd__a21o_1)
     4    0.011847    0.049364    0.144522    5.808705 v _145_/X (sky130_fd_sc_hd__a21o_1)
                                                         _076_ (net)
                      0.049365    0.000289    5.808993 v _175_/A2 (sky130_fd_sc_hd__a211o_1)
     2    0.005708    0.043160    0.195644    6.004637 v _175_/X (sky130_fd_sc_hd__a211o_1)
                                                         _105_ (net)
                      0.043160    0.000159    6.004797 v _176_/A2 (sky130_fd_sc_hd__a21o_1)
     1    0.002801    0.023863    0.113694    6.118491 v _176_/X (sky130_fd_sc_hd__a21o_1)
                                                         _106_ (net)
                      0.023878    0.000082    6.118573 v _187_/A2 (sky130_fd_sc_hd__a31o_1)
     1    0.002900    0.027693    0.124218    6.242791 v _187_/X (sky130_fd_sc_hd__a31o_1)
                                                         _117_ (net)
                      0.027693    0.000084    6.242876 v _188_/B2 (sky130_fd_sc_hd__o22a_1)
     2    0.004038    0.030767    0.092508    6.335383 v _188_/X (sky130_fd_sc_hd__o22a_1)
                                                         net26 (net)
                      0.030767    0.000080    6.335464 v output26/A (sky130_fd_sc_hd__buf_2)
     1    0.034416    0.063038    0.117627    6.453091 v output26/X (sky130_fd_sc_hd__buf_2)
                                                         res[6] (net)
                      0.063048    0.000767    6.453858 v res[6] (out)
                                              6.453858   data arrival time

                      0.000000   25.000000   25.000000   clock clk (rise edge)
                                  0.000000   25.000000   clock network delay (ideal)
                                 -0.250000   24.750000   clock uncertainty
                                  0.000000   24.750000   clock reconvergence pessimism
                                 -5.000000   19.750000   output external delay
                                             19.750000   data required time
---------------------------------------------------------------------------------------------
                                             19.750000   data required time
                                             -6.453858   data arrival time
---------------------------------------------------------------------------------------------
                                             13.296142   slack (MET)


Startpoint: data1[1] (input port clocked by clk)
Endpoint: res[5] (output port clocked by clk)
Path Group: clk
Path Type: max

Fanout         Cap        Slew       Delay        Time   Description
---------------------------------------------------------------------------------------------
                      0.000000    0.000000    0.000000   clock clk (rise edge)
                                  0.000000    0.000000   clock network delay (ideal)
                                  5.000000    5.000000 v input external delay
     1    0.003153    0.005237    0.002589    5.002589 v data1[1] (in)
                                                         data1[1] (net)
                      0.005238    0.000000    5.002589 v input2/A (sky130_fd_sc_hd__clkbuf_1)
     2    0.008017    0.037065    0.063305    5.065895 v input2/X (sky130_fd_sc_hd__clkbuf_1)
                                                         net2 (net)
                      0.037066    0.000156    5.066051 v fanout36/A (sky130_fd_sc_hd__buf_2)
    10    0.034279    0.062907    0.119829    5.185880 v fanout36/X (sky130_fd_sc_hd__buf_2)
                                                         net36 (net)
                      0.062916    0.000737    5.186617 v _141_/A (sky130_fd_sc_hd__or2_1)
     4    0.011935    0.060651    0.175071    5.361688 v _141_/X (sky130_fd_sc_hd__or2_1)
                                                         _072_ (net)
                      0.060651    0.000250    5.361938 v _142_/A3 (sky130_fd_sc_hd__a31o_1)
     3    0.009687    0.048345    0.170037    5.531975 v _142_/X (sky130_fd_sc_hd__a31o_1)
                                                         _073_ (net)
                      0.048346    0.000266    5.532240 v _144_/A1 (sky130_fd_sc_hd__a21bo_1)
     3    0.010007    0.047187    0.131638    5.663878 v _144_/X (sky130_fd_sc_hd__a21bo_1)
                                                         _075_ (net)
                      0.047189    0.000305    5.664183 v _145_/A2 (sky130_fd_sc_hd__a21o_1)
     4    0.011847    0.049364    0.144522    5.808705 v _145_/X (sky130_fd_sc_hd__a21o_1)
                                                         _076_ (net)
                      0.049365    0.000296    5.809000 v _146_/A2 (sky130_fd_sc_hd__a21o_1)
     1    0.006346    0.034321    0.128574    5.937575 v _146_/X (sky130_fd_sc_hd__a21o_1)
                                                         _077_ (net)
                      0.034321    0.000160    5.937736 v _149_/B (sky130_fd_sc_hd__xnor2_1)
     1    0.002918    0.029708    0.076950    6.014685 v _149_/Y (sky130_fd_sc_hd__xnor2_1)
                                                         _080_ (net)
                      0.029708    0.000088    6.014773 v _170_/A2 (sky130_fd_sc_hd__a211o_1)
     2    0.003863    0.037768    0.181454    6.196227 v _170_/X (sky130_fd_sc_hd__a211o_1)
                                                         _101_ (net)
                      0.037768    0.000091    6.196318 v _171_/B (sky130_fd_sc_hd__and2_1)
     1    0.001910    0.022766    0.093681    6.289999 v _171_/X (sky130_fd_sc_hd__and2_1)
                                                         net25 (net)
                      0.022766    0.000053    6.290052 v output25/A (sky130_fd_sc_hd__buf_2)
     1    0.034214    0.062714    0.114223    6.404274 v output25/X (sky130_fd_sc_hd__buf_2)
                                                         res[5] (net)
                      0.062722    0.000706    6.404981 v res[5] (out)
                                              6.404981   data arrival time

                      0.000000   25.000000   25.000000   clock clk (rise edge)
                                  0.000000   25.000000   clock network delay (ideal)
                                 -0.250000   24.750000   clock uncertainty
                                  0.000000   24.750000   clock reconvergence pessimism
                                 -5.000000   19.750000   output external delay
                                             19.750000   data required time
---------------------------------------------------------------------------------------------
                                             19.750000   data required time
                                             -6.404981   data arrival time
---------------------------------------------------------------------------------------------
                                             13.345018   slack (MET)


Startpoint: data2[6] (input port clocked by clk)
Endpoint: res[1] (output port clocked by clk)
Path Group: clk
Path Type: max

Fanout         Cap        Slew       Delay        Time   Description
---------------------------------------------------------------------------------------------
                      0.000000    0.000000    0.000000   clock clk (rise edge)
                                  0.000000    0.000000   clock network delay (ideal)
                                  5.000000    5.000000 ^ input external delay
     1    0.003094    0.014967    0.008014    5.008014 ^ data2[6] (in)
                                                         data2[6] (net)
                      0.014972    0.000000    5.008014 ^ input15/A (sky130_fd_sc_hd__clkbuf_1)
     1    0.003659    0.039169    0.053107    5.061121 ^ input15/X (sky130_fd_sc_hd__clkbuf_1)
                                                         net15 (net)
                      0.039169    0.000114    5.061234 ^ fanout40/A (sky130_fd_sc_hd__dlymetal6s2s_1)
     6    0.020171    0.166024    0.153187    5.214421 ^ fanout40/X (sky130_fd_sc_hd__dlymetal6s2s_1)
                                                         net40 (net)
                      0.166024    0.000305    5.214725 ^ fanout39/A (sky130_fd_sc_hd__clkbuf_2)
    10    0.029215    0.125251    0.157906    5.372632 ^ fanout39/X (sky130_fd_sc_hd__clkbuf_2)
                                                         net39 (net)
                      0.125253    0.000685    5.373317 ^ _151_/B (sky130_fd_sc_hd__nor3b_1)
     2    0.009064    0.057462    0.059733    5.433050 v _151_/Y (sky130_fd_sc_hd__nor3b_1)
                                                         _082_ (net)
                      0.057462    0.000262    5.433311 v max_cap33/A (sky130_fd_sc_hd__clkbuf_2)
     6    0.021184    0.059732    0.113658    5.546969 v max_cap33/X (sky130_fd_sc_hd__clkbuf_2)
                                                         net33 (net)
                      0.059735    0.000456    5.547424 v _203_/A2 (sky130_fd_sc_hd__a22o_1)
     1    0.001863    0.022878    0.121060    5.668485 v _203_/X (sky130_fd_sc_hd__a22o_1)
                                                         _005_ (net)
                      0.022878    0.000054    5.668538 v _207_/A (sky130_fd_sc_hd__or4_1)
     1    0.004712    0.062289    0.301634    5.970172 v _207_/X (sky130_fd_sc_hd__or4_1)
                                                         _009_ (net)
                      0.062289    0.000163    5.970335 v _208_/C1 (sky130_fd_sc_hd__o211a_1)
     1    0.002949    0.028484    0.077240    6.047575 v _208_/X (sky130_fd_sc_hd__o211a_1)
                                                         _010_ (net)
                      0.028484    0.000090    6.047665 v _213_/A1 (sky130_fd_sc_hd__o32a_1)
     2    0.005965    0.047746    0.208059    6.255723 v _213_/X (sky130_fd_sc_hd__o32a_1)
                                                         net21 (net)
                      0.047746    0.000146    6.255870 v output21/A (sky130_fd_sc_hd__buf_2)
     1    0.034994    0.063865    0.125235    6.381105 v output21/X (sky130_fd_sc_hd__buf_2)
                                                         res[1] (net)
                      0.063873    0.000680    6.381785 v res[1] (out)
                                              6.381785   data arrival time

                      0.000000   25.000000   25.000000   clock clk (rise edge)
                                  0.000000   25.000000   clock network delay (ideal)
                                 -0.250000   24.750000   clock uncertainty
                                  0.000000   24.750000   clock reconvergence pessimism
                                 -5.000000   19.750000   output external delay
                                             19.750000   data required time
---------------------------------------------------------------------------------------------
                                             19.750000   data required time
                                             -6.381785   data arrival time
---------------------------------------------------------------------------------------------
                                             13.368214   slack (MET)


Startpoint: data2[6] (input port clocked by clk)
Endpoint: res[0] (output port clocked by clk)
Path Group: clk
Path Type: max

Fanout         Cap        Slew       Delay        Time   Description
---------------------------------------------------------------------------------------------
                      0.000000    0.000000    0.000000   clock clk (rise edge)
                                  0.000000    0.000000   clock network delay (ideal)
                                  5.000000    5.000000 ^ input external delay
     1    0.003094    0.014967    0.008014    5.008014 ^ data2[6] (in)
                                                         data2[6] (net)
                      0.014972    0.000000    5.008014 ^ input15/A (sky130_fd_sc_hd__clkbuf_1)
     1    0.003659    0.039169    0.053107    5.061121 ^ input15/X (sky130_fd_sc_hd__clkbuf_1)
                                                         net15 (net)
                      0.039169    0.000114    5.061234 ^ fanout40/A (sky130_fd_sc_hd__dlymetal6s2s_1)
     6    0.020171    0.166024    0.153187    5.214421 ^ fanout40/X (sky130_fd_sc_hd__dlymetal6s2s_1)
                                                         net40 (net)
                      0.166024    0.000305    5.214725 ^ fanout39/A (sky130_fd_sc_hd__clkbuf_2)
    10    0.029215    0.125251    0.157906    5.372632 ^ fanout39/X (sky130_fd_sc_hd__clkbuf_2)
                                                         net39 (net)
                      0.125253    0.000728    5.373360 ^ _162_/A (sky130_fd_sc_hd__nor3b_1)
     3    0.011230    0.064408    0.068151    5.441512 v _162_/Y (sky130_fd_sc_hd__nor3b_1)
                                                         _093_ (net)
                      0.064410    0.000285    5.441796 v max_cap31/A (sky130_fd_sc_hd__clkbuf_2)
     5    0.018133    0.052388    0.110617    5.552414 v max_cap31/X (sky130_fd_sc_hd__clkbuf_2)
                                                         net31 (net)
                      0.052393    0.000529    5.552943 v _236_/A2 (sky130_fd_sc_hd__a22o_1)
     1    0.002878    0.026332    0.122932    5.675875 v _236_/X (sky130_fd_sc_hd__a22o_1)
                                                         _035_ (net)
                      0.026332    0.000087    5.675962 v _239_/B (sky130_fd_sc_hd__or4_1)
     1    0.002920    0.053814    0.279582    5.955544 v _239_/X (sky130_fd_sc_hd__or4_1)
                                                         _038_ (net)
                      0.053814    0.000085    5.955629 v _240_/C1 (sky130_fd_sc_hd__o211a_1)
     1    0.003146    0.029246    0.074600    6.030230 v _240_/X (sky130_fd_sc_hd__o211a_1)
                                                         _039_ (net)
                      0.029246    0.000097    6.030327 v _244_/A1 (sky130_fd_sc_hd__o32a_1)
     2    0.007525    0.052988    0.214935    6.245261 v _244_/X (sky130_fd_sc_hd__o32a_1)
                                                         net20 (net)
                      0.052988    0.000224    6.245485 v output20/A (sky130_fd_sc_hd__buf_2)
     1    0.034106    0.062542    0.126215    6.371701 v output20/X (sky130_fd_sc_hd__buf_2)
                                                         res[0] (net)
                      0.062549    0.000657    6.372358 v res[0] (out)
                                              6.372358   data arrival time

                      0.000000   25.000000   25.000000   clock clk (rise edge)
                                  0.000000   25.000000   clock network delay (ideal)
                                 -0.250000   24.750000   clock uncertainty
                                  0.000000   24.750000   clock reconvergence pessimism
                                 -5.000000   19.750000   output external delay
                                             19.750000   data required time
---------------------------------------------------------------------------------------------
                                             19.750000   data required time
                                             -6.372358   data arrival time
---------------------------------------------------------------------------------------------
                                             13.377642   slack (MET)


Startpoint: data2[6] (input port clocked by clk)
Endpoint: res[3] (output port clocked by clk)
Path Group: clk
Path Type: max

Fanout         Cap        Slew       Delay        Time   Description
---------------------------------------------------------------------------------------------
                      0.000000    0.000000    0.000000   clock clk (rise edge)
                                  0.000000    0.000000   clock network delay (ideal)
                                  5.000000    5.000000 ^ input external delay
     1    0.003094    0.014967    0.008014    5.008014 ^ data2[6] (in)
                                                         data2[6] (net)
                      0.014972    0.000000    5.008014 ^ input15/A (sky130_fd_sc_hd__clkbuf_1)
     1    0.003659    0.039169    0.053107    5.061121 ^ input15/X (sky130_fd_sc_hd__clkbuf_1)
                                                         net15 (net)
                      0.039169    0.000114    5.061234 ^ fanout40/A (sky130_fd_sc_hd__dlymetal6s2s_1)
     6    0.020171    0.166024    0.153187    5.214421 ^ fanout40/X (sky130_fd_sc_hd__dlymetal6s2s_1)
                                                         net40 (net)
                      0.166024    0.000305    5.214725 ^ fanout39/A (sky130_fd_sc_hd__clkbuf_2)
    10    0.029215    0.125251    0.157906    5.372632 ^ fanout39/X (sky130_fd_sc_hd__clkbuf_2)
                                                         net39 (net)
                      0.125253    0.000696    5.373328 ^ _157_/B (sky130_fd_sc_hd__nor3_1)
     3    0.012300    0.066973    0.071404    5.444732 v _157_/Y (sky130_fd_sc_hd__nor3_1)
                                                         _088_ (net)
                      0.066974    0.000186    5.444918 v max_cap32/A (sky130_fd_sc_hd__clkbuf_2)
     5    0.016498    0.048433    0.108606    5.553524 v max_cap32/X (sky130_fd_sc_hd__clkbuf_2)
                                                         net32 (net)
                      0.048434    0.000321    5.553844 v _227_/A2 (sky130_fd_sc_hd__a22o_1)
     1    0.003399    0.028286    0.123796    5.677640 v _227_/X (sky130_fd_sc_hd__a22o_1)
                                                         _027_ (net)
                      0.028286    0.000102    5.677742 v _228_/C1 (sky130_fd_sc_hd__a221o_1)
     1    0.002929    0.033328    0.090963    5.768705 v _228_/X (sky130_fd_sc_hd__a221o_1)
                                                         _028_ (net)
                      0.033328    0.000087    5.768791 v _230_/B1 (sky130_fd_sc_hd__a211o_1)
     1    0.005851    0.043617    0.132963    5.901755 v _230_/X (sky130_fd_sc_hd__a211o_1)
                                                         _030_ (net)
                      0.043618    0.000237    5.901992 v _231_/C1 (sky130_fd_sc_hd__o211a_1)
     1    0.003871    0.031843    0.072925    5.974917 v _231_/X (sky130_fd_sc_hd__o211a_1)
                                                         _031_ (net)
                      0.031843    0.000131    5.975048 v _234_/A2 (sky130_fd_sc_hd__o32a_1)
     2    0.006184    0.048424    0.199277    6.174325 v _234_/X (sky130_fd_sc_hd__o32a_1)
                                                         net23 (net)
                      0.048424    0.000137    6.174462 v output23/A (sky130_fd_sc_hd__buf_2)
     1    0.034394    0.063016    0.124659    6.299120 v output23/X (sky130_fd_sc_hd__buf_2)
                                                         res[3] (net)
                      0.063027    0.000788    6.299908 v res[3] (out)
                                              6.299908   data arrival time

                      0.000000   25.000000   25.000000   clock clk (rise edge)
                                  0.000000   25.000000   clock network delay (ideal)
                                 -0.250000   24.750000   clock uncertainty
                                  0.000000   24.750000   clock reconvergence pessimism
                                 -5.000000   19.750000   output external delay
                                             19.750000   data required time
---------------------------------------------------------------------------------------------
                                             19.750000   data required time
                                             -6.299908   data arrival time
---------------------------------------------------------------------------------------------
                                             13.450091   slack (MET)


Startpoint: data2[5] (input port clocked by clk)
Endpoint: res[4] (output port clocked by clk)
Path Group: clk
Path Type: max

Fanout         Cap        Slew       Delay        Time   Description
---------------------------------------------------------------------------------------------
                      0.000000    0.000000    0.000000   clock clk (rise edge)
                                  0.000000    0.000000   clock network delay (ideal)
                                  5.000000    5.000000 v input external delay
     1    0.002599    0.004428    0.002099    5.002099 v data2[5] (in)
                                                         data2[5] (net)
                      0.004428    0.000000    5.002099 v input14/A (sky130_fd_sc_hd__clkbuf_1)
     1    0.005562    0.028051    0.055377    5.057476 v input14/X (sky130_fd_sc_hd__clkbuf_1)
                                                         net14 (net)
                      0.028052    0.000227    5.057703 v fanout42/A (sky130_fd_sc_hd__buf_1)
     5    0.014467    0.060835    0.090835    5.148538 v fanout42/X (sky130_fd_sc_hd__buf_1)
                                                         net42 (net)
                      0.060838    0.000490    5.149027 v fanout41/A (sky130_fd_sc_hd__clkbuf_2)
    10    0.029084    0.079132    0.129673    5.278701 v fanout41/X (sky130_fd_sc_hd__clkbuf_2)
                                                         net41 (net)
                      0.079142    0.000899    5.279600 v _180_/A (sky130_fd_sc_hd__nor3b_1)
     4    0.015715    0.358783    0.327180    5.606780 ^ _180_/Y (sky130_fd_sc_hd__nor3b_1)
                                                         _110_ (net)
                      0.358784    0.000465    5.607244 ^ max_cap29/A (sky130_fd_sc_hd__clkbuf_2)
     4    0.015109    0.071593    0.132288    5.739532 ^ max_cap29/X (sky130_fd_sc_hd__clkbuf_2)
                                                         net29 (net)
                      0.071595    0.000490    5.740022 ^ _217_/B1 (sky130_fd_sc_hd__a22o_1)
     1    0.003705    0.039108    0.075971    5.815992 ^ _217_/X (sky130_fd_sc_hd__a22o_1)
                                                         _018_ (net)
                      0.039108    0.000114    5.816106 ^ _218_/C1 (sky130_fd_sc_hd__a221o_1)
     1    0.004615    0.045281    0.067350    5.883457 ^ _218_/X (sky130_fd_sc_hd__a221o_1)
                                                         _019_ (net)
                      0.045281    0.000158    5.883614 ^ _219_/C1 (sky130_fd_sc_hd__a211o_1)
     1    0.002908    0.030255    0.056271    5.939885 ^ _219_/X (sky130_fd_sc_hd__a211o_1)
                                                         _020_ (net)
                      0.030255    0.000083    5.939968 ^ _220_/C1 (sky130_fd_sc_hd__o211a_1)
     1    0.004090    0.037860    0.068233    6.008201 ^ _220_/X (sky130_fd_sc_hd__o211a_1)
                                                         _021_ (net)
                      0.037860    0.000129    6.008330 ^ _223_/A2 (sky130_fd_sc_hd__o32a_1)
     2    0.007289    0.064960    0.101123    6.109453 ^ _223_/X (sky130_fd_sc_hd__o32a_1)
                                                         net24 (net)
                      0.064960    0.000240    6.109693 ^ output24/A (sky130_fd_sc_hd__buf_2)
     1    0.034123    0.127597    0.146283    6.255975 ^ output24/X (sky130_fd_sc_hd__buf_2)
                                                         res[4] (net)
                      0.127639    0.000663    6.256638 ^ res[4] (out)
                                              6.256638   data arrival time

                      0.000000   25.000000   25.000000   clock clk (rise edge)
                                  0.000000   25.000000   clock network delay (ideal)
                                 -0.250000   24.750000   clock uncertainty
                                  0.000000   24.750000   clock reconvergence pessimism
                                 -5.000000   19.750000   output external delay
                                             19.750000   data required time
---------------------------------------------------------------------------------------------
                                             19.750000   data required time
                                             -6.256638   data arrival time
---------------------------------------------------------------------------------------------
                                             13.493361   slack (MET)


Startpoint: data2[5] (input port clocked by clk)
Endpoint: res[2] (output port clocked by clk)
Path Group: clk
Path Type: max

Fanout         Cap        Slew       Delay        Time   Description
---------------------------------------------------------------------------------------------
                      0.000000    0.000000    0.000000   clock clk (rise edge)
                                  0.000000    0.000000   clock network delay (ideal)
                                  5.000000    5.000000 ^ input external delay
     1    0.002785    0.013863    0.007198    5.007198 ^ data2[5] (in)
                                                         data2[5] (net)
                      0.013863    0.000000    5.007198 ^ input14/A (sky130_fd_sc_hd__clkbuf_1)
     1    0.005750    0.056702    0.064994    5.072193 ^ input14/X (sky130_fd_sc_hd__clkbuf_1)
                                                         net14 (net)
                      0.056703    0.000236    5.072429 ^ fanout42/A (sky130_fd_sc_hd__buf_1)
     5    0.015167    0.136744    0.129063    5.201492 ^ fanout42/X (sky130_fd_sc_hd__buf_1)
                                                         net42 (net)
                      0.136746    0.000516    5.202008 ^ fanout41/A (sky130_fd_sc_hd__clkbuf_2)
    10    0.030557    0.130439    0.158684    5.360693 ^ fanout41/X (sky130_fd_sc_hd__clkbuf_2)
                                                         net41 (net)
                      0.130493    0.000972    5.361664 ^ _179_/A_N (sky130_fd_sc_hd__and3b_2)
     7    0.028796    0.068308    0.179727    5.541391 v _179_/X (sky130_fd_sc_hd__and3b_2)
                                                         _109_ (net)
                      0.068348    0.001525    5.542917 v _248_/B1 (sky130_fd_sc_hd__a221o_1)
     1    0.002769    0.032616    0.150058    5.692975 v _248_/X (sky130_fd_sc_hd__a221o_1)
                                                         _046_ (net)
                      0.032616    0.000080    5.693055 v _249_/B1 (sky130_fd_sc_hd__a21o_1)
     1    0.002946    0.024391    0.067978    5.761032 v _249_/X (sky130_fd_sc_hd__a21o_1)
                                                         _047_ (net)
                      0.024406    0.000085    5.761117 v _253_/A1 (sky130_fd_sc_hd__o21a_1)
     1    0.005305    0.032597    0.119787    5.880905 v _253_/X (sky130_fd_sc_hd__o21a_1)
                                                         _051_ (net)
                      0.032598    0.000198    5.881103 v _256_/A2 (sky130_fd_sc_hd__o32a_1)
     2    0.005617    0.046628    0.197116    6.078219 v _256_/X (sky130_fd_sc_hd__o32a_1)
                                                         net22 (net)
                      0.046628    0.000132    6.078351 v output22/A (sky130_fd_sc_hd__buf_2)
     1    0.034354    0.062951    0.123899    6.202250 v output22/X (sky130_fd_sc_hd__buf_2)
                                                         res[2] (net)
                      0.062961    0.000774    6.203023 v res[2] (out)
                                              6.203023   data arrival time

                      0.000000   25.000000   25.000000   clock clk (rise edge)
                                  0.000000   25.000000   clock network delay (ideal)
                                 -0.250000   24.750000   clock uncertainty
                                  0.000000   24.750000   clock reconvergence pessimism
                                 -5.000000   19.750000   output external delay
                                             19.750000   data required time
---------------------------------------------------------------------------------------------
                                             19.750000   data required time
                                             -6.203023   data arrival time
---------------------------------------------------------------------------------------------
                                             13.546975   slack (MET)



