                                                                        Cells by Master                                                                         
┏━━━━━━━━━━━━━━━━━━━━━━━━━━━━━━━━━━━━━━━━━━━━━━━━━━━━━━━━━━━━━━━━━━━━━━━━━━━━━━━━━━━━━━━━━━━━━━━━━━━━━━━━━━━━━━━━━━━━━━━━━━━━━━━━━━┳━━━━━━━━━━━━━━━━━━━━━━━━━━━┓
┃ Cell                                                                                                                             ┃ Count                     ┃
┡━━━━━━━━━━━━━━━━━━━━━━━━━━━━━━━━━━━━━━━━━━━━━━━━━━━━━━━━━━━━━━━━━━━━━━━━━━━━━━━━━━━━━━━━━━━━━━━━━━━━━━━━━━━━━━━━━━━━━━━━━━━━━━━━━━╇━━━━━━━━━━━━━━━━━━━━━━━━━━━┩
│ sky130_fd_sc_hd__a21o_1                                                                                                          │ 1                         │
│ sky130_fd_sc_hd__a21oi_1                                                                                                         │ 8                         │
│ sky130_fd_sc_hd__a31o_1                                                                                                          │ 3                         │
│ sky130_fd_sc_hd__and2_1                                                                                                          │ 8                         │
│ sky130_fd_sc_hd__and2b_1                                                                                                         │ 3                         │
│ sky130_fd_sc_hd__and3_1                                                                                                          │ 8                         │
│ sky130_fd_sc_hd__and4_1                                                                                                          │ 3                         │
│ sky130_fd_sc_hd__and4_2                                                                                                          │ 4                         │
│ sky130_fd_sc_hd__buf_1                                                                                                           │ 10                        │
│ sky130_fd_sc_hd__buf_2                                                                                                           │ 32                        │
│ sky130_fd_sc_hd__clkbuf_1                                                                                                        │ 21                        │
│ sky130_fd_sc_hd__decap_3                                                                                                         │ 113                       │
│ sky130_fd_sc_hd__dlymetal6s2s_1                                                                                                  │ 1                         │
│ sky130_fd_sc_hd__fill_1                                                                                                          │ 21                        │
│ sky130_fd_sc_hd__fill_2                                                                                                          │ 21                        │
│ sky130_fd_sc_hd__inv_2                                                                                                           │ 1                         │
│ sky130_fd_sc_hd__nand2_1                                                                                                         │ 2                         │
│ sky130_fd_sc_hd__nand3_1                                                                                                         │ 1                         │
│ sky130_fd_sc_hd__nor2_1                                                                                                          │ 12                        │
│ sky130_fd_sc_hd__o21a_1                                                                                                          │ 1                         │
│ sky130_fd_sc_hd__o21ba_1                                                                                                         │ 1                         │
│ sky130_fd_sc_hd__o2bb2a_1                                                                                                        │ 2                         │
│ sky130_fd_sc_hd__tapvpwrvgnd_1                                                                                                   │ 15                        │
│ sky130_fd_sc_hd__xnor2_1                                                                                                         │ 3                         │
│ sky130_fd_sc_hd__xor2_1                                                                                                          │ 8                         │
└──────────────────────────────────────────────────────────────────────────────────────────────────────────────────────────────────┴───────────────────────────┘
