
===========================================================================
report_checks -unconstrained
===========================================================================
======================= max_ff_n40C_1v95 Corner ===================================

Startpoint: data2[6] (input port clocked by clk)
Endpoint: z (output port clocked by clk)
Path Group: clk
Path Type: max

Fanout         Cap        Slew       Delay        Time   Description
---------------------------------------------------------------------------------------------
                      0.000000    0.000000    0.000000   clock clk (rise edge)
                                  0.000000    0.000000   clock network delay (ideal)
                                  5.000000    5.000000 ^ input external delay
     1    0.003153    0.015181    0.008205    5.008205 ^ data2[6] (in)
                                                         data2[6] (net)
                      0.015183    0.000000    5.008205 ^ input15/A (sky130_fd_sc_hd__clkbuf_1)
     1    0.003819    0.040501    0.054065    5.062270 ^ input15/X (sky130_fd_sc_hd__clkbuf_1)
                                                         net15 (net)
                      0.040501    0.000226    5.062496 ^ fanout40/A (sky130_fd_sc_hd__dlymetal6s2s_1)
     6    0.021015    0.171990    0.157446    5.219942 ^ fanout40/X (sky130_fd_sc_hd__dlymetal6s2s_1)
                                                         net40 (net)
                      0.171994    0.000650    5.220592 ^ fanout39/A (sky130_fd_sc_hd__clkbuf_2)
    10    0.030222    0.129030    0.160699    5.381291 ^ fanout39/X (sky130_fd_sc_hd__clkbuf_2)
                                                         net39 (net)
                      0.129060    0.001610    5.382901 ^ _151_/B (sky130_fd_sc_hd__nor3b_1)
     2    0.009639    0.059770    0.061665    5.444567 v _151_/Y (sky130_fd_sc_hd__nor3b_1)
                                                         _082_ (net)
                      0.059781    0.000621    5.445188 v max_cap33/A (sky130_fd_sc_hd__clkbuf_2)
     6    0.022009    0.061893    0.115739    5.560927 v max_cap33/X (sky130_fd_sc_hd__clkbuf_2)
                                                         net33 (net)
                      0.061915    0.001093    5.562020 v _203_/A2 (sky130_fd_sc_hd__a22o_1)
     1    0.001917    0.023061    0.122138    5.684158 v _203_/X (sky130_fd_sc_hd__a22o_1)
                                                         _005_ (net)
                      0.023061    0.000133    5.684291 v _207_/A (sky130_fd_sc_hd__or4_1)
     1    0.005058    0.063597    0.303490    5.987782 v _207_/X (sky130_fd_sc_hd__or4_1)
                                                         _009_ (net)
                      0.063597    0.000389    5.988171 v _208_/C1 (sky130_fd_sc_hd__o211a_1)
     1    0.003061    0.028892    0.078097    6.066267 v _208_/X (sky130_fd_sc_hd__o211a_1)
                                                         _010_ (net)
                      0.028892    0.000208    6.066475 v _213_/A1 (sky130_fd_sc_hd__o32a_1)
     2    0.006155    0.048411    0.208902    6.275377 v _213_/X (sky130_fd_sc_hd__o32a_1)
                                                         net21 (net)
                      0.048413    0.000411    6.275788 v _257_/A1 (sky130_fd_sc_hd__o21ba_1)
     1    0.002775    0.025468    0.116888    6.392676 v _257_/X (sky130_fd_sc_hd__o21ba_1)
                                                         _054_ (net)
                      0.025469    0.000126    6.392802 v _258_/B (sky130_fd_sc_hd__nor2_1)
     1    0.004797    0.075999    0.070365    6.463168 ^ _258_/Y (sky130_fd_sc_hd__nor2_1)
                                                         _055_ (net)
                      0.075999    0.000216    6.463383 ^ _259_/B2 (sky130_fd_sc_hd__o2bb2a_1)
     1    0.002803    0.033152    0.087025    6.550408 ^ _259_/X (sky130_fd_sc_hd__o2bb2a_1)
                                                         _056_ (net)
                      0.033153    0.000179    6.550587 ^ _260_/B1 (sky130_fd_sc_hd__o2bb2a_1)
     1    0.002334    0.030040    0.081986    6.632572 ^ _260_/X (sky130_fd_sc_hd__o2bb2a_1)
                                                         net28 (net)
                      0.030040    0.000161    6.632733 ^ output28/A (sky130_fd_sc_hd__buf_2)
     1    0.034246    0.127848    0.136210    6.768942 ^ output28/X (sky130_fd_sc_hd__buf_2)
                                                         z (net)
                      0.127881    0.001714    6.770657 ^ z (out)
                                              6.770657   data arrival time

                      0.000000   25.000000   25.000000   clock clk (rise edge)
                                  0.000000   25.000000   clock network delay (ideal)
                                 -0.250000   24.750000   clock uncertainty
                                  0.000000   24.750000   clock reconvergence pessimism
                                 -5.000000   19.750000   output external delay
                                             19.750000   data required time
---------------------------------------------------------------------------------------------
                                             19.750000   data required time
                                             -6.770657   data arrival time
---------------------------------------------------------------------------------------------
                                             12.979342   slack (MET)




===========================================================================
report_checks --slack_max -0.01
============================================================================
======================= max_ff_n40C_1v95 Corner ===================================

No paths found.


===========================================================================
 report_check_types -max_slew -max_cap -max_fanout -violators
============================================================================
======================= max_ff_n40C_1v95 Corner ===================================



===========================================================================
report_parasitic_annotation -report_unannotated
============================================================================
Found 0 unannotated drivers.
Found 0 partially unannotated drivers.

===========================================================================
max slew violation count 0
max fanout violation count 0
max cap violation count 0
============================================================================

===========================================================================
check_setup -verbose -unconstrained_endpoints -multiple_clock -no_clock -no_input_delay -loops -generated_clocks
===========================================================================
