Reading timing models for corner nom_tt_025C_1v80…
Reading timing library for the 'nom_tt_025C_1v80' corner at '/foss/pdks/sky130A/libs.ref/sky130_fd_sc_hd/lib/sky130_fd_sc_hd__tt_025C_1v80.lib'…
Reading timing models for corner nom_ff_n40C_1v95…
Reading timing library for the 'nom_ff_n40C_1v95' corner at '/foss/pdks/sky130A/libs.ref/sky130_fd_sc_hd/lib/sky130_fd_sc_hd__ff_n40C_1v95.lib'…
Reading timing models for corner nom_ss_100C_1v60…
Reading timing library for the 'nom_ss_100C_1v60' corner at '/foss/pdks/sky130A/libs.ref/sky130_fd_sc_hd/lib/sky130_fd_sc_hd__ss_100C_1v60.lib'…
Reading OpenROAD database at '/foss/designs/ece429-tt-design-project/src/runs/RUN_2026-05-16_00-56-15/34-openroad-cts/pcInc.odb'…
Reading design constraints file at '/usr/local/lib/python3.12/dist-packages/librelane/scripts/base.sdc'…
[WARNING STA-0366] port 'clk' not found.
[INFO] Using clock clk…
[INFO] Setting output delay to: 5
[INFO] Setting input delay to: 5
[WARNING STA-0366] port 'clk' not found.
[INFO] Setting load to: 0.033442
[INFO] Setting clock uncertainty to: 0.25
[INFO] Setting clock transition to: 0.1499999999999999944488848768742172978818416595458984375
[WARNING STA-0419] transition time can not be specified for virtual clocks.
[INFO] Setting timing derate to: 5%
[WARNING STA-0450] virtual clock clk can not be propagated.
[WARNING STA-0450] virtual clock clk can not be propagated.
[INFO] Setting RC values…
[INFO RSZ-0098] No setup violations found
[INFO RSZ-0033] No hold violations found.
Placement Analysis
---------------------------------
total displacement          0.0 u
average displacement        0.0 u
max displacement            0.0 u
original HPWL            1970.1 u
legalized HPWL           2044.8 u
delta HPWL                    4 %

[INFO DPL-0020] Mirrored 58 instances
[INFO DPL-0021] HPWL before            2044.8 u
[INFO DPL-0022] HPWL after             1970.1 u
[INFO DPL-0023] HPWL delta               -3.7 %
[INFO] Setting RC values…
Setting global connections for newly added cells…
[INFO] Setting global connections...
Updating metrics…
Cell type report:                       Count       Area
  Fill cell                                26      97.59
  Tap cell                                 15      18.77
  Buffer                                    2       7.51
  Timing Repair Buffer                     62     281.52
  Inverter                                  1       3.75
  Multi-Input combinational cell           68     454.19
  Total                                   174     863.33
Writing OpenROAD database to '/foss/designs/ece429-tt-design-project/src/runs/RUN_2026-05-16_00-56-15/36-openroad-resizertimingpostcts/pcInc.odb'…
Writing netlist to '/foss/designs/ece429-tt-design-project/src/runs/RUN_2026-05-16_00-56-15/36-openroad-resizertimingpostcts/pcInc.nl.v'…
Writing powered netlist to '/foss/designs/ece429-tt-design-project/src/runs/RUN_2026-05-16_00-56-15/36-openroad-resizertimingpostcts/pcInc.pnl.v'…
Writing layout to '/foss/designs/ece429-tt-design-project/src/runs/RUN_2026-05-16_00-56-15/36-openroad-resizertimingpostcts/pcInc.def'…
Writing timing constraints to '/foss/designs/ece429-tt-design-project/src/runs/RUN_2026-05-16_00-56-15/36-openroad-resizertimingpostcts/pcInc.sdc'…
