Reading timing models for corner nom_ss_100C_1v60…
Reading cell library for the 'nom_ss_100C_1v60' corner at '/foss/pdks/sky130A/libs.ref/sky130_fd_sc_hd/lib/sky130_fd_sc_hd__ss_100C_1v60.lib'…
Reading top-level netlist at '/foss/designs/ece429-tt-design-project/src/runs/RUN_2026-05-16_00-55-12/06-yosys-synthesis/barrelShifter.nl.v'…
Linking design 'barrelShifter' from netlist…
Reading design constraints file at '/usr/local/lib/python3.12/dist-packages/librelane/scripts/base.sdc'…
Warning: base.sdc line 15, port 'clk' not found.
[INFO] Using clock clk…
[INFO] Setting output delay to: 5
[INFO] Setting input delay to: 5
Warning: base.sdc line 32, port 'clk' not found.
[INFO] Setting load to: 0.033442
[INFO] Setting clock uncertainty to: 0.25
[INFO] Setting clock transition to: 0.1499999999999999944488848768742172978818416595458984375
Warning: base.sdc line 69, transition time can not be specified for virtual clocks.
[INFO] Setting timing derate to: 5%
%OL_CREATE_REPORT min.rpt

===========================================================================
report_checks -path_delay min (Hold)
============================================================================
======================= nom_ss_100C_1v60 Corner ===================================

Startpoint: data[5] (input port clocked by clk)
Endpoint: result[6] (output port clocked by clk)
Path Group: clk
Path Type: min

Fanout         Cap        Slew       Delay        Time   Description
---------------------------------------------------------------------------------------------
                      0.000000    0.000000    0.000000   clock clk (rise edge)
                                  0.000000    0.000000   clock network delay (ideal)
                                  5.000000    5.000000 ^ input external delay
     8    0.015890    0.123969    0.081545    5.081545 ^ data[5] (in)
                                                         data[5] (net)
                      0.123969    0.000000    5.081545 ^ _112_/B2 (sky130_fd_sc_hd__o32a_2)
     1    0.033442    0.293181    0.457355    5.538900 ^ _112_/X (sky130_fd_sc_hd__o32a_2)
                                                         result[6] (net)
                      0.293181    0.000000    5.538900 ^ result[6] (out)
                                              5.538900   data arrival time

                      0.000000    0.000000    0.000000   clock clk (rise edge)
                                  0.000000    0.000000   clock network delay (ideal)
                                  0.250000    0.250000   clock uncertainty
                                  0.000000    0.250000   clock reconvergence pessimism
                                 -5.000000   -4.750000   output external delay
                                             -4.750000   data required time
---------------------------------------------------------------------------------------------
                                             -4.750000   data required time
                                             -5.538900   data arrival time
---------------------------------------------------------------------------------------------
                                             10.288900   slack (MET)


Startpoint: data[2] (input port clocked by clk)
Endpoint: result[3] (output port clocked by clk)
Path Group: clk
Path Type: min

Fanout         Cap        Slew       Delay        Time   Description
---------------------------------------------------------------------------------------------
                      0.000000    0.000000    0.000000   clock clk (rise edge)
                                  0.000000    0.000000   clock network delay (ideal)
                                  5.000000    5.000000 ^ input external delay
     8    0.016800    0.130233    0.086058    5.086059 ^ data[2] (in)
                                                         data[2] (net)
                      0.130233    0.000000    5.086059 ^ _089_/B2 (sky130_fd_sc_hd__o32a_2)
     1    0.033442    0.293181    0.459972    5.546030 ^ _089_/X (sky130_fd_sc_hd__o32a_2)
                                                         result[3] (net)
                      0.293181    0.000000    5.546030 ^ result[3] (out)
                                              5.546030   data arrival time

                      0.000000    0.000000    0.000000   clock clk (rise edge)
                                  0.000000    0.000000   clock network delay (ideal)
                                  0.250000    0.250000   clock uncertainty
                                  0.000000    0.250000   clock reconvergence pessimism
                                 -5.000000   -4.750000   output external delay
                                             -4.750000   data required time
---------------------------------------------------------------------------------------------
                                             -4.750000   data required time
                                             -5.546030   data arrival time
---------------------------------------------------------------------------------------------
                                             10.296030   slack (MET)


Startpoint: data[4] (input port clocked by clk)
Endpoint: result[5] (output port clocked by clk)
Path Group: clk
Path Type: min

Fanout         Cap        Slew       Delay        Time   Description
---------------------------------------------------------------------------------------------
                      0.000000    0.000000    0.000000   clock clk (rise edge)
                                  0.000000    0.000000   clock network delay (ideal)
                                  5.000000    5.000000 ^ input external delay
     8    0.017773    0.136931    0.090884    5.090884 ^ data[4] (in)
                                                         data[4] (net)
                      0.136931    0.000000    5.090884 ^ _104_/B2 (sky130_fd_sc_hd__o32a_2)
     1    0.033442    0.293181    0.462770    5.553654 ^ _104_/X (sky130_fd_sc_hd__o32a_2)
                                                         result[5] (net)
                      0.293181    0.000000    5.553654 ^ result[5] (out)
                                              5.553654   data arrival time

                      0.000000    0.000000    0.000000   clock clk (rise edge)
                                  0.000000    0.000000   clock network delay (ideal)
                                  0.250000    0.250000   clock uncertainty
                                  0.000000    0.250000   clock reconvergence pessimism
                                 -5.000000   -4.750000   output external delay
                                             -4.750000   data required time
---------------------------------------------------------------------------------------------
                                             -4.750000   data required time
                                             -5.553654   data arrival time
---------------------------------------------------------------------------------------------
                                             10.303654   slack (MET)


Startpoint: data[0] (input port clocked by clk)
Endpoint: result[1] (output port clocked by clk)
Path Group: clk
Path Type: min

Fanout         Cap        Slew       Delay        Time   Description
---------------------------------------------------------------------------------------------
                      0.000000    0.000000    0.000000   clock clk (rise edge)
                                  0.000000    0.000000   clock network delay (ideal)
                                  5.000000    5.000000 ^ input external delay
     8    0.015788    0.123266    0.081040    5.081040 ^ data[0] (in)
                                                         data[0] (net)
                      0.123266    0.000000    5.081040 ^ _074_/A1 (sky130_fd_sc_hd__o22a_2)
     1    0.033442    0.289224    0.499541    5.580581 ^ _074_/X (sky130_fd_sc_hd__o22a_2)
                                                         result[1] (net)
                      0.289224    0.000000    5.580581 ^ result[1] (out)
                                              5.580581   data arrival time

                      0.000000    0.000000    0.000000   clock clk (rise edge)
                                  0.000000    0.000000   clock network delay (ideal)
                                  0.250000    0.250000   clock uncertainty
                                  0.000000    0.250000   clock reconvergence pessimism
                                 -5.000000   -4.750000   output external delay
                                             -4.750000   data required time
---------------------------------------------------------------------------------------------
                                             -4.750000   data required time
                                             -5.580581   data arrival time
---------------------------------------------------------------------------------------------
                                             10.330581   slack (MET)


Startpoint: data[6] (input port clocked by clk)
Endpoint: result[7] (output port clocked by clk)
Path Group: clk
Path Type: min

Fanout         Cap        Slew       Delay        Time   Description
---------------------------------------------------------------------------------------------
                      0.000000    0.000000    0.000000   clock clk (rise edge)
                                  0.000000    0.000000   clock network delay (ideal)
                                  5.000000    5.000000 ^ input external delay
     8    0.015901    0.124044    0.081600    5.081600 ^ data[6] (in)
                                                         data[6] (net)
                      0.124044    0.000000    5.081600 ^ _119_/A1 (sky130_fd_sc_hd__o22a_2)
     1    0.033442    0.289224    0.499854    5.581454 ^ _119_/X (sky130_fd_sc_hd__o22a_2)
                                                         result[7] (net)
                      0.289224    0.000000    5.581454 ^ result[7] (out)
                                              5.581454   data arrival time

                      0.000000    0.000000    0.000000   clock clk (rise edge)
                                  0.000000    0.000000   clock network delay (ideal)
                                  0.250000    0.250000   clock uncertainty
                                  0.000000    0.250000   clock reconvergence pessimism
                                 -5.000000   -4.750000   output external delay
                                             -4.750000   data required time
---------------------------------------------------------------------------------------------
                                             -4.750000   data required time
                                             -5.581454   data arrival time
---------------------------------------------------------------------------------------------
                                             10.331454   slack (MET)


Startpoint: data[1] (input port clocked by clk)
Endpoint: result[2] (output port clocked by clk)
Path Group: clk
Path Type: min

Fanout         Cap        Slew       Delay        Time   Description
---------------------------------------------------------------------------------------------
                      0.000000    0.000000    0.000000   clock clk (rise edge)
                                  0.000000    0.000000   clock network delay (ideal)
                                  5.000000    5.000000 ^ input external delay
     8    0.015934    0.124271    0.081763    5.081764 ^ data[1] (in)
                                                         data[1] (net)
                      0.124271    0.000000    5.081764 ^ _081_/A1 (sky130_fd_sc_hd__o22a_2)
     1    0.033442    0.289224    0.499945    5.581709 ^ _081_/X (sky130_fd_sc_hd__o22a_2)
                                                         result[2] (net)
                      0.289224    0.000000    5.581709 ^ result[2] (out)
                                              5.581709   data arrival time

                      0.000000    0.000000    0.000000   clock clk (rise edge)
                                  0.000000    0.000000   clock network delay (ideal)
                                  0.250000    0.250000   clock uncertainty
                                  0.000000    0.250000   clock reconvergence pessimism
                                 -5.000000   -4.750000   output external delay
                                             -4.750000   data required time
---------------------------------------------------------------------------------------------
                                             -4.750000   data required time
                                             -5.581709   data arrival time
---------------------------------------------------------------------------------------------
                                             10.331709   slack (MET)


Startpoint: data[3] (input port clocked by clk)
Endpoint: result[4] (output port clocked by clk)
Path Group: clk
Path Type: min

Fanout         Cap        Slew       Delay        Time   Description
---------------------------------------------------------------------------------------------
                      0.000000    0.000000    0.000000   clock clk (rise edge)
                                  0.000000    0.000000   clock network delay (ideal)
                                  5.000000    5.000000 ^ input external delay
     8    0.016889    0.130846    0.086500    5.086500 ^ data[3] (in)
                                                         data[3] (net)
                      0.130846    0.000000    5.086500 ^ _096_/A1 (sky130_fd_sc_hd__o22a_2)
     1    0.033442    0.289224    0.502592    5.589092 ^ _096_/X (sky130_fd_sc_hd__o22a_2)
                                                         result[4] (net)
                      0.289224    0.000000    5.589092 ^ result[4] (out)
                                              5.589092   data arrival time

                      0.000000    0.000000    0.000000   clock clk (rise edge)
                                  0.000000    0.000000   clock network delay (ideal)
                                  0.250000    0.250000   clock uncertainty
                                  0.000000    0.250000   clock reconvergence pessimism
                                 -5.000000   -4.750000   output external delay
                                             -4.750000   data required time
---------------------------------------------------------------------------------------------
                                             -4.750000   data required time
                                             -5.589092   data arrival time
---------------------------------------------------------------------------------------------
                                             10.339091   slack (MET)


Startpoint: data[7] (input port clocked by clk)
Endpoint: result[0] (output port clocked by clk)
Path Group: clk
Path Type: min

Fanout         Cap        Slew       Delay        Time   Description
---------------------------------------------------------------------------------------------
                      0.000000    0.000000    0.000000   clock clk (rise edge)
                                  0.000000    0.000000   clock network delay (ideal)
                                  5.000000    5.000000 ^ input external delay
     8    0.016986    0.131513    0.086981    5.086981 ^ data[7] (in)
                                                         data[7] (net)
                      0.131513    0.000000    5.086981 ^ _067_/A1 (sky130_fd_sc_hd__o22a_2)
     1    0.033442    0.289224    0.502860    5.589841 ^ _067_/X (sky130_fd_sc_hd__o22a_2)
                                                         result[0] (net)
                      0.289224    0.000000    5.589841 ^ result[0] (out)
                                              5.589841   data arrival time

                      0.000000    0.000000    0.000000   clock clk (rise edge)
                                  0.000000    0.000000   clock network delay (ideal)
                                  0.250000    0.250000   clock uncertainty
                                  0.000000    0.250000   clock reconvergence pessimism
                                 -5.000000   -4.750000   output external delay
                                             -4.750000   data required time
---------------------------------------------------------------------------------------------
                                             -4.750000   data required time
                                             -5.589841   data arrival time
---------------------------------------------------------------------------------------------
                                             10.339841   slack (MET)



%OL_END_REPORT
%OL_CREATE_REPORT max.rpt

===========================================================================
report_checks -path_delay max (Setup)
============================================================================
======================= nom_ss_100C_1v60 Corner ===================================

Startpoint: amt[2] (input port clocked by clk)
Endpoint: result[3] (output port clocked by clk)
Path Group: clk
Path Type: max

Fanout         Cap        Slew       Delay        Time   Description
---------------------------------------------------------------------------------------------
                      0.000000    0.000000    0.000000   clock clk (rise edge)
                                  0.000000    0.000000   clock network delay (ideal)
                                  5.000000    5.000000 ^ input external delay
    37    0.076322    0.549222    0.381421    5.381421 ^ amt[2] (in)
                                                         amt[2] (net)
                      0.549222    0.000000    5.381421 ^ _084_/A_N (sky130_fd_sc_hd__and4bb_2)
     1    0.001296    0.066450    0.607288    5.988708 v _084_/X (sky130_fd_sc_hd__and4bb_2)
                                                         _025_ (net)
                      0.066450    0.000000    5.988708 v _088_/A (sky130_fd_sc_hd__or4_2)
     1    0.002152    0.207721    1.525659    7.514367 v _088_/X (sky130_fd_sc_hd__or4_2)
                                                         _029_ (net)
                      0.207721    0.000000    7.514367 v _089_/A3 (sky130_fd_sc_hd__o32a_2)
     1    0.033442    0.257638    0.850833    8.365200 v _089_/X (sky130_fd_sc_hd__o32a_2)
                                                         result[3] (net)
                      0.257638    0.000000    8.365200 v result[3] (out)
                                              8.365200   data arrival time

                      0.000000   25.000000   25.000000   clock clk (rise edge)
                                  0.000000   25.000000   clock network delay (ideal)
                                 -0.250000   24.750000   clock uncertainty
                                  0.000000   24.750000   clock reconvergence pessimism
                                 -5.000000   19.750000   output external delay
                                             19.750000   data required time
---------------------------------------------------------------------------------------------
                                             19.750000   data required time
                                             -8.365200   data arrival time
---------------------------------------------------------------------------------------------
                                             11.384799   slack (MET)


Startpoint: amt[2] (input port clocked by clk)
Endpoint: result[6] (output port clocked by clk)
Path Group: clk
Path Type: max

Fanout         Cap        Slew       Delay        Time   Description
---------------------------------------------------------------------------------------------
                      0.000000    0.000000    0.000000   clock clk (rise edge)
                                  0.000000    0.000000   clock network delay (ideal)
                                  5.000000    5.000000 ^ input external delay
    37    0.076322    0.549222    0.381421    5.381421 ^ amt[2] (in)
                                                         amt[2] (net)
                      0.549222    0.000000    5.381421 ^ _107_/A_N (sky130_fd_sc_hd__and4bb_2)
     1    0.001296    0.066453    0.607288    5.988708 v _107_/X (sky130_fd_sc_hd__and4bb_2)
                                                         _045_ (net)
                      0.066453    0.000000    5.988708 v _111_/A (sky130_fd_sc_hd__or4_2)
     1    0.002152    0.207721    1.525660    7.514368 v _111_/X (sky130_fd_sc_hd__or4_2)
                                                         _049_ (net)
                      0.207721    0.000000    7.514368 v _112_/A3 (sky130_fd_sc_hd__o32a_2)
     1    0.033442    0.257638    0.850833    8.365201 v _112_/X (sky130_fd_sc_hd__o32a_2)
                                                         result[6] (net)
                      0.257638    0.000000    8.365201 v result[6] (out)
                                              8.365201   data arrival time

                      0.000000   25.000000   25.000000   clock clk (rise edge)
                                  0.000000   25.000000   clock network delay (ideal)
                                 -0.250000   24.750000   clock uncertainty
                                  0.000000   24.750000   clock reconvergence pessimism
                                 -5.000000   19.750000   output external delay
                                             19.750000   data required time
---------------------------------------------------------------------------------------------
                                             19.750000   data required time
                                             -8.365201   data arrival time
---------------------------------------------------------------------------------------------
                                             11.384798   slack (MET)


Startpoint: amt[2] (input port clocked by clk)
Endpoint: result[5] (output port clocked by clk)
Path Group: clk
Path Type: max

Fanout         Cap        Slew       Delay        Time   Description
---------------------------------------------------------------------------------------------
                      0.000000    0.000000    0.000000   clock clk (rise edge)
                                  0.000000    0.000000   clock network delay (ideal)
                                  5.000000    5.000000 ^ input external delay
    37    0.076322    0.549222    0.381421    5.381421 ^ amt[2] (in)
                                                         amt[2] (net)
                      0.549222    0.000000    5.381421 ^ _099_/A_N (sky130_fd_sc_hd__and4bb_2)
     1    0.001296    0.066263    0.607288    5.988708 v _099_/X (sky130_fd_sc_hd__and4bb_2)
                                                         _038_ (net)
                      0.066263    0.000000    5.988708 v _103_/A (sky130_fd_sc_hd__or4_2)
     1    0.002152    0.207721    1.525605    7.514313 v _103_/X (sky130_fd_sc_hd__or4_2)
                                                         _042_ (net)
                      0.207721    0.000000    7.514313 v _104_/A3 (sky130_fd_sc_hd__o32a_2)
     1    0.033442    0.257638    0.850833    8.365146 v _104_/X (sky130_fd_sc_hd__o32a_2)
                                                         result[5] (net)
                      0.257638    0.000000    8.365146 v result[5] (out)
                                              8.365146   data arrival time

                      0.000000   25.000000   25.000000   clock clk (rise edge)
                                  0.000000   25.000000   clock network delay (ideal)
                                 -0.250000   24.750000   clock uncertainty
                                  0.000000   24.750000   clock reconvergence pessimism
                                 -5.000000   19.750000   output external delay
                                             19.750000   data required time
---------------------------------------------------------------------------------------------
                                             19.750000   data required time
                                             -8.365146   data arrival time
---------------------------------------------------------------------------------------------
                                             11.384853   slack (MET)


Startpoint: amt[1] (input port clocked by clk)
Endpoint: result[4] (output port clocked by clk)
Path Group: clk
Path Type: max

Fanout         Cap        Slew       Delay        Time   Description
---------------------------------------------------------------------------------------------
                      0.000000    0.000000    0.000000   clock clk (rise edge)
                                  0.000000    0.000000   clock network delay (ideal)
                                  5.000000    5.000000 ^ input external delay
    37    0.071953    0.517885    0.359424    5.359424 ^ amt[1] (in)
                                                         amt[1] (net)
                      0.517885    0.000000    5.359424 ^ _091_/B_N (sky130_fd_sc_hd__and4bb_2)
     1    0.002230    0.072063    0.629010    5.988433 v _091_/X (sky130_fd_sc_hd__and4bb_2)
                                                         _031_ (net)
                      0.072063    0.000000    5.988433 v _095_/B1 (sky130_fd_sc_hd__a2111o_2)
     1    0.002265    0.104909    0.826447    6.814881 v _095_/X (sky130_fd_sc_hd__a2111o_2)
                                                         _035_ (net)
                      0.104909    0.000000    6.814881 v _096_/B2 (sky130_fd_sc_hd__o22a_2)
     1    0.033442    0.214925    0.532320    7.347200 v _096_/X (sky130_fd_sc_hd__o22a_2)
                                                         result[4] (net)
                      0.214925    0.000000    7.347200 v result[4] (out)
                                              7.347200   data arrival time

                      0.000000   25.000000   25.000000   clock clk (rise edge)
                                  0.000000   25.000000   clock network delay (ideal)
                                 -0.250000   24.750000   clock uncertainty
                                  0.000000   24.750000   clock reconvergence pessimism
                                 -5.000000   19.750000   output external delay
                                             19.750000   data required time
---------------------------------------------------------------------------------------------
                                             19.750000   data required time
                                             -7.347200   data arrival time
---------------------------------------------------------------------------------------------
                                             12.402800   slack (MET)


Startpoint: amt[1] (input port clocked by clk)
Endpoint: result[7] (output port clocked by clk)
Path Group: clk
Path Type: max

Fanout         Cap        Slew       Delay        Time   Description
---------------------------------------------------------------------------------------------
                      0.000000    0.000000    0.000000   clock clk (rise edge)
                                  0.000000    0.000000   clock network delay (ideal)
                                  5.000000    5.000000 ^ input external delay
    37    0.071953    0.517885    0.359424    5.359424 ^ amt[1] (in)
                                                         amt[1] (net)
                      0.517885    0.000000    5.359424 ^ _115_/B_N (sky130_fd_sc_hd__and4bb_2)
     1    0.002230    0.072063    0.629010    5.988433 v _115_/X (sky130_fd_sc_hd__and4bb_2)
                                                         _052_ (net)
                      0.072063    0.000000    5.988433 v _118_/B1 (sky130_fd_sc_hd__a2111o_2)
     1    0.002265    0.104913    0.826447    6.814881 v _118_/X (sky130_fd_sc_hd__a2111o_2)
                                                         _055_ (net)
                      0.104913    0.000000    6.814881 v _119_/B2 (sky130_fd_sc_hd__o22a_2)
     1    0.033442    0.214925    0.532321    7.347202 v _119_/X (sky130_fd_sc_hd__o22a_2)
                                                         result[7] (net)
                      0.214925    0.000000    7.347202 v result[7] (out)
                                              7.347202   data arrival time

                      0.000000   25.000000   25.000000   clock clk (rise edge)
                                  0.000000   25.000000   clock network delay (ideal)
                                 -0.250000   24.750000   clock uncertainty
                                  0.000000   24.750000   clock reconvergence pessimism
                                 -5.000000   19.750000   output external delay
                                             19.750000   data required time
---------------------------------------------------------------------------------------------
                                             19.750000   data required time
                                             -7.347202   data arrival time
---------------------------------------------------------------------------------------------
                                             12.402798   slack (MET)


Startpoint: amt[0] (input port clocked by clk)
Endpoint: result[0] (output port clocked by clk)
Path Group: clk
Path Type: max

Fanout         Cap        Slew       Delay        Time   Description
---------------------------------------------------------------------------------------------
                      0.000000    0.000000    0.000000   clock clk (rise edge)
                                  0.000000    0.000000   clock network delay (ideal)
                                  5.000000    5.000000 ^ input external delay
    37    0.072025    0.518401    0.359786    5.359786 ^ amt[0] (in)
                                                         amt[0] (net)
                      0.518401    0.000000    5.359786 ^ _065_/A_N (sky130_fd_sc_hd__and4b_2)
     1    0.002230    0.075622    0.605571    5.965357 v _065_/X (sky130_fd_sc_hd__and4b_2)
                                                         _009_ (net)
                      0.075622    0.000000    5.965357 v _066_/B1 (sky130_fd_sc_hd__a2111o_2)
     1    0.002265    0.104918    0.827668    6.793025 v _066_/X (sky130_fd_sc_hd__a2111o_2)
                                                         _010_ (net)
                      0.104918    0.000000    6.793025 v _067_/B2 (sky130_fd_sc_hd__o22a_2)
     1    0.033442    0.214925    0.532324    7.325348 v _067_/X (sky130_fd_sc_hd__o22a_2)
                                                         result[0] (net)
                      0.214925    0.000000    7.325348 v result[0] (out)
                                              7.325348   data arrival time

                      0.000000   25.000000   25.000000   clock clk (rise edge)
                                  0.000000   25.000000   clock network delay (ideal)
                                 -0.250000   24.750000   clock uncertainty
                                  0.000000   24.750000   clock reconvergence pessimism
                                 -5.000000   19.750000   output external delay
                                             19.750000   data required time
---------------------------------------------------------------------------------------------
                                             19.750000   data required time
                                             -7.325348   data arrival time
---------------------------------------------------------------------------------------------
                                             12.424651   slack (MET)


Startpoint: amt[0] (input port clocked by clk)
Endpoint: result[1] (output port clocked by clk)
Path Group: clk
Path Type: max

Fanout         Cap        Slew       Delay        Time   Description
---------------------------------------------------------------------------------------------
                      0.000000    0.000000    0.000000   clock clk (rise edge)
                                  0.000000    0.000000   clock network delay (ideal)
                                  5.000000    5.000000 ^ input external delay
    37    0.072025    0.518401    0.359786    5.359786 ^ amt[0] (in)
                                                         amt[0] (net)
                      0.518401    0.000000    5.359786 ^ _069_/A_N (sky130_fd_sc_hd__and4b_2)
     1    0.002230    0.075622    0.605571    5.965357 v _069_/X (sky130_fd_sc_hd__and4b_2)
                                                         _012_ (net)
                      0.075622    0.000000    5.965357 v _073_/B1 (sky130_fd_sc_hd__a2111o_2)
     1    0.002265    0.104913    0.827668    6.793025 v _073_/X (sky130_fd_sc_hd__a2111o_2)
                                                         _016_ (net)
                      0.104913    0.000000    6.793025 v _074_/B2 (sky130_fd_sc_hd__o22a_2)
     1    0.033442    0.214925    0.532322    7.325347 v _074_/X (sky130_fd_sc_hd__o22a_2)
                                                         result[1] (net)
                      0.214925    0.000000    7.325347 v result[1] (out)
                                              7.325347   data arrival time

                      0.000000   25.000000   25.000000   clock clk (rise edge)
                                  0.000000   25.000000   clock network delay (ideal)
                                 -0.250000   24.750000   clock uncertainty
                                  0.000000   24.750000   clock reconvergence pessimism
                                 -5.000000   19.750000   output external delay
                                             19.750000   data required time
---------------------------------------------------------------------------------------------
                                             19.750000   data required time
                                             -7.325347   data arrival time
---------------------------------------------------------------------------------------------
                                             12.424653   slack (MET)


Startpoint: amt[1] (input port clocked by clk)
Endpoint: result[2] (output port clocked by clk)
Path Group: clk
Path Type: max

Fanout         Cap        Slew       Delay        Time   Description
---------------------------------------------------------------------------------------------
                      0.000000    0.000000    0.000000   clock clk (rise edge)
                                  0.000000    0.000000   clock network delay (ideal)
                                  5.000000    5.000000 ^ input external delay
    37    0.071953    0.517885    0.359424    5.359424 ^ amt[1] (in)
                                                         amt[1] (net)
                      0.517885    0.000000    5.359424 ^ _076_/A_N (sky130_fd_sc_hd__and4b_2)
     1    0.002230    0.075602    0.605416    5.964840 v _076_/X (sky130_fd_sc_hd__and4b_2)
                                                         _018_ (net)
                      0.075602    0.000000    5.964840 v _080_/B1 (sky130_fd_sc_hd__a2111o_2)
     1    0.002265    0.104913    0.827661    6.792501 v _080_/X (sky130_fd_sc_hd__a2111o_2)
                                                         _022_ (net)
                      0.104913    0.000000    6.792501 v _081_/B2 (sky130_fd_sc_hd__o22a_2)
     1    0.033442    0.214925    0.532322    7.324823 v _081_/X (sky130_fd_sc_hd__o22a_2)
                                                         result[2] (net)
                      0.214925    0.000000    7.324823 v result[2] (out)
                                              7.324823   data arrival time

                      0.000000   25.000000   25.000000   clock clk (rise edge)
                                  0.000000   25.000000   clock network delay (ideal)
                                 -0.250000   24.750000   clock uncertainty
                                  0.000000   24.750000   clock reconvergence pessimism
                                 -5.000000   19.750000   output external delay
                                             19.750000   data required time
---------------------------------------------------------------------------------------------
                                             19.750000   data required time
                                             -7.324823   data arrival time
---------------------------------------------------------------------------------------------
                                             12.425177   slack (MET)



%OL_END_REPORT
%OL_CREATE_REPORT checks.rpt

===========================================================================
report_checks -unconstrained
===========================================================================
======================= nom_ss_100C_1v60 Corner ===================================

Startpoint: amt[2] (input port clocked by clk)
Endpoint: result[3] (output port clocked by clk)
Path Group: clk
Path Type: max

Fanout         Cap        Slew       Delay        Time   Description
---------------------------------------------------------------------------------------------
                      0.000000    0.000000    0.000000   clock clk (rise edge)
                                  0.000000    0.000000   clock network delay (ideal)
                                  5.000000    5.000000 ^ input external delay
    37    0.076322    0.549222    0.381421    5.381421 ^ amt[2] (in)
                                                         amt[2] (net)
                      0.549222    0.000000    5.381421 ^ _084_/A_N (sky130_fd_sc_hd__and4bb_2)
     1    0.001296    0.066450    0.607288    5.988708 v _084_/X (sky130_fd_sc_hd__and4bb_2)
                                                         _025_ (net)
                      0.066450    0.000000    5.988708 v _088_/A (sky130_fd_sc_hd__or4_2)
     1    0.002152    0.207721    1.525659    7.514367 v _088_/X (sky130_fd_sc_hd__or4_2)
                                                         _029_ (net)
                      0.207721    0.000000    7.514367 v _089_/A3 (sky130_fd_sc_hd__o32a_2)
     1    0.033442    0.257638    0.850833    8.365200 v _089_/X (sky130_fd_sc_hd__o32a_2)
                                                         result[3] (net)
                      0.257638    0.000000    8.365200 v result[3] (out)
                                              8.365200   data arrival time

                      0.000000   25.000000   25.000000   clock clk (rise edge)
                                  0.000000   25.000000   clock network delay (ideal)
                                 -0.250000   24.750000   clock uncertainty
                                  0.000000   24.750000   clock reconvergence pessimism
                                 -5.000000   19.750000   output external delay
                                             19.750000   data required time
---------------------------------------------------------------------------------------------
                                             19.750000   data required time
                                             -8.365200   data arrival time
---------------------------------------------------------------------------------------------
                                             11.384799   slack (MET)




===========================================================================
report_checks --slack_max -0.01
============================================================================
======================= nom_ss_100C_1v60 Corner ===================================

No paths found.


===========================================================================
 report_check_types -max_slew -max_cap -max_fanout -violators
============================================================================
======================= nom_ss_100C_1v60 Corner ===================================

max fanout

Pin                                   Limit Fanout  Slack
---------------------------------------------------------
amt[0]                                   10     37    -27 (VIOLATED)
amt[1]                                   10     37    -27 (VIOLATED)
amt[2]                                   10     37    -27 (VIOLATED)



===========================================================================
report_parasitic_annotation -report_unannotated
============================================================================
Found 75 unannotated drivers.
 amt[0]
 amt[1]
 amt[2]
 data[0]
 data[1]
 data[2]
 data[3]
 data[4]
 data[5]
 data[6]
 data[7]
 _056_/Y
 _057_/Y
 _058_/Y
 _059_/X
 _060_/X
 _061_/X
 _062_/X
 _063_/X
 _064_/Y
 _065_/X
 _066_/X
 _067_/X
 _068_/X
 _069_/X
 _070_/X
 _071_/X
 _072_/X
 _073_/X
 _074_/X
 _075_/X
 _076_/X
 _077_/X
 _078_/X
 _079_/X
 _080_/X
 _081_/X
 _082_/X
 _083_/X
 _084_/X
 _085_/X
 _086_/X
 _087_/X
 _088_/X
 _089_/X
 _090_/X
 _091_/X
 _092_/X
 _093_/X
 _094_/X
 _095_/X
 _096_/X
 _097_/X
 _098_/X
 _099_/X
 _100_/X
 _101_/X
 _102_/X
 _103_/X
 _104_/X
 _105_/X
 _106_/X
 _107_/X
 _108_/X
 _109_/X
 _110_/X
 _111_/X
 _112_/X
 _113_/X
 _114_/X
 _115_/X
 _116_/X
 _117_/X
 _118_/X
 _119_/X
Found 0 partially unannotated drivers.

===========================================================================
max slew violation count 0
%OL_METRIC_I design__max_slew_violation__count__corner:nom_ss_100C_1v60 0
max fanout violation count 3
%OL_METRIC_I design__max_fanout_violation__count__corner:nom_ss_100C_1v60 3
max cap violation count 0
%OL_METRIC_I design__max_cap_violation__count__corner:nom_ss_100C_1v60 0
============================================================================

===========================================================================
check_setup -verbose -unconstrained_endpoints -multiple_clock -no_clock -no_input_delay -loops -generated_clocks
===========================================================================
%OL_END_REPORT
%OL_CREATE_REPORT power.rpt

===========================================================================
 report_power
============================================================================
======================= nom_ss_100C_1v60 Corner ===================================

Group                    Internal    Switching      Leakage        Total
                            Power        Power        Power        Power (Watts)
------------------------------------------------------------------------
Sequential           0.000000e+00 0.000000e+00 0.000000e+00 0.000000e+00   0.0%
Combinational        4.569850e-06 4.292703e-06 4.037093e-07 9.266262e-06 100.0%
Clock                0.000000e+00 0.000000e+00 0.000000e+00 0.000000e+00   0.0%
Macro                0.000000e+00 0.000000e+00 0.000000e+00 0.000000e+00   0.0%
Pad                  0.000000e+00 0.000000e+00 0.000000e+00 0.000000e+00   0.0%
------------------------------------------------------------------------
Total                4.569850e-06 4.292703e-06 4.037093e-07 9.266262e-06 100.0%
                            49.3%        46.3%         4.4%
%OL_METRIC_F power__internal__total 4.5698498070123605e-6
%OL_METRIC_F power__switching__total 4.292702669772552e-6
%OL_METRIC_F power__leakage__total 4.0370929355049157e-7
%OL_METRIC_F power__total 9.266262168239336e-6

%OL_END_REPORT
%OL_CREATE_REPORT skew.min.rpt

===========================================================================
Clock Skew (Hold)
============================================================================
%OL_METRIC_F clock__skew__worst_hold__corner:nom_ss_100C_1v60 0.0
======================= nom_ss_100C_1v60 Corner ===================================

Clock clk
No launch/capture paths found.

%OL_END_REPORT
%OL_CREATE_REPORT skew.max.rpt

===========================================================================
Clock Skew (Setup)
============================================================================
%OL_METRIC_F clock__skew__worst_setup__corner:nom_ss_100C_1v60 0.0
======================= nom_ss_100C_1v60 Corner ===================================

Clock clk
No launch/capture paths found.

%OL_END_REPORT
%OL_CREATE_REPORT ws.min.rpt

===========================================================================
Worst Slack (Hold)
============================================================================
%OL_METRIC_F timing__hold__ws__corner:nom_ss_100C_1v60 10.288900689326393
nom_ss_100C_1v60: 10.288900689326393
%OL_END_REPORT
%OL_CREATE_REPORT ws.max.rpt

===========================================================================
Worst Slack (Setup)
============================================================================
%OL_METRIC_F timing__setup__ws__corner:nom_ss_100C_1v60 11.384798315214308
nom_ss_100C_1v60: 11.384798315214308
%OL_END_REPORT
%OL_CREATE_REPORT tns.min.rpt

===========================================================================
Total Negative Slack (Hold)
============================================================================
%OL_METRIC_F timing__hold__tns__corner:nom_ss_100C_1v60 0.0
nom_ss_100C_1v60: 0.0
%OL_END_REPORT
%OL_CREATE_REPORT tns.max.rpt

===========================================================================
Total Negative Slack (Setup)
============================================================================
%OL_METRIC_F timing__setup__tns__corner:nom_ss_100C_1v60 0.0
nom_ss_100C_1v60: 0.0
%OL_END_REPORT
%OL_CREATE_REPORT wns.min.rpt

===========================================================================
Worst Negative Slack (Hold)
============================================================================
%OL_METRIC_F timing__hold__wns__corner:nom_ss_100C_1v60 0
nom_ss_100C_1v60: 0
%OL_END_REPORT
%OL_CREATE_REPORT wns.max.rpt

===========================================================================
Worst Negative Slack (Setup)
============================================================================
%OL_METRIC_F timing__setup__wns__corner:nom_ss_100C_1v60 0.0
nom_ss_100C_1v60: 0.0
%OL_END_REPORT
%OL_CREATE_REPORT violator_list.rpt

===========================================================================
Violator List
============================================================================
%OL_METRIC_I timing__hold_vio__count__corner:nom_ss_100C_1v60 0
%OL_METRIC_F timing__hold_r2r__ws__corner:nom_ss_100C_1v60 inf
%OL_METRIC_I timing__hold_r2r_vio__count__corner:nom_ss_100C_1v60 0
%OL_METRIC_I timing__setup_vio__count__corner:nom_ss_100C_1v60 0
%OL_METRIC_F timing__setup_r2r__ws__corner:nom_ss_100C_1v60 inf
%OL_METRIC_I timing__setup_r2r_vio__count__corner:nom_ss_100C_1v60 0
%OL_END_REPORT
%OL_CREATE_REPORT unpropagated.rpt
clk
%OL_END_REPORT
%OL_CREATE_REPORT clock.rpt
Clock: clk
Sources: 
Generated: no
Virtual: yes
Propagated: no
Period: 25.000000

===========================================================================
report_clock_properties
============================================================================
Clock                   Period          Waveform
----------------------------------------------------
clk                  25.000000    0.000000 12.500000

===========================================================================
report_clock_latency
============================================================================
Clock clk


===========================================================================
report_clock_min_period
============================================================================
clk period_min = 0.00 fmax = inf
%OL_END_REPORT
Writing SDF files for all corners…
