
===========================================================================
report_checks -unconstrained
===========================================================================
======================= nom_tt_025C_1v80 Corner ===================================

Startpoint: pcInput[2] (input port clocked by clk)
Endpoint: res[31] (output port clocked by clk)
Path Group: clk
Path Type: max

Fanout         Cap        Slew       Delay        Time   Description
---------------------------------------------------------------------------------------------
                      0.000000    0.000000    0.000000   clock clk (rise edge)
                                  0.000000    0.000000   clock network delay (ideal)
                                  5.000000    5.000000 ^ input external delay
     5    0.022871    0.108436    0.074477    5.074477 ^ pcInput[2] (in)
                                                         pcInput[2] (net)
                      0.108436    0.000000    5.074477 ^ _041_/A (sky130_fd_sc_hd__and4_2)
     8    0.032519    0.188517    0.339059    5.413536 ^ _041_/X (sky130_fd_sc_hd__and4_2)
                                                         _013_ (net)
                      0.188517    0.000074    5.413610 ^ _044_/C (sky130_fd_sc_hd__and4_2)
     7    0.024415    0.150144    0.338563    5.752172 ^ _044_/X (sky130_fd_sc_hd__and4_2)
                                                         _016_ (net)
                      0.150144    0.000085    5.752257 ^ _051_/A (sky130_fd_sc_hd__and4_2)
     8    0.032456    0.188272    0.352071    6.104328 ^ _051_/X (sky130_fd_sc_hd__and4_2)
                                                         _023_ (net)
                      0.188272    0.000201    6.104529 ^ _070_/B (sky130_fd_sc_hd__and4_2)
     8    0.032532    0.188818    0.370839    6.475368 ^ _070_/X (sky130_fd_sc_hd__and4_2)
                                                         _034_ (net)
                      0.188818    0.000132    6.475501 ^ _082_/C (sky130_fd_sc_hd__and4_2)
     1    0.009041    0.082549    0.273140    6.748641 ^ _082_/X (sky130_fd_sc_hd__and4_2)
                                                         _002_ (net)
                      0.082549    0.000021    6.748662 ^ _084_/B (sky130_fd_sc_hd__xor2_2)
     1    0.034506    0.429757    0.376255    7.124918 ^ _084_/X (sky130_fd_sc_hd__xor2_2)
                                                         res[31] (net)
                      0.429757    0.000241    7.125159 ^ res[31] (out)
                                              7.125159   data arrival time

                      0.000000   25.000000   25.000000   clock clk (rise edge)
                                  0.000000   25.000000   clock network delay (ideal)
                                 -0.250000   24.750000   clock uncertainty
                                  0.000000   24.750000   clock reconvergence pessimism
                                 -5.000000   19.750000   output external delay
                                             19.750000   data required time
---------------------------------------------------------------------------------------------
                                             19.750000   data required time
                                             -7.125159   data arrival time
---------------------------------------------------------------------------------------------
                                             12.624840   slack (MET)




===========================================================================
report_checks --slack_max -0.01
============================================================================
======================= nom_tt_025C_1v80 Corner ===================================

No paths found.


===========================================================================
 report_check_types -max_slew -max_cap -max_fanout -violators
============================================================================
======================= nom_tt_025C_1v80 Corner ===================================



===========================================================================
report_parasitic_annotation -report_unannotated
============================================================================
Found 0 unannotated drivers.
Found 0 partially unannotated drivers.

===========================================================================
max slew violation count 0
Writing metric design__max_slew_violation__count__corner:nom_tt_025C_1v80: 0
max fanout violation count 0
Writing metric design__max_fanout_violation__count__corner:nom_tt_025C_1v80: 0
max cap violation count 0
Writing metric design__max_cap_violation__count__corner:nom_tt_025C_1v80: 0
============================================================================

===========================================================================
check_setup -verbose -unconstrained_endpoints -multiple_clock -no_clock -no_input_delay -loops -generated_clocks
===========================================================================
