
===========================================================================
report_checks -unconstrained
===========================================================================
======================= nom_tt_025C_1v80 Corner ===================================

Startpoint: pcInput[2] (input port clocked by clk)
Endpoint: res[31] (output port clocked by clk)
Path Group: clk
Path Type: max

Fanout         Cap        Slew       Delay        Time   Description
---------------------------------------------------------------------------------------------
                      0.000000    0.000000    0.000000   clock clk (rise edge)
                                  0.000000    0.000000   clock network delay (ideal)
                                  5.000000    5.000000 ^ input external delay
     1    0.002325    0.017723    0.008630    5.008630 ^ pcInput[2] (in)
                                                         pcInput[2] (net)
                      0.017723    0.000000    5.008630 ^ input21/A (sky130_fd_sc_hd__dlymetal6s2s_1)
     5    0.015902    0.182359    0.172282    5.180912 ^ input21/X (sky130_fd_sc_hd__dlymetal6s2s_1)
                                                         net21 (net)
                      0.182359    0.000039    5.180951 ^ _041_/A (sky130_fd_sc_hd__and4_2)
     8    0.022581    0.144872    0.323124    5.504075 ^ _041_/X (sky130_fd_sc_hd__and4_2)
                                                         _013_ (net)
                      0.144872    0.000052    5.504128 ^ _044_/C (sky130_fd_sc_hd__and4_2)
     7    0.018155    0.120933    0.303603    5.807731 ^ _044_/X (sky130_fd_sc_hd__and4_2)
                                                         _016_ (net)
                      0.120933    0.000069    5.807800 ^ _051_/A (sky130_fd_sc_hd__and4_2)
     8    0.021357    0.135753    0.298539    6.106339 ^ _051_/X (sky130_fd_sc_hd__and4_2)
                                                         _023_ (net)
                      0.135753    0.000121    6.106461 ^ _070_/B (sky130_fd_sc_hd__and4_2)
     8    0.021913    0.141834    0.313897    6.420358 ^ _070_/X (sky130_fd_sc_hd__and4_2)
                                                         _034_ (net)
                      0.141834    0.000063    6.420421 ^ _082_/C (sky130_fd_sc_hd__and4_1)
     1    0.004711    0.073195    0.215215    6.635636 ^ _082_/X (sky130_fd_sc_hd__and4_1)
                                                         _002_ (net)
                      0.073195    0.000004    6.635640 ^ _084_/B (sky130_fd_sc_hd__xor2_1)
     1    0.002298    0.104409    0.135188    6.770828 ^ _084_/X (sky130_fd_sc_hd__xor2_1)
                                                         net55 (net)
                      0.104409    0.000005    6.770833 ^ output55/A (sky130_fd_sc_hd__buf_2)
     1    0.034421    0.171116    0.220799    6.991632 ^ output55/X (sky130_fd_sc_hd__buf_2)
                                                         res[31] (net)
                      0.171116    0.000215    6.991848 ^ res[31] (out)
                                              6.991848   data arrival time

                      0.000000   25.000000   25.000000   clock clk (rise edge)
                                  0.000000   25.000000   clock network delay (ideal)
                                 -0.250000   24.750000   clock uncertainty
                                  0.000000   24.750000   clock reconvergence pessimism
                                 -5.000000   19.750000   output external delay
                                             19.750000   data required time
---------------------------------------------------------------------------------------------
                                             19.750000   data required time
                                             -6.991848   data arrival time
---------------------------------------------------------------------------------------------
                                             12.758152   slack (MET)




===========================================================================
report_checks --slack_max -0.01
============================================================================
======================= nom_tt_025C_1v80 Corner ===================================

No paths found.


===========================================================================
 report_check_types -max_slew -max_cap -max_fanout -violators
============================================================================
======================= nom_tt_025C_1v80 Corner ===================================



===========================================================================
report_parasitic_annotation -report_unannotated
============================================================================
Found 0 unannotated drivers.
Found 0 partially unannotated drivers.

===========================================================================
max slew violation count 0
Writing metric design__max_slew_violation__count__corner:nom_tt_025C_1v80: 0
max fanout violation count 0
Writing metric design__max_fanout_violation__count__corner:nom_tt_025C_1v80: 0
max cap violation count 0
Writing metric design__max_cap_violation__count__corner:nom_tt_025C_1v80: 0
============================================================================

===========================================================================
check_setup -verbose -unconstrained_endpoints -multiple_clock -no_clock -no_input_delay -loops -generated_clocks
===========================================================================
