
===========================================================================
report_checks -path_delay min (Hold)
============================================================================
======================= min_ss_100C_1v60 Corner ===================================

Startpoint: pcInput[1] (input port clocked by clk)
Endpoint: res[1] (output port clocked by clk)
Path Group: clk
Path Type: min

Fanout         Cap        Slew       Delay        Time   Description
---------------------------------------------------------------------------------------------
                      0.000000    0.000000    0.000000   clock clk (rise edge)
                                  0.000000    0.000000   clock network delay (ideal)
                                  5.000000    5.000000 v input external delay
     1    0.003408    0.020808    0.011137    5.011137 v pcInput[1] (in)
                                                         pcInput[1] (net)
                      0.020808    0.000000    5.011137 v _109_/A (sky130_fd_sc_hd__clkbuf_1)
     1    0.002025    0.044184    0.130529    5.141666 v _109_/X (sky130_fd_sc_hd__clkbuf_1)
                                                         net42 (net)
                      0.044184    0.000010    5.141676 v output42/A (sky130_fd_sc_hd__buf_2)
     1    0.035100    0.169279    0.335516    5.477192 v output42/X (sky130_fd_sc_hd__buf_2)
                                                         res[1] (net)
                      0.169279    0.000498    5.477690 v res[1] (out)
                                              5.477690   data arrival time

                      0.000000    0.000000    0.000000   clock clk (rise edge)
                                  0.000000    0.000000   clock network delay (ideal)
                                  0.250000    0.250000   clock uncertainty
                                  0.000000    0.250000   clock reconvergence pessimism
                                 -5.000000   -4.750000   output external delay
                                             -4.750000   data required time
---------------------------------------------------------------------------------------------
                                             -4.750000   data required time
                                             -5.477690   data arrival time
---------------------------------------------------------------------------------------------
                                             10.227691   slack (MET)


Startpoint: pcInput[0] (input port clocked by clk)
Endpoint: res[0] (output port clocked by clk)
Path Group: clk
Path Type: min

Fanout         Cap        Slew       Delay        Time   Description
---------------------------------------------------------------------------------------------
                      0.000000    0.000000    0.000000   clock clk (rise edge)
                                  0.000000    0.000000   clock network delay (ideal)
                                  5.000000    5.000000 v input external delay
     1    0.004620    0.025604    0.014958    5.014958 v pcInput[0] (in)
                                                         pcInput[0] (net)
                      0.025613    0.000000    5.014958 v _108_/A (sky130_fd_sc_hd__clkbuf_1)
     1    0.002052    0.043065    0.132785    5.147743 v _108_/X (sky130_fd_sc_hd__clkbuf_1)
                                                         net31 (net)
                      0.043065    0.000018    5.147760 v output31/A (sky130_fd_sc_hd__buf_2)
     1    0.035632    0.171370    0.336746    5.484506 v output31/X (sky130_fd_sc_hd__buf_2)
                                                         res[0] (net)
                      0.171370    0.000432    5.484939 v res[0] (out)
                                              5.484939   data arrival time

                      0.000000    0.000000    0.000000   clock clk (rise edge)
                                  0.000000    0.000000   clock network delay (ideal)
                                  0.250000    0.250000   clock uncertainty
                                  0.000000    0.250000   clock reconvergence pessimism
                                 -5.000000   -4.750000   output external delay
                                             -4.750000   data required time
---------------------------------------------------------------------------------------------
                                             -4.750000   data required time
                                             -5.484939   data arrival time
---------------------------------------------------------------------------------------------
                                             10.234939   slack (MET)


Startpoint: pcInput[31] (input port clocked by clk)
Endpoint: res[31] (output port clocked by clk)
Path Group: clk
Path Type: min

Fanout         Cap        Slew       Delay        Time   Description
---------------------------------------------------------------------------------------------
                      0.000000    0.000000    0.000000   clock clk (rise edge)
                                  0.000000    0.000000   clock network delay (ideal)
                                  5.000000    5.000000 ^ input external delay
     1    0.004097    0.040981    0.022636    5.022636 ^ pcInput[31] (in)
                                                         pcInput[31] (net)
                      0.040981    0.000000    5.022636 ^ input23/A (sky130_fd_sc_hd__clkbuf_1)
     1    0.004912    0.109339    0.165318    5.187954 ^ input23/X (sky130_fd_sc_hd__clkbuf_1)
                                                         net23 (net)
                      0.109339    0.000044    5.187998 ^ _084_/A (sky130_fd_sc_hd__xor2_1)
     1    0.002451    0.064878    0.138110    5.326108 v _084_/X (sky130_fd_sc_hd__xor2_1)
                                                         net55 (net)
                      0.064878    0.000027    5.326135 v output55/A (sky130_fd_sc_hd__buf_2)
     1    0.034372    0.166262    0.342760    5.668895 v output55/X (sky130_fd_sc_hd__buf_2)
                                                         res[31] (net)
                      0.166262    0.000374    5.669269 v res[31] (out)
                                              5.669269   data arrival time

                      0.000000    0.000000    0.000000   clock clk (rise edge)
                                  0.000000    0.000000   clock network delay (ideal)
                                  0.250000    0.250000   clock uncertainty
                                  0.000000    0.250000   clock reconvergence pessimism
                                 -5.000000   -4.750000   output external delay
                                             -4.750000   data required time
---------------------------------------------------------------------------------------------
                                             -4.750000   data required time
                                             -5.669269   data arrival time
---------------------------------------------------------------------------------------------
                                             10.419270   slack (MET)


Startpoint: pcInput[30] (input port clocked by clk)
Endpoint: res[30] (output port clocked by clk)
Path Group: clk
Path Type: min

Fanout         Cap        Slew       Delay        Time   Description
---------------------------------------------------------------------------------------------
                      0.000000    0.000000    0.000000   clock clk (rise edge)
                                  0.000000    0.000000   clock network delay (ideal)
                                  5.000000    5.000000 ^ input external delay
     1    0.003034    0.033804    0.017013    5.017013 ^ pcInput[30] (in)
                                                         pcInput[30] (net)
                      0.033804    0.000000    5.017013 ^ input22/A (sky130_fd_sc_hd__clkbuf_1)
     2    0.006899    0.144992    0.187787    5.204800 ^ input22/X (sky130_fd_sc_hd__clkbuf_1)
                                                         net22 (net)
                      0.144992    0.000071    5.204870 ^ _083_/A (sky130_fd_sc_hd__xnor2_1)
     1    0.002932    0.075453    0.164833    5.369703 v _083_/Y (sky130_fd_sc_hd__xnor2_1)
                                                         net54 (net)
                      0.075453    0.000036    5.369739 v output54/A (sky130_fd_sc_hd__buf_2)
     1    0.034447    0.166506    0.347844    5.717583 v output54/X (sky130_fd_sc_hd__buf_2)
                                                         res[30] (net)
                      0.166506    0.000375    5.717958 v res[30] (out)
                                              5.717958   data arrival time

                      0.000000    0.000000    0.000000   clock clk (rise edge)
                                  0.000000    0.000000   clock network delay (ideal)
                                  0.250000    0.250000   clock uncertainty
                                  0.000000    0.250000   clock reconvergence pessimism
                                 -5.000000   -4.750000   output external delay
                                             -4.750000   data required time
---------------------------------------------------------------------------------------------
                                             -4.750000   data required time
                                             -5.717958   data arrival time
---------------------------------------------------------------------------------------------
                                             10.467957   slack (MET)


Startpoint: pcInput[13] (input port clocked by clk)
Endpoint: res[13] (output port clocked by clk)
Path Group: clk
Path Type: min

Fanout         Cap        Slew       Delay        Time   Description
---------------------------------------------------------------------------------------------
                      0.000000    0.000000    0.000000   clock clk (rise edge)
                                  0.000000    0.000000   clock network delay (ideal)
                                  5.000000    5.000000 ^ input external delay
     1    0.002830    0.032453    0.015930    5.015930 ^ pcInput[13] (in)
                                                         pcInput[13] (net)
                      0.032453    0.000000    5.015930 ^ input4/A (sky130_fd_sc_hd__clkbuf_1)
     2    0.004876    0.112330    0.161022    5.176952 ^ input4/X (sky130_fd_sc_hd__clkbuf_1)
                                                         net4 (net)
                      0.112330    0.000017    5.176970 ^ _101_/B1 (sky130_fd_sc_hd__a21oi_1)
     1    0.002972    0.052880    0.087984    5.264954 v _101_/Y (sky130_fd_sc_hd__a21oi_1)
                                                         _009_ (net)
                      0.052880    0.000032    5.264987 v _102_/B (sky130_fd_sc_hd__nor2_1)
     1    0.001912    0.107576    0.115896    5.380882 ^ _102_/Y (sky130_fd_sc_hd__nor2_1)
                                                         net35 (net)
                      0.107576    0.000008    5.380890 ^ output35/A (sky130_fd_sc_hd__buf_2)
     1    0.034103    0.270898    0.360453    5.741343 ^ output35/X (sky130_fd_sc_hd__buf_2)
                                                         res[13] (net)
                      0.270898    0.000242    5.741585 ^ res[13] (out)
                                              5.741585   data arrival time

                      0.000000    0.000000    0.000000   clock clk (rise edge)
                                  0.000000    0.000000   clock network delay (ideal)
                                  0.250000    0.250000   clock uncertainty
                                  0.000000    0.250000   clock reconvergence pessimism
                                 -5.000000   -4.750000   output external delay
                                             -4.750000   data required time
---------------------------------------------------------------------------------------------
                                             -4.750000   data required time
                                             -5.741585   data arrival time
---------------------------------------------------------------------------------------------
                                             10.491585   slack (MET)


Startpoint: pcInput[2] (input port clocked by clk)
Endpoint: res[2] (output port clocked by clk)
Path Group: clk
Path Type: min

Fanout         Cap        Slew       Delay        Time   Description
---------------------------------------------------------------------------------------------
                      0.000000    0.000000    0.000000   clock clk (rise edge)
                                  0.000000    0.000000   clock network delay (ideal)
                                  5.000000    5.000000 ^ input external delay
     1    0.002247    0.028606    0.012855    5.012856 ^ pcInput[2] (in)
                                                         pcInput[2] (net)
                      0.028606    0.000000    5.012856 ^ input21/A (sky130_fd_sc_hd__dlymetal6s2s_1)
     5    0.017520    0.292406    0.303371    5.316226 ^ input21/X (sky130_fd_sc_hd__dlymetal6s2s_1)
                                                         net21 (net)
                      0.292406    0.000253    5.316479 ^ _039_/A (sky130_fd_sc_hd__inv_2)
     1    0.002052    0.054729    0.104667    5.421146 v _039_/Y (sky130_fd_sc_hd__inv_2)
                                                         net53 (net)
                      0.054729    0.000011    5.421157 v output53/A (sky130_fd_sc_hd__buf_2)
     1    0.034288    0.165953    0.337892    5.759049 v output53/X (sky130_fd_sc_hd__buf_2)
                                                         res[2] (net)
                      0.165953    0.000295    5.759345 v res[2] (out)
                                              5.759345   data arrival time

                      0.000000    0.000000    0.000000   clock clk (rise edge)
                                  0.000000    0.000000   clock network delay (ideal)
                                  0.250000    0.250000   clock uncertainty
                                  0.000000    0.250000   clock reconvergence pessimism
                                 -5.000000   -4.750000   output external delay
                                             -4.750000   data required time
---------------------------------------------------------------------------------------------
                                             -4.750000   data required time
                                             -5.759345   data arrival time
---------------------------------------------------------------------------------------------
                                             10.509345   slack (MET)


Startpoint: pcInput[12] (input port clocked by clk)
Endpoint: res[12] (output port clocked by clk)
Path Group: clk
Path Type: min

Fanout         Cap        Slew       Delay        Time   Description
---------------------------------------------------------------------------------------------
                      0.000000    0.000000    0.000000   clock clk (rise edge)
                                  0.000000    0.000000   clock network delay (ideal)
                                  5.000000    5.000000 ^ input external delay
     1    0.002774    0.032084    0.015634    5.015634 ^ pcInput[12] (in)
                                                         pcInput[12] (net)
                      0.032084    0.000000    5.015634 ^ input3/A (sky130_fd_sc_hd__buf_1)
     3    0.009306    0.192760    0.218332    5.233966 ^ input3/X (sky130_fd_sc_hd__buf_1)
                                                         net3 (net)
                      0.192760    0.000038    5.234004 ^ _100_/A (sky130_fd_sc_hd__xor2_1)
     1    0.003553    0.073875    0.182465    5.416469 v _100_/X (sky130_fd_sc_hd__xor2_1)
                                                         net34 (net)
                      0.073875    0.000056    5.416526 v output34/A (sky130_fd_sc_hd__buf_2)
     1    0.035489    0.170672    0.350383    5.766909 v output34/X (sky130_fd_sc_hd__buf_2)
                                                         res[12] (net)
                      0.170672    0.000482    5.767391 v res[12] (out)
                                              5.767391   data arrival time

                      0.000000    0.000000    0.000000   clock clk (rise edge)
                                  0.000000    0.000000   clock network delay (ideal)
                                  0.250000    0.250000   clock uncertainty
                                  0.000000    0.250000   clock reconvergence pessimism
                                 -5.000000   -4.750000   output external delay
                                             -4.750000   data required time
---------------------------------------------------------------------------------------------
                                             -4.750000   data required time
                                             -5.767391   data arrival time
---------------------------------------------------------------------------------------------
                                             10.517392   slack (MET)


Startpoint: pcInput[28] (input port clocked by clk)
Endpoint: res[28] (output port clocked by clk)
Path Group: clk
Path Type: min

Fanout         Cap        Slew       Delay        Time   Description
---------------------------------------------------------------------------------------------
                      0.000000    0.000000    0.000000   clock clk (rise edge)
                                  0.000000    0.000000   clock network delay (ideal)
                                  5.000000    5.000000 ^ input external delay
     1    0.003590    0.037531    0.019936    5.019936 ^ pcInput[28] (in)
                                                         pcInput[28] (net)
                      0.037531    0.000000    5.019936 ^ input19/A (sky130_fd_sc_hd__clkbuf_1)
     2    0.004165    0.096037    0.154095    5.174030 ^ input19/X (sky130_fd_sc_hd__clkbuf_1)
                                                         net19 (net)
                      0.096037    0.000031    5.174061 ^ _078_/B2 (sky130_fd_sc_hd__o2bb2a_1)
     1    0.002146    0.069123    0.249556    5.423617 ^ _078_/X (sky130_fd_sc_hd__o2bb2a_1)
                                                         net51 (net)
                      0.069123    0.000019    5.423636 ^ output51/A (sky130_fd_sc_hd__buf_2)
     1    0.034446    0.273399    0.344248    5.767885 ^ output51/X (sky130_fd_sc_hd__buf_2)
                                                         res[28] (net)
                      0.273399    0.000375    5.768260 ^ res[28] (out)
                                              5.768260   data arrival time

                      0.000000    0.000000    0.000000   clock clk (rise edge)
                                  0.000000    0.000000   clock network delay (ideal)
                                  0.250000    0.250000   clock uncertainty
                                  0.000000    0.250000   clock reconvergence pessimism
                                 -5.000000   -4.750000   output external delay
                                             -4.750000   data required time
---------------------------------------------------------------------------------------------
                                             -4.750000   data required time
                                             -5.768260   data arrival time
---------------------------------------------------------------------------------------------
                                             10.518260   slack (MET)


Startpoint: pcInput[14] (input port clocked by clk)
Endpoint: res[14] (output port clocked by clk)
Path Group: clk
Path Type: min

Fanout         Cap        Slew       Delay        Time   Description
---------------------------------------------------------------------------------------------
                      0.000000    0.000000    0.000000   clock clk (rise edge)
                                  0.000000    0.000000   clock network delay (ideal)
                                  5.000000    5.000000 ^ input external delay
     1    0.004673    0.044951    0.025661    5.025661 ^ pcInput[14] (in)
                                                         pcInput[14] (net)
                      0.044951    0.000000    5.025661 ^ input5/A (sky130_fd_sc_hd__buf_1)
     3    0.010165    0.208361    0.235341    5.261002 ^ input5/X (sky130_fd_sc_hd__buf_1)
                                                         net5 (net)
                      0.208361    0.000090    5.261092 ^ _103_/A (sky130_fd_sc_hd__xor2_1)
     1    0.001843    0.060364    0.168166    5.429258 v _103_/X (sky130_fd_sc_hd__xor2_1)
                                                         net36 (net)
                      0.060364    0.000016    5.429273 v output36/A (sky130_fd_sc_hd__buf_2)
     1    0.034199    0.165558    0.340224    5.769497 v output36/X (sky130_fd_sc_hd__buf_2)
                                                         res[14] (net)
                      0.165558    0.000245    5.769742 v res[14] (out)
                                              5.769742   data arrival time

                      0.000000    0.000000    0.000000   clock clk (rise edge)
                                  0.000000    0.000000   clock network delay (ideal)
                                  0.250000    0.250000   clock uncertainty
                                  0.000000    0.250000   clock reconvergence pessimism
                                 -5.000000   -4.750000   output external delay
                                             -4.750000   data required time
---------------------------------------------------------------------------------------------
                                             -4.750000   data required time
                                             -5.769742   data arrival time
---------------------------------------------------------------------------------------------
                                             10.519743   slack (MET)


Startpoint: pcInput[5] (input port clocked by clk)
Endpoint: res[5] (output port clocked by clk)
Path Group: clk
Path Type: min

Fanout         Cap        Slew       Delay        Time   Description
---------------------------------------------------------------------------------------------
                      0.000000    0.000000    0.000000   clock clk (rise edge)
                                  0.000000    0.000000   clock network delay (ideal)
                                  5.000000    5.000000 ^ input external delay
     1    0.005006    0.047228    0.027448    5.027448 ^ pcInput[5] (in)
                                                         pcInput[5] (net)
                      0.047229    0.000000    5.027448 ^ input26/A (sky130_fd_sc_hd__clkbuf_1)
     2    0.004810    0.111128    0.166843    5.194291 ^ input26/X (sky130_fd_sc_hd__clkbuf_1)
                                                         net26 (net)
                      0.111128    0.000020    5.194311 ^ _088_/A (sky130_fd_sc_hd__nor2_1)
     1    0.002997    0.046880    0.097409    5.291719 v _088_/Y (sky130_fd_sc_hd__nor2_1)
                                                         _004_ (net)
                      0.046880    0.000031    5.291750 v _089_/B (sky130_fd_sc_hd__nor2_1)
     1    0.001997    0.109966    0.115654    5.407404 ^ _089_/Y (sky130_fd_sc_hd__nor2_1)
                                                         net58 (net)
                      0.109966    0.000017    5.407422 ^ output58/A (sky130_fd_sc_hd__buf_2)
     1    0.034369    0.272902    0.362913    5.770335 ^ output58/X (sky130_fd_sc_hd__buf_2)
                                                         res[5] (net)
                      0.272902    0.000347    5.770682 ^ res[5] (out)
                                              5.770682   data arrival time

                      0.000000    0.000000    0.000000   clock clk (rise edge)
                                  0.000000    0.000000   clock network delay (ideal)
                                  0.250000    0.250000   clock uncertainty
                                  0.000000    0.250000   clock reconvergence pessimism
                                 -5.000000   -4.750000   output external delay
                                             -4.750000   data required time
---------------------------------------------------------------------------------------------
                                             -4.750000   data required time
                                             -5.770682   data arrival time
---------------------------------------------------------------------------------------------
                                             10.520681   slack (MET)


Startpoint: pcInput[20] (input port clocked by clk)
Endpoint: res[20] (output port clocked by clk)
Path Group: clk
Path Type: min

Fanout         Cap        Slew       Delay        Time   Description
---------------------------------------------------------------------------------------------
                      0.000000    0.000000    0.000000   clock clk (rise edge)
                                  0.000000    0.000000   clock network delay (ideal)
                                  5.000000    5.000000 v input external delay
     1    0.002440    0.017097    0.008079    5.008080 v pcInput[20] (in)
                                                         pcInput[20] (net)
                      0.017097    0.000000    5.008080 v input11/A (sky130_fd_sc_hd__clkbuf_1)
     2    0.004559    0.068029    0.152788    5.160867 v input11/X (sky130_fd_sc_hd__clkbuf_1)
                                                         net11 (net)
                      0.068029    0.000040    5.160907 v _057_/A (sky130_fd_sc_hd__nor2_1)
     1    0.002936    0.136271    0.167632    5.328539 ^ _057_/Y (sky130_fd_sc_hd__nor2_1)
                                                         _026_ (net)
                      0.136271    0.000028    5.328567 ^ _059_/B1 (sky130_fd_sc_hd__a21oi_1)
     1    0.003764    0.063090    0.103309    5.431876 v _059_/Y (sky130_fd_sc_hd__a21oi_1)
                                                         net43 (net)
                      0.063090    0.000064    5.431940 v output43/A (sky130_fd_sc_hd__buf_2)
     1    0.034636    0.167295    0.342828    5.774767 v output43/X (sky130_fd_sc_hd__buf_2)
                                                         res[20] (net)
                      0.167295    0.000309    5.775076 v res[20] (out)
                                              5.775076   data arrival time

                      0.000000    0.000000    0.000000   clock clk (rise edge)
                                  0.000000    0.000000   clock network delay (ideal)
                                  0.250000    0.250000   clock uncertainty
                                  0.000000    0.250000   clock reconvergence pessimism
                                 -5.000000   -4.750000   output external delay
                                             -4.750000   data required time
---------------------------------------------------------------------------------------------
                                             -4.750000   data required time
                                             -5.775076   data arrival time
---------------------------------------------------------------------------------------------
                                             10.525076   slack (MET)


Startpoint: pcInput[21] (input port clocked by clk)
Endpoint: res[21] (output port clocked by clk)
Path Group: clk
Path Type: min

Fanout         Cap        Slew       Delay        Time   Description
---------------------------------------------------------------------------------------------
                      0.000000    0.000000    0.000000   clock clk (rise edge)
                                  0.000000    0.000000   clock network delay (ideal)
                                  5.000000    5.000000 v input external delay
     1    0.003030    0.019340    0.009938    5.009938 v pcInput[21] (in)
                                                         pcInput[21] (net)
                      0.019340    0.000000    5.009938 v input12/A (sky130_fd_sc_hd__clkbuf_1)
     2    0.005362    0.076248    0.160357    5.170295 v input12/X (sky130_fd_sc_hd__clkbuf_1)
                                                         net12 (net)
                      0.076248    0.000075    5.170369 v _062_/B1 (sky130_fd_sc_hd__a21oi_1)
     1    0.002654    0.145563    0.181679    5.352048 ^ _062_/Y (sky130_fd_sc_hd__a21oi_1)
                                                         _030_ (net)
                      0.145563    0.000011    5.352059 ^ _063_/B (sky130_fd_sc_hd__nor2_1)
     1    0.002593    0.047766    0.097295    5.449355 v _063_/Y (sky130_fd_sc_hd__nor2_1)
                                                         net44 (net)
                      0.047766    0.000029    5.449383 v output44/A (sky130_fd_sc_hd__buf_2)
     1    0.035464    0.170725    0.338263    5.787646 v output44/X (sky130_fd_sc_hd__buf_2)
                                                         res[21] (net)
                      0.170725    0.000578    5.788224 v res[21] (out)
                                              5.788224   data arrival time

                      0.000000    0.000000    0.000000   clock clk (rise edge)
                                  0.000000    0.000000   clock network delay (ideal)
                                  0.250000    0.250000   clock uncertainty
                                  0.000000    0.250000   clock reconvergence pessimism
                                 -5.000000   -4.750000   output external delay
                                             -4.750000   data required time
---------------------------------------------------------------------------------------------
                                             -4.750000   data required time
                                             -5.788224   data arrival time
---------------------------------------------------------------------------------------------
                                             10.538225   slack (MET)


Startpoint: pcInput[25] (input port clocked by clk)
Endpoint: res[25] (output port clocked by clk)
Path Group: clk
Path Type: min

Fanout         Cap        Slew       Delay        Time   Description
---------------------------------------------------------------------------------------------
                      0.000000    0.000000    0.000000   clock clk (rise edge)
                                  0.000000    0.000000   clock network delay (ideal)
                                  5.000000    5.000000 ^ input external delay
     1    0.004811    0.045893    0.026384    5.026384 ^ pcInput[25] (in)
                                                         pcInput[25] (net)
                      0.045893    0.000000    5.026384 ^ input16/A (sky130_fd_sc_hd__clkbuf_1)
     2    0.006436    0.136677    0.187257    5.213641 ^ input16/X (sky130_fd_sc_hd__clkbuf_1)
                                                         net16 (net)
                      0.136677    0.000107    5.213748 ^ _071_/B1 (sky130_fd_sc_hd__a21oi_1)
     1    0.002630    0.055388    0.094378    5.308125 v _071_/Y (sky130_fd_sc_hd__a21oi_1)
                                                         _035_ (net)
                      0.055388    0.000024    5.308150 v _072_/B (sky130_fd_sc_hd__nor2_1)
     1    0.001939    0.108320    0.117328    5.425478 ^ _072_/Y (sky130_fd_sc_hd__nor2_1)
                                                         net48 (net)
                      0.108320    0.000008    5.425486 ^ output48/A (sky130_fd_sc_hd__buf_2)
     1    0.035350    0.280237    0.367157    5.792644 ^ output48/X (sky130_fd_sc_hd__buf_2)
                                                         res[25] (net)
                      0.280237    0.000616    5.793260 ^ res[25] (out)
                                              5.793260   data arrival time

                      0.000000    0.000000    0.000000   clock clk (rise edge)
                                  0.000000    0.000000   clock network delay (ideal)
                                  0.250000    0.250000   clock uncertainty
                                  0.000000    0.250000   clock reconvergence pessimism
                                 -5.000000   -4.750000   output external delay
                                             -4.750000   data required time
---------------------------------------------------------------------------------------------
                                             -4.750000   data required time
                                             -5.793260   data arrival time
---------------------------------------------------------------------------------------------
                                             10.543260   slack (MET)


Startpoint: pcInput[24] (input port clocked by clk)
Endpoint: res[24] (output port clocked by clk)
Path Group: clk
Path Type: min

Fanout         Cap        Slew       Delay        Time   Description
---------------------------------------------------------------------------------------------
                      0.000000    0.000000    0.000000   clock clk (rise edge)
                                  0.000000    0.000000   clock network delay (ideal)
                                  5.000000    5.000000 ^ input external delay
     1    0.005056    0.047568    0.027689    5.027689 ^ pcInput[24] (in)
                                                         pcInput[24] (net)
                      0.047569    0.000000    5.027689 ^ input15/A (sky130_fd_sc_hd__clkbuf_1)
     2    0.005077    0.112288    0.170428    5.198116 ^ input15/X (sky130_fd_sc_hd__clkbuf_1)
                                                         net15 (net)
                      0.112288    0.000049    5.198165 ^ _069_/B2 (sky130_fd_sc_hd__o2bb2a_1)
     1    0.002097    0.068517    0.255012    5.453177 ^ _069_/X (sky130_fd_sc_hd__o2bb2a_1)
                                                         net47 (net)
                      0.068517    0.000018    5.453196 ^ output47/A (sky130_fd_sc_hd__buf_2)
     1    0.034388    0.272970    0.343680    5.796875 ^ output47/X (sky130_fd_sc_hd__buf_2)
                                                         res[24] (net)
                      0.272970    0.000358    5.797234 ^ res[24] (out)
                                              5.797234   data arrival time

                      0.000000    0.000000    0.000000   clock clk (rise edge)
                                  0.000000    0.000000   clock network delay (ideal)
                                  0.250000    0.250000   clock uncertainty
                                  0.000000    0.250000   clock reconvergence pessimism
                                 -5.000000   -4.750000   output external delay
                                             -4.750000   data required time
---------------------------------------------------------------------------------------------
                                             -4.750000   data required time
                                             -5.797234   data arrival time
---------------------------------------------------------------------------------------------
                                             10.547234   slack (MET)


Startpoint: pcInput[17] (input port clocked by clk)
Endpoint: res[17] (output port clocked by clk)
Path Group: clk
Path Type: min

Fanout         Cap        Slew       Delay        Time   Description
---------------------------------------------------------------------------------------------
                      0.000000    0.000000    0.000000   clock clk (rise edge)
                                  0.000000    0.000000   clock network delay (ideal)
                                  5.000000    5.000000 ^ input external delay
     1    0.003496    0.036897    0.019439    5.019439 ^ pcInput[17] (in)
                                                         pcInput[17] (net)
                      0.036897    0.000000    5.019439 ^ input8/A (sky130_fd_sc_hd__clkbuf_1)
     2    0.004507    0.105636    0.158256    5.177695 ^ input8/X (sky130_fd_sc_hd__clkbuf_1)
                                                         net8 (net)
                      0.105636    0.000026    5.177721 ^ _052_/A1 (sky130_fd_sc_hd__o21ba_1)
     1    0.003429    0.079651    0.269717    5.447438 ^ _052_/X (sky130_fd_sc_hd__o21ba_1)
                                                         net39 (net)
                      0.079651    0.000050    5.447488 ^ output39/A (sky130_fd_sc_hd__buf_2)
     1    0.034979    0.277390    0.351852    5.799340 ^ output39/X (sky130_fd_sc_hd__buf_2)
                                                         res[17] (net)
                      0.277390    0.000450    5.799790 ^ res[17] (out)
                                              5.799790   data arrival time

                      0.000000    0.000000    0.000000   clock clk (rise edge)
                                  0.000000    0.000000   clock network delay (ideal)
                                  0.250000    0.250000   clock uncertainty
                                  0.000000    0.250000   clock reconvergence pessimism
                                 -5.000000   -4.750000   output external delay
                                             -4.750000   data required time
---------------------------------------------------------------------------------------------
                                             -4.750000   data required time
                                             -5.799790   data arrival time
---------------------------------------------------------------------------------------------
                                             10.549790   slack (MET)


Startpoint: pcInput[16] (input port clocked by clk)
Endpoint: res[16] (output port clocked by clk)
Path Group: clk
Path Type: min

Fanout         Cap        Slew       Delay        Time   Description
---------------------------------------------------------------------------------------------
                      0.000000    0.000000    0.000000   clock clk (rise edge)
                                  0.000000    0.000000   clock network delay (ideal)
                                  5.000000    5.000000 v input external delay
     1    0.003974    0.023034    0.012918    5.012918 v pcInput[16] (in)
                                                         pcInput[16] (net)
                      0.023034    0.000000    5.012918 v input7/A (sky130_fd_sc_hd__clkbuf_1)
     3    0.007632    0.099879    0.180662    5.193580 v input7/X (sky130_fd_sc_hd__clkbuf_1)
                                                         net7 (net)
                      0.099879    0.000122    5.193702 v _106_/A (sky130_fd_sc_hd__nor2_1)
     1    0.003120    0.141901    0.184209    5.377911 ^ _106_/Y (sky130_fd_sc_hd__nor2_1)
                                                         _011_ (net)
                      0.141901    0.000033    5.377944 ^ _107_/B (sky130_fd_sc_hd__nor2_1)
     1    0.001780    0.043176    0.088831    5.466775 v _107_/Y (sky130_fd_sc_hd__nor2_1)
                                                         net38 (net)
                      0.043176    0.000008    5.466782 v output38/A (sky130_fd_sc_hd__buf_2)
     1    0.034505    0.166878    0.333266    5.800049 v output38/X (sky130_fd_sc_hd__buf_2)
                                                         res[16] (net)
                      0.166878    0.000329    5.800378 v res[16] (out)
                                              5.800378   data arrival time

                      0.000000    0.000000    0.000000   clock clk (rise edge)
                                  0.000000    0.000000   clock network delay (ideal)
                                  0.250000    0.250000   clock uncertainty
                                  0.000000    0.250000   clock reconvergence pessimism
                                 -5.000000   -4.750000   output external delay
                                             -4.750000   data required time
---------------------------------------------------------------------------------------------
                                             -4.750000   data required time
                                             -5.800378   data arrival time
---------------------------------------------------------------------------------------------
                                             10.550378   slack (MET)


Startpoint: pcInput[18] (input port clocked by clk)
Endpoint: res[18] (output port clocked by clk)
Path Group: clk
Path Type: min

Fanout         Cap        Slew       Delay        Time   Description
---------------------------------------------------------------------------------------------
                      0.000000    0.000000    0.000000   clock clk (rise edge)
                                  0.000000    0.000000   clock network delay (ideal)
                                  5.000000    5.000000 ^ input external delay
     1    0.004240    0.041961    0.023362    5.023362 ^ pcInput[18] (in)
                                                         pcInput[18] (net)
                      0.041961    0.000000    5.023362 ^ input9/A (sky130_fd_sc_hd__clkbuf_1)
     4    0.012107    0.239246    0.258920    5.282282 ^ input9/X (sky130_fd_sc_hd__clkbuf_1)
                                                         net9 (net)
                      0.239246    0.000139    5.282422 ^ _053_/A (sky130_fd_sc_hd__xor2_1)
     1    0.002329    0.064055    0.184265    5.466687 v _053_/X (sky130_fd_sc_hd__xor2_1)
                                                         net40 (net)
                      0.064055    0.000025    5.466712 v output40/A (sky130_fd_sc_hd__buf_2)
     1    0.033907    0.164363    0.341038    5.807750 v output40/X (sky130_fd_sc_hd__buf_2)
                                                         res[18] (net)
                      0.164363    0.000166    5.807915 v res[18] (out)
                                              5.807915   data arrival time

                      0.000000    0.000000    0.000000   clock clk (rise edge)
                                  0.000000    0.000000   clock network delay (ideal)
                                  0.250000    0.250000   clock uncertainty
                                  0.000000    0.250000   clock reconvergence pessimism
                                 -5.000000   -4.750000   output external delay
                                             -4.750000   data required time
---------------------------------------------------------------------------------------------
                                             -4.750000   data required time
                                             -5.807915   data arrival time
---------------------------------------------------------------------------------------------
                                             10.557916   slack (MET)


Startpoint: pcInput[7] (input port clocked by clk)
Endpoint: res[7] (output port clocked by clk)
Path Group: clk
Path Type: min

Fanout         Cap        Slew       Delay        Time   Description
---------------------------------------------------------------------------------------------
                      0.000000    0.000000    0.000000   clock clk (rise edge)
                                  0.000000    0.000000   clock network delay (ideal)
                                  5.000000    5.000000 v input external delay
     1    0.003221    0.020081    0.010549    5.010549 v pcInput[7] (in)
                                                         pcInput[7] (net)
                      0.020081    0.000000    5.010549 v input28/A (sky130_fd_sc_hd__buf_1)
     4    0.011959    0.144648    0.215251    5.225801 v input28/X (sky130_fd_sc_hd__buf_1)
                                                         net28 (net)
                      0.144648    0.000057    5.225858 v _092_/A (sky130_fd_sc_hd__xnor2_1)
     1    0.001965    0.060587    0.237404    5.463262 v _092_/Y (sky130_fd_sc_hd__xnor2_1)
                                                         net60 (net)
                      0.060587    0.000017    5.463279 v output60/A (sky130_fd_sc_hd__buf_2)
     1    0.036048    0.173082    0.345770    5.809049 v output60/X (sky130_fd_sc_hd__buf_2)
                                                         res[7] (net)
                      0.173085    0.000933    5.809982 v res[7] (out)
                                              5.809982   data arrival time

                      0.000000    0.000000    0.000000   clock clk (rise edge)
                                  0.000000    0.000000   clock network delay (ideal)
                                  0.250000    0.250000   clock uncertainty
                                  0.000000    0.250000   clock reconvergence pessimism
                                 -5.000000   -4.750000   output external delay
                                             -4.750000   data required time
---------------------------------------------------------------------------------------------
                                             -4.750000   data required time
                                             -5.809982   data arrival time
---------------------------------------------------------------------------------------------
                                             10.559981   slack (MET)


Startpoint: pcInput[19] (input port clocked by clk)
Endpoint: res[19] (output port clocked by clk)
Path Group: clk
Path Type: min

Fanout         Cap        Slew       Delay        Time   Description
---------------------------------------------------------------------------------------------
                      0.000000    0.000000    0.000000   clock clk (rise edge)
                                  0.000000    0.000000   clock network delay (ideal)
                                  5.000000    5.000000 v input external delay
     1    0.002472    0.017220    0.008181    5.008181 v pcInput[19] (in)
                                                         pcInput[19] (net)
                      0.017220    0.000000    5.008181 v input10/A (sky130_fd_sc_hd__buf_1)
     3    0.006937    0.092619    0.172647    5.180828 v input10/X (sky130_fd_sc_hd__buf_1)
                                                         net10 (net)
                      0.092619    0.000068    5.180896 v _054_/B1 (sky130_fd_sc_hd__a21oi_1)
     1    0.002967    0.155201    0.195543    5.376439 ^ _054_/Y (sky130_fd_sc_hd__a21oi_1)
                                                         _024_ (net)
                      0.155201    0.000027    5.376466 ^ _056_/A (sky130_fd_sc_hd__nor2_1)
     1    0.002492    0.044268    0.112406    5.488872 v _056_/Y (sky130_fd_sc_hd__nor2_1)
                                                         net41 (net)
                      0.044268    0.000027    5.488899 v output41/A (sky130_fd_sc_hd__buf_2)
     1    0.033919    0.164505    0.332006    5.820905 v output41/X (sky130_fd_sc_hd__buf_2)
                                                         res[19] (net)
                      0.164505    0.000166    5.821071 v res[19] (out)
                                              5.821071   data arrival time

                      0.000000    0.000000    0.000000   clock clk (rise edge)
                                  0.000000    0.000000   clock network delay (ideal)
                                  0.250000    0.250000   clock uncertainty
                                  0.000000    0.250000   clock reconvergence pessimism
                                 -5.000000   -4.750000   output external delay
                                             -4.750000   data required time
---------------------------------------------------------------------------------------------
                                             -4.750000   data required time
                                             -5.821071   data arrival time
---------------------------------------------------------------------------------------------
                                             10.571071   slack (MET)


Startpoint: pcInput[10] (input port clocked by clk)
Endpoint: res[10] (output port clocked by clk)
Path Group: clk
Path Type: min

Fanout         Cap        Slew       Delay        Time   Description
---------------------------------------------------------------------------------------------
                      0.000000    0.000000    0.000000   clock clk (rise edge)
                                  0.000000    0.000000   clock network delay (ideal)
                                  5.000000    5.000000 ^ input external delay
     1    0.003854    0.039324    0.021341    5.021341 ^ pcInput[10] (in)
                                                         pcInput[10] (net)
                      0.039324    0.000000    5.021341 ^ input1/A (sky130_fd_sc_hd__buf_1)
     3    0.010809    0.215659    0.241023    5.262363 ^ input1/X (sky130_fd_sc_hd__buf_1)
                                                         net1 (net)
                      0.215659    0.000160    5.262524 ^ _097_/A (sky130_fd_sc_hd__xnor2_1)
     1    0.004080    0.091892    0.206250    5.468774 v _097_/Y (sky130_fd_sc_hd__xnor2_1)
                                                         net32 (net)
                      0.091892    0.000065    5.468839 v output32/A (sky130_fd_sc_hd__buf_2)
     1    0.034032    0.164800    0.354488    5.823327 v output32/X (sky130_fd_sc_hd__buf_2)
                                                         res[10] (net)
                      0.164800    0.000175    5.823501 v res[10] (out)
                                              5.823501   data arrival time

                      0.000000    0.000000    0.000000   clock clk (rise edge)
                                  0.000000    0.000000   clock network delay (ideal)
                                  0.250000    0.250000   clock uncertainty
                                  0.000000    0.250000   clock reconvergence pessimism
                                 -5.000000   -4.750000   output external delay
                                             -4.750000   data required time
---------------------------------------------------------------------------------------------
                                             -4.750000   data required time
                                             -5.823501   data arrival time
---------------------------------------------------------------------------------------------
                                             10.573502   slack (MET)


Startpoint: pcInput[4] (input port clocked by clk)
Endpoint: res[4] (output port clocked by clk)
Path Group: clk
Path Type: min

Fanout         Cap        Slew       Delay        Time   Description
---------------------------------------------------------------------------------------------
                      0.000000    0.000000    0.000000   clock clk (rise edge)
                                  0.000000    0.000000   clock network delay (ideal)
                                  5.000000    5.000000 v input external delay
     1    0.005354    0.028514    0.017296    5.017296 v pcInput[4] (in)
                                                         pcInput[4] (net)
                      0.028515    0.000000    5.017296 v input25/A (sky130_fd_sc_hd__clkbuf_1)
     3    0.006852    0.091664    0.176564    5.193860 v input25/X (sky130_fd_sc_hd__clkbuf_1)
                                                         net25 (net)
                      0.091664    0.000077    5.193937 v _086_/B1 (sky130_fd_sc_hd__a21oi_1)
     1    0.002978    0.155690    0.195427    5.389364 ^ _086_/Y (sky130_fd_sc_hd__a21oi_1)
                                                         _003_ (net)
                      0.155690    0.000027    5.389391 ^ _087_/B (sky130_fd_sc_hd__nor2_1)
     1    0.002473    0.048810    0.099985    5.489376 v _087_/Y (sky130_fd_sc_hd__nor2_1)
                                                         net57 (net)
                      0.048810    0.000026    5.489402 v output57/A (sky130_fd_sc_hd__buf_2)
     1    0.035046    0.169033    0.337483    5.826886 v output57/X (sky130_fd_sc_hd__buf_2)
                                                         res[4] (net)
                      0.169033    0.000469    5.827355 v res[4] (out)
                                              5.827355   data arrival time

                      0.000000    0.000000    0.000000   clock clk (rise edge)
                                  0.000000    0.000000   clock network delay (ideal)
                                  0.250000    0.250000   clock uncertainty
                                  0.000000    0.250000   clock reconvergence pessimism
                                 -5.000000   -4.750000   output external delay
                                             -4.750000   data required time
---------------------------------------------------------------------------------------------
                                             -4.750000   data required time
                                             -5.827355   data arrival time
---------------------------------------------------------------------------------------------
                                             10.577354   slack (MET)


Startpoint: pcInput[3] (input port clocked by clk)
Endpoint: res[3] (output port clocked by clk)
Path Group: clk
Path Type: min

Fanout         Cap        Slew       Delay        Time   Description
---------------------------------------------------------------------------------------------
                      0.000000    0.000000    0.000000   clock clk (rise edge)
                                  0.000000    0.000000   clock network delay (ideal)
                                  5.000000    5.000000 ^ input external delay
     1    0.005050    0.047530    0.027653    5.027653 ^ pcInput[3] (in)
                                                         pcInput[3] (net)
                      0.047530    0.000000    5.027653 ^ input24/A (sky130_fd_sc_hd__buf_1)
     4    0.012774    0.251469    0.270246    5.297899 ^ input24/X (sky130_fd_sc_hd__buf_1)
                                                         net24 (net)
                      0.251469    0.000146    5.298045 ^ _085_/B (sky130_fd_sc_hd__xor2_1)
     1    0.002156    0.062832    0.183022    5.481067 v _085_/X (sky130_fd_sc_hd__xor2_1)
                                                         net56 (net)
                      0.062832    0.000020    5.481087 v output56/A (sky130_fd_sc_hd__buf_2)
     1    0.035696    0.171550    0.345959    5.827046 v output56/X (sky130_fd_sc_hd__buf_2)
                                                         res[3] (net)
                      0.171550    0.000508    5.827554 v res[3] (out)
                                              5.827554   data arrival time

                      0.000000    0.000000    0.000000   clock clk (rise edge)
                                  0.000000    0.000000   clock network delay (ideal)
                                  0.250000    0.250000   clock uncertainty
                                  0.000000    0.250000   clock reconvergence pessimism
                                 -5.000000   -4.750000   output external delay
                                             -4.750000   data required time
---------------------------------------------------------------------------------------------
                                             -4.750000   data required time
                                             -5.827554   data arrival time
---------------------------------------------------------------------------------------------
                                             10.577555   slack (MET)


Startpoint: pcInput[22] (input port clocked by clk)
Endpoint: res[22] (output port clocked by clk)
Path Group: clk
Path Type: min

Fanout         Cap        Slew       Delay        Time   Description
---------------------------------------------------------------------------------------------
                      0.000000    0.000000    0.000000   clock clk (rise edge)
                                  0.000000    0.000000   clock network delay (ideal)
                                  5.000000    5.000000 ^ input external delay
     1    0.003319    0.035709    0.018508    5.018508 ^ pcInput[22] (in)
                                                         pcInput[22] (net)
                      0.035709    0.000000    5.018508 ^ input13/A (sky130_fd_sc_hd__buf_1)
     4    0.012854    0.252730    0.265808    5.284316 ^ input13/X (sky130_fd_sc_hd__buf_1)
                                                         net13 (net)
                      0.252730    0.000100    5.284417 ^ _064_/A (sky130_fd_sc_hd__xor2_1)
     1    0.003106    0.070324    0.197812    5.482228 v _064_/X (sky130_fd_sc_hd__xor2_1)
                                                         net45 (net)
                      0.070324    0.000043    5.482271 v output45/A (sky130_fd_sc_hd__buf_2)
     1    0.035874    0.172274    0.349840    5.832111 v output45/X (sky130_fd_sc_hd__buf_2)
                                                         res[22] (net)
                      0.172274    0.000687    5.832798 v res[22] (out)
                                              5.832798   data arrival time

                      0.000000    0.000000    0.000000   clock clk (rise edge)
                                  0.000000    0.000000   clock network delay (ideal)
                                  0.250000    0.250000   clock uncertainty
                                  0.000000    0.250000   clock reconvergence pessimism
                                 -5.000000   -4.750000   output external delay
                                             -4.750000   data required time
---------------------------------------------------------------------------------------------
                                             -4.750000   data required time
                                             -5.832798   data arrival time
---------------------------------------------------------------------------------------------
                                             10.582799   slack (MET)


Startpoint: pcInput[9] (input port clocked by clk)
Endpoint: res[9] (output port clocked by clk)
Path Group: clk
Path Type: min

Fanout         Cap        Slew       Delay        Time   Description
---------------------------------------------------------------------------------------------
                      0.000000    0.000000    0.000000   clock clk (rise edge)
                                  0.000000    0.000000   clock network delay (ideal)
                                  5.000000    5.000000 ^ input external delay
     1    0.003133    0.034460    0.017533    5.017533 ^ pcInput[9] (in)
                                                         pcInput[9] (net)
                      0.034460    0.000000    5.017533 ^ input30/A (sky130_fd_sc_hd__clkbuf_1)
     2    0.006564    0.138977    0.183750    5.201283 ^ input30/X (sky130_fd_sc_hd__clkbuf_1)
                                                         net30 (net)
                      0.138977    0.000091    5.201374 ^ _096_/A1 (sky130_fd_sc_hd__o21a_1)
     1    0.004411    0.090300    0.278605    5.479980 ^ _096_/X (sky130_fd_sc_hd__o21a_1)
                                                         net62 (net)
                      0.090300    0.000085    5.480064 ^ output62/A (sky130_fd_sc_hd__buf_2)
     1    0.034283    0.272230    0.353217    5.833282 ^ output62/X (sky130_fd_sc_hd__buf_2)
                                                         res[9] (net)
                      0.272230    0.000366    5.833648 ^ res[9] (out)
                                              5.833648   data arrival time

                      0.000000    0.000000    0.000000   clock clk (rise edge)
                                  0.000000    0.000000   clock network delay (ideal)
                                  0.250000    0.250000   clock uncertainty
                                  0.000000    0.250000   clock reconvergence pessimism
                                 -5.000000   -4.750000   output external delay
                                             -4.750000   data required time
---------------------------------------------------------------------------------------------
                                             -4.750000   data required time
                                             -5.833648   data arrival time
---------------------------------------------------------------------------------------------
                                             10.583648   slack (MET)


Startpoint: pcInput[27] (input port clocked by clk)
Endpoint: res[27] (output port clocked by clk)
Path Group: clk
Path Type: min

Fanout         Cap        Slew       Delay        Time   Description
---------------------------------------------------------------------------------------------
                      0.000000    0.000000    0.000000   clock clk (rise edge)
                                  0.000000    0.000000   clock network delay (ideal)
                                  5.000000    5.000000 v input external delay
     1    0.004476    0.025031    0.014506    5.014506 v pcInput[27] (in)
                                                         pcInput[27] (net)
                      0.025031    0.000000    5.014506 v input18/A (sky130_fd_sc_hd__clkbuf_1)
     3    0.006301    0.085930    0.170538    5.185044 v input18/X (sky130_fd_sc_hd__clkbuf_1)
                                                         net18 (net)
                      0.085930    0.000039    5.185083 v _074_/B1 (sky130_fd_sc_hd__a21oi_1)
     1    0.003309    0.165795    0.201049    5.386132 ^ _074_/Y (sky130_fd_sc_hd__a21oi_1)
                                                         _036_ (net)
                      0.165795    0.000038    5.386170 ^ _076_/A (sky130_fd_sc_hd__nor2_1)
     1    0.002870    0.044367    0.120149    5.506319 v _076_/Y (sky130_fd_sc_hd__nor2_1)
                                                         net50 (net)
                      0.044367    0.000044    5.506363 v output50/A (sky130_fd_sc_hd__buf_2)
     1    0.034432    0.166598    0.333548    5.839912 v output50/X (sky130_fd_sc_hd__buf_2)
                                                         res[27] (net)
                      0.166598    0.000376    5.840288 v res[27] (out)
                                              5.840288   data arrival time

                      0.000000    0.000000    0.000000   clock clk (rise edge)
                                  0.000000    0.000000   clock network delay (ideal)
                                  0.250000    0.250000   clock uncertainty
                                  0.000000    0.250000   clock reconvergence pessimism
                                 -5.000000   -4.750000   output external delay
                                             -4.750000   data required time
---------------------------------------------------------------------------------------------
                                             -4.750000   data required time
                                             -5.840288   data arrival time
---------------------------------------------------------------------------------------------
                                             10.590288   slack (MET)


Startpoint: pcInput[23] (input port clocked by clk)
Endpoint: res[23] (output port clocked by clk)
Path Group: clk
Path Type: min

Fanout         Cap        Slew       Delay        Time   Description
---------------------------------------------------------------------------------------------
                      0.000000    0.000000    0.000000   clock clk (rise edge)
                                  0.000000    0.000000   clock network delay (ideal)
                                  5.000000    5.000000 v input external delay
     1    0.005817    0.030355    0.018717    5.018718 v pcInput[23] (in)
                                                         pcInput[23] (net)
                      0.030355    0.000000    5.018718 v input14/A (sky130_fd_sc_hd__clkbuf_1)
     3    0.008145    0.105221    0.188081    5.206799 v input14/X (sky130_fd_sc_hd__clkbuf_1)
                                                         net14 (net)
                      0.105221    0.000044    5.206843 v _065_/B1 (sky130_fd_sc_hd__a21oi_1)
     1    0.002642    0.145186    0.192813    5.399656 ^ _065_/Y (sky130_fd_sc_hd__a21oi_1)
                                                         _031_ (net)
                      0.145186    0.000010    5.399666 ^ _067_/A (sky130_fd_sc_hd__nor2_1)
     1    0.002825    0.043159    0.110866    5.510533 v _067_/Y (sky130_fd_sc_hd__nor2_1)
                                                         net46 (net)
                      0.043159    0.000032    5.510565 v output46/A (sky130_fd_sc_hd__buf_2)
     1    0.034679    0.167603    0.333733    5.844298 v output46/X (sky130_fd_sc_hd__buf_2)
                                                         res[23] (net)
                      0.167603    0.000447    5.844744 v res[23] (out)
                                              5.844744   data arrival time

                      0.000000    0.000000    0.000000   clock clk (rise edge)
                                  0.000000    0.000000   clock network delay (ideal)
                                  0.250000    0.250000   clock uncertainty
                                  0.000000    0.250000   clock reconvergence pessimism
                                 -5.000000   -4.750000   output external delay
                                             -4.750000   data required time
---------------------------------------------------------------------------------------------
                                             -4.750000   data required time
                                             -5.844744   data arrival time
---------------------------------------------------------------------------------------------
                                             10.594745   slack (MET)


Startpoint: pcInput[26] (input port clocked by clk)
Endpoint: res[26] (output port clocked by clk)
Path Group: clk
Path Type: min

Fanout         Cap        Slew       Delay        Time   Description
---------------------------------------------------------------------------------------------
                      0.000000    0.000000    0.000000   clock clk (rise edge)
                                  0.000000    0.000000   clock network delay (ideal)
                                  5.000000    5.000000 ^ input external delay
     1    0.005564    0.051030    0.030366    5.030366 ^ pcInput[26] (in)
                                                         pcInput[26] (net)
                      0.051030    0.000000    5.030366 ^ input17/A (sky130_fd_sc_hd__buf_1)
     4    0.013838    0.270957    0.285630    5.315997 ^ input17/X (sky130_fd_sc_hd__buf_1)
                                                         net17 (net)
                      0.270957    0.000251    5.316248 ^ _073_/A (sky130_fd_sc_hd__xor2_1)
     1    0.002302    0.063903    0.193213    5.509460 v _073_/X (sky130_fd_sc_hd__xor2_1)
                                                         net49 (net)
                      0.063903    0.000024    5.509484 v output49/A (sky130_fd_sc_hd__buf_2)
     1    0.035492    0.170796    0.345664    5.855148 v output49/X (sky130_fd_sc_hd__buf_2)
                                                         res[26] (net)
                      0.170797    0.000710    5.855859 v res[26] (out)
                                              5.855859   data arrival time

                      0.000000    0.000000    0.000000   clock clk (rise edge)
                                  0.000000    0.000000   clock network delay (ideal)
                                  0.250000    0.250000   clock uncertainty
                                  0.000000    0.250000   clock reconvergence pessimism
                                 -5.000000   -4.750000   output external delay
                                             -4.750000   data required time
---------------------------------------------------------------------------------------------
                                             -4.750000   data required time
                                             -5.855859   data arrival time
---------------------------------------------------------------------------------------------
                                             10.605859   slack (MET)


Startpoint: pcInput[6] (input port clocked by clk)
Endpoint: res[6] (output port clocked by clk)
Path Group: clk
Path Type: min

Fanout         Cap        Slew       Delay        Time   Description
---------------------------------------------------------------------------------------------
                      0.000000    0.000000    0.000000   clock clk (rise edge)
                                  0.000000    0.000000   clock network delay (ideal)
                                  5.000000    5.000000 ^ input external delay
     1    0.003068    0.034025    0.017188    5.017189 ^ pcInput[6] (in)
                                                         pcInput[6] (net)
                      0.034025    0.000000    5.017189 ^ input27/A (sky130_fd_sc_hd__buf_1)
     5    0.015410    0.299258    0.297976    5.315165 ^ input27/X (sky130_fd_sc_hd__buf_1)
                                                         net27 (net)
                      0.299258    0.000230    5.315395 ^ _091_/A (sky130_fd_sc_hd__xor2_1)
     1    0.003552    0.073895    0.217534    5.532929 v _091_/X (sky130_fd_sc_hd__xor2_1)
                                                         net59 (net)
                      0.073895    0.000040    5.532969 v output59/A (sky130_fd_sc_hd__buf_2)
     1    0.034599    0.167127    0.347593    5.880562 v output59/X (sky130_fd_sc_hd__buf_2)
                                                         res[6] (net)
                      0.167127    0.000408    5.880970 v res[6] (out)
                                              5.880970   data arrival time

                      0.000000    0.000000    0.000000   clock clk (rise edge)
                                  0.000000    0.000000   clock network delay (ideal)
                                  0.250000    0.250000   clock uncertainty
                                  0.000000    0.250000   clock reconvergence pessimism
                                 -5.000000   -4.750000   output external delay
                                             -4.750000   data required time
---------------------------------------------------------------------------------------------
                                             -4.750000   data required time
                                             -5.880970   data arrival time
---------------------------------------------------------------------------------------------
                                             10.630970   slack (MET)


Startpoint: pcInput[15] (input port clocked by clk)
Endpoint: res[15] (output port clocked by clk)
Path Group: clk
Path Type: min

Fanout         Cap        Slew       Delay        Time   Description
---------------------------------------------------------------------------------------------
                      0.000000    0.000000    0.000000   clock clk (rise edge)
                                  0.000000    0.000000   clock network delay (ideal)
                                  5.000000    5.000000 ^ input external delay
     1    0.004136    0.041250    0.022831    5.022831 ^ pcInput[15] (in)
                                                         pcInput[15] (net)
                      0.041250    0.000000    5.022831 ^ input6/A (sky130_fd_sc_hd__clkbuf_1)
     2    0.005626    0.122131    0.174689    5.197520 ^ input6/X (sky130_fd_sc_hd__clkbuf_1)
                                                         net6 (net)
                      0.122131    0.000051    5.197570 ^ _104_/B1 (sky130_fd_sc_hd__a31o_1)
     1    0.002717    0.069903    0.181608    5.379178 ^ _104_/X (sky130_fd_sc_hd__a31o_1)
                                                         _010_ (net)
                      0.069903    0.000033    5.379211 ^ _105_/B (sky130_fd_sc_hd__and2b_1)
     1    0.002071    0.062726    0.215993    5.595205 ^ _105_/X (sky130_fd_sc_hd__and2b_1)
                                                         net37 (net)
                      0.062726    0.000018    5.595222 ^ output37/A (sky130_fd_sc_hd__buf_2)
     1    0.034230    0.271756    0.340284    5.935506 ^ output37/X (sky130_fd_sc_hd__buf_2)
                                                         res[15] (net)
                      0.271756    0.000219    5.935725 ^ res[15] (out)
                                              5.935725   data arrival time

                      0.000000    0.000000    0.000000   clock clk (rise edge)
                                  0.000000    0.000000   clock network delay (ideal)
                                  0.250000    0.250000   clock uncertainty
                                  0.000000    0.250000   clock reconvergence pessimism
                                 -5.000000   -4.750000   output external delay
                                             -4.750000   data required time
---------------------------------------------------------------------------------------------
                                             -4.750000   data required time
                                             -5.935725   data arrival time
---------------------------------------------------------------------------------------------
                                             10.685725   slack (MET)


Startpoint: pcInput[11] (input port clocked by clk)
Endpoint: res[11] (output port clocked by clk)
Path Group: clk
Path Type: min

Fanout         Cap        Slew       Delay        Time   Description
---------------------------------------------------------------------------------------------
                      0.000000    0.000000    0.000000   clock clk (rise edge)
                                  0.000000    0.000000   clock network delay (ideal)
                                  5.000000    5.000000 ^ input external delay
     1    0.003409    0.036309    0.018990    5.018990 ^ pcInput[11] (in)
                                                         pcInput[11] (net)
                      0.036309    0.000000    5.018990 ^ input2/A (sky130_fd_sc_hd__clkbuf_1)
     2    0.006370    0.135487    0.182067    5.201057 ^ input2/X (sky130_fd_sc_hd__clkbuf_1)
                                                         net2 (net)
                      0.135487    0.000086    5.201143 ^ _098_/B1 (sky130_fd_sc_hd__a31o_1)
     1    0.002095    0.062340    0.179356    5.380498 ^ _098_/X (sky130_fd_sc_hd__a31o_1)
                                                         _008_ (net)
                      0.062340    0.000019    5.380517 ^ _099_/B (sky130_fd_sc_hd__and2b_1)
     1    0.002539    0.068227    0.218758    5.599276 ^ _099_/X (sky130_fd_sc_hd__and2b_1)
                                                         net33 (net)
                      0.068227    0.000027    5.599303 ^ output33/A (sky130_fd_sc_hd__buf_2)
     1    0.034149    0.271152    0.342407    5.941710 ^ output33/X (sky130_fd_sc_hd__buf_2)
                                                         res[11] (net)
                      0.271152    0.000174    5.941884 ^ res[11] (out)
                                              5.941884   data arrival time

                      0.000000    0.000000    0.000000   clock clk (rise edge)
                                  0.000000    0.000000   clock network delay (ideal)
                                  0.250000    0.250000   clock uncertainty
                                  0.000000    0.250000   clock reconvergence pessimism
                                 -5.000000   -4.750000   output external delay
                                             -4.750000   data required time
---------------------------------------------------------------------------------------------
                                             -4.750000   data required time
                                             -5.941884   data arrival time
---------------------------------------------------------------------------------------------
                                             10.691883   slack (MET)


Startpoint: pcInput[29] (input port clocked by clk)
Endpoint: res[29] (output port clocked by clk)
Path Group: clk
Path Type: min

Fanout         Cap        Slew       Delay        Time   Description
---------------------------------------------------------------------------------------------
                      0.000000    0.000000    0.000000   clock clk (rise edge)
                                  0.000000    0.000000   clock network delay (ideal)
                                  5.000000    5.000000 v input external delay
     1    0.005151    0.027717    0.016652    5.016652 v pcInput[29] (in)
                                                         pcInput[29] (net)
                      0.027717    0.000000    5.016652 v input20/A (sky130_fd_sc_hd__buf_1)
     3    0.008852    0.112682    0.192863    5.209515 v input20/X (sky130_fd_sc_hd__buf_1)
                                                         net20 (net)
                      0.112682    0.000149    5.209664 v _079_/A (sky130_fd_sc_hd__nand3_1)
     2    0.006448    0.130899    0.161788    5.371453 ^ _079_/Y (sky130_fd_sc_hd__nand3_1)
                                                         _000_ (net)
                      0.130899    0.000048    5.371501 ^ _081_/A (sky130_fd_sc_hd__and2_1)
     1    0.002145    0.071130    0.232175    5.603676 ^ _081_/X (sky130_fd_sc_hd__and2_1)
                                                         net52 (net)
                      0.071130    0.000019    5.603694 ^ output52/A (sky130_fd_sc_hd__buf_2)
     1    0.034447    0.273414    0.345177    5.948871 ^ output52/X (sky130_fd_sc_hd__buf_2)
                                                         res[29] (net)
                      0.273414    0.000375    5.949246 ^ res[29] (out)
                                              5.949246   data arrival time

                      0.000000    0.000000    0.000000   clock clk (rise edge)
                                  0.000000    0.000000   clock network delay (ideal)
                                  0.250000    0.250000   clock uncertainty
                                  0.000000    0.250000   clock reconvergence pessimism
                                 -5.000000   -4.750000   output external delay
                                             -4.750000   data required time
---------------------------------------------------------------------------------------------
                                             -4.750000   data required time
                                             -5.949246   data arrival time
---------------------------------------------------------------------------------------------
                                             10.699246   slack (MET)


Startpoint: pcInput[8] (input port clocked by clk)
Endpoint: res[8] (output port clocked by clk)
Path Group: clk
Path Type: min

Fanout         Cap        Slew       Delay        Time   Description
---------------------------------------------------------------------------------------------
                      0.000000    0.000000    0.000000   clock clk (rise edge)
                                  0.000000    0.000000   clock network delay (ideal)
                                  5.000000    5.000000 ^ input external delay
     1    0.004537    0.044006    0.024948    5.024949 ^ pcInput[8] (in)
                                                         pcInput[8] (net)
                      0.044020    0.000000    5.024949 ^ input29/A (sky130_fd_sc_hd__clkbuf_1)
     3    0.009487    0.191743    0.225909    5.250857 ^ input29/X (sky130_fd_sc_hd__clkbuf_1)
                                                         net29 (net)
                      0.191743    0.000175    5.251032 ^ _094_/B1 (sky130_fd_sc_hd__a31o_1)
     1    0.002665    0.070026    0.210683    5.461715 ^ _094_/X (sky130_fd_sc_hd__a31o_1)
                                                         _007_ (net)
                      0.070026    0.000030    5.461745 ^ _095_/B (sky130_fd_sc_hd__and2b_1)
     1    0.004623    0.093814    0.247173    5.708918 ^ _095_/X (sky130_fd_sc_hd__and2b_1)
                                                         net61 (net)
                      0.093814    0.000092    5.709010 ^ output61/A (sky130_fd_sc_hd__buf_2)
     1    0.034411    0.273188    0.355533    6.064543 ^ output61/X (sky130_fd_sc_hd__buf_2)
                                                         res[8] (net)
                      0.273188    0.000382    6.064925 ^ res[8] (out)
                                              6.064925   data arrival time

                      0.000000    0.000000    0.000000   clock clk (rise edge)
                                  0.000000    0.000000   clock network delay (ideal)
                                  0.250000    0.250000   clock uncertainty
                                  0.000000    0.250000   clock reconvergence pessimism
                                 -5.000000   -4.750000   output external delay
                                             -4.750000   data required time
---------------------------------------------------------------------------------------------
                                             -4.750000   data required time
                                             -6.064925   data arrival time
---------------------------------------------------------------------------------------------
                                             10.814924   slack (MET)



