93. Printing statistics.

=== barrelShifter ===

        +----------Local Count, excluding submodules.
        | 
      125 wires
      141 wire bits
        3 public wires
       19 public wire bits
        3 ports
       19 port bits
      130 cells
       58   $_ANDNOT_
        1   $_AND_
        8   $_MUX_
        3   $_NAND_
        1   $_NOT_
        3   $_ORNOT_
       56   $_OR_

   Area for cell type $_ANDNOT_ is unknown!
   Area for cell type $_AND_ is unknown!
   Area for cell type $_MUX_ is unknown!
   Area for cell type $_NAND_ is unknown!
   Area for cell type $_NOT_ is unknown!
   Area for cell type $_ORNOT_ is unknown!
   Area for cell type $_OR_ is unknown!

