
===========================================================================
report_checks -unconstrained
===========================================================================
======================= nom_ff_n40C_1v95 Corner ===================================

Startpoint: pcInput[2] (input port clocked by clk)
Endpoint: res[31] (output port clocked by clk)
Path Group: clk
Path Type: max

Fanout         Cap        Slew       Delay        Time   Description
---------------------------------------------------------------------------------------------
                      0.000000    0.000000    0.000000   clock clk (rise edge)
                                  0.000000    0.000000   clock network delay (ideal)
                                  5.000000    5.000000 ^ input external delay
     5    0.021795    0.079073    0.052894    5.052894 ^ pcInput[2] (in)
                                                         pcInput[2] (net)
                      0.079073    0.000000    5.052894 ^ _041_/A (sky130_fd_sc_hd__and4_2)
     8    0.030522    0.130126    0.202846    5.255741 ^ _041_/X (sky130_fd_sc_hd__and4_2)
                                                         _013_ (net)
                      0.130126    0.000000    5.255741 ^ _044_/C (sky130_fd_sc_hd__and4_2)
     7    0.022398    0.101645    0.196364    5.452105 ^ _044_/X (sky130_fd_sc_hd__and4_2)
                                                         _016_ (net)
                      0.101645    0.000000    5.452105 ^ _051_/A (sky130_fd_sc_hd__and4_2)
     8    0.029160    0.125349    0.205015    5.657119 ^ _051_/X (sky130_fd_sc_hd__and4_2)
                                                         _023_ (net)
                      0.125349    0.000000    5.657119 ^ _070_/B (sky130_fd_sc_hd__and4_2)
     8    0.030220    0.129129    0.217999    5.875118 ^ _070_/X (sky130_fd_sc_hd__and4_2)
                                                         _034_ (net)
                      0.129129    0.000000    5.875118 ^ _082_/C (sky130_fd_sc_hd__and4_2)
     1    0.008409    0.052815    0.154312    6.029429 ^ _082_/X (sky130_fd_sc_hd__and4_2)
                                                         _002_ (net)
                      0.052815    0.000000    6.029429 ^ _084_/B (sky130_fd_sc_hd__xor2_2)
     1    0.033442    0.321000    0.258120    6.287550 ^ _084_/X (sky130_fd_sc_hd__xor2_2)
                                                         res[31] (net)
                      0.321000    0.000000    6.287550 ^ res[31] (out)
                                              6.287550   data arrival time

                      0.000000   25.000000   25.000000   clock clk (rise edge)
                                  0.000000   25.000000   clock network delay (ideal)
                                 -0.250000   24.750000   clock uncertainty
                                  0.000000   24.750000   clock reconvergence pessimism
                                 -5.000000   19.750000   output external delay
                                             19.750000   data required time
---------------------------------------------------------------------------------------------
                                             19.750000   data required time
                                             -6.287550   data arrival time
---------------------------------------------------------------------------------------------
                                             13.462449   slack (MET)




===========================================================================
report_checks --slack_max -0.01
============================================================================
======================= nom_ff_n40C_1v95 Corner ===================================

No paths found.


===========================================================================
 report_check_types -max_slew -max_cap -max_fanout -violators
============================================================================
======================= nom_ff_n40C_1v95 Corner ===================================



===========================================================================
report_parasitic_annotation -report_unannotated
============================================================================
Found 103 unannotated drivers.
 pcInput[0]
 pcInput[10]
 pcInput[11]
 pcInput[12]
 pcInput[13]
 pcInput[14]
 pcInput[15]
 pcInput[16]
 pcInput[17]
 pcInput[18]
 pcInput[19]
 pcInput[1]
 pcInput[20]
 pcInput[21]
 pcInput[22]
 pcInput[23]
 pcInput[24]
 pcInput[25]
 pcInput[26]
 pcInput[27]
 pcInput[28]
 pcInput[29]
 pcInput[2]
 pcInput[30]
 pcInput[31]
 pcInput[3]
 pcInput[4]
 pcInput[5]
 pcInput[6]
 pcInput[7]
 pcInput[8]
 pcInput[9]
 _039_/Y
 _040_/X
 _041_/X
 _042_/X
 _043_/Y
 _044_/X
 _045_/X
 _046_/X
 _047_/X
 _048_/X
 _049_/X
 _050_/X
 _051_/X
 _052_/X
 _053_/X
 _054_/Y
 _055_/X
 _056_/Y
 _057_/Y
 _058_/X
 _059_/Y
 _060_/X
 _061_/X
 _062_/Y
 _063_/Y
 _064_/X
 _065_/Y
 _066_/X
 _067_/Y
 _068_/X
 _069_/X
 _070_/X
 _071_/Y
 _072_/Y
 _073_/X
 _074_/Y
 _075_/X
 _076_/Y
 _077_/X
 _078_/X
 _079_/Y
 _080_/X
 _081_/X
 _082_/X
 _083_/Y
 _084_/X
 _085_/X
 _086_/Y
 _087_/Y
 _088_/Y
 _089_/Y
 _090_/Y
 _091_/X
 _092_/Y
 _093_/X
 _094_/X
 _095_/X
 _096_/X
 _097_/Y
 _098_/X
 _099_/X
 _100_/X
 _101_/Y
 _102_/Y
 _103_/X
 _104_/X
 _105_/X
 _106_/Y
 _107_/Y
 _108_/X
 _109_/X
Found 0 partially unannotated drivers.

===========================================================================
max slew violation count 0
max fanout violation count 0
max cap violation count 0
============================================================================

===========================================================================
check_setup -verbose -unconstrained_endpoints -multiple_clock -no_clock -no_input_delay -loops -generated_clocks
===========================================================================
