
===========================================================================
report_checks -path_delay min (Hold)
============================================================================
======================= nom_ff_n40C_1v95 Corner ===================================

Startpoint: pcInput[13] (input port clocked by clk)
Endpoint: res[13] (output port clocked by clk)
Path Group: clk
Path Type: min

Fanout         Cap        Slew       Delay        Time   Description
---------------------------------------------------------------------------------------------
                      0.000000    0.000000    0.000000   clock clk (rise edge)
                                  0.000000    0.000000   clock network delay (ideal)
                                  5.000000    5.000000 v input external delay
     2    0.005710    0.009443    0.005024    5.005024 v pcInput[13] (in)
                                                         pcInput[13] (net)
                      0.009443    0.000000    5.005024 v _101_/B1 (sky130_fd_sc_hd__a21oi_2)
     1    0.004773    0.048004    0.043159    5.048183 ^ _101_/Y (sky130_fd_sc_hd__a21oi_2)
                                                         _009_ (net)
                      0.048004    0.000000    5.048183 ^ _102_/B (sky130_fd_sc_hd__nor2_2)
     1    0.033442    0.057382    0.059347    5.107531 v _102_/Y (sky130_fd_sc_hd__nor2_2)
                                                         res[13] (net)
                      0.057382    0.000000    5.107531 v res[13] (out)
                                              5.107531   data arrival time

                      0.000000    0.000000    0.000000   clock clk (rise edge)
                                  0.000000    0.000000   clock network delay (ideal)
                                  0.250000    0.250000   clock uncertainty
                                  0.000000    0.250000   clock reconvergence pessimism
                                 -5.000000   -4.750000   output external delay
                                             -4.750000   data required time
---------------------------------------------------------------------------------------------
                                             -4.750000   data required time
                                             -5.107531   data arrival time
---------------------------------------------------------------------------------------------
                                              9.857531   slack (MET)


Startpoint: pcInput[21] (input port clocked by clk)
Endpoint: res[21] (output port clocked by clk)
Path Group: clk
Path Type: min

Fanout         Cap        Slew       Delay        Time   Description
---------------------------------------------------------------------------------------------
                      0.000000    0.000000    0.000000   clock clk (rise edge)
                                  0.000000    0.000000   clock network delay (ideal)
                                  5.000000    5.000000 v input external delay
     2    0.005716    0.009453    0.005031    5.005031 v pcInput[21] (in)
                                                         pcInput[21] (net)
                      0.009453    0.000000    5.005031 v _062_/B1 (sky130_fd_sc_hd__a21oi_2)
     1    0.004773    0.048004    0.043162    5.048193 ^ _062_/Y (sky130_fd_sc_hd__a21oi_2)
                                                         _030_ (net)
                      0.048004    0.000000    5.048193 ^ _063_/B (sky130_fd_sc_hd__nor2_2)
     1    0.033442    0.057382    0.059347    5.107540 v _063_/Y (sky130_fd_sc_hd__nor2_2)
                                                         res[21] (net)
                      0.057382    0.000000    5.107540 v res[21] (out)
                                              5.107540   data arrival time

                      0.000000    0.000000    0.000000   clock clk (rise edge)
                                  0.000000    0.000000   clock network delay (ideal)
                                  0.250000    0.250000   clock uncertainty
                                  0.000000    0.250000   clock reconvergence pessimism
                                 -5.000000   -4.750000   output external delay
                                             -4.750000   data required time
---------------------------------------------------------------------------------------------
                                             -4.750000   data required time
                                             -5.107540   data arrival time
---------------------------------------------------------------------------------------------
                                              9.857541   slack (MET)


Startpoint: pcInput[25] (input port clocked by clk)
Endpoint: res[25] (output port clocked by clk)
Path Group: clk
Path Type: min

Fanout         Cap        Slew       Delay        Time   Description
---------------------------------------------------------------------------------------------
                      0.000000    0.000000    0.000000   clock clk (rise edge)
                                  0.000000    0.000000   clock network delay (ideal)
                                  5.000000    5.000000 v input external delay
     2    0.005788    0.009570    0.005112    5.005112 v pcInput[25] (in)
                                                         pcInput[25] (net)
                      0.009570    0.000000    5.005112 v _071_/B1 (sky130_fd_sc_hd__a21oi_2)
     1    0.004773    0.048002    0.043197    5.048308 ^ _071_/Y (sky130_fd_sc_hd__a21oi_2)
                                                         _035_ (net)
                      0.048002    0.000000    5.048308 ^ _072_/B (sky130_fd_sc_hd__nor2_2)
     1    0.033442    0.057382    0.059347    5.107656 v _072_/Y (sky130_fd_sc_hd__nor2_2)
                                                         res[25] (net)
                      0.057382    0.000000    5.107656 v res[25] (out)
                                              5.107656   data arrival time

                      0.000000    0.000000    0.000000   clock clk (rise edge)
                                  0.000000    0.000000   clock network delay (ideal)
                                  0.250000    0.250000   clock uncertainty
                                  0.000000    0.250000   clock reconvergence pessimism
                                 -5.000000   -4.750000   output external delay
                                             -4.750000   data required time
---------------------------------------------------------------------------------------------
                                             -4.750000   data required time
                                             -5.107656   data arrival time
---------------------------------------------------------------------------------------------
                                              9.857656   slack (MET)


Startpoint: pcInput[0] (input port clocked by clk)
Endpoint: res[0] (output port clocked by clk)
Path Group: clk
Path Type: min

Fanout         Cap        Slew       Delay        Time   Description
---------------------------------------------------------------------------------------------
                      0.000000    0.000000    0.000000   clock clk (rise edge)
                                  0.000000    0.000000   clock network delay (ideal)
                                  5.000000    5.000000 v input external delay
     1    0.001719    0.003266    0.001304    5.001305 v pcInput[0] (in)
                                                         pcInput[0] (net)
                      0.003266    0.000000    5.001305 v _108_/A (sky130_fd_sc_hd__buf_2)
     1    0.033442    0.061472    0.106873    5.108177 v _108_/X (sky130_fd_sc_hd__buf_2)
                                                         res[0] (net)
                      0.061472    0.000000    5.108177 v res[0] (out)
                                              5.108177   data arrival time

                      0.000000    0.000000    0.000000   clock clk (rise edge)
                                  0.000000    0.000000   clock network delay (ideal)
                                  0.250000    0.250000   clock uncertainty
                                  0.000000    0.250000   clock reconvergence pessimism
                                 -5.000000   -4.750000   output external delay
                                             -4.750000   data required time
---------------------------------------------------------------------------------------------
                                             -4.750000   data required time
                                             -5.108177   data arrival time
---------------------------------------------------------------------------------------------
                                              9.858177   slack (MET)


Startpoint: pcInput[1] (input port clocked by clk)
Endpoint: res[1] (output port clocked by clk)
Path Group: clk
Path Type: min

Fanout         Cap        Slew       Delay        Time   Description
---------------------------------------------------------------------------------------------
                      0.000000    0.000000    0.000000   clock clk (rise edge)
                                  0.000000    0.000000   clock network delay (ideal)
                                  5.000000    5.000000 v input external delay
     1    0.001719    0.003266    0.001304    5.001305 v pcInput[1] (in)
                                                         pcInput[1] (net)
                      0.003266    0.000000    5.001305 v _109_/A (sky130_fd_sc_hd__buf_2)
     1    0.033442    0.061472    0.106873    5.108177 v _109_/X (sky130_fd_sc_hd__buf_2)
                                                         res[1] (net)
                      0.061472    0.000000    5.108177 v res[1] (out)
                                              5.108177   data arrival time

                      0.000000    0.000000    0.000000   clock clk (rise edge)
                                  0.000000    0.000000   clock network delay (ideal)
                                  0.250000    0.250000   clock uncertainty
                                  0.000000    0.250000   clock reconvergence pessimism
                                 -5.000000   -4.750000   output external delay
                                             -4.750000   data required time
---------------------------------------------------------------------------------------------
                                             -4.750000   data required time
                                             -5.108177   data arrival time
---------------------------------------------------------------------------------------------
                                              9.858177   slack (MET)


Startpoint: pcInput[4] (input port clocked by clk)
Endpoint: res[4] (output port clocked by clk)
Path Group: clk
Path Type: min

Fanout         Cap        Slew       Delay        Time   Description
---------------------------------------------------------------------------------------------
                      0.000000    0.000000    0.000000   clock clk (rise edge)
                                  0.000000    0.000000   clock network delay (ideal)
                                  5.000000    5.000000 v input external delay
     3    0.007343    0.012109    0.006858    5.006858 v pcInput[4] (in)
                                                         pcInput[4] (net)
                      0.012109    0.000000    5.006858 v _086_/B1 (sky130_fd_sc_hd__a21oi_2)
     1    0.004773    0.047966    0.043948    5.050805 ^ _086_/Y (sky130_fd_sc_hd__a21oi_2)
                                                         _003_ (net)
                      0.047966    0.000000    5.050805 ^ _087_/B (sky130_fd_sc_hd__nor2_2)
     1    0.033442    0.057379    0.059337    5.110142 v _087_/Y (sky130_fd_sc_hd__nor2_2)
                                                         res[4] (net)
                      0.057379    0.000000    5.110142 v res[4] (out)
                                              5.110142   data arrival time

                      0.000000    0.000000    0.000000   clock clk (rise edge)
                                  0.000000    0.000000   clock network delay (ideal)
                                  0.250000    0.250000   clock uncertainty
                                  0.000000    0.250000   clock reconvergence pessimism
                                 -5.000000   -4.750000   output external delay
                                             -4.750000   data required time
---------------------------------------------------------------------------------------------
                                             -4.750000   data required time
                                             -5.110142   data arrival time
---------------------------------------------------------------------------------------------
                                              9.860142   slack (MET)


Startpoint: pcInput[19] (input port clocked by clk)
Endpoint: res[19] (output port clocked by clk)
Path Group: clk
Path Type: min

Fanout         Cap        Slew       Delay        Time   Description
---------------------------------------------------------------------------------------------
                      0.000000    0.000000    0.000000   clock clk (rise edge)
                                  0.000000    0.000000   clock network delay (ideal)
                                  5.000000    5.000000 v input external delay
     3    0.007313    0.012060    0.006824    5.006824 v pcInput[19] (in)
                                                         pcInput[19] (net)
                      0.012060    0.000000    5.006824 v _054_/B1 (sky130_fd_sc_hd__a21oi_2)
     1    0.004622    0.047020    0.043244    5.050067 ^ _054_/Y (sky130_fd_sc_hd__a21oi_2)
                                                         _024_ (net)
                      0.047020    0.000000    5.050067 ^ _056_/A (sky130_fd_sc_hd__nor2_2)
     1    0.033442    0.057612    0.061759    5.111827 v _056_/Y (sky130_fd_sc_hd__nor2_2)
                                                         res[19] (net)
                      0.057612    0.000000    5.111827 v res[19] (out)
                                              5.111827   data arrival time

                      0.000000    0.000000    0.000000   clock clk (rise edge)
                                  0.000000    0.000000   clock network delay (ideal)
                                  0.250000    0.250000   clock uncertainty
                                  0.000000    0.250000   clock reconvergence pessimism
                                 -5.000000   -4.750000   output external delay
                                             -4.750000   data required time
---------------------------------------------------------------------------------------------
                                             -4.750000   data required time
                                             -5.111827   data arrival time
---------------------------------------------------------------------------------------------
                                              9.861827   slack (MET)


Startpoint: pcInput[23] (input port clocked by clk)
Endpoint: res[23] (output port clocked by clk)
Path Group: clk
Path Type: min

Fanout         Cap        Slew       Delay        Time   Description
---------------------------------------------------------------------------------------------
                      0.000000    0.000000    0.000000   clock clk (rise edge)
                                  0.000000    0.000000   clock network delay (ideal)
                                  5.000000    5.000000 v input external delay
     3    0.007313    0.012060    0.006824    5.006824 v pcInput[23] (in)
                                                         pcInput[23] (net)
                      0.012060    0.000000    5.006824 v _065_/B1 (sky130_fd_sc_hd__a21oi_2)
     1    0.004622    0.047020    0.043244    5.050067 ^ _065_/Y (sky130_fd_sc_hd__a21oi_2)
                                                         _031_ (net)
                      0.047020    0.000000    5.050067 ^ _067_/A (sky130_fd_sc_hd__nor2_2)
     1    0.033442    0.056921    0.061759    5.111827 v _067_/Y (sky130_fd_sc_hd__nor2_2)
                                                         res[23] (net)
                      0.056921    0.000000    5.111827 v res[23] (out)
                                              5.111827   data arrival time

                      0.000000    0.000000    0.000000   clock clk (rise edge)
                                  0.000000    0.000000   clock network delay (ideal)
                                  0.250000    0.250000   clock uncertainty
                                  0.000000    0.250000   clock reconvergence pessimism
                                 -5.000000   -4.750000   output external delay
                                             -4.750000   data required time
---------------------------------------------------------------------------------------------
                                             -4.750000   data required time
                                             -5.111827   data arrival time
---------------------------------------------------------------------------------------------
                                              9.861827   slack (MET)


Startpoint: pcInput[27] (input port clocked by clk)
Endpoint: res[27] (output port clocked by clk)
Path Group: clk
Path Type: min

Fanout         Cap        Slew       Delay        Time   Description
---------------------------------------------------------------------------------------------
                      0.000000    0.000000    0.000000   clock clk (rise edge)
                                  0.000000    0.000000   clock network delay (ideal)
                                  5.000000    5.000000 v input external delay
     3    0.007313    0.012060    0.006824    5.006824 v pcInput[27] (in)
                                                         pcInput[27] (net)
                      0.012060    0.000000    5.006824 v _074_/B1 (sky130_fd_sc_hd__a21oi_2)
     1    0.004622    0.047020    0.043244    5.050067 ^ _074_/Y (sky130_fd_sc_hd__a21oi_2)
                                                         _036_ (net)
                      0.047020    0.000000    5.050067 ^ _076_/A (sky130_fd_sc_hd__nor2_2)
     1    0.033442    0.056921    0.061759    5.111827 v _076_/Y (sky130_fd_sc_hd__nor2_2)
                                                         res[27] (net)
                      0.056921    0.000000    5.111827 v res[27] (out)
                                              5.111827   data arrival time

                      0.000000    0.000000    0.000000   clock clk (rise edge)
                                  0.000000    0.000000   clock network delay (ideal)
                                  0.250000    0.250000   clock uncertainty
                                  0.000000    0.250000   clock reconvergence pessimism
                                 -5.000000   -4.750000   output external delay
                                             -4.750000   data required time
---------------------------------------------------------------------------------------------
                                             -4.750000   data required time
                                             -5.111827   data arrival time
---------------------------------------------------------------------------------------------
                                              9.861827   slack (MET)


Startpoint: pcInput[2] (input port clocked by clk)
Endpoint: res[2] (output port clocked by clk)
Path Group: clk
Path Type: min

Fanout         Cap        Slew       Delay        Time   Description
---------------------------------------------------------------------------------------------
                      0.000000    0.000000    0.000000   clock clk (rise edge)
                                  0.000000    0.000000   clock network delay (ideal)
                                  5.000000    5.000000 ^ input external delay
     5    0.021795    0.079073    0.052894    5.052894 ^ pcInput[2] (in)
                                                         pcInput[2] (net)
                      0.079073    0.000000    5.052894 ^ _039_/A (sky130_fd_sc_hd__inv_2)
     1    0.033442    0.059830    0.063470    5.116364 v _039_/Y (sky130_fd_sc_hd__inv_2)
                                                         res[2] (net)
                      0.059830    0.000000    5.116364 v res[2] (out)
                                              5.116364   data arrival time

                      0.000000    0.000000    0.000000   clock clk (rise edge)
                                  0.000000    0.000000   clock network delay (ideal)
                                  0.250000    0.250000   clock uncertainty
                                  0.000000    0.250000   clock reconvergence pessimism
                                 -5.000000   -4.750000   output external delay
                                             -4.750000   data required time
---------------------------------------------------------------------------------------------
                                             -4.750000   data required time
                                             -5.116364   data arrival time
---------------------------------------------------------------------------------------------
                                              9.866364   slack (MET)


Startpoint: pcInput[31] (input port clocked by clk)
Endpoint: res[31] (output port clocked by clk)
Path Group: clk
Path Type: min

Fanout         Cap        Slew       Delay        Time   Description
---------------------------------------------------------------------------------------------
                      0.000000    0.000000    0.000000   clock clk (rise edge)
                                  0.000000    0.000000   clock network delay (ideal)
                                  5.000000    5.000000 ^ input external delay
     1    0.009349    0.037246    0.023454    5.023454 ^ pcInput[31] (in)
                                                         pcInput[31] (net)
                      0.037246    0.000000    5.023454 ^ _084_/A (sky130_fd_sc_hd__xor2_2)
     1    0.033442    0.071847    0.094623    5.118077 v _084_/X (sky130_fd_sc_hd__xor2_2)
                                                         res[31] (net)
                      0.071847    0.000000    5.118077 v res[31] (out)
                                              5.118077   data arrival time

                      0.000000    0.000000    0.000000   clock clk (rise edge)
                                  0.000000    0.000000   clock network delay (ideal)
                                  0.250000    0.250000   clock uncertainty
                                  0.000000    0.250000   clock reconvergence pessimism
                                 -5.000000   -4.750000   output external delay
                                             -4.750000   data required time
---------------------------------------------------------------------------------------------
                                             -4.750000   data required time
                                             -5.118077   data arrival time
---------------------------------------------------------------------------------------------
                                              9.868076   slack (MET)


Startpoint: pcInput[30] (input port clocked by clk)
Endpoint: res[30] (output port clocked by clk)
Path Group: clk
Path Type: min

Fanout         Cap        Slew       Delay        Time   Description
---------------------------------------------------------------------------------------------
                      0.000000    0.000000    0.000000   clock clk (rise edge)
                                  0.000000    0.000000   clock network delay (ideal)
                                  5.000000    5.000000 ^ input external delay
     2    0.010620    0.041565    0.026531    5.026531 ^ pcInput[30] (in)
                                                         pcInput[30] (net)
                      0.041565    0.000000    5.026531 ^ _083_/A (sky130_fd_sc_hd__xnor2_2)
     1    0.033442    0.099985    0.099811    5.126343 v _083_/Y (sky130_fd_sc_hd__xnor2_2)
                                                         res[30] (net)
                      0.099985    0.000000    5.126343 v res[30] (out)
                                              5.126343   data arrival time

                      0.000000    0.000000    0.000000   clock clk (rise edge)
                                  0.000000    0.000000   clock network delay (ideal)
                                  0.250000    0.250000   clock uncertainty
                                  0.000000    0.250000   clock reconvergence pessimism
                                 -5.000000   -4.750000   output external delay
                                             -4.750000   data required time
---------------------------------------------------------------------------------------------
                                             -4.750000   data required time
                                             -5.126343   data arrival time
---------------------------------------------------------------------------------------------
                                              9.876343   slack (MET)


Startpoint: pcInput[20] (input port clocked by clk)
Endpoint: res[20] (output port clocked by clk)
Path Group: clk
Path Type: min

Fanout         Cap        Slew       Delay        Time   Description
---------------------------------------------------------------------------------------------
                      0.000000    0.000000    0.000000   clock clk (rise edge)
                                  0.000000    0.000000   clock network delay (ideal)
                                  5.000000    5.000000 v input external delay
     2    0.005741    0.009494    0.005060    5.005060 v pcInput[20] (in)
                                                         pcInput[20] (net)
                      0.009494    0.000000    5.005060 v _057_/A (sky130_fd_sc_hd__nor2_2)
     1    0.004764    0.058886    0.064862    5.069921 ^ _057_/Y (sky130_fd_sc_hd__nor2_2)
                                                         _026_ (net)
                      0.058886    0.000000    5.069921 ^ _059_/B1 (sky130_fd_sc_hd__a21oi_2)
     1    0.033442    0.056803    0.060172    5.130094 v _059_/Y (sky130_fd_sc_hd__a21oi_2)
                                                         res[20] (net)
                      0.056803    0.000000    5.130094 v res[20] (out)
                                              5.130094   data arrival time

                      0.000000    0.000000    0.000000   clock clk (rise edge)
                                  0.000000    0.000000   clock network delay (ideal)
                                  0.250000    0.250000   clock uncertainty
                                  0.000000    0.250000   clock reconvergence pessimism
                                 -5.000000   -4.750000   output external delay
                                             -4.750000   data required time
---------------------------------------------------------------------------------------------
                                             -4.750000   data required time
                                             -5.130094   data arrival time
---------------------------------------------------------------------------------------------
                                              9.880094   slack (MET)


Startpoint: pcInput[14] (input port clocked by clk)
Endpoint: res[14] (output port clocked by clk)
Path Group: clk
Path Type: min

Fanout         Cap        Slew       Delay        Time   Description
---------------------------------------------------------------------------------------------
                      0.000000    0.000000    0.000000   clock clk (rise edge)
                                  0.000000    0.000000   clock network delay (ideal)
                                  5.000000    5.000000 ^ input external delay
     3    0.013421    0.051084    0.033313    5.033313 ^ pcInput[14] (in)
                                                         pcInput[14] (net)
                      0.051084    0.000000    5.033313 ^ _103_/A (sky130_fd_sc_hd__xor2_2)
     1    0.033442    0.071929    0.097987    5.131301 v _103_/X (sky130_fd_sc_hd__xor2_2)
                                                         res[14] (net)
                      0.071929    0.000000    5.131301 v res[14] (out)
                                              5.131301   data arrival time

                      0.000000    0.000000    0.000000   clock clk (rise edge)
                                  0.000000    0.000000   clock network delay (ideal)
                                  0.250000    0.250000   clock uncertainty
                                  0.000000    0.250000   clock reconvergence pessimism
                                 -5.000000   -4.750000   output external delay
                                             -4.750000   data required time
---------------------------------------------------------------------------------------------
                                             -4.750000   data required time
                                             -5.131301   data arrival time
---------------------------------------------------------------------------------------------
                                              9.881301   slack (MET)


Startpoint: pcInput[5] (input port clocked by clk)
Endpoint: res[5] (output port clocked by clk)
Path Group: clk
Path Type: min

Fanout         Cap        Slew       Delay        Time   Description
---------------------------------------------------------------------------------------------
                      0.000000    0.000000    0.000000   clock clk (rise edge)
                                  0.000000    0.000000   clock network delay (ideal)
                                  5.000000    5.000000 v input external delay
     2    0.005751    0.009510    0.005071    5.005071 v pcInput[5] (in)
                                                         pcInput[5] (net)
                      0.009510    0.000000    5.005071 v _088_/A (sky130_fd_sc_hd__nor2_2)
     1    0.004773    0.058954    0.064916    5.069987 ^ _088_/Y (sky130_fd_sc_hd__nor2_2)
                                                         _004_ (net)
                      0.058954    0.000000    5.069987 ^ _089_/B (sky130_fd_sc_hd__nor2_2)
     1    0.033442    0.059009    0.062085    5.132072 v _089_/Y (sky130_fd_sc_hd__nor2_2)
                                                         res[5] (net)
                      0.059009    0.000000    5.132072 v res[5] (out)
                                              5.132072   data arrival time

                      0.000000    0.000000    0.000000   clock clk (rise edge)
                                  0.000000    0.000000   clock network delay (ideal)
                                  0.250000    0.250000   clock uncertainty
                                  0.000000    0.250000   clock reconvergence pessimism
                                 -5.000000   -4.750000   output external delay
                                             -4.750000   data required time
---------------------------------------------------------------------------------------------
                                             -4.750000   data required time
                                             -5.132072   data arrival time
---------------------------------------------------------------------------------------------
                                              9.882072   slack (MET)


Startpoint: pcInput[10] (input port clocked by clk)
Endpoint: res[10] (output port clocked by clk)
Path Group: clk
Path Type: min

Fanout         Cap        Slew       Delay        Time   Description
---------------------------------------------------------------------------------------------
                      0.000000    0.000000    0.000000   clock clk (rise edge)
                                  0.000000    0.000000   clock network delay (ideal)
                                  5.000000    5.000000 ^ input external delay
     3    0.013087    0.049949    0.032505    5.032505 ^ pcInput[10] (in)
                                                         pcInput[10] (net)
                      0.049949    0.000000    5.032505 ^ _097_/A (sky130_fd_sc_hd__xnor2_2)
     1    0.033442    0.100028    0.101461    5.133966 v _097_/Y (sky130_fd_sc_hd__xnor2_2)
                                                         res[10] (net)
                      0.100028    0.000000    5.133966 v res[10] (out)
                                              5.133966   data arrival time

                      0.000000    0.000000    0.000000   clock clk (rise edge)
                                  0.000000    0.000000   clock network delay (ideal)
                                  0.250000    0.250000   clock uncertainty
                                  0.000000    0.250000   clock reconvergence pessimism
                                 -5.000000   -4.750000   output external delay
                                             -4.750000   data required time
---------------------------------------------------------------------------------------------
                                             -4.750000   data required time
                                             -5.133966   data arrival time
---------------------------------------------------------------------------------------------
                                              9.883965   slack (MET)


Startpoint: pcInput[16] (input port clocked by clk)
Endpoint: res[16] (output port clocked by clk)
Path Group: clk
Path Type: min

Fanout         Cap        Slew       Delay        Time   Description
---------------------------------------------------------------------------------------------
                      0.000000    0.000000    0.000000   clock clk (rise edge)
                                  0.000000    0.000000   clock network delay (ideal)
                                  5.000000    5.000000 v input external delay
     3    0.007195    0.011868    0.006692    5.006691 v pcInput[16] (in)
                                                         pcInput[16] (net)
                      0.011868    0.000000    5.006691 v _106_/A (sky130_fd_sc_hd__nor2_2)
     1    0.004773    0.058936    0.065769    5.072460 ^ _106_/Y (sky130_fd_sc_hd__nor2_2)
                                                         _011_ (net)
                      0.058936    0.000000    5.072460 ^ _107_/B (sky130_fd_sc_hd__nor2_2)
     1    0.033442    0.059005    0.062081    5.134542 v _107_/Y (sky130_fd_sc_hd__nor2_2)
                                                         res[16] (net)
                      0.059005    0.000000    5.134542 v res[16] (out)
                                              5.134542   data arrival time

                      0.000000    0.000000    0.000000   clock clk (rise edge)
                                  0.000000    0.000000   clock network delay (ideal)
                                  0.250000    0.250000   clock uncertainty
                                  0.000000    0.250000   clock reconvergence pessimism
                                 -5.000000   -4.750000   output external delay
                                             -4.750000   data required time
---------------------------------------------------------------------------------------------
                                             -4.750000   data required time
                                             -5.134542   data arrival time
---------------------------------------------------------------------------------------------
                                              9.884542   slack (MET)


Startpoint: pcInput[3] (input port clocked by clk)
Endpoint: res[3] (output port clocked by clk)
Path Group: clk
Path Type: min

Fanout         Cap        Slew       Delay        Time   Description
---------------------------------------------------------------------------------------------
                      0.000000    0.000000    0.000000   clock clk (rise edge)
                                  0.000000    0.000000   clock network delay (ideal)
                                  5.000000    5.000000 ^ input external delay
     4    0.016840    0.062563    0.041384    5.041384 ^ pcInput[3] (in)
                                                         pcInput[3] (net)
                      0.062563    0.000000    5.041384 ^ _085_/B (sky130_fd_sc_hd__xor2_2)
     1    0.033442    0.071959    0.095671    5.137055 v _085_/X (sky130_fd_sc_hd__xor2_2)
                                                         res[3] (net)
                      0.071959    0.000000    5.137055 v res[3] (out)
                                              5.137055   data arrival time

                      0.000000    0.000000    0.000000   clock clk (rise edge)
                                  0.000000    0.000000   clock network delay (ideal)
                                  0.250000    0.250000   clock uncertainty
                                  0.000000    0.250000   clock reconvergence pessimism
                                 -5.000000   -4.750000   output external delay
                                             -4.750000   data required time
---------------------------------------------------------------------------------------------
                                             -4.750000   data required time
                                             -5.137055   data arrival time
---------------------------------------------------------------------------------------------
                                              9.887055   slack (MET)


Startpoint: pcInput[12] (input port clocked by clk)
Endpoint: res[12] (output port clocked by clk)
Path Group: clk
Path Type: min

Fanout         Cap        Slew       Delay        Time   Description
---------------------------------------------------------------------------------------------
                      0.000000    0.000000    0.000000   clock clk (rise edge)
                                  0.000000    0.000000   clock network delay (ideal)
                                  5.000000    5.000000 ^ input external delay
     3    0.015554    0.058278    0.038397    5.038397 ^ pcInput[12] (in)
                                                         pcInput[12] (net)
                      0.058278    0.000000    5.038397 ^ _100_/A (sky130_fd_sc_hd__xor2_2)
     1    0.033442    0.071964    0.099700    5.138097 v _100_/X (sky130_fd_sc_hd__xor2_2)
                                                         res[12] (net)
                      0.071964    0.000000    5.138097 v res[12] (out)
                                              5.138097   data arrival time

                      0.000000    0.000000    0.000000   clock clk (rise edge)
                                  0.000000    0.000000   clock network delay (ideal)
                                  0.250000    0.250000   clock uncertainty
                                  0.000000    0.250000   clock reconvergence pessimism
                                 -5.000000   -4.750000   output external delay
                                             -4.750000   data required time
---------------------------------------------------------------------------------------------
                                             -4.750000   data required time
                                             -5.138097   data arrival time
---------------------------------------------------------------------------------------------
                                              9.888098   slack (MET)


Startpoint: pcInput[7] (input port clocked by clk)
Endpoint: res[7] (output port clocked by clk)
Path Group: clk
Path Type: min

Fanout         Cap        Slew       Delay        Time   Description
---------------------------------------------------------------------------------------------
                      0.000000    0.000000    0.000000   clock clk (rise edge)
                                  0.000000    0.000000   clock network delay (ideal)
                                  5.000000    5.000000 ^ input external delay
     4    0.014745    0.055582    0.036518    5.036518 ^ pcInput[7] (in)
                                                         pcInput[7] (net)
                      0.055582    0.000000    5.036518 ^ _092_/A (sky130_fd_sc_hd__xnor2_2)
     1    0.033442    0.099942    0.102528    5.139046 v _092_/Y (sky130_fd_sc_hd__xnor2_2)
                                                         res[7] (net)
                      0.099942    0.000000    5.139046 v res[7] (out)
                                              5.139046   data arrival time

                      0.000000    0.000000    0.000000   clock clk (rise edge)
                                  0.000000    0.000000   clock network delay (ideal)
                                  0.250000    0.250000   clock uncertainty
                                  0.000000    0.250000   clock reconvergence pessimism
                                 -5.000000   -4.750000   output external delay
                                             -4.750000   data required time
---------------------------------------------------------------------------------------------
                                             -4.750000   data required time
                                             -5.139046   data arrival time
---------------------------------------------------------------------------------------------
                                              9.889047   slack (MET)


Startpoint: pcInput[18] (input port clocked by clk)
Endpoint: res[18] (output port clocked by clk)
Path Group: clk
Path Type: min

Fanout         Cap        Slew       Delay        Time   Description
---------------------------------------------------------------------------------------------
                      0.000000    0.000000    0.000000   clock clk (rise edge)
                                  0.000000    0.000000   clock network delay (ideal)
                                  5.000000    5.000000 ^ input external delay
     4    0.017079    0.063359    0.041939    5.041939 ^ pcInput[18] (in)
                                                         pcInput[18] (net)
                      0.063359    0.000000    5.041939 ^ _053_/A (sky130_fd_sc_hd__xor2_2)
     1    0.033442    0.071963    0.100901    5.142840 v _053_/X (sky130_fd_sc_hd__xor2_2)
                                                         res[18] (net)
                      0.071963    0.000000    5.142840 v res[18] (out)
                                              5.142840   data arrival time

                      0.000000    0.000000    0.000000   clock clk (rise edge)
                                  0.000000    0.000000   clock network delay (ideal)
                                  0.250000    0.250000   clock uncertainty
                                  0.000000    0.250000   clock reconvergence pessimism
                                 -5.000000   -4.750000   output external delay
                                             -4.750000   data required time
---------------------------------------------------------------------------------------------
                                             -4.750000   data required time
                                             -5.142840   data arrival time
---------------------------------------------------------------------------------------------
                                              9.892840   slack (MET)


Startpoint: pcInput[22] (input port clocked by clk)
Endpoint: res[22] (output port clocked by clk)
Path Group: clk
Path Type: min

Fanout         Cap        Slew       Delay        Time   Description
---------------------------------------------------------------------------------------------
                      0.000000    0.000000    0.000000   clock clk (rise edge)
                                  0.000000    0.000000   clock network delay (ideal)
                                  5.000000    5.000000 ^ input external delay
     4    0.017079    0.063359    0.041939    5.041939 ^ pcInput[22] (in)
                                                         pcInput[22] (net)
                      0.063359    0.000000    5.041939 ^ _064_/A (sky130_fd_sc_hd__xor2_2)
     1    0.033442    0.071963    0.100901    5.142840 v _064_/X (sky130_fd_sc_hd__xor2_2)
                                                         res[22] (net)
                      0.071963    0.000000    5.142840 v res[22] (out)
                                              5.142840   data arrival time

                      0.000000    0.000000    0.000000   clock clk (rise edge)
                                  0.000000    0.000000   clock network delay (ideal)
                                  0.250000    0.250000   clock uncertainty
                                  0.000000    0.250000   clock reconvergence pessimism
                                 -5.000000   -4.750000   output external delay
                                             -4.750000   data required time
---------------------------------------------------------------------------------------------
                                             -4.750000   data required time
                                             -5.142840   data arrival time
---------------------------------------------------------------------------------------------
                                              9.892840   slack (MET)


Startpoint: pcInput[26] (input port clocked by clk)
Endpoint: res[26] (output port clocked by clk)
Path Group: clk
Path Type: min

Fanout         Cap        Slew       Delay        Time   Description
---------------------------------------------------------------------------------------------
                      0.000000    0.000000    0.000000   clock clk (rise edge)
                                  0.000000    0.000000   clock network delay (ideal)
                                  5.000000    5.000000 ^ input external delay
     4    0.017079    0.063359    0.041939    5.041939 ^ pcInput[26] (in)
                                                         pcInput[26] (net)
                      0.063359    0.000000    5.041939 ^ _073_/A (sky130_fd_sc_hd__xor2_2)
     1    0.033442    0.071963    0.100901    5.142840 v _073_/X (sky130_fd_sc_hd__xor2_2)
                                                         res[26] (net)
                      0.071963    0.000000    5.142840 v res[26] (out)
                                              5.142840   data arrival time

                      0.000000    0.000000    0.000000   clock clk (rise edge)
                                  0.000000    0.000000   clock network delay (ideal)
                                  0.250000    0.250000   clock uncertainty
                                  0.000000    0.250000   clock reconvergence pessimism
                                 -5.000000   -4.750000   output external delay
                                             -4.750000   data required time
---------------------------------------------------------------------------------------------
                                             -4.750000   data required time
                                             -5.142840   data arrival time
---------------------------------------------------------------------------------------------
                                              9.892840   slack (MET)


Startpoint: pcInput[6] (input port clocked by clk)
Endpoint: res[6] (output port clocked by clk)
Path Group: clk
Path Type: min

Fanout         Cap        Slew       Delay        Time   Description
---------------------------------------------------------------------------------------------
                      0.000000    0.000000    0.000000   clock clk (rise edge)
                                  0.000000    0.000000   clock network delay (ideal)
                                  5.000000    5.000000 ^ input external delay
     5    0.019697    0.072082    0.048021    5.048021 ^ pcInput[6] (in)
                                                         pcInput[6] (net)
                      0.072082    0.000000    5.048021 ^ _091_/A (sky130_fd_sc_hd__xor2_2)
     1    0.033442    0.071961    0.102960    5.150981 v _091_/X (sky130_fd_sc_hd__xor2_2)
                                                         res[6] (net)
                      0.071961    0.000000    5.150981 v res[6] (out)
                                              5.150981   data arrival time

                      0.000000    0.000000    0.000000   clock clk (rise edge)
                                  0.000000    0.000000   clock network delay (ideal)
                                  0.250000    0.250000   clock uncertainty
                                  0.000000    0.250000   clock reconvergence pessimism
                                 -5.000000   -4.750000   output external delay
                                             -4.750000   data required time
---------------------------------------------------------------------------------------------
                                             -4.750000   data required time
                                             -5.150981   data arrival time
---------------------------------------------------------------------------------------------
                                              9.900982   slack (MET)


Startpoint: pcInput[9] (input port clocked by clk)
Endpoint: res[9] (output port clocked by clk)
Path Group: clk
Path Type: min

Fanout         Cap        Slew       Delay        Time   Description
---------------------------------------------------------------------------------------------
                      0.000000    0.000000    0.000000   clock clk (rise edge)
                                  0.000000    0.000000   clock network delay (ideal)
                                  5.000000    5.000000 ^ input external delay
     2    0.004083    0.019155    0.010569    5.010569 ^ pcInput[9] (in)
                                                         pcInput[9] (net)
                      0.019155    0.000000    5.010569 ^ _096_/A1 (sky130_fd_sc_hd__o21a_2)
     1    0.033442    0.135638    0.155319    5.165888 ^ _096_/X (sky130_fd_sc_hd__o21a_2)
                                                         res[9] (net)
                      0.135638    0.000000    5.165888 ^ res[9] (out)
                                              5.165888   data arrival time

                      0.000000    0.000000    0.000000   clock clk (rise edge)
                                  0.000000    0.000000   clock network delay (ideal)
                                  0.250000    0.250000   clock uncertainty
                                  0.000000    0.250000   clock reconvergence pessimism
                                 -5.000000   -4.750000   output external delay
                                             -4.750000   data required time
---------------------------------------------------------------------------------------------
                                             -4.750000   data required time
                                             -5.165888   data arrival time
---------------------------------------------------------------------------------------------
                                              9.915889   slack (MET)


Startpoint: pcInput[17] (input port clocked by clk)
Endpoint: res[17] (output port clocked by clk)
Path Group: clk
Path Type: min

Fanout         Cap        Slew       Delay        Time   Description
---------------------------------------------------------------------------------------------
                      0.000000    0.000000    0.000000   clock clk (rise edge)
                                  0.000000    0.000000   clock network delay (ideal)
                                  5.000000    5.000000 v input external delay
     2    0.003779    0.006401    0.003104    5.003104 v pcInput[17] (in)
                                                         pcInput[17] (net)
                      0.006401    0.000000    5.003104 v _052_/A1 (sky130_fd_sc_hd__o21ba_2)
     1    0.033442    0.062950    0.174866    5.177970 v _052_/X (sky130_fd_sc_hd__o21ba_2)
                                                         res[17] (net)
                      0.062950    0.000000    5.177970 v res[17] (out)
                                              5.177970   data arrival time

                      0.000000    0.000000    0.000000   clock clk (rise edge)
                                  0.000000    0.000000   clock network delay (ideal)
                                  0.250000    0.250000   clock uncertainty
                                  0.000000    0.250000   clock reconvergence pessimism
                                 -5.000000   -4.750000   output external delay
                                             -4.750000   data required time
---------------------------------------------------------------------------------------------
                                             -4.750000   data required time
                                             -5.177970   data arrival time
---------------------------------------------------------------------------------------------
                                              9.927970   slack (MET)


Startpoint: pcInput[24] (input port clocked by clk)
Endpoint: res[24] (output port clocked by clk)
Path Group: clk
Path Type: min

Fanout         Cap        Slew       Delay        Time   Description
---------------------------------------------------------------------------------------------
                      0.000000    0.000000    0.000000   clock clk (rise edge)
                                  0.000000    0.000000   clock network delay (ideal)
                                  5.000000    5.000000 ^ input external delay
     2    0.003764    0.017980    0.009734    5.009734 ^ pcInput[24] (in)
                                                         pcInput[24] (net)
                      0.017980    0.000000    5.009734 ^ _069_/B2 (sky130_fd_sc_hd__o2bb2a_2)
     1    0.033442    0.137288    0.169464    5.179198 ^ _069_/X (sky130_fd_sc_hd__o2bb2a_2)
                                                         res[24] (net)
                      0.137288    0.000000    5.179198 ^ res[24] (out)
                                              5.179198   data arrival time

                      0.000000    0.000000    0.000000   clock clk (rise edge)
                                  0.000000    0.000000   clock network delay (ideal)
                                  0.250000    0.250000   clock uncertainty
                                  0.000000    0.250000   clock reconvergence pessimism
                                 -5.000000   -4.750000   output external delay
                                             -4.750000   data required time
---------------------------------------------------------------------------------------------
                                             -4.750000   data required time
                                             -5.179198   data arrival time
---------------------------------------------------------------------------------------------
                                              9.929197   slack (MET)


Startpoint: pcInput[28] (input port clocked by clk)
Endpoint: res[28] (output port clocked by clk)
Path Group: clk
Path Type: min

Fanout         Cap        Slew       Delay        Time   Description
---------------------------------------------------------------------------------------------
                      0.000000    0.000000    0.000000   clock clk (rise edge)
                                  0.000000    0.000000   clock network delay (ideal)
                                  5.000000    5.000000 ^ input external delay
     2    0.003764    0.017980    0.009734    5.009734 ^ pcInput[28] (in)
                                                         pcInput[28] (net)
                      0.017980    0.000000    5.009734 ^ _078_/B2 (sky130_fd_sc_hd__o2bb2a_2)
     1    0.033442    0.137297    0.169464    5.179198 ^ _078_/X (sky130_fd_sc_hd__o2bb2a_2)
                                                         res[28] (net)
                      0.137297    0.000000    5.179198 ^ res[28] (out)
                                              5.179198   data arrival time

                      0.000000    0.000000    0.000000   clock clk (rise edge)
                                  0.000000    0.000000   clock network delay (ideal)
                                  0.250000    0.250000   clock uncertainty
                                  0.000000    0.250000   clock reconvergence pessimism
                                 -5.000000   -4.750000   output external delay
                                             -4.750000   data required time
---------------------------------------------------------------------------------------------
                                             -4.750000   data required time
                                             -5.179198   data arrival time
---------------------------------------------------------------------------------------------
                                              9.929197   slack (MET)


Startpoint: pcInput[15] (input port clocked by clk)
Endpoint: res[15] (output port clocked by clk)
Path Group: clk
Path Type: min

Fanout         Cap        Slew       Delay        Time   Description
---------------------------------------------------------------------------------------------
                      0.000000    0.000000    0.000000   clock clk (rise edge)
                                  0.000000    0.000000   clock network delay (ideal)
                                  5.000000    5.000000 ^ input external delay
     2    0.004189    0.019545    0.010846    5.010846 ^ pcInput[15] (in)
                                                         pcInput[15] (net)
                      0.019545    0.000000    5.010846 ^ _104_/B1 (sky130_fd_sc_hd__a31o_2)
     1    0.001786    0.016990    0.046386    5.057232 ^ _104_/X (sky130_fd_sc_hd__a31o_2)
                                                         _010_ (net)
                      0.016990    0.000000    5.057232 ^ _105_/B (sky130_fd_sc_hd__and2b_2)
     1    0.033442    0.130996    0.156951    5.214183 ^ _105_/X (sky130_fd_sc_hd__and2b_2)
                                                         res[15] (net)
                      0.130996    0.000000    5.214183 ^ res[15] (out)
                                              5.214183   data arrival time

                      0.000000    0.000000    0.000000   clock clk (rise edge)
                                  0.000000    0.000000   clock network delay (ideal)
                                  0.250000    0.250000   clock uncertainty
                                  0.000000    0.250000   clock reconvergence pessimism
                                 -5.000000   -4.750000   output external delay
                                             -4.750000   data required time
---------------------------------------------------------------------------------------------
                                             -4.750000   data required time
                                             -5.214183   data arrival time
---------------------------------------------------------------------------------------------
                                              9.964184   slack (MET)


Startpoint: pcInput[11] (input port clocked by clk)
Endpoint: res[11] (output port clocked by clk)
Path Group: clk
Path Type: min

Fanout         Cap        Slew       Delay        Time   Description
---------------------------------------------------------------------------------------------
                      0.000000    0.000000    0.000000   clock clk (rise edge)
                                  0.000000    0.000000   clock network delay (ideal)
                                  5.000000    5.000000 ^ input external delay
     2    0.004200    0.019586    0.010875    5.010875 ^ pcInput[11] (in)
                                                         pcInput[11] (net)
                      0.019586    0.000000    5.010875 ^ _098_/B1 (sky130_fd_sc_hd__a31o_2)
     1    0.001786    0.016990    0.046397    5.057272 ^ _098_/X (sky130_fd_sc_hd__a31o_2)
                                                         _008_ (net)
                      0.016990    0.000000    5.057272 ^ _099_/B (sky130_fd_sc_hd__and2b_2)
     1    0.033442    0.130991    0.156951    5.214223 ^ _099_/X (sky130_fd_sc_hd__and2b_2)
                                                         res[11] (net)
                      0.130991    0.000000    5.214223 ^ res[11] (out)
                                              5.214223   data arrival time

                      0.000000    0.000000    0.000000   clock clk (rise edge)
                                  0.000000    0.000000   clock network delay (ideal)
                                  0.250000    0.250000   clock uncertainty
                                  0.000000    0.250000   clock reconvergence pessimism
                                 -5.000000   -4.750000   output external delay
                                             -4.750000   data required time
---------------------------------------------------------------------------------------------
                                             -4.750000   data required time
                                             -5.214223   data arrival time
---------------------------------------------------------------------------------------------
                                              9.964224   slack (MET)


Startpoint: pcInput[29] (input port clocked by clk)
Endpoint: res[29] (output port clocked by clk)
Path Group: clk
Path Type: min

Fanout         Cap        Slew       Delay        Time   Description
---------------------------------------------------------------------------------------------
                      0.000000    0.000000    0.000000   clock clk (rise edge)
                                  0.000000    0.000000   clock network delay (ideal)
                                  5.000000    5.000000 v input external delay
     3    0.008127    0.013389    0.007738    5.007738 v pcInput[29] (in)
                                                         pcInput[29] (net)
                      0.013389    0.000000    5.007738 v _079_/A (sky130_fd_sc_hd__nand3_2)
     2    0.009972    0.049041    0.046591    5.054328 ^ _079_/Y (sky130_fd_sc_hd__nand3_2)
                                                         _000_ (net)
                      0.049041    0.000000    5.054328 ^ _081_/A (sky130_fd_sc_hd__and2_2)
     1    0.033442    0.134722    0.162414    5.216743 ^ _081_/X (sky130_fd_sc_hd__and2_2)
                                                         res[29] (net)
                      0.134722    0.000000    5.216743 ^ res[29] (out)
                                              5.216743   data arrival time

                      0.000000    0.000000    0.000000   clock clk (rise edge)
                                  0.000000    0.000000   clock network delay (ideal)
                                  0.250000    0.250000   clock uncertainty
                                  0.000000    0.250000   clock reconvergence pessimism
                                 -5.000000   -4.750000   output external delay
                                             -4.750000   data required time
---------------------------------------------------------------------------------------------
                                             -4.750000   data required time
                                             -5.216743   data arrival time
---------------------------------------------------------------------------------------------
                                              9.966743   slack (MET)


Startpoint: pcInput[8] (input port clocked by clk)
Endpoint: res[8] (output port clocked by clk)
Path Group: clk
Path Type: min

Fanout         Cap        Slew       Delay        Time   Description
---------------------------------------------------------------------------------------------
                      0.000000    0.000000    0.000000   clock clk (rise edge)
                                  0.000000    0.000000   clock network delay (ideal)
                                  5.000000    5.000000 ^ input external delay
     3    0.005787    0.025141    0.014829    5.014830 ^ pcInput[8] (in)
                                                         pcInput[8] (net)
                      0.025141    0.000000    5.014830 ^ _094_/B1 (sky130_fd_sc_hd__a31o_2)
     1    0.001786    0.017008    0.047888    5.062717 ^ _094_/X (sky130_fd_sc_hd__a31o_2)
                                                         _007_ (net)
                      0.017008    0.000000    5.062717 ^ _095_/B (sky130_fd_sc_hd__and2b_2)
     1    0.033442    0.130998    0.156956    5.219673 ^ _095_/X (sky130_fd_sc_hd__and2b_2)
                                                         res[8] (net)
                      0.130998    0.000000    5.219673 ^ res[8] (out)
                                              5.219673   data arrival time

                      0.000000    0.000000    0.000000   clock clk (rise edge)
                                  0.000000    0.000000   clock network delay (ideal)
                                  0.250000    0.250000   clock uncertainty
                                  0.000000    0.250000   clock reconvergence pessimism
                                 -5.000000   -4.750000   output external delay
                                             -4.750000   data required time
---------------------------------------------------------------------------------------------
                                             -4.750000   data required time
                                             -5.219673   data arrival time
---------------------------------------------------------------------------------------------
                                              9.969673   slack (MET)



