Reading OpenROAD database at '/foss/designs/ece429-tt-design-project/src/runs/RUN_2026-05-16_00-55-12/41-openroad-repairantennas/1-diodeinsertion/barrelShifter.odb'…
Reading library file at '/foss/pdks/sky130A/libs.ref/sky130_fd_sc_hd/lib/sky130_fd_sc_hd__tt_025C_1v80.lib'…
Reading design constraints file at '/usr/local/lib/python3.12/dist-packages/librelane/scripts/base.sdc'…
[WARNING STA-0366] port 'clk' not found.
[INFO] Using clock clk…
[INFO] Setting output delay to: 5
[INFO] Setting input delay to: 5
[WARNING STA-0366] port 'clk' not found.
[INFO] Setting load to: 0.033442
[INFO] Setting clock uncertainty to: 0.25
[INFO] Setting clock transition to: 0.1499999999999999944488848768742172978818416595458984375
[WARNING STA-0419] transition time can not be specified for virtual clocks.
[INFO] Setting timing derate to: 5%
[WARNING STA-0450] virtual clock clk can not be propagated.
[INFO ORD-0030] Using 28 thread(s).
[INFO DRT-0149] Reading tech and libs.
[WARNING DRT-0349] LEF58_ENCLOSURE with no CUTCLASS is not supported. Skipping for layer mcon
[WARNING DRT-0349] LEF58_ENCLOSURE with no CUTCLASS is not supported. Skipping for layer mcon
[WARNING DRT-0349] LEF58_ENCLOSURE with no CUTCLASS is not supported. Skipping for layer via
[WARNING DRT-0349] LEF58_ENCLOSURE with no CUTCLASS is not supported. Skipping for layer via
[WARNING DRT-0349] LEF58_ENCLOSURE with no CUTCLASS is not supported. Skipping for layer via2
[WARNING DRT-0349] LEF58_ENCLOSURE with no CUTCLASS is not supported. Skipping for layer via2
[WARNING DRT-0349] LEF58_ENCLOSURE with no CUTCLASS is not supported. Skipping for layer via3
[WARNING DRT-0349] LEF58_ENCLOSURE with no CUTCLASS is not supported. Skipping for layer via3
[WARNING DRT-0349] LEF58_ENCLOSURE with no CUTCLASS is not supported. Skipping for layer via4
[WARNING DRT-0349] LEF58_ENCLOSURE with no CUTCLASS is not supported. Skipping for layer via4

Units:                1000
Number of layers:     13
Number of macros:     445
Number of vias:       28
Number of viarulegen: 25

[INFO DRT-0150] Reading design.

Design:                   barrelShifter
Die area:                 ( 0 0 ) ( 48505 59225 )
Number of track patterns: 12
Number of DEF vias:       0
Number of components:     139
Number of terminals:      21
Number of snets:          2
Number of nets:           109

[INFO DRT-0167] List of default vias:
  Layer via
    default via: M1M2_PR
  Layer via2
    default via: M2M3_PR
  Layer via3
    default via: M3M4_PR
  Layer via4
    default via: M4M5_PR
[INFO DRT-0162] Library cell analysis.
[INFO DRT-0163] Instance analysis.
[INFO DRT-0164] Number of unique instances = 51.
[INFO DRT-0168] Init region query.
[INFO DRT-0024]   Complete FR_MASTERSLICE.
[INFO DRT-0024]   Complete licon.
[INFO DRT-0024]   Complete li1.
[INFO DRT-0024]   Complete mcon.
[INFO DRT-0024]   Complete met1.
[INFO DRT-0024]   Complete via.
[INFO DRT-0024]   Complete met2.
[INFO DRT-0024]   Complete via2.
[INFO DRT-0024]   Complete met3.
[INFO DRT-0024]   Complete via3.
[INFO DRT-0024]   Complete met4.
[INFO DRT-0024]   Complete via4.
[INFO DRT-0024]   Complete met5.
[INFO DRT-0033] FR_MASTERSLICE shape region query size = 0.
[INFO DRT-0033] licon shape region query size = 0.
[INFO DRT-0033] li1 shape region query size = 2604.
[INFO DRT-0033] mcon shape region query size = 0.
[INFO DRT-0033] met1 shape region query size = 306.
[INFO DRT-0033] via shape region query size = 70.
[INFO DRT-0033] met2 shape region query size = 44.
[INFO DRT-0033] via2 shape region query size = 56.
[INFO DRT-0033] met3 shape region query size = 59.
[INFO DRT-0033] via3 shape region query size = 56.
[INFO DRT-0033] met4 shape region query size = 18.
[INFO DRT-0033] via4 shape region query size = 0.
[INFO DRT-0033] met5 shape region query size = 0.
[INFO DRT-0165] Start pin access.
[INFO DRT-0078]   Complete 191 pins.
[INFO DRT-0081]   Complete 45 unique inst patterns.
[INFO DRT-0084]   Complete 55 groups.
#scanned instances     = 139
#unique  instances     = 51
#stdCellGenAp          = 1183
#stdCellValidPlanarAp  = 0
#stdCellValidViaAp     = 979
#stdCellPinNoAp        = 0
#stdCellPinCnt         = 390
#instTermValidViaApCnt = 0
#macroGenAp            = 0
#macroValidPlanarAp    = 0
#macroValidViaAp       = 0
#macroNoAp             = 0
[INFO DRT-0166] Complete pin access.
[INFO DRT-0267] cpu time = 00:00:03, elapsed time = 00:00:00, memory = 136.29 (MB), peak = 131.34 (MB)

[INFO DRT-0157] Number of guides:     824

[INFO DRT-0169] Post process guides.
[INFO DRT-0176] GCELLGRID X 0 DO 7 STEP 6900 ;
[INFO DRT-0177] GCELLGRID Y 0 DO 8 STEP 6900 ;
[INFO DRT-0028]   Complete FR_MASTERSLICE.
[INFO DRT-0028]   Complete licon.
[INFO DRT-0028]   Complete li1.
[INFO DRT-0028]   Complete mcon.
[INFO DRT-0028]   Complete met1.
[INFO DRT-0028]   Complete via.
[INFO DRT-0028]   Complete met2.
[INFO DRT-0028]   Complete via2.
[INFO DRT-0028]   Complete met3.
[INFO DRT-0028]   Complete via3.
[INFO DRT-0028]   Complete met4.
[INFO DRT-0028]   Complete via4.
[INFO DRT-0028]   Complete met5.
[INFO DRT-0178] Init guide query.
[INFO DRT-0035]   Complete FR_MASTERSLICE (guide).
[INFO DRT-0035]   Complete licon (guide).
[INFO DRT-0035]   Complete li1 (guide).
[INFO DRT-0035]   Complete mcon (guide).
[INFO DRT-0035]   Complete met1 (guide).
[INFO DRT-0035]   Complete via (guide).
[INFO DRT-0035]   Complete met2 (guide).
[INFO DRT-0035]   Complete via2 (guide).
[INFO DRT-0035]   Complete met3 (guide).
[INFO DRT-0035]   Complete via3 (guide).
[INFO DRT-0035]   Complete met4 (guide).
[INFO DRT-0035]   Complete via4 (guide).
[INFO DRT-0035]   Complete met5 (guide).
[INFO DRT-0036] FR_MASTERSLICE guide region query size = 0.
[INFO DRT-0036] licon guide region query size = 0.
[INFO DRT-0036] li1 guide region query size = 295.
[INFO DRT-0036] mcon guide region query size = 0.
[INFO DRT-0036] met1 guide region query size = 203.
[INFO DRT-0036] via guide region query size = 0.
[INFO DRT-0036] met2 guide region query size = 121.
[INFO DRT-0036] via2 guide region query size = 0.
[INFO DRT-0036] met3 guide region query size = 23.
[INFO DRT-0036] via3 guide region query size = 0.
[INFO DRT-0036] met4 guide region query size = 2.
[INFO DRT-0036] via4 guide region query size = 0.
[INFO DRT-0036] met5 guide region query size = 0.
[INFO DRT-0179] Init gr pin query.
[INFO DRT-0245] skipped writing guide updates to database.
[INFO DRT-0185] Post process initialize RPin region query.
[INFO DRT-0181] Start track assignment.
[INFO DRT-0184] Done with 418 vertical wires in 1 frboxes and 226 horizontal wires in 1 frboxes.
[INFO DRT-0186] Done with 41 vertical wires in 1 frboxes and 76 horizontal wires in 1 frboxes.
[INFO DRT-0182] Complete track assignment.
[INFO DRT-0267] cpu time = 00:00:00, elapsed time = 00:00:00, memory = 138.11 (MB), peak = 133.56 (MB)
[INFO DRT-0187] Start routing data preparation.
[INFO DRT-0267] cpu time = 00:00:00, elapsed time = 00:00:00, memory = 138.11 (MB), peak = 133.56 (MB)
[INFO DRT-0194] Start detail routing.
[INFO DRT-0195] Start 0th optimization iteration.
    Completing 10% with 0 violations.
    elapsed time = 00:00:00, memory = 146.64 (MB).
    Completing 20% with 22 violations.
    elapsed time = 00:00:00, memory = 146.71 (MB).
[INFO DRT-0199]   Number of violations = 22.
Viol/Layer        met1   met2   met3
Metal Spacing        4      3      3
Short               10      2      0
[INFO DRT-0267] cpu time = 00:00:01, elapsed time = 00:00:01, memory = 508.45 (MB), peak = 504.30 (MB)
Total wire length = 2118 um.
Total wire length on LAYER li1 = 0 um.
Total wire length on LAYER met1 = 1050 um.
Total wire length on LAYER met2 = 886 um.
Total wire length on LAYER met3 = 135 um.
Total wire length on LAYER met4 = 46 um.
Total wire length on LAYER met5 = 0 um.
Total number of vias = 803.
Up-via summary (total 803):

----------------------
 FR_MASTERSLICE      0
            li1    390
           met1    379
           met2     30
           met3      4
           met4      0
----------------------
                   803


[INFO DRT-0195] Start 1st optimization iteration.
    Completing 10% with 22 violations.
    elapsed time = 00:00:00, memory = 524.23 (MB).
    Completing 20% with 9 violations.
    elapsed time = 00:00:00, memory = 529.96 (MB).
    Completing 30% with 6 violations.
    elapsed time = 00:00:00, memory = 533.93 (MB).
    Completing 40% with 6 violations.
    elapsed time = 00:00:00, memory = 535.54 (MB).
[INFO DRT-0199]   Number of violations = 6.
Viol/Layer        met1   met2   met3
Metal Spacing        2      2      1
Short                0      1      0
[INFO DRT-0267] cpu time = 00:00:00, elapsed time = 00:00:00, memory = 536.66 (MB), peak = 532.30 (MB)
Total wire length = 2120 um.
Total wire length on LAYER li1 = 0 um.
Total wire length on LAYER met1 = 1010 um.
Total wire length on LAYER met2 = 929 um.
Total wire length on LAYER met3 = 134 um.
Total wire length on LAYER met4 = 44 um.
Total wire length on LAYER met5 = 0 um.
Total number of vias = 826.
Up-via summary (total 826):

----------------------
 FR_MASTERSLICE      0
            li1    390
           met1    402
           met2     30
           met3      4
           met4      0
----------------------
                   826


[INFO DRT-0195] Start 2nd optimization iteration.
    Completing 10% with 6 violations.
    elapsed time = 00:00:00, memory = 536.66 (MB).
    Completing 20% with 6 violations.
    elapsed time = 00:00:00, memory = 543.11 (MB).
    Completing 30% with 5 violations.
    elapsed time = 00:00:00, memory = 543.11 (MB).
    Completing 40% with 5 violations.
    elapsed time = 00:00:00, memory = 566.67 (MB).
[INFO DRT-0199]   Number of violations = 8.
Viol/Layer        met1
Metal Spacing        2
Short                6
[INFO DRT-0267] cpu time = 00:00:00, elapsed time = 00:00:00, memory = 566.67 (MB), peak = 562.27 (MB)
Total wire length = 2101 um.
Total wire length on LAYER li1 = 0 um.
Total wire length on LAYER met1 = 1025 um.
Total wire length on LAYER met2 = 930 um.
Total wire length on LAYER met3 = 118 um.
Total wire length on LAYER met4 = 26 um.
Total wire length on LAYER met5 = 0 um.
Total number of vias = 821.
Up-via summary (total 821):

----------------------
 FR_MASTERSLICE      0
            li1    390
           met1    401
           met2     28
           met3      2
           met4      0
----------------------
                   821


[INFO DRT-0195] Start 3rd optimization iteration.
    Completing 10% with 8 violations.
    elapsed time = 00:00:00, memory = 587.86 (MB).
    Completing 20% with 0 violations.
    elapsed time = 00:00:00, memory = 587.86 (MB).
[INFO DRT-0199]   Number of violations = 0.
[INFO DRT-0267] cpu time = 00:00:00, elapsed time = 00:00:00, memory = 587.86 (MB), peak = 599.89 (MB)
Total wire length = 2093 um.
Total wire length on LAYER li1 = 0 um.
Total wire length on LAYER met1 = 1004 um.
Total wire length on LAYER met2 = 934 um.
Total wire length on LAYER met3 = 127 um.
Total wire length on LAYER met4 = 26 um.
Total wire length on LAYER met5 = 0 um.
Total number of vias = 817.
Up-via summary (total 817):

----------------------
 FR_MASTERSLICE      0
            li1    390
           met1    395
           met2     30
           met3      2
           met4      0
----------------------
                   817


[INFO DRT-0198] Complete detail routing.
Total wire length = 2093 um.
Total wire length on LAYER li1 = 0 um.
Total wire length on LAYER met1 = 1004 um.
Total wire length on LAYER met2 = 934 um.
Total wire length on LAYER met3 = 127 um.
Total wire length on LAYER met4 = 26 um.
Total wire length on LAYER met5 = 0 um.
Total number of vias = 817.
Up-via summary (total 817):

----------------------
 FR_MASTERSLICE      0
            li1    390
           met1    395
           met2     30
           met3      2
           met4      0
----------------------
                   817


[INFO DRT-0267] cpu time = 00:00:02, elapsed time = 00:00:02, memory = 587.86 (MB), peak = 599.89 (MB)

[INFO DRT-0180] Post processing.
Setting global connections for newly added cells…
[INFO] Setting global connections...
Updating metrics…
Cell type report:                       Count       Area
  Fill cell                                26      97.59
  Tap cell                                 15      18.77
  Timing Repair Buffer                     34     161.40
  Multi-Input combinational cell           64     649.37
  Total                                   139     927.14
Writing OpenROAD database to '/foss/designs/ece429-tt-design-project/src/runs/RUN_2026-05-16_00-55-12/43-openroad-detailedrouting/barrelShifter.odb'…
Writing netlist to '/foss/designs/ece429-tt-design-project/src/runs/RUN_2026-05-16_00-55-12/43-openroad-detailedrouting/barrelShifter.nl.v'…
Writing powered netlist to '/foss/designs/ece429-tt-design-project/src/runs/RUN_2026-05-16_00-55-12/43-openroad-detailedrouting/barrelShifter.pnl.v'…
Writing layout to '/foss/designs/ece429-tt-design-project/src/runs/RUN_2026-05-16_00-55-12/43-openroad-detailedrouting/barrelShifter.def'…
Writing timing constraints to '/foss/designs/ece429-tt-design-project/src/runs/RUN_2026-05-16_00-55-12/43-openroad-detailedrouting/barrelShifter.sdc'…
