
===========================================================================
report_checks -unconstrained
===========================================================================
======================= nom_ss_100C_1v60 Corner ===================================

Startpoint: amt[1] (input port clocked by clk)
Endpoint: result[5] (output port clocked by clk)
Path Group: clk
Path Type: max

Fanout         Cap        Slew       Delay        Time   Description
---------------------------------------------------------------------------------------------
                      0.000000    0.000000    0.000000   clock clk (rise edge)
                                  0.000000    0.000000   clock network delay (ideal)
                                  5.000000    5.000000 ^ input external delay
     1    0.003756    0.038658    0.020834    5.020834 ^ amt[1] (in)
                                                         amt[1] (net)
                      0.038658    0.000000    5.020834 ^ input2/A (sky130_fd_sc_hd__clkbuf_1)
     1    0.003155    0.078604    0.140981    5.161815 ^ input2/X (sky130_fd_sc_hd__clkbuf_1)
                                                         net2 (net)
                      0.078604    0.000095    5.161910 ^ fanout30/A (sky130_fd_sc_hd__buf_1)
     5    0.020049    0.385432    0.379744    5.541654 ^ fanout30/X (sky130_fd_sc_hd__buf_1)
                                                         net30 (net)
                      0.385434    0.000613    5.542267 ^ fanout27/A (sky130_fd_sc_hd__buf_1)
     6    0.015761    0.305937    0.428452    5.970719 ^ fanout27/X (sky130_fd_sc_hd__buf_1)
                                                         net27 (net)
                      0.305937    0.000332    5.971051 ^ _099_/B_N (sky130_fd_sc_hd__and4bb_1)
     1    0.001986    0.069314    0.498332    6.469383 v _099_/X (sky130_fd_sc_hd__and4bb_1)
                                                         _038_ (net)
                      0.069314    0.000058    6.469441 v _103_/A (sky130_fd_sc_hd__or4_1)
     1    0.003330    0.182076    1.214191    7.683633 v _103_/X (sky130_fd_sc_hd__or4_1)
                                                         _042_ (net)
                      0.182076    0.000101    7.683734 v _104_/A3 (sky130_fd_sc_hd__o32a_1)
     1    0.003155    0.116099    0.569445    8.253179 v _104_/X (sky130_fd_sc_hd__o32a_1)
                                                         net17 (net)
                      0.116099    0.000097    8.253276 v output17/A (sky130_fd_sc_hd__buf_2)
     1    0.035433    0.170530    0.370306    8.623582 v output17/X (sky130_fd_sc_hd__buf_2)
                                                         result[5] (net)
                      0.170530    0.000670    8.624251 v result[5] (out)
                                              8.624251   data arrival time

                      0.000000   25.000000   25.000000   clock clk (rise edge)
                                  0.000000   25.000000   clock network delay (ideal)
                                 -0.250000   24.750000   clock uncertainty
                                  0.000000   24.750000   clock reconvergence pessimism
                                 -5.000000   19.750000   output external delay
                                             19.750000   data required time
---------------------------------------------------------------------------------------------
                                             19.750000   data required time
                                             -8.624251   data arrival time
---------------------------------------------------------------------------------------------
                                             11.125748   slack (MET)




===========================================================================
report_checks --slack_max -0.01
============================================================================
======================= nom_ss_100C_1v60 Corner ===================================

No paths found.


===========================================================================
 report_check_types -max_slew -max_cap -max_fanout -violators
============================================================================
======================= nom_ss_100C_1v60 Corner ===================================



===========================================================================
report_parasitic_annotation -report_unannotated
============================================================================
Found 0 unannotated drivers.
Found 0 partially unannotated drivers.

===========================================================================
max slew violation count 0
max fanout violation count 0
max cap violation count 0
============================================================================

===========================================================================
check_setup -verbose -unconstrained_endpoints -multiple_clock -no_clock -no_input_delay -loops -generated_clocks
===========================================================================
