Reading timing models for corner nom_ss_100C_1v60…
Reading cell library for the 'nom_ss_100C_1v60' corner at '/foss/pdks/sky130A/libs.ref/sky130_fd_sc_hd/lib/sky130_fd_sc_hd__ss_100C_1v60.lib'…
Reading top-level netlist at '/foss/designs/ece429-tt-design-project/src/runs/RUN_2026-05-16_00-55-12/51-openroad-fillinsertion/barrelShifter.nl.v'…
Linking design 'barrelShifter' from netlist…
Warning: /foss/designs/ece429-tt-design-project/src/runs/RUN_2026-05-16_00-55-12/51-openroad-fillinsertion/barrelShifter.nl.v line 447, module sky130_fd_sc_hd__tapvpwrvgnd_1 not found. Creating black box for TAP_TAPCELL_ROW_0_26.
Warning: /foss/designs/ece429-tt-design-project/src/runs/RUN_2026-05-16_00-55-12/51-openroad-fillinsertion/barrelShifter.nl.v line 530, module sky130_fd_sc_hd__fill_2 not found. Creating black box for FILLER_0_3.
Warning: /foss/designs/ece429-tt-design-project/src/runs/RUN_2026-05-16_00-55-12/51-openroad-fillinsertion/barrelShifter.nl.v line 531, module sky130_fd_sc_hd__fill_1 not found. Creating black box for FILLER_0_23.
Reading design constraints file at '/usr/local/lib/python3.12/dist-packages/librelane/scripts/base.sdc'…
Warning: base.sdc line 15, port 'clk' not found.
[INFO] Using clock clk…
[INFO] Setting output delay to: 5
[INFO] Setting input delay to: 5
Warning: base.sdc line 32, port 'clk' not found.
[INFO] Setting load to: 0.033442
[INFO] Setting clock uncertainty to: 0.25
[INFO] Setting clock transition to: 0.1499999999999999944488848768742172978818416595458984375
Warning: base.sdc line 69, transition time can not be specified for virtual clocks.
[INFO] Setting timing derate to: 5%
Warning: base.sdc line 79, virtual clock clk can not be propagated.
Reading top-level design parasitics for the 'nom_ss_100C_1v60' corner at '/foss/designs/ece429-tt-design-project/src/runs/RUN_2026-05-16_00-55-12/53-openroad-rcx/nom/barrelShifter.nom.spef'…
%OL_CREATE_REPORT min.rpt

===========================================================================
report_checks -path_delay min (Hold)
============================================================================
======================= nom_ss_100C_1v60 Corner ===================================

Startpoint: data[5] (input port clocked by clk)
Endpoint: result[6] (output port clocked by clk)
Path Group: clk
Path Type: min

Fanout         Cap        Slew       Delay        Time   Description
---------------------------------------------------------------------------------------------
                      0.000000    0.000000    0.000000   clock clk (rise edge)
                                  0.000000    0.000000   clock network delay (ideal)
                                  5.000000    5.000000 ^ input external delay
     1    0.002968    0.033362    0.016676    5.016676 ^ data[5] (in)
                                                         data[5] (net)
                      0.033362    0.000000    5.016676 ^ input9/A (sky130_fd_sc_hd__clkbuf_2)
     8    0.026386    0.230917    0.291855    5.308531 ^ input9/X (sky130_fd_sc_hd__clkbuf_2)
                                                         net9 (net)
                      0.230917    0.000677    5.309208 ^ _112_/B2 (sky130_fd_sc_hd__o32a_1)
     1    0.002940    0.081273    0.306640    5.615848 ^ _112_/X (sky130_fd_sc_hd__o32a_1)
                                                         net18 (net)
                      0.081273    0.000088    5.615936 ^ output18/A (sky130_fd_sc_hd__buf_2)
     1    0.034236    0.271934    0.348489    5.964425 ^ output18/X (sky130_fd_sc_hd__buf_2)
                                                         result[6] (net)
                      0.271934    0.000708    5.965133 ^ result[6] (out)
                                              5.965133   data arrival time

                      0.000000    0.000000    0.000000   clock clk (rise edge)
                                  0.000000    0.000000   clock network delay (ideal)
                                  0.250000    0.250000   clock uncertainty
                                  0.000000    0.250000   clock reconvergence pessimism
                                 -5.000000   -4.750000   output external delay
                                             -4.750000   data required time
---------------------------------------------------------------------------------------------
                                             -4.750000   data required time
                                             -5.965133   data arrival time
---------------------------------------------------------------------------------------------
                                             10.715133   slack (MET)


Startpoint: data[4] (input port clocked by clk)
Endpoint: result[5] (output port clocked by clk)
Path Group: clk
Path Type: min

Fanout         Cap        Slew       Delay        Time   Description
---------------------------------------------------------------------------------------------
                      0.000000    0.000000    0.000000   clock clk (rise edge)
                                  0.000000    0.000000   clock network delay (ideal)
                                  5.000000    5.000000 ^ input external delay
     1    0.002987    0.033490    0.016782    5.016782 ^ data[4] (in)
                                                         data[4] (net)
                      0.033490    0.000000    5.016782 ^ input8/A (sky130_fd_sc_hd__clkbuf_2)
     8    0.027442    0.239507    0.297749    5.314530 ^ input8/X (sky130_fd_sc_hd__clkbuf_2)
                                                         net8 (net)
                      0.239507    0.000379    5.314909 ^ _104_/B2 (sky130_fd_sc_hd__o32a_1)
     1    0.003283    0.086107    0.314512    5.629422 ^ _104_/X (sky130_fd_sc_hd__o32a_1)
                                                         net17 (net)
                      0.086107    0.000101    5.629523 ^ output17/A (sky130_fd_sc_hd__buf_2)
     1    0.035433    0.280822    0.357143    5.986666 ^ output17/X (sky130_fd_sc_hd__buf_2)
                                                         result[5] (net)
                      0.280822    0.000670    5.987336 ^ result[5] (out)
                                              5.987336   data arrival time

                      0.000000    0.000000    0.000000   clock clk (rise edge)
                                  0.000000    0.000000   clock network delay (ideal)
                                  0.250000    0.250000   clock uncertainty
                                  0.000000    0.250000   clock reconvergence pessimism
                                 -5.000000   -4.750000   output external delay
                                             -4.750000   data required time
---------------------------------------------------------------------------------------------
                                             -4.750000   data required time
                                             -5.987336   data arrival time
---------------------------------------------------------------------------------------------
                                             10.737336   slack (MET)


Startpoint: data[2] (input port clocked by clk)
Endpoint: result[3] (output port clocked by clk)
Path Group: clk
Path Type: min

Fanout         Cap        Slew       Delay        Time   Description
---------------------------------------------------------------------------------------------
                      0.000000    0.000000    0.000000   clock clk (rise edge)
                                  0.000000    0.000000   clock network delay (ideal)
                                  5.000000    5.000000 v input external delay
     1    0.004168    0.023807    0.013559    5.013559 v data[2] (in)
                                                         data[2] (net)
                      0.023816    0.000000    5.013559 v input6/A (sky130_fd_sc_hd__clkbuf_2)
     8    0.028442    0.203012    0.286660    5.300219 v input6/X (sky130_fd_sc_hd__clkbuf_2)
                                                         net6 (net)
                      0.203019    0.001430    5.301649 v _089_/B2 (sky130_fd_sc_hd__o32a_1)
     1    0.002598    0.077923    0.347697    5.649345 v _089_/X (sky130_fd_sc_hd__o32a_1)
                                                         net15 (net)
                      0.077923    0.000079    5.649424 v output15/A (sky130_fd_sc_hd__buf_2)
     1    0.035545    0.171019    0.352073    6.001497 v output15/X (sky130_fd_sc_hd__buf_2)
                                                         result[3] (net)
                      0.171022    0.000977    6.002474 v result[3] (out)
                                              6.002474   data arrival time

                      0.000000    0.000000    0.000000   clock clk (rise edge)
                                  0.000000    0.000000   clock network delay (ideal)
                                  0.250000    0.250000   clock uncertainty
                                  0.000000    0.250000   clock reconvergence pessimism
                                 -5.000000   -4.750000   output external delay
                                             -4.750000   data required time
---------------------------------------------------------------------------------------------
                                             -4.750000   data required time
                                             -6.002474   data arrival time
---------------------------------------------------------------------------------------------
                                             10.752474   slack (MET)


Startpoint: data[0] (input port clocked by clk)
Endpoint: result[1] (output port clocked by clk)
Path Group: clk
Path Type: min

Fanout         Cap        Slew       Delay        Time   Description
---------------------------------------------------------------------------------------------
                      0.000000    0.000000    0.000000   clock clk (rise edge)
                                  0.000000    0.000000   clock network delay (ideal)
                                  5.000000    5.000000 ^ input external delay
     1    0.003150    0.034574    0.017643    5.017643 ^ data[0] (in)
                                                         data[0] (net)
                      0.034574    0.000000    5.017643 ^ input4/A (sky130_fd_sc_hd__clkbuf_2)
     8    0.027748    0.242019    0.299804    5.317447 ^ input4/X (sky130_fd_sc_hd__clkbuf_2)
                                                         net4 (net)
                      0.242019    0.000702    5.318149 ^ _074_/A1 (sky130_fd_sc_hd__o22a_1)
     1    0.002906    0.073814    0.338772    5.656921 ^ _074_/X (sky130_fd_sc_hd__o22a_1)
                                                         net13 (net)
                      0.073814    0.000087    5.657008 ^ output13/A (sky130_fd_sc_hd__buf_2)
     1    0.034318    0.272539    0.345471    6.002479 ^ output13/X (sky130_fd_sc_hd__buf_2)
                                                         result[1] (net)
                      0.272539    0.000733    6.003212 ^ result[1] (out)
                                              6.003212   data arrival time

                      0.000000    0.000000    0.000000   clock clk (rise edge)
                                  0.000000    0.000000   clock network delay (ideal)
                                  0.250000    0.250000   clock uncertainty
                                  0.000000    0.250000   clock reconvergence pessimism
                                 -5.000000   -4.750000   output external delay
                                             -4.750000   data required time
---------------------------------------------------------------------------------------------
                                             -4.750000   data required time
                                             -6.003212   data arrival time
---------------------------------------------------------------------------------------------
                                             10.753212   slack (MET)


Startpoint: data[1] (input port clocked by clk)
Endpoint: result[2] (output port clocked by clk)
Path Group: clk
Path Type: min

Fanout         Cap        Slew       Delay        Time   Description
---------------------------------------------------------------------------------------------
                      0.000000    0.000000    0.000000   clock clk (rise edge)
                                  0.000000    0.000000   clock network delay (ideal)
                                  5.000000    5.000000 ^ input external delay
     1    0.002871    0.032723    0.016165    5.016165 ^ data[1] (in)
                                                         data[1] (net)
                      0.032723    0.000000    5.016165 ^ input5/A (sky130_fd_sc_hd__clkbuf_2)
     8    0.031264    0.270485    0.319168    5.335333 ^ input5/X (sky130_fd_sc_hd__clkbuf_2)
                                                         net5 (net)
                      0.270486    0.001154    5.336486 ^ _081_/A1 (sky130_fd_sc_hd__o22a_1)
     1    0.002620    0.070119    0.345183    5.681670 ^ _081_/X (sky130_fd_sc_hd__o22a_1)
                                                         net14 (net)
                      0.070119    0.000075    5.681745 ^ output14/A (sky130_fd_sc_hd__buf_2)
     1    0.035147    0.278680    0.348198    6.029943 ^ output14/X (sky130_fd_sc_hd__buf_2)
                                                         result[2] (net)
                      0.278680    0.000704    6.030647 ^ result[2] (out)
                                              6.030647   data arrival time

                      0.000000    0.000000    0.000000   clock clk (rise edge)
                                  0.000000    0.000000   clock network delay (ideal)
                                  0.250000    0.250000   clock uncertainty
                                  0.000000    0.250000   clock reconvergence pessimism
                                 -5.000000   -4.750000   output external delay
                                             -4.750000   data required time
---------------------------------------------------------------------------------------------
                                             -4.750000   data required time
                                             -6.030647   data arrival time
---------------------------------------------------------------------------------------------
                                             10.780648   slack (MET)


Startpoint: data[3] (input port clocked by clk)
Endpoint: result[4] (output port clocked by clk)
Path Group: clk
Path Type: min

Fanout         Cap        Slew       Delay        Time   Description
---------------------------------------------------------------------------------------------
                      0.000000    0.000000    0.000000   clock clk (rise edge)
                                  0.000000    0.000000   clock network delay (ideal)
                                  5.000000    5.000000 ^ input external delay
     1    0.002806    0.032293    0.015820    5.015820 ^ data[3] (in)
                                                         data[3] (net)
                      0.032293    0.000000    5.015820 ^ input7/A (sky130_fd_sc_hd__clkbuf_2)
     8    0.032764    0.282705    0.327173    5.342993 ^ input7/X (sky130_fd_sc_hd__clkbuf_2)
                                                         net7 (net)
                      0.282723    0.001904    5.344897 ^ _096_/A1 (sky130_fd_sc_hd__o22a_1)
     1    0.002692    0.071038    0.350483    5.695380 ^ _096_/X (sky130_fd_sc_hd__o22a_1)
                                                         net16 (net)
                      0.071038    0.000083    5.695463 ^ output16/A (sky130_fd_sc_hd__buf_2)
     1    0.034284    0.272281    0.344010    6.039473 ^ output16/X (sky130_fd_sc_hd__buf_2)
                                                         result[4] (net)
                      0.272281    0.000740    6.040214 ^ result[4] (out)
                                              6.040214   data arrival time

                      0.000000    0.000000    0.000000   clock clk (rise edge)
                                  0.000000    0.000000   clock network delay (ideal)
                                  0.250000    0.250000   clock uncertainty
                                  0.000000    0.250000   clock reconvergence pessimism
                                 -5.000000   -4.750000   output external delay
                                             -4.750000   data required time
---------------------------------------------------------------------------------------------
                                             -4.750000   data required time
                                             -6.040214   data arrival time
---------------------------------------------------------------------------------------------
                                             10.790214   slack (MET)


Startpoint: data[6] (input port clocked by clk)
Endpoint: result[7] (output port clocked by clk)
Path Group: clk
Path Type: min

Fanout         Cap        Slew       Delay        Time   Description
---------------------------------------------------------------------------------------------
                      0.000000    0.000000    0.000000   clock clk (rise edge)
                                  0.000000    0.000000   clock network delay (ideal)
                                  5.000000    5.000000 ^ input external delay
     1    0.002862    0.032663    0.016116    5.016116 ^ data[6] (in)
                                                         data[6] (net)
                      0.032663    0.000000    5.016116 ^ input10/A (sky130_fd_sc_hd__clkbuf_2)
     8    0.031283    0.270625    0.318845    5.334961 ^ input10/X (sky130_fd_sc_hd__clkbuf_2)
                                                         net10 (net)
                      0.270728    0.001925    5.336886 ^ _119_/A1 (sky130_fd_sc_hd__o22a_1)
     1    0.003943    0.087611    0.362640    5.699527 ^ _119_/X (sky130_fd_sc_hd__o22a_1)
                                                         net19 (net)
                      0.087611    0.000122    5.699648 ^ output19/A (sky130_fd_sc_hd__buf_2)
     1    0.034320    0.272569    0.351907    6.051556 ^ output19/X (sky130_fd_sc_hd__buf_2)
                                                         result[7] (net)
                      0.272569    0.000707    6.052263 ^ result[7] (out)
                                              6.052263   data arrival time

                      0.000000    0.000000    0.000000   clock clk (rise edge)
                                  0.000000    0.000000   clock network delay (ideal)
                                  0.250000    0.250000   clock uncertainty
                                  0.000000    0.250000   clock reconvergence pessimism
                                 -5.000000   -4.750000   output external delay
                                             -4.750000   data required time
---------------------------------------------------------------------------------------------
                                             -4.750000   data required time
                                             -6.052263   data arrival time
---------------------------------------------------------------------------------------------
                                             10.802263   slack (MET)


Startpoint: data[7] (input port clocked by clk)
Endpoint: result[0] (output port clocked by clk)
Path Group: clk
Path Type: min

Fanout         Cap        Slew       Delay        Time   Description
---------------------------------------------------------------------------------------------
                      0.000000    0.000000    0.000000   clock clk (rise edge)
                                  0.000000    0.000000   clock network delay (ideal)
                                  5.000000    5.000000 ^ input external delay
     1    0.002952    0.033255    0.016593    5.016593 ^ data[7] (in)
                                                         data[7] (net)
                      0.033255    0.000000    5.016593 ^ input11/A (sky130_fd_sc_hd__clkbuf_2)
     8    0.035123    0.301912    0.340579    5.357172 ^ input11/X (sky130_fd_sc_hd__clkbuf_2)
                                                         net11 (net)
                      0.301935    0.002189    5.359361 ^ _067_/A1 (sky130_fd_sc_hd__o22a_1)
     1    0.003508    0.081845    0.368070    5.727431 ^ _067_/X (sky130_fd_sc_hd__o22a_1)
                                                         net12 (net)
                      0.081845    0.000114    5.727545 ^ output12/A (sky130_fd_sc_hd__buf_2)
     1    0.033967    0.269919    0.347391    6.074936 ^ output12/X (sky130_fd_sc_hd__buf_2)
                                                         result[0] (net)
                      0.269919    0.000618    6.075554 ^ result[0] (out)
                                              6.075554   data arrival time

                      0.000000    0.000000    0.000000   clock clk (rise edge)
                                  0.000000    0.000000   clock network delay (ideal)
                                  0.250000    0.250000   clock uncertainty
                                  0.000000    0.250000   clock reconvergence pessimism
                                 -5.000000   -4.750000   output external delay
                                             -4.750000   data required time
---------------------------------------------------------------------------------------------
                                             -4.750000   data required time
                                             -6.075554   data arrival time
---------------------------------------------------------------------------------------------
                                             10.825554   slack (MET)



%OL_END_REPORT
%OL_CREATE_REPORT max.rpt

===========================================================================
report_checks -path_delay max (Setup)
============================================================================
======================= nom_ss_100C_1v60 Corner ===================================

Startpoint: amt[1] (input port clocked by clk)
Endpoint: result[5] (output port clocked by clk)
Path Group: clk
Path Type: max

Fanout         Cap        Slew       Delay        Time   Description
---------------------------------------------------------------------------------------------
                      0.000000    0.000000    0.000000   clock clk (rise edge)
                                  0.000000    0.000000   clock network delay (ideal)
                                  5.000000    5.000000 ^ input external delay
     1    0.003756    0.038658    0.020834    5.020834 ^ amt[1] (in)
                                                         amt[1] (net)
                      0.038658    0.000000    5.020834 ^ input2/A (sky130_fd_sc_hd__clkbuf_1)
     1    0.003155    0.078604    0.140981    5.161815 ^ input2/X (sky130_fd_sc_hd__clkbuf_1)
                                                         net2 (net)
                      0.078604    0.000095    5.161910 ^ fanout30/A (sky130_fd_sc_hd__buf_1)
     5    0.020049    0.385432    0.379744    5.541654 ^ fanout30/X (sky130_fd_sc_hd__buf_1)
                                                         net30 (net)
                      0.385434    0.000613    5.542267 ^ fanout27/A (sky130_fd_sc_hd__buf_1)
     6    0.015761    0.305937    0.428452    5.970719 ^ fanout27/X (sky130_fd_sc_hd__buf_1)
                                                         net27 (net)
                      0.305937    0.000332    5.971051 ^ _099_/B_N (sky130_fd_sc_hd__and4bb_1)
     1    0.001986    0.069314    0.498332    6.469383 v _099_/X (sky130_fd_sc_hd__and4bb_1)
                                                         _038_ (net)
                      0.069314    0.000058    6.469441 v _103_/A (sky130_fd_sc_hd__or4_1)
     1    0.003330    0.182076    1.214191    7.683633 v _103_/X (sky130_fd_sc_hd__or4_1)
                                                         _042_ (net)
                      0.182076    0.000101    7.683734 v _104_/A3 (sky130_fd_sc_hd__o32a_1)
     1    0.003155    0.116099    0.569445    8.253179 v _104_/X (sky130_fd_sc_hd__o32a_1)
                                                         net17 (net)
                      0.116099    0.000097    8.253276 v output17/A (sky130_fd_sc_hd__buf_2)
     1    0.035433    0.170530    0.370306    8.623582 v output17/X (sky130_fd_sc_hd__buf_2)
                                                         result[5] (net)
                      0.170530    0.000670    8.624251 v result[5] (out)
                                              8.624251   data arrival time

                      0.000000   25.000000   25.000000   clock clk (rise edge)
                                  0.000000   25.000000   clock network delay (ideal)
                                 -0.250000   24.750000   clock uncertainty
                                  0.000000   24.750000   clock reconvergence pessimism
                                 -5.000000   19.750000   output external delay
                                             19.750000   data required time
---------------------------------------------------------------------------------------------
                                             19.750000   data required time
                                             -8.624251   data arrival time
---------------------------------------------------------------------------------------------
                                             11.125748   slack (MET)


Startpoint: amt[1] (input port clocked by clk)
Endpoint: result[3] (output port clocked by clk)
Path Group: clk
Path Type: max

Fanout         Cap        Slew       Delay        Time   Description
---------------------------------------------------------------------------------------------
                      0.000000    0.000000    0.000000   clock clk (rise edge)
                                  0.000000    0.000000   clock network delay (ideal)
                                  5.000000    5.000000 v input external delay
     1    0.003627    0.021665    0.011837    5.011837 v amt[1] (in)
                                                         amt[1] (net)
                      0.021665    0.000000    5.011837 v input2/A (sky130_fd_sc_hd__clkbuf_1)
     1    0.003026    0.052674    0.140521    5.152359 v input2/X (sky130_fd_sc_hd__clkbuf_1)
                                                         net2 (net)
                      0.052674    0.000090    5.152449 v fanout30/A (sky130_fd_sc_hd__buf_1)
     5    0.019488    0.226296    0.289141    5.441590 v fanout30/X (sky130_fd_sc_hd__buf_1)
                                                         net30 (net)
                      0.226296    0.000425    5.442015 v fanout29/A (sky130_fd_sc_hd__buf_2)
    10    0.035766    0.172270    0.423841    5.865856 v fanout29/X (sky130_fd_sc_hd__buf_2)
                                                         net29 (net)
                      0.172285    0.001717    5.867573 v _084_/C (sky130_fd_sc_hd__and4bb_1)
     1    0.001734    0.067226    0.414182    6.281754 v _084_/X (sky130_fd_sc_hd__and4bb_1)
                                                         _025_ (net)
                      0.067226    0.000048    6.281802 v _088_/A (sky130_fd_sc_hd__or4_1)
     1    0.004594    0.202636    1.245739    7.527542 v _088_/X (sky130_fd_sc_hd__or4_1)
                                                         _029_ (net)
                      0.202636    0.000165    7.527707 v _089_/A3 (sky130_fd_sc_hd__o32a_1)
     1    0.002598    0.108744    0.566916    8.094623 v _089_/X (sky130_fd_sc_hd__o32a_1)
                                                         net15 (net)
                      0.108744    0.000079    8.094702 v output15/A (sky130_fd_sc_hd__buf_2)
     1    0.035545    0.171052    0.366901    8.461603 v output15/X (sky130_fd_sc_hd__buf_2)
                                                         result[3] (net)
                      0.171055    0.000977    8.462581 v result[3] (out)
                                              8.462581   data arrival time

                      0.000000   25.000000   25.000000   clock clk (rise edge)
                                  0.000000   25.000000   clock network delay (ideal)
                                 -0.250000   24.750000   clock uncertainty
                                  0.000000   24.750000   clock reconvergence pessimism
                                 -5.000000   19.750000   output external delay
                                             19.750000   data required time
---------------------------------------------------------------------------------------------
                                             19.750000   data required time
                                             -8.462581   data arrival time
---------------------------------------------------------------------------------------------
                                             11.287419   slack (MET)


Startpoint: amt[1] (input port clocked by clk)
Endpoint: result[6] (output port clocked by clk)
Path Group: clk
Path Type: max

Fanout         Cap        Slew       Delay        Time   Description
---------------------------------------------------------------------------------------------
                      0.000000    0.000000    0.000000   clock clk (rise edge)
                                  0.000000    0.000000   clock network delay (ideal)
                                  5.000000    5.000000 v input external delay
     1    0.003627    0.021665    0.011837    5.011837 v amt[1] (in)
                                                         amt[1] (net)
                      0.021665    0.000000    5.011837 v input2/A (sky130_fd_sc_hd__clkbuf_1)
     1    0.003026    0.052674    0.140521    5.152359 v input2/X (sky130_fd_sc_hd__clkbuf_1)
                                                         net2 (net)
                      0.052674    0.000090    5.152449 v fanout30/A (sky130_fd_sc_hd__buf_1)
     5    0.019488    0.226296    0.289141    5.441590 v fanout30/X (sky130_fd_sc_hd__buf_1)
                                                         net30 (net)
                      0.226296    0.000208    5.441798 v fanout26/A (sky130_fd_sc_hd__clkbuf_2)
    10    0.025294    0.182334    0.366909    5.808707 v fanout26/X (sky130_fd_sc_hd__clkbuf_2)
                                                         net26 (net)
                      0.182334    0.000361    5.809069 v _107_/C (sky130_fd_sc_hd__and4bb_1)
     1    0.002689    0.075090    0.431100    6.240169 v _107_/X (sky130_fd_sc_hd__and4bb_1)
                                                         _045_ (net)
                      0.075090    0.000084    6.240253 v _111_/A (sky130_fd_sc_hd__or4_1)
     1    0.004003    0.192797    1.233332    7.473585 v _111_/X (sky130_fd_sc_hd__or4_1)
                                                         _049_ (net)
                      0.192797    0.000130    7.473714 v _112_/A3 (sky130_fd_sc_hd__o32a_1)
     1    0.002812    0.111481    0.567150    8.040864 v _112_/X (sky130_fd_sc_hd__o32a_1)
                                                         net18 (net)
                      0.111481    0.000083    8.040948 v output18/A (sky130_fd_sc_hd__buf_2)
     1    0.034236    0.165795    0.364216    8.405164 v output18/X (sky130_fd_sc_hd__buf_2)
                                                         result[6] (net)
                      0.165795    0.000708    8.405871 v result[6] (out)
                                              8.405871   data arrival time

                      0.000000   25.000000   25.000000   clock clk (rise edge)
                                  0.000000   25.000000   clock network delay (ideal)
                                 -0.250000   24.750000   clock uncertainty
                                  0.000000   24.750000   clock reconvergence pessimism
                                 -5.000000   19.750000   output external delay
                                             19.750000   data required time
---------------------------------------------------------------------------------------------
                                             19.750000   data required time
                                             -8.405871   data arrival time
---------------------------------------------------------------------------------------------
                                             11.344128   slack (MET)


Startpoint: amt[1] (input port clocked by clk)
Endpoint: result[2] (output port clocked by clk)
Path Group: clk
Path Type: max

Fanout         Cap        Slew       Delay        Time   Description
---------------------------------------------------------------------------------------------
                      0.000000    0.000000    0.000000   clock clk (rise edge)
                                  0.000000    0.000000   clock network delay (ideal)
                                  5.000000    5.000000 ^ input external delay
     1    0.003756    0.038658    0.020834    5.020834 ^ amt[1] (in)
                                                         amt[1] (net)
                      0.038658    0.000000    5.020834 ^ input2/A (sky130_fd_sc_hd__clkbuf_1)
     1    0.003155    0.078604    0.140981    5.161815 ^ input2/X (sky130_fd_sc_hd__clkbuf_1)
                                                         net2 (net)
                      0.078604    0.000095    5.161910 ^ fanout30/A (sky130_fd_sc_hd__buf_1)
     5    0.020049    0.385432    0.379744    5.541654 ^ fanout30/X (sky130_fd_sc_hd__buf_1)
                                                         net30 (net)
                      0.385433    0.000437    5.542090 ^ fanout29/A (sky130_fd_sc_hd__buf_2)
    10    0.037663    0.298489    0.495589    6.037680 ^ fanout29/X (sky130_fd_sc_hd__buf_2)
                                                         net29 (net)
                      0.298489    0.000402    6.038082 ^ fanout28/A (sky130_fd_sc_hd__clkbuf_2)
    10    0.026521    0.232643    0.408261    6.446342 ^ fanout28/X (sky130_fd_sc_hd__clkbuf_2)
                                                         net28 (net)
                      0.232643    0.000810    6.447153 ^ _076_/A_N (sky130_fd_sc_hd__and4b_1)
     1    0.003543    0.081344    0.460659    6.907812 v _076_/X (sky130_fd_sc_hd__and4b_1)
                                                         _018_ (net)
                      0.081344    0.000109    6.907921 v _080_/B1 (sky130_fd_sc_hd__a2111o_1)
     1    0.003232    0.111385    0.739317    7.647238 v _080_/X (sky130_fd_sc_hd__a2111o_1)
                                                         _022_ (net)
                      0.111385    0.000072    7.647310 v _081_/B2 (sky130_fd_sc_hd__o22a_1)
     1    0.002492    0.079669    0.317338    7.964648 v _081_/X (sky130_fd_sc_hd__o22a_1)
                                                         net14 (net)
                      0.079669    0.000071    7.964719 v output14/A (sky130_fd_sc_hd__buf_2)
     1    0.035147    0.169359    0.351798    8.316517 v output14/X (sky130_fd_sc_hd__buf_2)
                                                         result[2] (net)
                      0.169359    0.000704    8.317221 v result[2] (out)
                                              8.317221   data arrival time

                      0.000000   25.000000   25.000000   clock clk (rise edge)
                                  0.000000   25.000000   clock network delay (ideal)
                                 -0.250000   24.750000   clock uncertainty
                                  0.000000   24.750000   clock reconvergence pessimism
                                 -5.000000   19.750000   output external delay
                                             19.750000   data required time
---------------------------------------------------------------------------------------------
                                             19.750000   data required time
                                             -8.317221   data arrival time
---------------------------------------------------------------------------------------------
                                             11.432778   slack (MET)


Startpoint: amt[1] (input port clocked by clk)
Endpoint: result[0] (output port clocked by clk)
Path Group: clk
Path Type: max

Fanout         Cap        Slew       Delay        Time   Description
---------------------------------------------------------------------------------------------
                      0.000000    0.000000    0.000000   clock clk (rise edge)
                                  0.000000    0.000000   clock network delay (ideal)
                                  5.000000    5.000000 ^ input external delay
     1    0.003756    0.038658    0.020834    5.020834 ^ amt[1] (in)
                                                         amt[1] (net)
                      0.038658    0.000000    5.020834 ^ input2/A (sky130_fd_sc_hd__clkbuf_1)
     1    0.003155    0.078604    0.140981    5.161815 ^ input2/X (sky130_fd_sc_hd__clkbuf_1)
                                                         net2 (net)
                      0.078604    0.000095    5.161910 ^ fanout30/A (sky130_fd_sc_hd__buf_1)
     5    0.020049    0.385432    0.379744    5.541654 ^ fanout30/X (sky130_fd_sc_hd__buf_1)
                                                         net30 (net)
                      0.385433    0.000437    5.542090 ^ fanout29/A (sky130_fd_sc_hd__buf_2)
    10    0.037663    0.298489    0.495589    6.037680 ^ fanout29/X (sky130_fd_sc_hd__buf_2)
                                                         net29 (net)
                      0.298489    0.000402    6.038082 ^ fanout28/A (sky130_fd_sc_hd__clkbuf_2)
    10    0.026521    0.232643    0.408261    6.446342 ^ fanout28/X (sky130_fd_sc_hd__clkbuf_2)
                                                         net28 (net)
                      0.232643    0.000805    6.447147 ^ _058_/C_N (sky130_fd_sc_hd__nor3b_2)
     5    0.021054    0.624747    0.673368    7.120515 ^ _058_/Y (sky130_fd_sc_hd__nor3b_2)
                                                         _002_ (net)
                      0.624747    0.000350    7.120865 ^ _060_/B1 (sky130_fd_sc_hd__a221o_1)
     1    0.004128    0.103859    0.498703    7.619568 ^ _060_/X (sky130_fd_sc_hd__a221o_1)
                                                         _004_ (net)
                      0.103859    0.000131    7.619699 ^ _067_/B1 (sky130_fd_sc_hd__o22a_1)
     1    0.003508    0.084199    0.271163    7.890862 ^ _067_/X (sky130_fd_sc_hd__o22a_1)
                                                         net12 (net)
                      0.084199    0.000114    7.890975 ^ output12/A (sky130_fd_sc_hd__buf_2)
     1    0.033967    0.269923    0.348495    8.239470 ^ output12/X (sky130_fd_sc_hd__buf_2)
                                                         result[0] (net)
                      0.269923    0.000617    8.240088 ^ result[0] (out)
                                              8.240088   data arrival time

                      0.000000   25.000000   25.000000   clock clk (rise edge)
                                  0.000000   25.000000   clock network delay (ideal)
                                 -0.250000   24.750000   clock uncertainty
                                  0.000000   24.750000   clock reconvergence pessimism
                                 -5.000000   19.750000   output external delay
                                             19.750000   data required time
---------------------------------------------------------------------------------------------
                                             19.750000   data required time
                                             -8.240088   data arrival time
---------------------------------------------------------------------------------------------
                                             11.509912   slack (MET)


Startpoint: amt[1] (input port clocked by clk)
Endpoint: result[7] (output port clocked by clk)
Path Group: clk
Path Type: max

Fanout         Cap        Slew       Delay        Time   Description
---------------------------------------------------------------------------------------------
                      0.000000    0.000000    0.000000   clock clk (rise edge)
                                  0.000000    0.000000   clock network delay (ideal)
                                  5.000000    5.000000 ^ input external delay
     1    0.003756    0.038658    0.020834    5.020834 ^ amt[1] (in)
                                                         amt[1] (net)
                      0.038658    0.000000    5.020834 ^ input2/A (sky130_fd_sc_hd__clkbuf_1)
     1    0.003155    0.078604    0.140981    5.161815 ^ input2/X (sky130_fd_sc_hd__clkbuf_1)
                                                         net2 (net)
                      0.078604    0.000095    5.161910 ^ fanout30/A (sky130_fd_sc_hd__buf_1)
     5    0.020049    0.385432    0.379744    5.541654 ^ fanout30/X (sky130_fd_sc_hd__buf_1)
                                                         net30 (net)
                      0.385433    0.000437    5.542090 ^ fanout29/A (sky130_fd_sc_hd__buf_2)
    10    0.037663    0.298489    0.495589    6.037680 ^ fanout29/X (sky130_fd_sc_hd__buf_2)
                                                         net29 (net)
                      0.298489    0.000402    6.038082 ^ fanout28/A (sky130_fd_sc_hd__clkbuf_2)
    10    0.026521    0.232643    0.408261    6.446342 ^ fanout28/X (sky130_fd_sc_hd__clkbuf_2)
                                                         net28 (net)
                      0.232643    0.000858    6.447200 ^ _064_/B (sky130_fd_sc_hd__nor3b_1)
     3    0.008786    0.118672    0.190969    6.638169 v _064_/Y (sky130_fd_sc_hd__nor3b_1)
                                                         _008_ (net)
                      0.118672    0.000223    6.638393 v max_cap20/A (sky130_fd_sc_hd__clkbuf_2)
     5    0.018923    0.140570    0.285433    6.923826 v max_cap20/X (sky130_fd_sc_hd__clkbuf_2)
                                                         net20 (net)
                      0.140570    0.000611    6.924437 v _114_/B1 (sky130_fd_sc_hd__a221o_1)
     1    0.003216    0.095990    0.570776    7.495213 v _114_/X (sky130_fd_sc_hd__a221o_1)
                                                         _051_ (net)
                      0.095990    0.000094    7.495307 v _119_/B1 (sky130_fd_sc_hd__o22a_1)
     1    0.003815    0.095062    0.365180    7.860487 v _119_/X (sky130_fd_sc_hd__o22a_1)
                                                         net19 (net)
                      0.095062    0.000116    7.860603 v output19/A (sky130_fd_sc_hd__buf_2)
     1    0.034320    0.166105    0.356567    8.217171 v output19/X (sky130_fd_sc_hd__buf_2)
                                                         result[7] (net)
                      0.166106    0.000707    8.217877 v result[7] (out)
                                              8.217877   data arrival time

                      0.000000   25.000000   25.000000   clock clk (rise edge)
                                  0.000000   25.000000   clock network delay (ideal)
                                 -0.250000   24.750000   clock uncertainty
                                  0.000000   24.750000   clock reconvergence pessimism
                                 -5.000000   19.750000   output external delay
                                             19.750000   data required time
---------------------------------------------------------------------------------------------
                                             19.750000   data required time
                                             -8.217877   data arrival time
---------------------------------------------------------------------------------------------
                                             11.532123   slack (MET)


Startpoint: amt[1] (input port clocked by clk)
Endpoint: result[4] (output port clocked by clk)
Path Group: clk
Path Type: max

Fanout         Cap        Slew       Delay        Time   Description
---------------------------------------------------------------------------------------------
                      0.000000    0.000000    0.000000   clock clk (rise edge)
                                  0.000000    0.000000   clock network delay (ideal)
                                  5.000000    5.000000 ^ input external delay
     1    0.003756    0.038658    0.020834    5.020834 ^ amt[1] (in)
                                                         amt[1] (net)
                      0.038658    0.000000    5.020834 ^ input2/A (sky130_fd_sc_hd__clkbuf_1)
     1    0.003155    0.078604    0.140981    5.161815 ^ input2/X (sky130_fd_sc_hd__clkbuf_1)
                                                         net2 (net)
                      0.078604    0.000095    5.161910 ^ fanout30/A (sky130_fd_sc_hd__buf_1)
     5    0.020049    0.385432    0.379744    5.541654 ^ fanout30/X (sky130_fd_sc_hd__buf_1)
                                                         net30 (net)
                      0.385433    0.000437    5.542090 ^ fanout29/A (sky130_fd_sc_hd__buf_2)
    10    0.037663    0.298489    0.495589    6.037680 ^ fanout29/X (sky130_fd_sc_hd__buf_2)
                                                         net29 (net)
                      0.298489    0.000402    6.038082 ^ fanout28/A (sky130_fd_sc_hd__clkbuf_2)
    10    0.026521    0.232643    0.408261    6.446342 ^ fanout28/X (sky130_fd_sc_hd__clkbuf_2)
                                                         net28 (net)
                      0.232643    0.000858    6.447200 ^ _064_/B (sky130_fd_sc_hd__nor3b_1)
     3    0.008786    0.118672    0.190969    6.638169 v _064_/Y (sky130_fd_sc_hd__nor3b_1)
                                                         _008_ (net)
                      0.118672    0.000223    6.638393 v max_cap20/A (sky130_fd_sc_hd__clkbuf_2)
     5    0.018923    0.140570    0.285433    6.923826 v max_cap20/X (sky130_fd_sc_hd__clkbuf_2)
                                                         net20 (net)
                      0.140570    0.000466    6.924293 v _094_/B1 (sky130_fd_sc_hd__a221o_1)
     1    0.003334    0.097372    0.572626    7.496918 v _094_/X (sky130_fd_sc_hd__a221o_1)
                                                         _034_ (net)
                      0.097372    0.000076    7.496994 v _096_/B1 (sky130_fd_sc_hd__o22a_1)
     1    0.002564    0.080454    0.346450    7.843444 v _096_/X (sky130_fd_sc_hd__o22a_1)
                                                         net16 (net)
                      0.080454    0.000078    7.843523 v output16/A (sky130_fd_sc_hd__buf_2)
     1    0.034284    0.165952    0.349387    8.192909 v output16/X (sky130_fd_sc_hd__buf_2)
                                                         result[4] (net)
                      0.165953    0.000740    8.193649 v result[4] (out)
                                              8.193649   data arrival time

                      0.000000   25.000000   25.000000   clock clk (rise edge)
                                  0.000000   25.000000   clock network delay (ideal)
                                 -0.250000   24.750000   clock uncertainty
                                  0.000000   24.750000   clock reconvergence pessimism
                                 -5.000000   19.750000   output external delay
                                             19.750000   data required time
---------------------------------------------------------------------------------------------
                                             19.750000   data required time
                                             -8.193649   data arrival time
---------------------------------------------------------------------------------------------
                                             11.556350   slack (MET)


Startpoint: amt[1] (input port clocked by clk)
Endpoint: result[1] (output port clocked by clk)
Path Group: clk
Path Type: max

Fanout         Cap        Slew       Delay        Time   Description
---------------------------------------------------------------------------------------------
                      0.000000    0.000000    0.000000   clock clk (rise edge)
                                  0.000000    0.000000   clock network delay (ideal)
                                  5.000000    5.000000 ^ input external delay
     1    0.003756    0.038658    0.020834    5.020834 ^ amt[1] (in)
                                                         amt[1] (net)
                      0.038658    0.000000    5.020834 ^ input2/A (sky130_fd_sc_hd__clkbuf_1)
     1    0.003155    0.078604    0.140981    5.161815 ^ input2/X (sky130_fd_sc_hd__clkbuf_1)
                                                         net2 (net)
                      0.078604    0.000095    5.161910 ^ fanout30/A (sky130_fd_sc_hd__buf_1)
     5    0.020049    0.385432    0.379744    5.541654 ^ fanout30/X (sky130_fd_sc_hd__buf_1)
                                                         net30 (net)
                      0.385433    0.000437    5.542090 ^ fanout29/A (sky130_fd_sc_hd__buf_2)
    10    0.037663    0.298489    0.495589    6.037680 ^ fanout29/X (sky130_fd_sc_hd__buf_2)
                                                         net29 (net)
                      0.298489    0.000402    6.038082 ^ fanout28/A (sky130_fd_sc_hd__clkbuf_2)
    10    0.026521    0.232643    0.408261    6.446342 ^ fanout28/X (sky130_fd_sc_hd__clkbuf_2)
                                                         net28 (net)
                      0.232643    0.000858    6.447200 ^ _064_/B (sky130_fd_sc_hd__nor3b_1)
     3    0.008786    0.118672    0.190969    6.638169 v _064_/Y (sky130_fd_sc_hd__nor3b_1)
                                                         _008_ (net)
                      0.118672    0.000223    6.638393 v max_cap20/A (sky130_fd_sc_hd__clkbuf_2)
     5    0.018923    0.140570    0.285433    6.923826 v max_cap20/X (sky130_fd_sc_hd__clkbuf_2)
                                                         net20 (net)
                      0.140570    0.000543    6.924369 v _072_/B1 (sky130_fd_sc_hd__a221o_1)
     1    0.002713    0.090800    0.562987    7.487357 v _072_/X (sky130_fd_sc_hd__a221o_1)
                                                         _015_ (net)
                      0.090800    0.000054    7.487411 v _074_/B1 (sky130_fd_sc_hd__o22a_1)
     1    0.002778    0.082890    0.347009    7.834420 v _074_/X (sky130_fd_sc_hd__o22a_1)
                                                         net13 (net)
                      0.082890    0.000083    7.834502 v output13/A (sky130_fd_sc_hd__buf_2)
     1    0.034318    0.166090    0.350677    8.185179 v output13/X (sky130_fd_sc_hd__buf_2)
                                                         result[1] (net)
                      0.166090    0.000733    8.185912 v result[1] (out)
                                              8.185912   data arrival time

                      0.000000   25.000000   25.000000   clock clk (rise edge)
                                  0.000000   25.000000   clock network delay (ideal)
                                 -0.250000   24.750000   clock uncertainty
                                  0.000000   24.750000   clock reconvergence pessimism
                                 -5.000000   19.750000   output external delay
                                             19.750000   data required time
---------------------------------------------------------------------------------------------
                                             19.750000   data required time
                                             -8.185912   data arrival time
---------------------------------------------------------------------------------------------
                                             11.564088   slack (MET)



%OL_END_REPORT
%OL_CREATE_REPORT checks.rpt

===========================================================================
report_checks -unconstrained
===========================================================================
======================= nom_ss_100C_1v60 Corner ===================================

Startpoint: amt[1] (input port clocked by clk)
Endpoint: result[5] (output port clocked by clk)
Path Group: clk
Path Type: max

Fanout         Cap        Slew       Delay        Time   Description
---------------------------------------------------------------------------------------------
                      0.000000    0.000000    0.000000   clock clk (rise edge)
                                  0.000000    0.000000   clock network delay (ideal)
                                  5.000000    5.000000 ^ input external delay
     1    0.003756    0.038658    0.020834    5.020834 ^ amt[1] (in)
                                                         amt[1] (net)
                      0.038658    0.000000    5.020834 ^ input2/A (sky130_fd_sc_hd__clkbuf_1)
     1    0.003155    0.078604    0.140981    5.161815 ^ input2/X (sky130_fd_sc_hd__clkbuf_1)
                                                         net2 (net)
                      0.078604    0.000095    5.161910 ^ fanout30/A (sky130_fd_sc_hd__buf_1)
     5    0.020049    0.385432    0.379744    5.541654 ^ fanout30/X (sky130_fd_sc_hd__buf_1)
                                                         net30 (net)
                      0.385434    0.000613    5.542267 ^ fanout27/A (sky130_fd_sc_hd__buf_1)
     6    0.015761    0.305937    0.428452    5.970719 ^ fanout27/X (sky130_fd_sc_hd__buf_1)
                                                         net27 (net)
                      0.305937    0.000332    5.971051 ^ _099_/B_N (sky130_fd_sc_hd__and4bb_1)
     1    0.001986    0.069314    0.498332    6.469383 v _099_/X (sky130_fd_sc_hd__and4bb_1)
                                                         _038_ (net)
                      0.069314    0.000058    6.469441 v _103_/A (sky130_fd_sc_hd__or4_1)
     1    0.003330    0.182076    1.214191    7.683633 v _103_/X (sky130_fd_sc_hd__or4_1)
                                                         _042_ (net)
                      0.182076    0.000101    7.683734 v _104_/A3 (sky130_fd_sc_hd__o32a_1)
     1    0.003155    0.116099    0.569445    8.253179 v _104_/X (sky130_fd_sc_hd__o32a_1)
                                                         net17 (net)
                      0.116099    0.000097    8.253276 v output17/A (sky130_fd_sc_hd__buf_2)
     1    0.035433    0.170530    0.370306    8.623582 v output17/X (sky130_fd_sc_hd__buf_2)
                                                         result[5] (net)
                      0.170530    0.000670    8.624251 v result[5] (out)
                                              8.624251   data arrival time

                      0.000000   25.000000   25.000000   clock clk (rise edge)
                                  0.000000   25.000000   clock network delay (ideal)
                                 -0.250000   24.750000   clock uncertainty
                                  0.000000   24.750000   clock reconvergence pessimism
                                 -5.000000   19.750000   output external delay
                                             19.750000   data required time
---------------------------------------------------------------------------------------------
                                             19.750000   data required time
                                             -8.624251   data arrival time
---------------------------------------------------------------------------------------------
                                             11.125748   slack (MET)




===========================================================================
report_checks --slack_max -0.01
============================================================================
======================= nom_ss_100C_1v60 Corner ===================================

No paths found.


===========================================================================
 report_check_types -max_slew -max_cap -max_fanout -violators
============================================================================
======================= nom_ss_100C_1v60 Corner ===================================



===========================================================================
report_parasitic_annotation -report_unannotated
============================================================================
Found 0 unannotated drivers.
Found 0 partially unannotated drivers.

===========================================================================
max slew violation count 0
%OL_METRIC_I design__max_slew_violation__count__corner:nom_ss_100C_1v60 0
max fanout violation count 0
%OL_METRIC_I design__max_fanout_violation__count__corner:nom_ss_100C_1v60 0
max cap violation count 0
%OL_METRIC_I design__max_cap_violation__count__corner:nom_ss_100C_1v60 0
============================================================================

===========================================================================
check_setup -verbose -unconstrained_endpoints -multiple_clock -no_clock -no_input_delay -loops -generated_clocks
===========================================================================
%OL_END_REPORT
%OL_CREATE_REPORT power.rpt

===========================================================================
 report_power
============================================================================
======================= nom_ss_100C_1v60 Corner ===================================

Group                    Internal    Switching      Leakage        Total
                            Power        Power        Power        Power (Watts)
------------------------------------------------------------------------
Sequential           0.000000e+00 0.000000e+00 0.000000e+00 0.000000e+00   0.0%
Combinational        5.638645e-06 8.317213e-06 5.810505e-07 1.453691e-05 100.0%
Clock                0.000000e+00 0.000000e+00 3.306040e-10 3.306040e-10   0.0%
Macro                0.000000e+00 0.000000e+00 0.000000e+00 0.000000e+00   0.0%
Pad                  0.000000e+00 0.000000e+00 0.000000e+00 0.000000e+00   0.0%
------------------------------------------------------------------------
Total                5.638645e-06 8.317213e-06 5.813811e-07 1.453724e-05 100.0%
                            38.8%        57.2%         4.0%
%OL_METRIC_F power__internal__total 5.6386452342849225e-6
%OL_METRIC_F power__switching__total 8.317212632391602e-6
%OL_METRIC_F power__leakage__total 5.813811299049121e-7
%OL_METRIC_F power__total 1.4537238712364342e-5

%OL_END_REPORT
%OL_CREATE_REPORT skew.min.rpt

===========================================================================
Clock Skew (Hold)
============================================================================
%OL_METRIC_F clock__skew__worst_hold__corner:nom_ss_100C_1v60 0.0
======================= nom_ss_100C_1v60 Corner ===================================

Clock clk
No launch/capture paths found.

%OL_END_REPORT
%OL_CREATE_REPORT skew.max.rpt

===========================================================================
Clock Skew (Setup)
============================================================================
%OL_METRIC_F clock__skew__worst_setup__corner:nom_ss_100C_1v60 0.0
======================= nom_ss_100C_1v60 Corner ===================================

Clock clk
No launch/capture paths found.

%OL_END_REPORT
%OL_CREATE_REPORT ws.min.rpt

===========================================================================
Worst Slack (Hold)
============================================================================
%OL_METRIC_F timing__hold__ws__corner:nom_ss_100C_1v60 10.71513308410306
nom_ss_100C_1v60: 10.71513308410306
%OL_END_REPORT
%OL_CREATE_REPORT ws.max.rpt

===========================================================================
Worst Slack (Setup)
============================================================================
%OL_METRIC_F timing__setup__ws__corner:nom_ss_100C_1v60 11.12574774910602
nom_ss_100C_1v60: 11.12574774910602
%OL_END_REPORT
%OL_CREATE_REPORT tns.min.rpt

===========================================================================
Total Negative Slack (Hold)
============================================================================
%OL_METRIC_F timing__hold__tns__corner:nom_ss_100C_1v60 0.0
nom_ss_100C_1v60: 0.0
%OL_END_REPORT
%OL_CREATE_REPORT tns.max.rpt

===========================================================================
Total Negative Slack (Setup)
============================================================================
%OL_METRIC_F timing__setup__tns__corner:nom_ss_100C_1v60 0.0
nom_ss_100C_1v60: 0.0
%OL_END_REPORT
%OL_CREATE_REPORT wns.min.rpt

===========================================================================
Worst Negative Slack (Hold)
============================================================================
%OL_METRIC_F timing__hold__wns__corner:nom_ss_100C_1v60 0
nom_ss_100C_1v60: 0
%OL_END_REPORT
%OL_CREATE_REPORT wns.max.rpt

===========================================================================
Worst Negative Slack (Setup)
============================================================================
%OL_METRIC_F timing__setup__wns__corner:nom_ss_100C_1v60 0.0
nom_ss_100C_1v60: 0.0
%OL_END_REPORT
%OL_CREATE_REPORT violator_list.rpt

===========================================================================
Violator List
============================================================================
%OL_METRIC_I timing__hold_vio__count__corner:nom_ss_100C_1v60 0
%OL_METRIC_F timing__hold_r2r__ws__corner:nom_ss_100C_1v60 inf
%OL_METRIC_I timing__hold_r2r_vio__count__corner:nom_ss_100C_1v60 0
%OL_METRIC_I timing__setup_vio__count__corner:nom_ss_100C_1v60 0
%OL_METRIC_F timing__setup_r2r__ws__corner:nom_ss_100C_1v60 inf
%OL_METRIC_I timing__setup_r2r_vio__count__corner:nom_ss_100C_1v60 0
%OL_END_REPORT
%OL_CREATE_REPORT unpropagated.rpt
clk
%OL_END_REPORT
%OL_CREATE_REPORT clock.rpt
Clock: clk
Sources: 
Generated: no
Virtual: yes
Propagated: no
Period: 25.000000

===========================================================================
report_clock_properties
============================================================================
Clock                   Period          Waveform
----------------------------------------------------
clk                  25.000000    0.000000 12.500000

===========================================================================
report_clock_latency
============================================================================
Clock clk


===========================================================================
report_clock_min_period
============================================================================
clk period_min = 0.00 fmax = inf
%OL_END_REPORT
Writing SDF files for all corners…
Removing Clock latencies before writing libs…
Writing timing models for all corners…
Writing timing models for the nom_ss_100C_1v60 corner to /foss/designs/ece429-tt-design-project/src/runs/RUN_2026-05-16_00-55-12/54-openroad-stapostpnr/nom_ss_100C_1v60/barrelShifter__nom_ss_100C_1v60.lib…
