Reading OpenROAD database at '/foss/designs/ece429-tt-design-project/src/runs/RUN_2026-05-16_00-56-15/38-openroad-globalrouting/pcInc.odb'…
Reading library file at '/foss/pdks/sky130A/libs.ref/sky130_fd_sc_hd/lib/sky130_fd_sc_hd__tt_025C_1v80.lib'…
Reading design constraints file at '/usr/local/lib/python3.12/dist-packages/librelane/scripts/base.sdc'…
[WARNING STA-0366] port 'clk' not found.
[INFO] Using clock clk…
[INFO] Setting output delay to: 5
[INFO] Setting input delay to: 5
[WARNING STA-0366] port 'clk' not found.
[INFO] Setting load to: 0.033442
[INFO] Setting clock uncertainty to: 0.25
[INFO] Setting clock transition to: 0.1499999999999999944488848768742172978818416595458984375
[WARNING STA-0419] transition time can not be specified for virtual clocks.
[INFO] Setting timing derate to: 5%
[WARNING STA-0450] virtual clock clk can not be propagated.
[WARNING STA-0450] virtual clock clk can not be propagated.
[INFO] Setting signal min routing layer to: met1 and clock min routing layer to met1. 
[INFO] Setting signal max routing layer to: met5 and clock max routing layer to met5. 
-congestion_iterations 50 -verbose
[INFO GRT-0020] Min routing layer: met1
[INFO GRT-0021] Max routing layer: met5
[INFO GRT-0022] Global adjustment: 30%
[INFO GRT-0023] Grid origin: (0, 0)
[INFO GRT-0043] No OR_DEFAULT vias defined.
[INFO GRT-0088] Layer li1     Track-Pitch = 0.4600  line-2-Via Pitch: 0.3400
[INFO GRT-0088] Layer met1    Track-Pitch = 0.3400  line-2-Via Pitch: 0.3400
[INFO GRT-0088] Layer met2    Track-Pitch = 0.4600  line-2-Via Pitch: 0.3500
[INFO GRT-0088] Layer met3    Track-Pitch = 0.6800  line-2-Via Pitch: 0.6150
[INFO GRT-0088] Layer met4    Track-Pitch = 0.9200  line-2-Via Pitch: 1.0400
[INFO GRT-0088] Layer met5    Track-Pitch = 3.4000  line-2-Via Pitch: 3.1100
[INFO GRT-0019] Found 0 clock nets.
[INFO GRT-0001] Minimum degree: 2
[INFO GRT-0002] Maximum degree: 9
[INFO GRT-0003] Macros: 0
[INFO GRT-0043] No OR_DEFAULT vias defined.
[INFO GRT-0004] Blockages: 0

[INFO GRT-0053] Routing resources analysis:
          Routing      Original      Derated      Resource
Layer     Direction    Resources     Resources    Reduction (%)
---------------------------------------------------------------
li1        Vertical            0             0          0.00%
met1       Horizontal        968           470          51.45%
met2       Vertical          846           476          43.74%
met3       Horizontal        484           290          40.08%
met4       Vertical          356           188          47.19%
met5       Horizontal         92            40          56.52%
---------------------------------------------------------------

[INFO GRT-0197] Via related to pin nodes: 602
[INFO GRT-0198] Via related Steiner nodes: 2
[INFO GRT-0199] Via filling finished.
[INFO GRT-0111] Final number of vias: 748
[INFO GRT-0112] Final usage 3D: 2495

[INFO GRT-0096] Final congestion report:
Layer         Resource        Demand        Usage (%)    Max H / Max V / Total Overflow
---------------------------------------------------------------------------------------
li1                  0             0            0.00%             0 /  0 /  0
met1               470            90           19.15%             0 /  0 /  0
met2               476           152           31.93%             0 /  0 /  0
met3               290             9            3.10%             0 /  0 /  0
met4               188             0            0.00%             0 /  0 /  0
met5                40             0            0.00%             0 /  0 /  0
---------------------------------------------------------------------------------------
Total             1464           251           17.14%             0 /  0 /  0

[INFO GRT-0018] Total wirelength: 3208 um
[INFO GRT-0014] Routed nets: 165
[INFO GRT-0006] Repairing antennas, iteration 1.
[INFO GRT-0043] No OR_DEFAULT vias defined.
[INFO GRT-0012] Found 0 antenna violations.
Placement Analysis
---------------------------------
total displacement          0.0 u
average displacement        0.0 u
max displacement            0.0 u
original HPWL            1970.1 u
legalized HPWL           2044.8 u
delta HPWL                    4 %

[INFO DPL-0020] Mirrored 58 instances
[INFO DPL-0021] HPWL before            2044.8 u
[INFO DPL-0022] HPWL after             1970.1 u
[INFO DPL-0023] HPWL delta               -3.7 %
-congestion_iterations 50 -verbose
[INFO GRT-0020] Min routing layer: met1
[INFO GRT-0021] Max routing layer: met5
[INFO GRT-0022] Global adjustment: 30%
[INFO GRT-0023] Grid origin: (0, 0)
[INFO GRT-0043] No OR_DEFAULT vias defined.
[INFO GRT-0088] Layer li1     Track-Pitch = 0.4600  line-2-Via Pitch: 0.3400
[INFO GRT-0088] Layer met1    Track-Pitch = 0.3400  line-2-Via Pitch: 0.3400
[INFO GRT-0088] Layer met2    Track-Pitch = 0.4600  line-2-Via Pitch: 0.3500
[INFO GRT-0088] Layer met3    Track-Pitch = 0.6800  line-2-Via Pitch: 0.6150
[INFO GRT-0088] Layer met4    Track-Pitch = 0.9200  line-2-Via Pitch: 1.0400
[INFO GRT-0088] Layer met5    Track-Pitch = 3.4000  line-2-Via Pitch: 3.1100
[INFO GRT-0019] Found 0 clock nets.
[INFO GRT-0001] Minimum degree: 2
[INFO GRT-0002] Maximum degree: 9
[INFO GRT-0003] Macros: 0
[INFO GRT-0043] No OR_DEFAULT vias defined.
[INFO GRT-0004] Blockages: 0

[INFO GRT-0053] Routing resources analysis:
          Routing      Original      Derated      Resource
Layer     Direction    Resources     Resources    Reduction (%)
---------------------------------------------------------------
li1        Vertical            0             0          0.00%
met1       Horizontal        968           470          51.45%
met2       Vertical          846           476          43.74%
met3       Horizontal        484           290          40.08%
met4       Vertical          356           188          47.19%
met5       Horizontal         92            40          56.52%
---------------------------------------------------------------

[INFO GRT-0197] Via related to pin nodes: 602
[INFO GRT-0198] Via related Steiner nodes: 2
[INFO GRT-0199] Via filling finished.
[INFO GRT-0111] Final number of vias: 748
[INFO GRT-0112] Final usage 3D: 2495

[INFO GRT-0096] Final congestion report:
Layer         Resource        Demand        Usage (%)    Max H / Max V / Total Overflow
---------------------------------------------------------------------------------------
li1                  0             0            0.00%             0 /  0 /  0
met1               470            90           19.15%             0 /  0 /  0
met2               476           152           31.93%             0 /  0 /  0
met3               290             9            3.10%             0 /  0 /  0
met4               188             0            0.00%             0 /  0 /  0
met5                40             0            0.00%             0 /  0 /  0
---------------------------------------------------------------------------------------
Total             1464           251           17.14%             0 /  0 /  0

[INFO GRT-0018] Total wirelength: 3208 um
[INFO GRT-0014] Routed nets: 165
[INFO] Setting RC values…
Setting global connections for newly added cells…
[INFO] Setting global connections...
Updating metrics…
Cell type report:                       Count       Area
  Fill cell                                26      97.59
  Tap cell                                 15      18.77
  Buffer                                    2       7.51
  Timing Repair Buffer                     62     281.52
  Inverter                                  1       3.75
  Multi-Input combinational cell           68     454.19
  Total                                   174     863.33
Writing OpenROAD database to '/foss/designs/ece429-tt-design-project/src/runs/RUN_2026-05-16_00-56-15/41-openroad-repairantennas/1-diodeinsertion/pcInc.odb'…
Writing layout to '/foss/designs/ece429-tt-design-project/src/runs/RUN_2026-05-16_00-56-15/41-openroad-repairantennas/1-diodeinsertion/pcInc.def'…
