
===========================================================================
report_checks -unconstrained
===========================================================================
======================= nom_ss_100C_1v60 Corner ===================================

Startpoint: pcInput[3] (input port clocked by clk)
Endpoint: res[31] (output port clocked by clk)
Path Group: clk
Path Type: max

Fanout         Cap        Slew       Delay        Time   Description
---------------------------------------------------------------------------------------------
                      0.000000    0.000000    0.000000   clock clk (rise edge)
                                  0.000000    0.000000   clock network delay (ideal)
                                  5.000000    5.000000 ^ input external delay
     1    0.005314    0.049327    0.029079    5.029079 ^ pcInput[3] (in)
                                                         pcInput[3] (net)
                      0.049328    0.000000    5.029079 ^ input24/A (sky130_fd_sc_hd__buf_1)
     4    0.013105    0.257568    0.275239    5.304318 ^ input24/X (sky130_fd_sc_hd__buf_1)
                                                         net24 (net)
                      0.257568    0.000329    5.304647 ^ _041_/D (sky130_fd_sc_hd__and4_2)
     8    0.025777    0.268229    0.711163    6.015810 ^ _041_/X (sky130_fd_sc_hd__and4_2)
                                                         _013_ (net)
                      0.268229    0.000511    6.016321 ^ _044_/C (sky130_fd_sc_hd__and4_2)
     7    0.019767    0.224654    0.666917    6.683238 ^ _044_/X (sky130_fd_sc_hd__and4_2)
                                                         _016_ (net)
                      0.224654    0.000651    6.683889 ^ _051_/A (sky130_fd_sc_hd__and4_2)
     8    0.024958    0.262353    0.650479    7.334368 ^ _051_/X (sky130_fd_sc_hd__and4_2)
                                                         _023_ (net)
                      0.262353    0.000662    7.335029 ^ _070_/B (sky130_fd_sc_hd__and4_2)
     8    0.025188    0.263986    0.688294    8.023324 ^ _070_/X (sky130_fd_sc_hd__and4_2)
                                                         _034_ (net)
                      0.263986    0.000725    8.024048 ^ _082_/C (sky130_fd_sc_hd__and4_1)
     1    0.004761    0.127726    0.472774    8.496822 ^ _082_/X (sky130_fd_sc_hd__and4_1)
                                                         _002_ (net)
                      0.127726    0.000095    8.496917 ^ _084_/B (sky130_fd_sc_hd__xor2_1)
     1    0.002664    0.179198    0.262773    8.759690 ^ _084_/X (sky130_fd_sc_hd__xor2_1)
                                                         net55 (net)
                      0.179198    0.000080    8.759770 ^ output55/A (sky130_fd_sc_hd__buf_2)
     1    0.034448    0.273703    0.395506    9.155276 ^ output55/X (sky130_fd_sc_hd__buf_2)
                                                         res[31] (net)
                      0.273703    0.000769    9.156045 ^ res[31] (out)
                                              9.156045   data arrival time

                      0.000000   25.000000   25.000000   clock clk (rise edge)
                                  0.000000   25.000000   clock network delay (ideal)
                                 -0.250000   24.750000   clock uncertainty
                                  0.000000   24.750000   clock reconvergence pessimism
                                 -5.000000   19.750000   output external delay
                                             19.750000   data required time
---------------------------------------------------------------------------------------------
                                             19.750000   data required time
                                             -9.156045   data arrival time
---------------------------------------------------------------------------------------------
                                             10.593954   slack (MET)




===========================================================================
report_checks --slack_max -0.01
============================================================================
======================= nom_ss_100C_1v60 Corner ===================================

No paths found.


===========================================================================
 report_check_types -max_slew -max_cap -max_fanout -violators
============================================================================
======================= nom_ss_100C_1v60 Corner ===================================



===========================================================================
report_parasitic_annotation -report_unannotated
============================================================================
Found 0 unannotated drivers.
Found 0 partially unannotated drivers.

===========================================================================
max slew violation count 0
max fanout violation count 0
max cap violation count 0
============================================================================

===========================================================================
check_setup -verbose -unconstrained_endpoints -multiple_clock -no_clock -no_input_delay -loops -generated_clocks
===========================================================================
