Reading OpenROAD database at '/foss/designs/ece429-tt-design-project/src/runs/RUN_2026-05-16_00-53-55/18-openroad-tapendcapinsertion/alu.odb'…
Reading library file at '/foss/pdks/sky130A/libs.ref/sky130_fd_sc_hd/lib/sky130_fd_sc_hd__tt_025C_1v80.lib'…
Reading design constraints file at '/usr/local/lib/python3.12/dist-packages/librelane/scripts/base.sdc'…
[WARNING STA-0366] port 'clk' not found.
[INFO] Using clock clk…
[INFO] Setting output delay to: 5
[INFO] Setting input delay to: 5
[WARNING STA-0366] port 'clk' not found.
[INFO] Setting load to: 0.033442
[INFO] Setting clock uncertainty to: 0.25
[INFO] Setting clock transition to: 0.1499999999999999944488848768742172978818416595458984375
[WARNING STA-0419] transition time can not be specified for virtual clocks.
[INFO] Setting timing derate to: 5%
[WARNING STA-0450] virtual clock clk can not be propagated.
[INFO] Setting global connections...
[INFO PDN-0001] Inserting grid: stdcell_grid
Setting global connections for newly added cells…
[INFO] Setting global connections...
Updating metrics…
Cell type report:                       Count       Area
  Fill cell                                36     135.13
  Tap cell                                 30      37.54
  Multi-Input combinational cell          135    1247.45
  Total                                   201    1420.11
Writing OpenROAD database to '/foss/designs/ece429-tt-design-project/src/runs/RUN_2026-05-16_00-53-55/20-openroad-generatepdn/alu.odb'…
Writing netlist to '/foss/designs/ece429-tt-design-project/src/runs/RUN_2026-05-16_00-53-55/20-openroad-generatepdn/alu.nl.v'…
Writing powered netlist to '/foss/designs/ece429-tt-design-project/src/runs/RUN_2026-05-16_00-53-55/20-openroad-generatepdn/alu.pnl.v'…
Writing layout to '/foss/designs/ece429-tt-design-project/src/runs/RUN_2026-05-16_00-53-55/20-openroad-generatepdn/alu.def'…
Writing timing constraints to '/foss/designs/ece429-tt-design-project/src/runs/RUN_2026-05-16_00-53-55/20-openroad-generatepdn/alu.sdc'…
[INFO PSM-0040] All shapes on net VPWR are connected.
[INFO PSM-0040] All shapes on net VGND are connected.
