Reading OpenROAD database at '/foss/designs/ece429-tt-design-project/src/runs/RUN_2026-05-16_00-56-15/20-openroad-generatepdn/pcInc.odb'…
Reading library file at '/foss/pdks/sky130A/libs.ref/sky130_fd_sc_hd/lib/sky130_fd_sc_hd__tt_025C_1v80.lib'…
Reading design constraints file at '/usr/local/lib/python3.12/dist-packages/librelane/scripts/base.sdc'…
[WARNING STA-0366] port 'clk' not found.
[INFO] Using clock clk…
[INFO] Setting output delay to: 5
[INFO] Setting input delay to: 5
[WARNING STA-0366] port 'clk' not found.
[INFO] Setting load to: 0.033442
[INFO] Setting clock uncertainty to: 0.25
[INFO] Setting clock transition to: 0.1499999999999999944488848768742172978818416595458984375
[WARNING STA-0419] transition time can not be specified for virtual clocks.
[INFO] Setting timing derate to: 5%
[WARNING STA-0450] virtual clock clk can not be propagated.
+ global_placement -density 0.629586 -skip_io -pad_right 0 -pad_left 0 -init_wirelength_coef 0.25
[INFO GPL-0002] DBU: 1000
[INFO GPL-0003] SiteSize: (  0.460  2.720 ) um
[INFO GPL-0004] CoreBBox: (  5.520 10.880 ) ( 41.400 46.240 ) um
[INFO GPL-0006] NumInstances:               112
[INFO GPL-0007] NumPlaceInstances:           71
[INFO GPL-0008] NumFixedInstances:           41
[INFO GPL-0009] NumDummyInstances:            0
[INFO GPL-0010] NumNets:                    103
[INFO GPL-0011] NumPins:                    254
[INFO GPL-0012] DieBBox:  (  0.000  0.000 ) ( 47.180 57.900 ) um
[INFO GPL-0013] CoreBBox: (  5.520 10.880 ) ( 41.400 46.240 ) um
[INFO GPL-0016] CoreArea:              1268.717 um^2
[INFO GPL-0017] NonPlaceInstsArea:      116.362 um^2
[INFO GPL-0018] PlaceInstsArea:         653.126 um^2
[INFO GPL-0019] Util:                    56.678 %
[INFO GPL-0020] StdInstsArea:           653.126 um^2
[INFO GPL-0021] MacroInstsArea:           0.000 um^2
[INFO GPL-0031] FillerInit:NumGCells:        79
[INFO GPL-0032] FillerInit:NumGNets:        103
[INFO GPL-0033] FillerInit:NumGPins:        254
[INFO GPL-0023] TargetDensity:            0.630
[INFO GPL-0024] AvrgPlaceInstArea:        9.199 um^2
[INFO GPL-0025] IdealBinArea:            14.611 um^2
[INFO GPL-0026] IdealBinCnt:                 86
[INFO GPL-0027] TotalBinArea:          1268.717 um^2
[INFO GPL-0028] BinCnt:         8      8
[INFO GPL-0029] BinSize: (  4.485  4.420 )
[INFO GPL-0030] NumBins: 64
[NesterovSolve] Iter:    1 overflow: 0.923 HPWL: 115583
[NesterovSolve] Iter:   10 overflow: 0.920 HPWL: 92564
[NesterovSolve] Iter:   20 overflow: 0.918 HPWL: 92435
[NesterovSolve] Iter:   30 overflow: 0.914 HPWL: 92276
[NesterovSolve] Iter:   40 overflow: 0.909 HPWL: 92167
[NesterovSolve] Iter:   50 overflow: 0.902 HPWL: 92096
[NesterovSolve] Iter:   60 overflow: 0.895 HPWL: 92086
[NesterovSolve] Iter:   70 overflow: 0.889 HPWL: 92135
[NesterovSolve] Iter:   80 overflow: 0.882 HPWL: 92393
[NesterovSolve] Iter:   90 overflow: 0.872 HPWL: 92755
[NesterovSolve] Iter:  100 overflow: 0.859 HPWL: 92874
[NesterovSolve] Iter:  110 overflow: 0.845 HPWL: 94085
[NesterovSolve] Iter:  120 overflow: 0.829 HPWL: 97847
[NesterovSolve] Iter:  130 overflow: 0.780 HPWL: 104190
[NesterovSolve] Iter:  140 overflow: 0.733 HPWL: 109117
[NesterovSolve] Iter:  150 overflow: 0.724 HPWL: 111603
[NesterovSolve] Iter:  160 overflow: 0.718 HPWL: 113190
[NesterovSolve] Iter:  170 overflow: 0.704 HPWL: 121551
[NesterovSolve] Iter:  180 overflow: 0.651 HPWL: 133456
[NesterovSolve] Iter:  190 overflow: 0.626 HPWL: 141802
[NesterovSolve] Iter:  200 overflow: 0.601 HPWL: 149533
[NesterovSolve] Iter:  210 overflow: 0.561 HPWL: 163357
[NesterovSolve] Iter:  220 overflow: 0.525 HPWL: 168750
[NesterovSolve] Iter:  230 overflow: 0.474 HPWL: 177918
[NesterovSolve] Iter:  240 overflow: 0.441 HPWL: 200917
[NesterovSolve] Iter:  250 overflow: 0.412 HPWL: 215383
[NesterovSolve] Iter:  260 overflow: 0.386 HPWL: 236296
[NesterovSolve] Iter:  270 overflow: 0.345 HPWL: 252715
[NesterovSolve] Iter:  280 overflow: 0.312 HPWL: 273979
[NesterovSolve] Iter:  290 overflow: 0.286 HPWL: 282079
[NesterovSolve] Iter:  300 overflow: 0.262 HPWL: 290839
[NesterovSolve] Iter:  310 overflow: 0.250 HPWL: 298833
[NesterovSolve] Iter:  320 overflow: 0.232 HPWL: 308809
[NesterovSolve] Iter:  330 overflow: 0.199 HPWL: 320519
[NesterovSolve] Iter:  340 overflow: 0.163 HPWL: 317314
[NesterovSolve] Iter:  350 overflow: 0.140 HPWL: 323574
[NesterovSolve] Iter:  360 overflow: 0.107 HPWL: 335029
[NesterovSolve] Finished with Overflow: 0.099345
[INFO] Setting RC values…
Setting global connections for newly added cells…
[INFO] Setting global connections...
Updating metrics…
Cell type report:                       Count       Area
  Fill cell                                26      97.59
  Tap cell                                 15      18.77
  Buffer                                    2      10.01
  Inverter                                  1       3.75
  Multi-Input combinational cell           68     639.36
  Total                                   112     769.49
Writing OpenROAD database to '/foss/designs/ece429-tt-design-project/src/runs/RUN_2026-05-16_00-56-15/23-openroad-globalplacementskipio/pcInc.odb'…
Writing netlist to '/foss/designs/ece429-tt-design-project/src/runs/RUN_2026-05-16_00-56-15/23-openroad-globalplacementskipio/pcInc.nl.v'…
Writing powered netlist to '/foss/designs/ece429-tt-design-project/src/runs/RUN_2026-05-16_00-56-15/23-openroad-globalplacementskipio/pcInc.pnl.v'…
Writing layout to '/foss/designs/ece429-tt-design-project/src/runs/RUN_2026-05-16_00-56-15/23-openroad-globalplacementskipio/pcInc.def'…
Writing timing constraints to '/foss/designs/ece429-tt-design-project/src/runs/RUN_2026-05-16_00-56-15/23-openroad-globalplacementskipio/pcInc.sdc'…
