
===========================================================================
report_checks -unconstrained
===========================================================================
======================= min_ff_n40C_1v95 Corner ===================================

Startpoint: data2[6] (input port clocked by clk)
Endpoint: z (output port clocked by clk)
Path Group: clk
Path Type: max

Fanout         Cap        Slew       Delay        Time   Description
---------------------------------------------------------------------------------------------
                      0.000000    0.000000    0.000000   clock clk (rise edge)
                                  0.000000    0.000000   clock network delay (ideal)
                                  5.000000    5.000000 ^ input external delay
     1    0.003037    0.014763    0.007847    5.007847 ^ data2[6] (in)
                                                         data2[6] (net)
                      0.014763    0.000000    5.007847 ^ input15/A (sky130_fd_sc_hd__clkbuf_1)
     1    0.003467    0.037574    0.051945    5.059793 ^ input15/X (sky130_fd_sc_hd__clkbuf_1)
                                                         net15 (net)
                      0.037574    0.000045    5.059837 ^ fanout40/A (sky130_fd_sc_hd__dlymetal6s2s_1)
     6    0.019409    0.160655    0.149095    5.208932 ^ fanout40/X (sky130_fd_sc_hd__dlymetal6s2s_1)
                                                         net40 (net)
                      0.160655    0.000113    5.209045 ^ fanout39/A (sky130_fd_sc_hd__clkbuf_2)
    10    0.028178    0.121037    0.154798    5.363843 ^ fanout39/X (sky130_fd_sc_hd__clkbuf_2)
                                                         net39 (net)
                      0.121037    0.000299    5.364142 ^ _151_/B (sky130_fd_sc_hd__nor3b_1)
     2    0.008530    0.055371    0.057676    5.421818 v _151_/Y (sky130_fd_sc_hd__nor3b_1)
                                                         _082_ (net)
                      0.055371    0.000103    5.421920 v max_cap33/A (sky130_fd_sc_hd__clkbuf_2)
     6    0.020315    0.057532    0.111357    5.533278 v max_cap33/X (sky130_fd_sc_hd__clkbuf_2)
                                                         net33 (net)
                      0.057532    0.000186    5.533463 v _203_/A2 (sky130_fd_sc_hd__a22o_1)
     1    0.001821    0.022735    0.120016    5.653480 v _203_/X (sky130_fd_sc_hd__a22o_1)
                                                         _005_ (net)
                      0.022735    0.000016    5.653496 v _207_/A (sky130_fd_sc_hd__or4_1)
     1    0.004447    0.061299    0.300180    5.953676 v _207_/X (sky130_fd_sc_hd__or4_1)
                                                         _009_ (net)
                      0.061299    0.000069    5.953745 v _208_/C1 (sky130_fd_sc_hd__o211a_1)
     1    0.002878    0.028241    0.076634    6.030379 v _208_/X (sky130_fd_sc_hd__o211a_1)
                                                         _010_ (net)
                      0.028241    0.000030    6.030409 v _213_/A1 (sky130_fd_sc_hd__o32a_1)
     2    0.005739    0.047021    0.207061    6.237470 v _213_/X (sky130_fd_sc_hd__o32a_1)
                                                         net21 (net)
                      0.047021    0.000069    6.237539 v _257_/A1 (sky130_fd_sc_hd__o21ba_1)
     1    0.002653    0.025052    0.115858    6.353397 v _257_/X (sky130_fd_sc_hd__o21ba_1)
                                                         _054_ (net)
                      0.025052    0.000015    6.353412 v _258_/B (sky130_fd_sc_hd__nor2_1)
     1    0.004284    0.070052    0.065754    6.419166 ^ _258_/Y (sky130_fd_sc_hd__nor2_1)
                                                         _055_ (net)
                      0.070052    0.000068    6.419233 ^ _259_/B2 (sky130_fd_sc_hd__o2bb2a_1)
     1    0.002567    0.031604    0.084661    6.503894 ^ _259_/X (sky130_fd_sc_hd__o2bb2a_1)
                                                         _056_ (net)
                      0.031604    0.000031    6.503925 ^ _260_/B1 (sky130_fd_sc_hd__o2bb2a_1)
     1    0.002245    0.029503    0.081139    6.585064 ^ _260_/X (sky130_fd_sc_hd__o2bb2a_1)
                                                         net28 (net)
                      0.029503    0.000020    6.585084 ^ output28/A (sky130_fd_sc_hd__buf_2)
     1    0.034136    0.127725    0.136724    6.721808 ^ output28/X (sky130_fd_sc_hd__buf_2)
                                                         z (net)
                      0.127726    0.000251    6.722060 ^ z (out)
                                              6.722060   data arrival time

                      0.000000   25.000000   25.000000   clock clk (rise edge)
                                  0.000000   25.000000   clock network delay (ideal)
                                 -0.250000   24.750000   clock uncertainty
                                  0.000000   24.750000   clock reconvergence pessimism
                                 -5.000000   19.750000   output external delay
                                             19.750000   data required time
---------------------------------------------------------------------------------------------
                                             19.750000   data required time
                                             -6.722060   data arrival time
---------------------------------------------------------------------------------------------
                                             13.027940   slack (MET)




===========================================================================
report_checks --slack_max -0.01
============================================================================
======================= min_ff_n40C_1v95 Corner ===================================

No paths found.


===========================================================================
 report_check_types -max_slew -max_cap -max_fanout -violators
============================================================================
======================= min_ff_n40C_1v95 Corner ===================================



===========================================================================
report_parasitic_annotation -report_unannotated
============================================================================
Found 0 unannotated drivers.
Found 0 partially unannotated drivers.

===========================================================================
max slew violation count 0
max fanout violation count 0
max cap violation count 0
============================================================================

===========================================================================
check_setup -verbose -unconstrained_endpoints -multiple_clock -no_clock -no_input_delay -loops -generated_clocks
===========================================================================
