
===========================================================================
report_checks -unconstrained
===========================================================================
======================= min_ss_100C_1v60 Corner ===================================

Startpoint: data2[6] (input port clocked by clk)
Endpoint: z (output port clocked by clk)
Path Group: clk
Path Type: max

Fanout         Cap        Slew       Delay        Time   Description
---------------------------------------------------------------------------------------------
                      0.000000    0.000000    0.000000   clock clk (rise edge)
                                  0.000000    0.000000   clock network delay (ideal)
                                  5.000000    5.000000 v input external delay
     1    0.002777    0.018372    0.009147    5.009148 v data2[6] (in)
                                                         data2[6] (net)
                      0.018373    0.000000    5.009148 v input15/A (sky130_fd_sc_hd__clkbuf_1)
     1    0.003124    0.053665    0.140112    5.149260 v input15/X (sky130_fd_sc_hd__clkbuf_1)
                                                         net15 (net)
                      0.053665    0.000040    5.149299 v fanout40/A (sky130_fd_sc_hd__dlymetal6s2s_1)
     6    0.018164    0.194761    0.382832    5.532132 v fanout40/X (sky130_fd_sc_hd__dlymetal6s2s_1)
                                                         net40 (net)
                      0.194761    0.000106    5.532238 v fanout39/A (sky130_fd_sc_hd__clkbuf_2)
    10    0.025833    0.185741    0.355026    5.887264 v fanout39/X (sky130_fd_sc_hd__clkbuf_2)
                                                         net39 (net)
                      0.185741    0.000073    5.887337 v _152_/B (sky130_fd_sc_hd__and2_2)
     9    0.034468    0.193290    0.593194    6.480531 v _152_/X (sky130_fd_sc_hd__and2_2)
                                                         _083_ (net)
                      0.193290    0.000717    6.481248 v _205_/A2 (sky130_fd_sc_hd__a221o_1)
     1    0.001615    0.081461    0.663397    7.144645 v _205_/X (sky130_fd_sc_hd__a221o_1)
                                                         _007_ (net)
                      0.081461    0.000013    7.144659 v _207_/C (sky130_fd_sc_hd__or4_1)
     1    0.004444    0.200871    1.143864    8.288522 v _207_/X (sky130_fd_sc_hd__or4_1)
                                                         _009_ (net)
                      0.200871    0.000068    8.288590 v _208_/C1 (sky130_fd_sc_hd__o211a_1)
     1    0.002899    0.071842    0.258716    8.547306 v _208_/X (sky130_fd_sc_hd__o211a_1)
                                                         _010_ (net)
                      0.071842    0.000030    8.547337 v _213_/A1 (sky130_fd_sc_hd__o32a_1)
     2    0.005662    0.145411    0.670775    9.218112 v _213_/X (sky130_fd_sc_hd__o32a_1)
                                                         net21 (net)
                      0.145411    0.000068    9.218181 v _257_/A1 (sky130_fd_sc_hd__o21ba_1)
     1    0.002669    0.064913    0.358759    9.576940 v _257_/X (sky130_fd_sc_hd__o21ba_1)
                                                         _054_ (net)
                      0.064913    0.000015    9.576955 v _258_/B (sky130_fd_sc_hd__nor2_1)
     1    0.004110    0.164162    0.166681    9.743635 ^ _258_/Y (sky130_fd_sc_hd__nor2_1)
                                                         _055_ (net)
                      0.164162    0.000064    9.743699 ^ _259_/B2 (sky130_fd_sc_hd__o2bb2a_1)
     1    0.002420    0.075278    0.278819   10.022518 ^ _259_/X (sky130_fd_sc_hd__o2bb2a_1)
                                                         _056_ (net)
                      0.075278    0.000028   10.022547 ^ _260_/B1 (sky130_fd_sc_hd__o2bb2a_1)
     1    0.002120    0.073483    0.259806   10.282353 ^ _260_/X (sky130_fd_sc_hd__o2bb2a_1)
                                                         net28 (net)
                      0.073483    0.000019   10.282372 ^ output28/A (sky130_fd_sc_hd__buf_2)
     1    0.034136    0.271085    0.344695   10.627067 ^ output28/X (sky130_fd_sc_hd__buf_2)
                                                         z (net)
                      0.271085    0.000251   10.627318 ^ z (out)
                                             10.627318   data arrival time

                      0.000000   25.000000   25.000000   clock clk (rise edge)
                                  0.000000   25.000000   clock network delay (ideal)
                                 -0.250000   24.750000   clock uncertainty
                                  0.000000   24.750000   clock reconvergence pessimism
                                 -5.000000   19.750000   output external delay
                                             19.750000   data required time
---------------------------------------------------------------------------------------------
                                             19.750000   data required time
                                            -10.627318   data arrival time
---------------------------------------------------------------------------------------------
                                              9.122682   slack (MET)




===========================================================================
report_checks --slack_max -0.01
============================================================================
======================= min_ss_100C_1v60 Corner ===================================

No paths found.


===========================================================================
 report_check_types -max_slew -max_cap -max_fanout -violators
============================================================================
======================= min_ss_100C_1v60 Corner ===================================

max slew

Pin                                        Limit        Slew       Slack
------------------------------------------------------------------------
_180_/Y                                 0.750000    0.848684   -0.098684 (VIOLATED)
_204_/B                                 0.750000    0.848684   -0.098684 (VIOLATED)
_228_/B1                                0.750000    0.848684   -0.098684 (VIOLATED)
_238_/B1                                0.750000    0.848684   -0.098684 (VIOLATED)
max_cap29/A                             0.750000    0.848684   -0.098684 (VIOLATED)



===========================================================================
report_parasitic_annotation -report_unannotated
============================================================================
Found 0 unannotated drivers.
Found 0 partially unannotated drivers.

===========================================================================
max slew violation count 5
max fanout violation count 0
max cap violation count 0
============================================================================

===========================================================================
check_setup -verbose -unconstrained_endpoints -multiple_clock -no_clock -no_input_delay -loops -generated_clocks
===========================================================================
