                                                                        Cells by Master                                                                         
┏━━━━━━━━━━━━━━━━━━━━━━━━━━━━━━━━━━━━━━━━━━━━━━━━━━━━━━━━━━━━━━━━━━━━━━━━━━━━━━━━━━━━━━━━━━━━━━━━━━━━━━━━━━━━━━━━━━━━━━━━━━━━━━━━━━┳━━━━━━━━━━━━━━━━━━━━━━━━━━━┓
┃ Cell                                                                                                                             ┃ Count                     ┃
┡━━━━━━━━━━━━━━━━━━━━━━━━━━━━━━━━━━━━━━━━━━━━━━━━━━━━━━━━━━━━━━━━━━━━━━━━━━━━━━━━━━━━━━━━━━━━━━━━━━━━━━━━━━━━━━━━━━━━━━━━━━━━━━━━━━╇━━━━━━━━━━━━━━━━━━━━━━━━━━━┩
│ sky130_fd_sc_hd__a211o_1                                                                                                         │ 8                         │
│ sky130_fd_sc_hd__a21bo_1                                                                                                         │ 1                         │
│ sky130_fd_sc_hd__a21o_1                                                                                                          │ 8                         │
│ sky130_fd_sc_hd__a21oi_1                                                                                                         │ 4                         │
│ sky130_fd_sc_hd__a221o_1                                                                                                         │ 15                        │
│ sky130_fd_sc_hd__a22o_1                                                                                                          │ 10                        │
│ sky130_fd_sc_hd__a31o_1                                                                                                          │ 11                        │
│ sky130_fd_sc_hd__a41o_1                                                                                                          │ 1                         │
│ sky130_fd_sc_hd__and2_1                                                                                                          │ 10                        │
│ sky130_fd_sc_hd__and2_2                                                                                                          │ 2                         │
│ sky130_fd_sc_hd__and2b_1                                                                                                         │ 3                         │
│ sky130_fd_sc_hd__and3_2                                                                                                          │ 1                         │
│ sky130_fd_sc_hd__and3b_1                                                                                                         │ 2                         │
│ sky130_fd_sc_hd__and3b_2                                                                                                         │ 2                         │
│ sky130_fd_sc_hd__buf_1                                                                                                           │ 6                         │
│ sky130_fd_sc_hd__buf_2                                                                                                           │ 19                        │
│ sky130_fd_sc_hd__clkbuf_1                                                                                                        │ 7                         │
│ sky130_fd_sc_hd__clkbuf_2                                                                                                        │ 10                        │
│ sky130_fd_sc_hd__decap_3                                                                                                         │ 256                       │
│ sky130_fd_sc_hd__dlymetal6s2s_1                                                                                                  │ 1                         │
│ sky130_fd_sc_hd__fill_1                                                                                                          │ 36                        │
│ sky130_fd_sc_hd__fill_2                                                                                                          │ 37                        │
│ sky130_fd_sc_hd__mux2_1                                                                                                          │ 1                         │
│ sky130_fd_sc_hd__nand2_1                                                                                                         │ 5                         │
│ sky130_fd_sc_hd__nand2_2                                                                                                         │ 1                         │
│ sky130_fd_sc_hd__nand2b_1                                                                                                        │ 1                         │
│ sky130_fd_sc_hd__nand3_1                                                                                                         │ 1                         │
│ sky130_fd_sc_hd__nor2_1                                                                                                          │ 5                         │
│ sky130_fd_sc_hd__nor3_1                                                                                                          │ 1                         │
│ sky130_fd_sc_hd__nor3_4                                                                                                          │ 1                         │
│ sky130_fd_sc_hd__nor3b_1                                                                                                         │ 4                         │
│ sky130_fd_sc_hd__nor3b_4                                                                                                         │ 1                         │
│ sky130_fd_sc_hd__o211a_1                                                                                                         │ 7                         │
│ sky130_fd_sc_hd__o211ai_1                                                                                                        │ 1                         │
│ sky130_fd_sc_hd__o21a_1                                                                                                          │ 3                         │
│ sky130_fd_sc_hd__o21ba_1                                                                                                         │ 1                         │
│ sky130_fd_sc_hd__o22a_1                                                                                                          │ 2                         │
│ sky130_fd_sc_hd__o2bb2a_1                                                                                                        │ 2                         │
│ sky130_fd_sc_hd__o32a_1                                                                                                          │ 5                         │
│ sky130_fd_sc_hd__or2_1                                                                                                           │ 10                        │
│ sky130_fd_sc_hd__or3_4                                                                                                           │ 1                         │
│ sky130_fd_sc_hd__or3b_2                                                                                                          │ 1                         │
│ sky130_fd_sc_hd__or4_1                                                                                                           │ 2                         │
│ sky130_fd_sc_hd__tapvpwrvgnd_1                                                                                                   │ 30                        │
│ sky130_fd_sc_hd__xnor2_1                                                                                                         │ 1                         │
└──────────────────────────────────────────────────────────────────────────────────────────────────────────────────────────────────┴───────────────────────────┘
