
===========================================================================
report_checks -path_delay max (Setup)
============================================================================
======================= nom_tt_025C_1v80 Corner ===================================

Startpoint: data2[6] (input port clocked by clk)
Endpoint: z (output port clocked by clk)
Path Group: clk
Path Type: max

Fanout         Cap        Slew       Delay        Time   Description
---------------------------------------------------------------------------------------------
                      0.000000    0.000000    0.000000   clock clk (rise edge)
                                  0.000000    0.000000   clock network delay (ideal)
                                  5.000000    5.000000 ^ input external delay
    15    0.040216    0.188091    0.128443    5.128443 ^ data2[6] (in)
                                                         data2[6] (net)
                      0.188091    0.000000    5.128443 ^ _156_/A_N (sky130_fd_sc_hd__and3b_2)
     7    0.015544    0.068662    0.267570    5.396012 v _156_/X (sky130_fd_sc_hd__and3b_2)
                                                         _087_ (net)
                      0.068662    0.000000    5.396012 v _237_/B1 (sky130_fd_sc_hd__a221o_2)
     1    0.001409    0.047183    0.322550    5.718562 v _237_/X (sky130_fd_sc_hd__a221o_2)
                                                         _036_ (net)
                      0.047183    0.000000    5.718562 v _239_/C (sky130_fd_sc_hd__or4_2)
     1    0.002319    0.096266    0.594700    6.313262 v _239_/X (sky130_fd_sc_hd__or4_2)
                                                         _038_ (net)
                      0.096266    0.000000    6.313262 v _240_/C1 (sky130_fd_sc_hd__o211a_2)
     1    0.002225    0.039235    0.131682    6.444944 v _240_/X (sky130_fd_sc_hd__o211a_2)
                                                         _039_ (net)
                      0.039235    0.000000    6.444944 v _244_/A1 (sky130_fd_sc_hd__o32a_2)
     2    0.035650    0.129590    0.478318    6.923262 v _244_/X (sky130_fd_sc_hd__o32a_2)
                                                         res[0] (net)
                      0.129590    0.000000    6.923262 v _257_/A2 (sky130_fd_sc_hd__o21ba_2)
     1    0.004136    0.039164    0.228567    7.151829 v _257_/X (sky130_fd_sc_hd__o21ba_2)
                                                         _054_ (net)
                      0.039164    0.000000    7.151829 v _258_/B (sky130_fd_sc_hd__nor2_2)
     1    0.002005    0.058167    0.060809    7.212637 ^ _258_/Y (sky130_fd_sc_hd__nor2_2)
                                                         _055_ (net)
                      0.058167    0.000000    7.212637 ^ _259_/B2 (sky130_fd_sc_hd__o2bb2a_2)
     1    0.001797    0.035563    0.141113    7.353750 ^ _259_/X (sky130_fd_sc_hd__o2bb2a_2)
                                                         _056_ (net)
                      0.035563    0.000000    7.353750 ^ _260_/B1 (sky130_fd_sc_hd__o2bb2a_2)
     1    0.033442    0.186579    0.278541    7.632291 ^ _260_/X (sky130_fd_sc_hd__o2bb2a_2)
                                                         z (net)
                      0.186579    0.000000    7.632291 ^ z (out)
                                              7.632291   data arrival time

                      0.000000   25.000000   25.000000   clock clk (rise edge)
                                  0.000000   25.000000   clock network delay (ideal)
                                 -0.250000   24.750000   clock uncertainty
                                  0.000000   24.750000   clock reconvergence pessimism
                                 -5.000000   19.750000   output external delay
                                             19.750000   data required time
---------------------------------------------------------------------------------------------
                                             19.750000   data required time
                                             -7.632291   data arrival time
---------------------------------------------------------------------------------------------
                                             12.117708   slack (MET)


Startpoint: data1[1] (input port clocked by clk)
Endpoint: res[6] (output port clocked by clk)
Path Group: clk
Path Type: max

Fanout         Cap        Slew       Delay        Time   Description
---------------------------------------------------------------------------------------------
                      0.000000    0.000000    0.000000   clock clk (rise edge)
                                  0.000000    0.000000   clock network delay (ideal)
                                  5.000000    5.000000 v input external delay
    11    0.024688    0.056316    0.039538    5.039538 v data1[1] (in)
                                                         data1[1] (net)
                      0.056316    0.000000    5.039538 v _141_/A (sky130_fd_sc_hd__or2_2)
     4    0.008811    0.073786    0.319519    5.359057 v _141_/X (sky130_fd_sc_hd__or2_2)
                                                         _072_ (net)
                      0.073786    0.000000    5.359057 v _142_/A3 (sky130_fd_sc_hd__a31o_2)
     3    0.008676    0.052700    0.270636    5.629693 v _142_/X (sky130_fd_sc_hd__a31o_2)
                                                         _073_ (net)
                      0.052700    0.000000    5.629693 v _144_/A1 (sky130_fd_sc_hd__a21bo_2)
     3    0.008566    0.050258    0.208277    5.837969 v _144_/X (sky130_fd_sc_hd__a21bo_2)
                                                         _075_ (net)
                      0.050258    0.000000    5.837969 v _145_/A2 (sky130_fd_sc_hd__a21o_2)
     4    0.011294    0.056077    0.234725    6.072694 v _145_/X (sky130_fd_sc_hd__a21o_2)
                                                         _076_ (net)
                      0.056077    0.000000    6.072694 v _175_/A2 (sky130_fd_sc_hd__a211o_2)
     2    0.006488    0.059363    0.342590    6.415285 v _175_/X (sky130_fd_sc_hd__a211o_2)
                                                         _105_ (net)
                      0.059363    0.000000    6.415285 v _176_/A2 (sky130_fd_sc_hd__a21o_2)
     1    0.002252    0.032432    0.205551    6.620836 v _176_/X (sky130_fd_sc_hd__a21o_2)
                                                         _106_ (net)
                      0.032432    0.000000    6.620836 v _187_/A2 (sky130_fd_sc_hd__a31o_2)
     1    0.002212    0.035594    0.214571    6.835407 v _187_/X (sky130_fd_sc_hd__a31o_2)
                                                         _117_ (net)
                      0.035594    0.000000    6.835407 v _188_/B2 (sky130_fd_sc_hd__o22a_2)
     2    0.035200    0.120080    0.268321    7.103728 v _188_/X (sky130_fd_sc_hd__o22a_2)
                                                         res[6] (net)
                      0.120080    0.000000    7.103728 v res[6] (out)
                                              7.103728   data arrival time

                      0.000000   25.000000   25.000000   clock clk (rise edge)
                                  0.000000   25.000000   clock network delay (ideal)
                                 -0.250000   24.750000   clock uncertainty
                                  0.000000   24.750000   clock reconvergence pessimism
                                 -5.000000   19.750000   output external delay
                                             19.750000   data required time
---------------------------------------------------------------------------------------------
                                             19.750000   data required time
                                             -7.103728   data arrival time
---------------------------------------------------------------------------------------------
                                             12.646272   slack (MET)


Startpoint: data1[1] (input port clocked by clk)
Endpoint: res[7] (output port clocked by clk)
Path Group: clk
Path Type: max

Fanout         Cap        Slew       Delay        Time   Description
---------------------------------------------------------------------------------------------
                      0.000000    0.000000    0.000000   clock clk (rise edge)
                                  0.000000    0.000000   clock network delay (ideal)
                                  5.000000    5.000000 v input external delay
    11    0.024688    0.056316    0.039538    5.039538 v data1[1] (in)
                                                         data1[1] (net)
                      0.056316    0.000000    5.039538 v _141_/A (sky130_fd_sc_hd__or2_2)
     4    0.008811    0.073786    0.319519    5.359057 v _141_/X (sky130_fd_sc_hd__or2_2)
                                                         _072_ (net)
                      0.073786    0.000000    5.359057 v _142_/A3 (sky130_fd_sc_hd__a31o_2)
     3    0.008676    0.052700    0.270636    5.629693 v _142_/X (sky130_fd_sc_hd__a31o_2)
                                                         _073_ (net)
                      0.052700    0.000000    5.629693 v _144_/A1 (sky130_fd_sc_hd__a21bo_2)
     3    0.008566    0.050258    0.208277    5.837969 v _144_/X (sky130_fd_sc_hd__a21bo_2)
                                                         _075_ (net)
                      0.050258    0.000000    5.837969 v _145_/A2 (sky130_fd_sc_hd__a21o_2)
     4    0.011294    0.056077    0.234725    6.072694 v _145_/X (sky130_fd_sc_hd__a21o_2)
                                                         _076_ (net)
                      0.056077    0.000000    6.072694 v _175_/A2 (sky130_fd_sc_hd__a211o_2)
     2    0.006488    0.059363    0.342590    6.415285 v _175_/X (sky130_fd_sc_hd__a211o_2)
                                                         _105_ (net)
                      0.059363    0.000000    6.415285 v _177_/C (sky130_fd_sc_hd__nand3_2)
     3    0.009541    0.076822    0.092758    6.508043 ^ _177_/Y (sky130_fd_sc_hd__nand3_2)
                                                         _107_ (net)
                      0.076822    0.000000    6.508043 ^ _192_/B1 (sky130_fd_sc_hd__o211ai_2)
     1    0.002252    0.052812    0.081378    6.589421 v _192_/Y (sky130_fd_sc_hd__o211ai_2)
                                                         _121_ (net)
                      0.052812    0.000000    6.589421 v _201_/A2 (sky130_fd_sc_hd__a31o_2)
     2    0.003099    0.038334    0.227654    6.817075 v _201_/X (sky130_fd_sc_hd__a31o_2)
                                                         _004_ (net)
                      0.038334    0.000000    6.817075 v _202_/B (sky130_fd_sc_hd__and2_2)
     1    0.033442    0.101782    0.257233    7.074308 v _202_/X (sky130_fd_sc_hd__and2_2)
                                                         res[7] (net)
                      0.101782    0.000000    7.074308 v res[7] (out)
                                              7.074308   data arrival time

                      0.000000   25.000000   25.000000   clock clk (rise edge)
                                  0.000000   25.000000   clock network delay (ideal)
                                 -0.250000   24.750000   clock uncertainty
                                  0.000000   24.750000   clock reconvergence pessimism
                                 -5.000000   19.750000   output external delay
                                             19.750000   data required time
---------------------------------------------------------------------------------------------
                                             19.750000   data required time
                                             -7.074308   data arrival time
---------------------------------------------------------------------------------------------
                                             12.675692   slack (MET)


Startpoint: data1[1] (input port clocked by clk)
Endpoint: res[5] (output port clocked by clk)
Path Group: clk
Path Type: max

Fanout         Cap        Slew       Delay        Time   Description
---------------------------------------------------------------------------------------------
                      0.000000    0.000000    0.000000   clock clk (rise edge)
                                  0.000000    0.000000   clock network delay (ideal)
                                  5.000000    5.000000 v input external delay
    11    0.024688    0.056316    0.039538    5.039538 v data1[1] (in)
                                                         data1[1] (net)
                      0.056316    0.000000    5.039538 v _141_/A (sky130_fd_sc_hd__or2_2)
     4    0.008811    0.073786    0.319519    5.359057 v _141_/X (sky130_fd_sc_hd__or2_2)
                                                         _072_ (net)
                      0.073786    0.000000    5.359057 v _142_/A3 (sky130_fd_sc_hd__a31o_2)
     3    0.008676    0.052700    0.270636    5.629693 v _142_/X (sky130_fd_sc_hd__a31o_2)
                                                         _073_ (net)
                      0.052700    0.000000    5.629693 v _144_/A1 (sky130_fd_sc_hd__a21bo_2)
     3    0.008566    0.050258    0.208277    5.837969 v _144_/X (sky130_fd_sc_hd__a21bo_2)
                                                         _075_ (net)
                      0.050258    0.000000    5.837969 v _145_/A2 (sky130_fd_sc_hd__a21o_2)
     4    0.011294    0.056077    0.234725    6.072694 v _145_/X (sky130_fd_sc_hd__a21o_2)
                                                         _076_ (net)
                      0.056077    0.000000    6.072694 v _146_/A2 (sky130_fd_sc_hd__a21o_2)
     1    0.008077    0.048014    0.226498    6.299193 v _146_/X (sky130_fd_sc_hd__a21o_2)
                                                         _077_ (net)
                      0.048014    0.000000    6.299193 v _149_/B (sky130_fd_sc_hd__xnor2_2)
     1    0.002235    0.040757    0.118900    6.418093 v _149_/Y (sky130_fd_sc_hd__xnor2_2)
                                                         _080_ (net)
                      0.040757    0.000000    6.418093 v _170_/A2 (sky130_fd_sc_hd__a211o_2)
     2    0.003099    0.048550    0.320178    6.738271 v _170_/X (sky130_fd_sc_hd__a211o_2)
                                                         _101_ (net)
                      0.048550    0.000000    6.738271 v _171_/B (sky130_fd_sc_hd__and2_2)
     1    0.033442    0.101815    0.261717    6.999989 v _171_/X (sky130_fd_sc_hd__and2_2)
                                                         res[5] (net)
                      0.101815    0.000000    6.999989 v res[5] (out)
                                              6.999989   data arrival time

                      0.000000   25.000000   25.000000   clock clk (rise edge)
                                  0.000000   25.000000   clock network delay (ideal)
                                 -0.250000   24.750000   clock uncertainty
                                  0.000000   24.750000   clock reconvergence pessimism
                                 -5.000000   19.750000   output external delay
                                             19.750000   data required time
---------------------------------------------------------------------------------------------
                                             19.750000   data required time
                                             -6.999989   data arrival time
---------------------------------------------------------------------------------------------
                                             12.750011   slack (MET)


Startpoint: data2[6] (input port clocked by clk)
Endpoint: res[0] (output port clocked by clk)
Path Group: clk
Path Type: max

Fanout         Cap        Slew       Delay        Time   Description
---------------------------------------------------------------------------------------------
                      0.000000    0.000000    0.000000   clock clk (rise edge)
                                  0.000000    0.000000   clock network delay (ideal)
                                  5.000000    5.000000 ^ input external delay
    15    0.040216    0.188091    0.128443    5.128443 ^ data2[6] (in)
                                                         data2[6] (net)
                      0.188091    0.000000    5.128443 ^ _156_/A_N (sky130_fd_sc_hd__and3b_2)
     7    0.015544    0.068662    0.267570    5.396012 v _156_/X (sky130_fd_sc_hd__and3b_2)
                                                         _087_ (net)
                      0.068662    0.000000    5.396012 v _237_/B1 (sky130_fd_sc_hd__a221o_2)
     1    0.001409    0.047183    0.322550    5.718562 v _237_/X (sky130_fd_sc_hd__a221o_2)
                                                         _036_ (net)
                      0.047183    0.000000    5.718562 v _239_/C (sky130_fd_sc_hd__or4_2)
     1    0.002319    0.096266    0.594700    6.313262 v _239_/X (sky130_fd_sc_hd__or4_2)
                                                         _038_ (net)
                      0.096266    0.000000    6.313262 v _240_/C1 (sky130_fd_sc_hd__o211a_2)
     1    0.002225    0.039235    0.131682    6.444944 v _240_/X (sky130_fd_sc_hd__o211a_2)
                                                         _039_ (net)
                      0.039235    0.000000    6.444944 v _244_/A1 (sky130_fd_sc_hd__o32a_2)
     2    0.035650    0.129590    0.478318    6.923262 v _244_/X (sky130_fd_sc_hd__o32a_2)
                                                         res[0] (net)
                      0.129590    0.000000    6.923262 v res[0] (out)
                                              6.923262   data arrival time

                      0.000000   25.000000   25.000000   clock clk (rise edge)
                                  0.000000   25.000000   clock network delay (ideal)
                                 -0.250000   24.750000   clock uncertainty
                                  0.000000   24.750000   clock reconvergence pessimism
                                 -5.000000   19.750000   output external delay
                                             19.750000   data required time
---------------------------------------------------------------------------------------------
                                             19.750000   data required time
                                             -6.923262   data arrival time
---------------------------------------------------------------------------------------------
                                             12.826737   slack (MET)


Startpoint: data2[5] (input port clocked by clk)
Endpoint: res[1] (output port clocked by clk)
Path Group: clk
Path Type: max

Fanout         Cap        Slew       Delay        Time   Description
---------------------------------------------------------------------------------------------
                      0.000000    0.000000    0.000000   clock clk (rise edge)
                                  0.000000    0.000000   clock network delay (ideal)
                                  5.000000    5.000000 ^ input external delay
    14    0.033377    0.157414    0.107221    5.107222 ^ data2[5] (in)
                                                         data2[5] (net)
                      0.157414    0.000000    5.107222 ^ _179_/A_N (sky130_fd_sc_hd__and3b_2)
     7    0.015513    0.068730    0.262419    5.369640 v _179_/X (sky130_fd_sc_hd__and3b_2)
                                                         _109_ (net)
                      0.068730    0.000000    5.369640 v _205_/B1 (sky130_fd_sc_hd__a221o_2)
     1    0.001409    0.047183    0.322573    5.692213 v _205_/X (sky130_fd_sc_hd__a221o_2)
                                                         _007_ (net)
                      0.047183    0.000000    5.692213 v _207_/C (sky130_fd_sc_hd__or4_2)
     1    0.002319    0.096281    0.594700    6.286913 v _207_/X (sky130_fd_sc_hd__or4_2)
                                                         _009_ (net)
                      0.096281    0.000000    6.286913 v _208_/C1 (sky130_fd_sc_hd__o211a_2)
     1    0.002225    0.039249    0.131689    6.418602 v _208_/X (sky130_fd_sc_hd__o211a_2)
                                                         _010_ (net)
                      0.039249    0.000000    6.418602 v _213_/A1 (sky130_fd_sc_hd__o32a_2)
     2    0.035718    0.129717    0.478454    6.897056 v _213_/X (sky130_fd_sc_hd__o32a_2)
                                                         res[1] (net)
                      0.129717    0.000000    6.897056 v res[1] (out)
                                              6.897056   data arrival time

                      0.000000   25.000000   25.000000   clock clk (rise edge)
                                  0.000000   25.000000   clock network delay (ideal)
                                 -0.250000   24.750000   clock uncertainty
                                  0.000000   24.750000   clock reconvergence pessimism
                                 -5.000000   19.750000   output external delay
                                             19.750000   data required time
---------------------------------------------------------------------------------------------
                                             19.750000   data required time
                                             -6.897056   data arrival time
---------------------------------------------------------------------------------------------
                                             12.852944   slack (MET)


Startpoint: data1[1] (input port clocked by clk)
Endpoint: res[4] (output port clocked by clk)
Path Group: clk
Path Type: max

Fanout         Cap        Slew       Delay        Time   Description
---------------------------------------------------------------------------------------------
                      0.000000    0.000000    0.000000   clock clk (rise edge)
                                  0.000000    0.000000   clock network delay (ideal)
                                  5.000000    5.000000 v input external delay
    11    0.024688    0.056316    0.039538    5.039538 v data1[1] (in)
                                                         data1[1] (net)
                      0.056316    0.000000    5.039538 v _141_/A (sky130_fd_sc_hd__or2_2)
     4    0.008811    0.073786    0.319519    5.359057 v _141_/X (sky130_fd_sc_hd__or2_2)
                                                         _072_ (net)
                      0.073786    0.000000    5.359057 v _142_/A3 (sky130_fd_sc_hd__a31o_2)
     3    0.008676    0.052700    0.270636    5.629693 v _142_/X (sky130_fd_sc_hd__a31o_2)
                                                         _073_ (net)
                      0.052700    0.000000    5.629693 v _144_/A1 (sky130_fd_sc_hd__a21bo_2)
     3    0.008566    0.050258    0.208277    5.837969 v _144_/X (sky130_fd_sc_hd__a21bo_2)
                                                         _075_ (net)
                      0.050258    0.000000    5.837969 v _145_/A2 (sky130_fd_sc_hd__a21o_2)
     4    0.011294    0.056077    0.234725    6.072694 v _145_/X (sky130_fd_sc_hd__a21o_2)
                                                         _076_ (net)
                      0.056077    0.000000    6.072694 v _215_/A2 (sky130_fd_sc_hd__o21a_2)
     1    0.002225    0.032220    0.187006    6.259700 v _215_/X (sky130_fd_sc_hd__o21a_2)
                                                         _016_ (net)
                      0.032220    0.000000    6.259700 v _223_/A1 (sky130_fd_sc_hd__o32a_2)
     2    0.035090    0.128472    0.474060    6.733760 v _223_/X (sky130_fd_sc_hd__o32a_2)
                                                         res[4] (net)
                      0.128472    0.000000    6.733760 v res[4] (out)
                                              6.733760   data arrival time

                      0.000000   25.000000   25.000000   clock clk (rise edge)
                                  0.000000   25.000000   clock network delay (ideal)
                                 -0.250000   24.750000   clock uncertainty
                                  0.000000   24.750000   clock reconvergence pessimism
                                 -5.000000   19.750000   output external delay
                                             19.750000   data required time
---------------------------------------------------------------------------------------------
                                             19.750000   data required time
                                             -6.733760   data arrival time
---------------------------------------------------------------------------------------------
                                             13.016239   slack (MET)


Startpoint: data2[5] (input port clocked by clk)
Endpoint: res[3] (output port clocked by clk)
Path Group: clk
Path Type: max

Fanout         Cap        Slew       Delay        Time   Description
---------------------------------------------------------------------------------------------
                      0.000000    0.000000    0.000000   clock clk (rise edge)
                                  0.000000    0.000000   clock network delay (ideal)
                                  5.000000    5.000000 ^ input external delay
    14    0.033377    0.157414    0.107221    5.107222 ^ data2[5] (in)
                                                         data2[5] (net)
                      0.157414    0.000000    5.107222 ^ _179_/A_N (sky130_fd_sc_hd__and3b_2)
     7    0.015513    0.068730    0.262419    5.369640 v _179_/X (sky130_fd_sc_hd__and3b_2)
                                                         _109_ (net)
                      0.068730    0.000000    5.369640 v _227_/B1 (sky130_fd_sc_hd__a22o_2)
     1    0.002067    0.037391    0.205010    5.574650 v _227_/X (sky130_fd_sc_hd__a22o_2)
                                                         _027_ (net)
                      0.037391    0.000000    5.574650 v _228_/C1 (sky130_fd_sc_hd__a221o_2)
     1    0.002195    0.050401    0.283972    5.858622 v _228_/X (sky130_fd_sc_hd__a221o_2)
                                                         _028_ (net)
                      0.050401    0.000000    5.858622 v _230_/B1 (sky130_fd_sc_hd__a211o_2)
     1    0.002319    0.045449    0.295050    6.153672 v _230_/X (sky130_fd_sc_hd__a211o_2)
                                                         _030_ (net)
                      0.045449    0.000000    6.153672 v _231_/C1 (sky130_fd_sc_hd__o211a_2)
     1    0.002148    0.038969    0.108674    6.262346 v _231_/X (sky130_fd_sc_hd__o211a_2)
                                                         _031_ (net)
                      0.038969    0.000000    6.262346 v _234_/A2 (sky130_fd_sc_hd__o32a_2)
     2    0.037632    0.133387    0.463032    6.725378 v _234_/X (sky130_fd_sc_hd__o32a_2)
                                                         res[3] (net)
                      0.133387    0.000000    6.725378 v res[3] (out)
                                              6.725378   data arrival time

                      0.000000   25.000000   25.000000   clock clk (rise edge)
                                  0.000000   25.000000   clock network delay (ideal)
                                 -0.250000   24.750000   clock uncertainty
                                  0.000000   24.750000   clock reconvergence pessimism
                                 -5.000000   19.750000   output external delay
                                             19.750000   data required time
---------------------------------------------------------------------------------------------
                                             19.750000   data required time
                                             -6.725378   data arrival time
---------------------------------------------------------------------------------------------
                                             13.024622   slack (MET)


Startpoint: data2[6] (input port clocked by clk)
Endpoint: res[2] (output port clocked by clk)
Path Group: clk
Path Type: max

Fanout         Cap        Slew       Delay        Time   Description
---------------------------------------------------------------------------------------------
                      0.000000    0.000000    0.000000   clock clk (rise edge)
                                  0.000000    0.000000   clock network delay (ideal)
                                  5.000000    5.000000 ^ input external delay
    15    0.040216    0.188091    0.128443    5.128443 ^ data2[6] (in)
                                                         data2[6] (net)
                      0.188091    0.000000    5.128443 ^ _156_/A_N (sky130_fd_sc_hd__and3b_2)
     7    0.015544    0.068662    0.267570    5.396012 v _156_/X (sky130_fd_sc_hd__and3b_2)
                                                         _087_ (net)
                      0.068662    0.000000    5.396012 v _250_/A2 (sky130_fd_sc_hd__a22o_2)
     1    0.002067    0.037397    0.254229    5.650241 v _250_/X (sky130_fd_sc_hd__a22o_2)
                                                         _048_ (net)
                      0.037397    0.000000    5.650241 v _251_/C1 (sky130_fd_sc_hd__a221o_2)
     1    0.002243    0.050564    0.284297    5.934538 v _251_/X (sky130_fd_sc_hd__a221o_2)
                                                         _049_ (net)
                      0.050564    0.000000    5.934538 v _253_/A2 (sky130_fd_sc_hd__o21a_2)
     1    0.002148    0.032031    0.184521    6.119059 v _253_/X (sky130_fd_sc_hd__o21a_2)
                                                         _051_ (net)
                      0.032031    0.000000    6.119059 v _256_/A2 (sky130_fd_sc_hd__o32a_2)
     2    0.034775    0.127829    0.454572    6.573630 v _256_/X (sky130_fd_sc_hd__o32a_2)
                                                         res[2] (net)
                      0.127829    0.000000    6.573630 v res[2] (out)
                                              6.573630   data arrival time

                      0.000000   25.000000   25.000000   clock clk (rise edge)
                                  0.000000   25.000000   clock network delay (ideal)
                                 -0.250000   24.750000   clock uncertainty
                                  0.000000   24.750000   clock reconvergence pessimism
                                 -5.000000   19.750000   output external delay
                                             19.750000   data required time
---------------------------------------------------------------------------------------------
                                             19.750000   data required time
                                             -6.573630   data arrival time
---------------------------------------------------------------------------------------------
                                             13.176369   slack (MET)



