Reading timing models for corner nom_tt_025C_1v80…
Reading cell library for the 'nom_tt_025C_1v80' corner at '/foss/pdks/sky130A/libs.ref/sky130_fd_sc_hd/lib/sky130_fd_sc_hd__tt_025C_1v80.lib'…
Reading top-level netlist at '/foss/designs/ece429-tt-design-project/src/runs/RUN_2026-05-16_00-53-55/06-yosys-synthesis/alu.nl.v'…
Linking design 'alu' from netlist…
Reading design constraints file at '/usr/local/lib/python3.12/dist-packages/librelane/scripts/base.sdc'…
Warning: base.sdc line 15, port 'clk' not found.
[INFO] Using clock clk…
[INFO] Setting output delay to: 5
[INFO] Setting input delay to: 5
Warning: base.sdc line 32, port 'clk' not found.
[INFO] Setting load to: 0.033442
[INFO] Setting clock uncertainty to: 0.25
[INFO] Setting clock transition to: 0.1499999999999999944488848768742172978818416595458984375
Warning: base.sdc line 69, transition time can not be specified for virtual clocks.
[INFO] Setting timing derate to: 5%
%OL_CREATE_REPORT min.rpt

===========================================================================
report_checks -path_delay min (Hold)
============================================================================
======================= nom_tt_025C_1v80 Corner ===================================

Startpoint: data2[4] (input port clocked by clk)
Endpoint: res[4] (output port clocked by clk)
Path Group: clk
Path Type: min

Fanout         Cap        Slew       Delay        Time   Description
---------------------------------------------------------------------------------------------
                      0.000000    0.000000    0.000000   clock clk (rise edge)
                                  0.000000    0.000000   clock network delay (ideal)
                                  5.000000    5.000000 ^ input external delay
     3    0.005469    0.032434    0.019325    5.019325 ^ data2[4] (in)
                                                         data2[4] (net)
                      0.032434    0.000000    5.019325 ^ _223_/B2 (sky130_fd_sc_hd__o32a_2)
     2    0.035239    0.187603    0.233995    5.253319 ^ _223_/X (sky130_fd_sc_hd__o32a_2)
                                                         res[4] (net)
                      0.187603    0.000000    5.253319 ^ res[4] (out)
                                              5.253319   data arrival time

                      0.000000    0.000000    0.000000   clock clk (rise edge)
                                  0.000000    0.000000   clock network delay (ideal)
                                  0.250000    0.250000   clock uncertainty
                                  0.000000    0.250000   clock reconvergence pessimism
                                 -5.000000   -4.750000   output external delay
                                             -4.750000   data required time
---------------------------------------------------------------------------------------------
                                             -4.750000   data required time
                                             -5.253319   data arrival time
---------------------------------------------------------------------------------------------
                                             10.003320   slack (MET)


Startpoint: data2[2] (input port clocked by clk)
Endpoint: res[2] (output port clocked by clk)
Path Group: clk
Path Type: min

Fanout         Cap        Slew       Delay        Time   Description
---------------------------------------------------------------------------------------------
                      0.000000    0.000000    0.000000   clock clk (rise edge)
                                  0.000000    0.000000   clock network delay (ideal)
                                  5.000000    5.000000 v input external delay
     4    0.009958    0.024796    0.016094    5.016094 v data2[2] (in)
                                                         data2[2] (net)
                      0.024796    0.000000    5.016094 v _256_/B2 (sky130_fd_sc_hd__o32a_2)
     2    0.034775    0.119971    0.254943    5.271037 v _256_/X (sky130_fd_sc_hd__o32a_2)
                                                         res[2] (net)
                      0.119971    0.000000    5.271037 v res[2] (out)
                                              5.271037   data arrival time

                      0.000000    0.000000    0.000000   clock clk (rise edge)
                                  0.000000    0.000000   clock network delay (ideal)
                                  0.250000    0.250000   clock uncertainty
                                  0.000000    0.250000   clock reconvergence pessimism
                                 -5.000000   -4.750000   output external delay
                                             -4.750000   data required time
---------------------------------------------------------------------------------------------
                                             -4.750000   data required time
                                             -5.271037   data arrival time
---------------------------------------------------------------------------------------------
                                             10.021037   slack (MET)


Startpoint: data2[1] (input port clocked by clk)
Endpoint: res[1] (output port clocked by clk)
Path Group: clk
Path Type: min

Fanout         Cap        Slew       Delay        Time   Description
---------------------------------------------------------------------------------------------
                      0.000000    0.000000    0.000000   clock clk (rise edge)
                                  0.000000    0.000000   clock network delay (ideal)
                                  5.000000    5.000000 v input external delay
     4    0.009109    0.022955    0.014719    5.014719 v data2[1] (in)
                                                         data2[1] (net)
                      0.022955    0.000000    5.014719 v _213_/B2 (sky130_fd_sc_hd__o32a_2)
     2    0.035718    0.122244    0.256689    5.271409 v _213_/X (sky130_fd_sc_hd__o32a_2)
                                                         res[1] (net)
                      0.122244    0.000000    5.271409 v res[1] (out)
                                              5.271409   data arrival time

                      0.000000    0.000000    0.000000   clock clk (rise edge)
                                  0.000000    0.000000   clock network delay (ideal)
                                  0.250000    0.250000   clock uncertainty
                                  0.000000    0.250000   clock reconvergence pessimism
                                 -5.000000   -4.750000   output external delay
                                             -4.750000   data required time
---------------------------------------------------------------------------------------------
                                             -4.750000   data required time
                                             -5.271409   data arrival time
---------------------------------------------------------------------------------------------
                                             10.021408   slack (MET)


Startpoint: data2[3] (input port clocked by clk)
Endpoint: res[3] (output port clocked by clk)
Path Group: clk
Path Type: min

Fanout         Cap        Slew       Delay        Time   Description
---------------------------------------------------------------------------------------------
                      0.000000    0.000000    0.000000   clock clk (rise edge)
                                  0.000000    0.000000   clock network delay (ideal)
                                  5.000000    5.000000 v input external delay
     4    0.009109    0.022955    0.014719    5.014719 v data2[3] (in)
                                                         data2[3] (net)
                      0.022955    0.000000    5.014719 v _234_/B2 (sky130_fd_sc_hd__o32a_2)
     2    0.037632    0.126027    0.260457    5.275177 v _234_/X (sky130_fd_sc_hd__o32a_2)
                                                         res[3] (net)
                      0.126027    0.000000    5.275177 v res[3] (out)
                                              5.275177   data arrival time

                      0.000000    0.000000    0.000000   clock clk (rise edge)
                                  0.000000    0.000000   clock network delay (ideal)
                                  0.250000    0.250000   clock uncertainty
                                  0.000000    0.250000   clock reconvergence pessimism
                                 -5.000000   -4.750000   output external delay
                                             -4.750000   data required time
---------------------------------------------------------------------------------------------
                                             -4.750000   data required time
                                             -5.275177   data arrival time
---------------------------------------------------------------------------------------------
                                             10.025177   slack (MET)


Startpoint: data2[0] (input port clocked by clk)
Endpoint: res[0] (output port clocked by clk)
Path Group: clk
Path Type: min

Fanout         Cap        Slew       Delay        Time   Description
---------------------------------------------------------------------------------------------
                      0.000000    0.000000    0.000000   clock clk (rise edge)
                                  0.000000    0.000000   clock network delay (ideal)
                                  5.000000    5.000000 v input external delay
     7    0.017963    0.041973    0.028880    5.028880 v data2[0] (in)
                                                         data2[0] (net)
                      0.041973    0.000000    5.028880 v _244_/B2 (sky130_fd_sc_hd__o32a_2)
     2    0.035650    0.122109    0.263328    5.292208 v _244_/X (sky130_fd_sc_hd__o32a_2)
                                                         res[0] (net)
                      0.122109    0.000000    5.292208 v res[0] (out)
                                              5.292208   data arrival time

                      0.000000    0.000000    0.000000   clock clk (rise edge)
                                  0.000000    0.000000   clock network delay (ideal)
                                  0.250000    0.250000   clock uncertainty
                                  0.000000    0.250000   clock reconvergence pessimism
                                 -5.000000   -4.750000   output external delay
                                             -4.750000   data required time
---------------------------------------------------------------------------------------------
                                             -4.750000   data required time
                                             -5.292208   data arrival time
---------------------------------------------------------------------------------------------
                                             10.042208   slack (MET)


Startpoint: data2[6] (input port clocked by clk)
Endpoint: res[6] (output port clocked by clk)
Path Group: clk
Path Type: min

Fanout         Cap        Slew       Delay        Time   Description
---------------------------------------------------------------------------------------------
                      0.000000    0.000000    0.000000   clock clk (rise edge)
                                  0.000000    0.000000   clock network delay (ideal)
                                  5.000000    5.000000 v input external delay
    15    0.036608    0.081738    0.058428    5.058428 v data2[6] (in)
                                                         data2[6] (net)
                      0.081738    0.000000    5.058428 v _188_/A1 (sky130_fd_sc_hd__o22a_2)
     2    0.035200    0.109014    0.330043    5.388471 v _188_/X (sky130_fd_sc_hd__o22a_2)
                                                         res[6] (net)
                      0.109014    0.000000    5.388471 v res[6] (out)
                                              5.388471   data arrival time

                      0.000000    0.000000    0.000000   clock clk (rise edge)
                                  0.000000    0.000000   clock network delay (ideal)
                                  0.250000    0.250000   clock uncertainty
                                  0.000000    0.250000   clock reconvergence pessimism
                                 -5.000000   -4.750000   output external delay
                                             -4.750000   data required time
---------------------------------------------------------------------------------------------
                                             -4.750000   data required time
                                             -5.388471   data arrival time
---------------------------------------------------------------------------------------------
                                             10.138472   slack (MET)


Startpoint: data2[5] (input port clocked by clk)
Endpoint: res[5] (output port clocked by clk)
Path Group: clk
Path Type: min

Fanout         Cap        Slew       Delay        Time   Description
---------------------------------------------------------------------------------------------
                      0.000000    0.000000    0.000000   clock clk (rise edge)
                                  0.000000    0.000000   clock network delay (ideal)
                                  5.000000    5.000000 ^ input external delay
    14    0.033377    0.157414    0.107221    5.107222 ^ data2[5] (in)
                                                         data2[5] (net)
                      0.157414    0.000000    5.107222 ^ _128_/A (sky130_fd_sc_hd__or2_2)
     2    0.003213    0.031946    0.135469    5.242690 ^ _128_/X (sky130_fd_sc_hd__or2_2)
                                                         _059_ (net)
                      0.031946    0.000000    5.242690 ^ _171_/A (sky130_fd_sc_hd__and2_2)
     1    0.033442    0.180668    0.233185    5.475875 ^ _171_/X (sky130_fd_sc_hd__and2_2)
                                                         res[5] (net)
                      0.180668    0.000000    5.475875 ^ res[5] (out)
                                              5.475875   data arrival time

                      0.000000    0.000000    0.000000   clock clk (rise edge)
                                  0.000000    0.000000   clock network delay (ideal)
                                  0.250000    0.250000   clock uncertainty
                                  0.000000    0.250000   clock reconvergence pessimism
                                 -5.000000   -4.750000   output external delay
                                             -4.750000   data required time
---------------------------------------------------------------------------------------------
                                             -4.750000   data required time
                                             -5.475875   data arrival time
---------------------------------------------------------------------------------------------
                                             10.225876   slack (MET)


Startpoint: data2[7] (input port clocked by clk)
Endpoint: res[7] (output port clocked by clk)
Path Group: clk
Path Type: min

Fanout         Cap        Slew       Delay        Time   Description
---------------------------------------------------------------------------------------------
                      0.000000    0.000000    0.000000   clock clk (rise edge)
                                  0.000000    0.000000   clock network delay (ideal)
                                  5.000000    5.000000 ^ input external delay
    14    0.042330    0.197593    0.134926    5.134926 ^ data2[7] (in)
                                                         data2[7] (net)
                      0.197593    0.000000    5.134926 ^ _189_/A (sky130_fd_sc_hd__or2_2)
     2    0.003213    0.031946    0.146173    5.281099 ^ _189_/X (sky130_fd_sc_hd__or2_2)
                                                         _118_ (net)
                      0.031946    0.000000    5.281099 ^ _202_/A (sky130_fd_sc_hd__and2_2)
     1    0.033442    0.180626    0.233185    5.514284 ^ _202_/X (sky130_fd_sc_hd__and2_2)
                                                         res[7] (net)
                      0.180626    0.000000    5.514284 ^ res[7] (out)
                                              5.514284   data arrival time

                      0.000000    0.000000    0.000000   clock clk (rise edge)
                                  0.000000    0.000000   clock network delay (ideal)
                                  0.250000    0.250000   clock uncertainty
                                  0.000000    0.250000   clock reconvergence pessimism
                                 -5.000000   -4.750000   output external delay
                                             -4.750000   data required time
---------------------------------------------------------------------------------------------
                                             -4.750000   data required time
                                             -5.514284   data arrival time
---------------------------------------------------------------------------------------------
                                             10.264284   slack (MET)


Startpoint: data2[7] (input port clocked by clk)
Endpoint: z (output port clocked by clk)
Path Group: clk
Path Type: min

Fanout         Cap        Slew       Delay        Time   Description
---------------------------------------------------------------------------------------------
                      0.000000    0.000000    0.000000   clock clk (rise edge)
                                  0.000000    0.000000   clock network delay (ideal)
                                  5.000000    5.000000 ^ input external delay
    14    0.042330    0.197593    0.134926    5.134926 ^ data2[7] (in)
                                                         data2[7] (net)
                      0.197593    0.000000    5.134926 ^ _189_/A (sky130_fd_sc_hd__or2_2)
     2    0.003213    0.031946    0.146173    5.281099 ^ _189_/X (sky130_fd_sc_hd__or2_2)
                                                         _118_ (net)
                      0.031946    0.000000    5.281099 ^ _260_/A1_N (sky130_fd_sc_hd__o2bb2a_2)
     1    0.033442    0.101568    0.277369    5.558467 v _260_/X (sky130_fd_sc_hd__o2bb2a_2)
                                                         z (net)
                      0.101568    0.000000    5.558467 v z (out)
                                              5.558467   data arrival time

                      0.000000    0.000000    0.000000   clock clk (rise edge)
                                  0.000000    0.000000   clock network delay (ideal)
                                  0.250000    0.250000   clock uncertainty
                                  0.000000    0.250000   clock reconvergence pessimism
                                 -5.000000   -4.750000   output external delay
                                             -4.750000   data required time
---------------------------------------------------------------------------------------------
                                             -4.750000   data required time
                                             -5.558467   data arrival time
---------------------------------------------------------------------------------------------
                                             10.308467   slack (MET)



%OL_END_REPORT
%OL_CREATE_REPORT max.rpt

===========================================================================
report_checks -path_delay max (Setup)
============================================================================
======================= nom_tt_025C_1v80 Corner ===================================

Startpoint: data2[6] (input port clocked by clk)
Endpoint: z (output port clocked by clk)
Path Group: clk
Path Type: max

Fanout         Cap        Slew       Delay        Time   Description
---------------------------------------------------------------------------------------------
                      0.000000    0.000000    0.000000   clock clk (rise edge)
                                  0.000000    0.000000   clock network delay (ideal)
                                  5.000000    5.000000 ^ input external delay
    15    0.040216    0.188091    0.128443    5.128443 ^ data2[6] (in)
                                                         data2[6] (net)
                      0.188091    0.000000    5.128443 ^ _156_/A_N (sky130_fd_sc_hd__and3b_2)
     7    0.015544    0.068662    0.267570    5.396012 v _156_/X (sky130_fd_sc_hd__and3b_2)
                                                         _087_ (net)
                      0.068662    0.000000    5.396012 v _237_/B1 (sky130_fd_sc_hd__a221o_2)
     1    0.001409    0.047183    0.322550    5.718562 v _237_/X (sky130_fd_sc_hd__a221o_2)
                                                         _036_ (net)
                      0.047183    0.000000    5.718562 v _239_/C (sky130_fd_sc_hd__or4_2)
     1    0.002319    0.096266    0.594700    6.313262 v _239_/X (sky130_fd_sc_hd__or4_2)
                                                         _038_ (net)
                      0.096266    0.000000    6.313262 v _240_/C1 (sky130_fd_sc_hd__o211a_2)
     1    0.002225    0.039235    0.131682    6.444944 v _240_/X (sky130_fd_sc_hd__o211a_2)
                                                         _039_ (net)
                      0.039235    0.000000    6.444944 v _244_/A1 (sky130_fd_sc_hd__o32a_2)
     2    0.035650    0.129590    0.478318    6.923262 v _244_/X (sky130_fd_sc_hd__o32a_2)
                                                         res[0] (net)
                      0.129590    0.000000    6.923262 v _257_/A2 (sky130_fd_sc_hd__o21ba_2)
     1    0.004136    0.039164    0.228567    7.151829 v _257_/X (sky130_fd_sc_hd__o21ba_2)
                                                         _054_ (net)
                      0.039164    0.000000    7.151829 v _258_/B (sky130_fd_sc_hd__nor2_2)
     1    0.002005    0.058167    0.060809    7.212637 ^ _258_/Y (sky130_fd_sc_hd__nor2_2)
                                                         _055_ (net)
                      0.058167    0.000000    7.212637 ^ _259_/B2 (sky130_fd_sc_hd__o2bb2a_2)
     1    0.001797    0.035563    0.141113    7.353750 ^ _259_/X (sky130_fd_sc_hd__o2bb2a_2)
                                                         _056_ (net)
                      0.035563    0.000000    7.353750 ^ _260_/B1 (sky130_fd_sc_hd__o2bb2a_2)
     1    0.033442    0.186579    0.278541    7.632291 ^ _260_/X (sky130_fd_sc_hd__o2bb2a_2)
                                                         z (net)
                      0.186579    0.000000    7.632291 ^ z (out)
                                              7.632291   data arrival time

                      0.000000   25.000000   25.000000   clock clk (rise edge)
                                  0.000000   25.000000   clock network delay (ideal)
                                 -0.250000   24.750000   clock uncertainty
                                  0.000000   24.750000   clock reconvergence pessimism
                                 -5.000000   19.750000   output external delay
                                             19.750000   data required time
---------------------------------------------------------------------------------------------
                                             19.750000   data required time
                                             -7.632291   data arrival time
---------------------------------------------------------------------------------------------
                                             12.117708   slack (MET)


Startpoint: data1[1] (input port clocked by clk)
Endpoint: res[6] (output port clocked by clk)
Path Group: clk
Path Type: max

Fanout         Cap        Slew       Delay        Time   Description
---------------------------------------------------------------------------------------------
                      0.000000    0.000000    0.000000   clock clk (rise edge)
                                  0.000000    0.000000   clock network delay (ideal)
                                  5.000000    5.000000 v input external delay
    11    0.024688    0.056316    0.039538    5.039538 v data1[1] (in)
                                                         data1[1] (net)
                      0.056316    0.000000    5.039538 v _141_/A (sky130_fd_sc_hd__or2_2)
     4    0.008811    0.073786    0.319519    5.359057 v _141_/X (sky130_fd_sc_hd__or2_2)
                                                         _072_ (net)
                      0.073786    0.000000    5.359057 v _142_/A3 (sky130_fd_sc_hd__a31o_2)
     3    0.008676    0.052700    0.270636    5.629693 v _142_/X (sky130_fd_sc_hd__a31o_2)
                                                         _073_ (net)
                      0.052700    0.000000    5.629693 v _144_/A1 (sky130_fd_sc_hd__a21bo_2)
     3    0.008566    0.050258    0.208277    5.837969 v _144_/X (sky130_fd_sc_hd__a21bo_2)
                                                         _075_ (net)
                      0.050258    0.000000    5.837969 v _145_/A2 (sky130_fd_sc_hd__a21o_2)
     4    0.011294    0.056077    0.234725    6.072694 v _145_/X (sky130_fd_sc_hd__a21o_2)
                                                         _076_ (net)
                      0.056077    0.000000    6.072694 v _175_/A2 (sky130_fd_sc_hd__a211o_2)
     2    0.006488    0.059363    0.342590    6.415285 v _175_/X (sky130_fd_sc_hd__a211o_2)
                                                         _105_ (net)
                      0.059363    0.000000    6.415285 v _176_/A2 (sky130_fd_sc_hd__a21o_2)
     1    0.002252    0.032432    0.205551    6.620836 v _176_/X (sky130_fd_sc_hd__a21o_2)
                                                         _106_ (net)
                      0.032432    0.000000    6.620836 v _187_/A2 (sky130_fd_sc_hd__a31o_2)
     1    0.002212    0.035594    0.214571    6.835407 v _187_/X (sky130_fd_sc_hd__a31o_2)
                                                         _117_ (net)
                      0.035594    0.000000    6.835407 v _188_/B2 (sky130_fd_sc_hd__o22a_2)
     2    0.035200    0.120080    0.268321    7.103728 v _188_/X (sky130_fd_sc_hd__o22a_2)
                                                         res[6] (net)
                      0.120080    0.000000    7.103728 v res[6] (out)
                                              7.103728   data arrival time

                      0.000000   25.000000   25.000000   clock clk (rise edge)
                                  0.000000   25.000000   clock network delay (ideal)
                                 -0.250000   24.750000   clock uncertainty
                                  0.000000   24.750000   clock reconvergence pessimism
                                 -5.000000   19.750000   output external delay
                                             19.750000   data required time
---------------------------------------------------------------------------------------------
                                             19.750000   data required time
                                             -7.103728   data arrival time
---------------------------------------------------------------------------------------------
                                             12.646272   slack (MET)


Startpoint: data1[1] (input port clocked by clk)
Endpoint: res[7] (output port clocked by clk)
Path Group: clk
Path Type: max

Fanout         Cap        Slew       Delay        Time   Description
---------------------------------------------------------------------------------------------
                      0.000000    0.000000    0.000000   clock clk (rise edge)
                                  0.000000    0.000000   clock network delay (ideal)
                                  5.000000    5.000000 v input external delay
    11    0.024688    0.056316    0.039538    5.039538 v data1[1] (in)
                                                         data1[1] (net)
                      0.056316    0.000000    5.039538 v _141_/A (sky130_fd_sc_hd__or2_2)
     4    0.008811    0.073786    0.319519    5.359057 v _141_/X (sky130_fd_sc_hd__or2_2)
                                                         _072_ (net)
                      0.073786    0.000000    5.359057 v _142_/A3 (sky130_fd_sc_hd__a31o_2)
     3    0.008676    0.052700    0.270636    5.629693 v _142_/X (sky130_fd_sc_hd__a31o_2)
                                                         _073_ (net)
                      0.052700    0.000000    5.629693 v _144_/A1 (sky130_fd_sc_hd__a21bo_2)
     3    0.008566    0.050258    0.208277    5.837969 v _144_/X (sky130_fd_sc_hd__a21bo_2)
                                                         _075_ (net)
                      0.050258    0.000000    5.837969 v _145_/A2 (sky130_fd_sc_hd__a21o_2)
     4    0.011294    0.056077    0.234725    6.072694 v _145_/X (sky130_fd_sc_hd__a21o_2)
                                                         _076_ (net)
                      0.056077    0.000000    6.072694 v _175_/A2 (sky130_fd_sc_hd__a211o_2)
     2    0.006488    0.059363    0.342590    6.415285 v _175_/X (sky130_fd_sc_hd__a211o_2)
                                                         _105_ (net)
                      0.059363    0.000000    6.415285 v _177_/C (sky130_fd_sc_hd__nand3_2)
     3    0.009541    0.076822    0.092758    6.508043 ^ _177_/Y (sky130_fd_sc_hd__nand3_2)
                                                         _107_ (net)
                      0.076822    0.000000    6.508043 ^ _192_/B1 (sky130_fd_sc_hd__o211ai_2)
     1    0.002252    0.052812    0.081378    6.589421 v _192_/Y (sky130_fd_sc_hd__o211ai_2)
                                                         _121_ (net)
                      0.052812    0.000000    6.589421 v _201_/A2 (sky130_fd_sc_hd__a31o_2)
     2    0.003099    0.038334    0.227654    6.817075 v _201_/X (sky130_fd_sc_hd__a31o_2)
                                                         _004_ (net)
                      0.038334    0.000000    6.817075 v _202_/B (sky130_fd_sc_hd__and2_2)
     1    0.033442    0.101782    0.257233    7.074308 v _202_/X (sky130_fd_sc_hd__and2_2)
                                                         res[7] (net)
                      0.101782    0.000000    7.074308 v res[7] (out)
                                              7.074308   data arrival time

                      0.000000   25.000000   25.000000   clock clk (rise edge)
                                  0.000000   25.000000   clock network delay (ideal)
                                 -0.250000   24.750000   clock uncertainty
                                  0.000000   24.750000   clock reconvergence pessimism
                                 -5.000000   19.750000   output external delay
                                             19.750000   data required time
---------------------------------------------------------------------------------------------
                                             19.750000   data required time
                                             -7.074308   data arrival time
---------------------------------------------------------------------------------------------
                                             12.675692   slack (MET)


Startpoint: data1[1] (input port clocked by clk)
Endpoint: res[5] (output port clocked by clk)
Path Group: clk
Path Type: max

Fanout         Cap        Slew       Delay        Time   Description
---------------------------------------------------------------------------------------------
                      0.000000    0.000000    0.000000   clock clk (rise edge)
                                  0.000000    0.000000   clock network delay (ideal)
                                  5.000000    5.000000 v input external delay
    11    0.024688    0.056316    0.039538    5.039538 v data1[1] (in)
                                                         data1[1] (net)
                      0.056316    0.000000    5.039538 v _141_/A (sky130_fd_sc_hd__or2_2)
     4    0.008811    0.073786    0.319519    5.359057 v _141_/X (sky130_fd_sc_hd__or2_2)
                                                         _072_ (net)
                      0.073786    0.000000    5.359057 v _142_/A3 (sky130_fd_sc_hd__a31o_2)
     3    0.008676    0.052700    0.270636    5.629693 v _142_/X (sky130_fd_sc_hd__a31o_2)
                                                         _073_ (net)
                      0.052700    0.000000    5.629693 v _144_/A1 (sky130_fd_sc_hd__a21bo_2)
     3    0.008566    0.050258    0.208277    5.837969 v _144_/X (sky130_fd_sc_hd__a21bo_2)
                                                         _075_ (net)
                      0.050258    0.000000    5.837969 v _145_/A2 (sky130_fd_sc_hd__a21o_2)
     4    0.011294    0.056077    0.234725    6.072694 v _145_/X (sky130_fd_sc_hd__a21o_2)
                                                         _076_ (net)
                      0.056077    0.000000    6.072694 v _146_/A2 (sky130_fd_sc_hd__a21o_2)
     1    0.008077    0.048014    0.226498    6.299193 v _146_/X (sky130_fd_sc_hd__a21o_2)
                                                         _077_ (net)
                      0.048014    0.000000    6.299193 v _149_/B (sky130_fd_sc_hd__xnor2_2)
     1    0.002235    0.040757    0.118900    6.418093 v _149_/Y (sky130_fd_sc_hd__xnor2_2)
                                                         _080_ (net)
                      0.040757    0.000000    6.418093 v _170_/A2 (sky130_fd_sc_hd__a211o_2)
     2    0.003099    0.048550    0.320178    6.738271 v _170_/X (sky130_fd_sc_hd__a211o_2)
                                                         _101_ (net)
                      0.048550    0.000000    6.738271 v _171_/B (sky130_fd_sc_hd__and2_2)
     1    0.033442    0.101815    0.261717    6.999989 v _171_/X (sky130_fd_sc_hd__and2_2)
                                                         res[5] (net)
                      0.101815    0.000000    6.999989 v res[5] (out)
                                              6.999989   data arrival time

                      0.000000   25.000000   25.000000   clock clk (rise edge)
                                  0.000000   25.000000   clock network delay (ideal)
                                 -0.250000   24.750000   clock uncertainty
                                  0.000000   24.750000   clock reconvergence pessimism
                                 -5.000000   19.750000   output external delay
                                             19.750000   data required time
---------------------------------------------------------------------------------------------
                                             19.750000   data required time
                                             -6.999989   data arrival time
---------------------------------------------------------------------------------------------
                                             12.750011   slack (MET)


Startpoint: data2[6] (input port clocked by clk)
Endpoint: res[0] (output port clocked by clk)
Path Group: clk
Path Type: max

Fanout         Cap        Slew       Delay        Time   Description
---------------------------------------------------------------------------------------------
                      0.000000    0.000000    0.000000   clock clk (rise edge)
                                  0.000000    0.000000   clock network delay (ideal)
                                  5.000000    5.000000 ^ input external delay
    15    0.040216    0.188091    0.128443    5.128443 ^ data2[6] (in)
                                                         data2[6] (net)
                      0.188091    0.000000    5.128443 ^ _156_/A_N (sky130_fd_sc_hd__and3b_2)
     7    0.015544    0.068662    0.267570    5.396012 v _156_/X (sky130_fd_sc_hd__and3b_2)
                                                         _087_ (net)
                      0.068662    0.000000    5.396012 v _237_/B1 (sky130_fd_sc_hd__a221o_2)
     1    0.001409    0.047183    0.322550    5.718562 v _237_/X (sky130_fd_sc_hd__a221o_2)
                                                         _036_ (net)
                      0.047183    0.000000    5.718562 v _239_/C (sky130_fd_sc_hd__or4_2)
     1    0.002319    0.096266    0.594700    6.313262 v _239_/X (sky130_fd_sc_hd__or4_2)
                                                         _038_ (net)
                      0.096266    0.000000    6.313262 v _240_/C1 (sky130_fd_sc_hd__o211a_2)
     1    0.002225    0.039235    0.131682    6.444944 v _240_/X (sky130_fd_sc_hd__o211a_2)
                                                         _039_ (net)
                      0.039235    0.000000    6.444944 v _244_/A1 (sky130_fd_sc_hd__o32a_2)
     2    0.035650    0.129590    0.478318    6.923262 v _244_/X (sky130_fd_sc_hd__o32a_2)
                                                         res[0] (net)
                      0.129590    0.000000    6.923262 v res[0] (out)
                                              6.923262   data arrival time

                      0.000000   25.000000   25.000000   clock clk (rise edge)
                                  0.000000   25.000000   clock network delay (ideal)
                                 -0.250000   24.750000   clock uncertainty
                                  0.000000   24.750000   clock reconvergence pessimism
                                 -5.000000   19.750000   output external delay
                                             19.750000   data required time
---------------------------------------------------------------------------------------------
                                             19.750000   data required time
                                             -6.923262   data arrival time
---------------------------------------------------------------------------------------------
                                             12.826737   slack (MET)


Startpoint: data2[5] (input port clocked by clk)
Endpoint: res[1] (output port clocked by clk)
Path Group: clk
Path Type: max

Fanout         Cap        Slew       Delay        Time   Description
---------------------------------------------------------------------------------------------
                      0.000000    0.000000    0.000000   clock clk (rise edge)
                                  0.000000    0.000000   clock network delay (ideal)
                                  5.000000    5.000000 ^ input external delay
    14    0.033377    0.157414    0.107221    5.107222 ^ data2[5] (in)
                                                         data2[5] (net)
                      0.157414    0.000000    5.107222 ^ _179_/A_N (sky130_fd_sc_hd__and3b_2)
     7    0.015513    0.068730    0.262419    5.369640 v _179_/X (sky130_fd_sc_hd__and3b_2)
                                                         _109_ (net)
                      0.068730    0.000000    5.369640 v _205_/B1 (sky130_fd_sc_hd__a221o_2)
     1    0.001409    0.047183    0.322573    5.692213 v _205_/X (sky130_fd_sc_hd__a221o_2)
                                                         _007_ (net)
                      0.047183    0.000000    5.692213 v _207_/C (sky130_fd_sc_hd__or4_2)
     1    0.002319    0.096281    0.594700    6.286913 v _207_/X (sky130_fd_sc_hd__or4_2)
                                                         _009_ (net)
                      0.096281    0.000000    6.286913 v _208_/C1 (sky130_fd_sc_hd__o211a_2)
     1    0.002225    0.039249    0.131689    6.418602 v _208_/X (sky130_fd_sc_hd__o211a_2)
                                                         _010_ (net)
                      0.039249    0.000000    6.418602 v _213_/A1 (sky130_fd_sc_hd__o32a_2)
     2    0.035718    0.129717    0.478454    6.897056 v _213_/X (sky130_fd_sc_hd__o32a_2)
                                                         res[1] (net)
                      0.129717    0.000000    6.897056 v res[1] (out)
                                              6.897056   data arrival time

                      0.000000   25.000000   25.000000   clock clk (rise edge)
                                  0.000000   25.000000   clock network delay (ideal)
                                 -0.250000   24.750000   clock uncertainty
                                  0.000000   24.750000   clock reconvergence pessimism
                                 -5.000000   19.750000   output external delay
                                             19.750000   data required time
---------------------------------------------------------------------------------------------
                                             19.750000   data required time
                                             -6.897056   data arrival time
---------------------------------------------------------------------------------------------
                                             12.852944   slack (MET)


Startpoint: data1[1] (input port clocked by clk)
Endpoint: res[4] (output port clocked by clk)
Path Group: clk
Path Type: max

Fanout         Cap        Slew       Delay        Time   Description
---------------------------------------------------------------------------------------------
                      0.000000    0.000000    0.000000   clock clk (rise edge)
                                  0.000000    0.000000   clock network delay (ideal)
                                  5.000000    5.000000 v input external delay
    11    0.024688    0.056316    0.039538    5.039538 v data1[1] (in)
                                                         data1[1] (net)
                      0.056316    0.000000    5.039538 v _141_/A (sky130_fd_sc_hd__or2_2)
     4    0.008811    0.073786    0.319519    5.359057 v _141_/X (sky130_fd_sc_hd__or2_2)
                                                         _072_ (net)
                      0.073786    0.000000    5.359057 v _142_/A3 (sky130_fd_sc_hd__a31o_2)
     3    0.008676    0.052700    0.270636    5.629693 v _142_/X (sky130_fd_sc_hd__a31o_2)
                                                         _073_ (net)
                      0.052700    0.000000    5.629693 v _144_/A1 (sky130_fd_sc_hd__a21bo_2)
     3    0.008566    0.050258    0.208277    5.837969 v _144_/X (sky130_fd_sc_hd__a21bo_2)
                                                         _075_ (net)
                      0.050258    0.000000    5.837969 v _145_/A2 (sky130_fd_sc_hd__a21o_2)
     4    0.011294    0.056077    0.234725    6.072694 v _145_/X (sky130_fd_sc_hd__a21o_2)
                                                         _076_ (net)
                      0.056077    0.000000    6.072694 v _215_/A2 (sky130_fd_sc_hd__o21a_2)
     1    0.002225    0.032220    0.187006    6.259700 v _215_/X (sky130_fd_sc_hd__o21a_2)
                                                         _016_ (net)
                      0.032220    0.000000    6.259700 v _223_/A1 (sky130_fd_sc_hd__o32a_2)
     2    0.035090    0.128472    0.474060    6.733760 v _223_/X (sky130_fd_sc_hd__o32a_2)
                                                         res[4] (net)
                      0.128472    0.000000    6.733760 v res[4] (out)
                                              6.733760   data arrival time

                      0.000000   25.000000   25.000000   clock clk (rise edge)
                                  0.000000   25.000000   clock network delay (ideal)
                                 -0.250000   24.750000   clock uncertainty
                                  0.000000   24.750000   clock reconvergence pessimism
                                 -5.000000   19.750000   output external delay
                                             19.750000   data required time
---------------------------------------------------------------------------------------------
                                             19.750000   data required time
                                             -6.733760   data arrival time
---------------------------------------------------------------------------------------------
                                             13.016239   slack (MET)


Startpoint: data2[5] (input port clocked by clk)
Endpoint: res[3] (output port clocked by clk)
Path Group: clk
Path Type: max

Fanout         Cap        Slew       Delay        Time   Description
---------------------------------------------------------------------------------------------
                      0.000000    0.000000    0.000000   clock clk (rise edge)
                                  0.000000    0.000000   clock network delay (ideal)
                                  5.000000    5.000000 ^ input external delay
    14    0.033377    0.157414    0.107221    5.107222 ^ data2[5] (in)
                                                         data2[5] (net)
                      0.157414    0.000000    5.107222 ^ _179_/A_N (sky130_fd_sc_hd__and3b_2)
     7    0.015513    0.068730    0.262419    5.369640 v _179_/X (sky130_fd_sc_hd__and3b_2)
                                                         _109_ (net)
                      0.068730    0.000000    5.369640 v _227_/B1 (sky130_fd_sc_hd__a22o_2)
     1    0.002067    0.037391    0.205010    5.574650 v _227_/X (sky130_fd_sc_hd__a22o_2)
                                                         _027_ (net)
                      0.037391    0.000000    5.574650 v _228_/C1 (sky130_fd_sc_hd__a221o_2)
     1    0.002195    0.050401    0.283972    5.858622 v _228_/X (sky130_fd_sc_hd__a221o_2)
                                                         _028_ (net)
                      0.050401    0.000000    5.858622 v _230_/B1 (sky130_fd_sc_hd__a211o_2)
     1    0.002319    0.045449    0.295050    6.153672 v _230_/X (sky130_fd_sc_hd__a211o_2)
                                                         _030_ (net)
                      0.045449    0.000000    6.153672 v _231_/C1 (sky130_fd_sc_hd__o211a_2)
     1    0.002148    0.038969    0.108674    6.262346 v _231_/X (sky130_fd_sc_hd__o211a_2)
                                                         _031_ (net)
                      0.038969    0.000000    6.262346 v _234_/A2 (sky130_fd_sc_hd__o32a_2)
     2    0.037632    0.133387    0.463032    6.725378 v _234_/X (sky130_fd_sc_hd__o32a_2)
                                                         res[3] (net)
                      0.133387    0.000000    6.725378 v res[3] (out)
                                              6.725378   data arrival time

                      0.000000   25.000000   25.000000   clock clk (rise edge)
                                  0.000000   25.000000   clock network delay (ideal)
                                 -0.250000   24.750000   clock uncertainty
                                  0.000000   24.750000   clock reconvergence pessimism
                                 -5.000000   19.750000   output external delay
                                             19.750000   data required time
---------------------------------------------------------------------------------------------
                                             19.750000   data required time
                                             -6.725378   data arrival time
---------------------------------------------------------------------------------------------
                                             13.024622   slack (MET)


Startpoint: data2[6] (input port clocked by clk)
Endpoint: res[2] (output port clocked by clk)
Path Group: clk
Path Type: max

Fanout         Cap        Slew       Delay        Time   Description
---------------------------------------------------------------------------------------------
                      0.000000    0.000000    0.000000   clock clk (rise edge)
                                  0.000000    0.000000   clock network delay (ideal)
                                  5.000000    5.000000 ^ input external delay
    15    0.040216    0.188091    0.128443    5.128443 ^ data2[6] (in)
                                                         data2[6] (net)
                      0.188091    0.000000    5.128443 ^ _156_/A_N (sky130_fd_sc_hd__and3b_2)
     7    0.015544    0.068662    0.267570    5.396012 v _156_/X (sky130_fd_sc_hd__and3b_2)
                                                         _087_ (net)
                      0.068662    0.000000    5.396012 v _250_/A2 (sky130_fd_sc_hd__a22o_2)
     1    0.002067    0.037397    0.254229    5.650241 v _250_/X (sky130_fd_sc_hd__a22o_2)
                                                         _048_ (net)
                      0.037397    0.000000    5.650241 v _251_/C1 (sky130_fd_sc_hd__a221o_2)
     1    0.002243    0.050564    0.284297    5.934538 v _251_/X (sky130_fd_sc_hd__a221o_2)
                                                         _049_ (net)
                      0.050564    0.000000    5.934538 v _253_/A2 (sky130_fd_sc_hd__o21a_2)
     1    0.002148    0.032031    0.184521    6.119059 v _253_/X (sky130_fd_sc_hd__o21a_2)
                                                         _051_ (net)
                      0.032031    0.000000    6.119059 v _256_/A2 (sky130_fd_sc_hd__o32a_2)
     2    0.034775    0.127829    0.454572    6.573630 v _256_/X (sky130_fd_sc_hd__o32a_2)
                                                         res[2] (net)
                      0.127829    0.000000    6.573630 v res[2] (out)
                                              6.573630   data arrival time

                      0.000000   25.000000   25.000000   clock clk (rise edge)
                                  0.000000   25.000000   clock network delay (ideal)
                                 -0.250000   24.750000   clock uncertainty
                                  0.000000   24.750000   clock reconvergence pessimism
                                 -5.000000   19.750000   output external delay
                                             19.750000   data required time
---------------------------------------------------------------------------------------------
                                             19.750000   data required time
                                             -6.573630   data arrival time
---------------------------------------------------------------------------------------------
                                             13.176369   slack (MET)



%OL_END_REPORT
%OL_CREATE_REPORT checks.rpt

===========================================================================
report_checks -unconstrained
===========================================================================
======================= nom_tt_025C_1v80 Corner ===================================

Startpoint: data2[6] (input port clocked by clk)
Endpoint: z (output port clocked by clk)
Path Group: clk
Path Type: max

Fanout         Cap        Slew       Delay        Time   Description
---------------------------------------------------------------------------------------------
                      0.000000    0.000000    0.000000   clock clk (rise edge)
                                  0.000000    0.000000   clock network delay (ideal)
                                  5.000000    5.000000 ^ input external delay
    15    0.040216    0.188091    0.128443    5.128443 ^ data2[6] (in)
                                                         data2[6] (net)
                      0.188091    0.000000    5.128443 ^ _156_/A_N (sky130_fd_sc_hd__and3b_2)
     7    0.015544    0.068662    0.267570    5.396012 v _156_/X (sky130_fd_sc_hd__and3b_2)
                                                         _087_ (net)
                      0.068662    0.000000    5.396012 v _237_/B1 (sky130_fd_sc_hd__a221o_2)
     1    0.001409    0.047183    0.322550    5.718562 v _237_/X (sky130_fd_sc_hd__a221o_2)
                                                         _036_ (net)
                      0.047183    0.000000    5.718562 v _239_/C (sky130_fd_sc_hd__or4_2)
     1    0.002319    0.096266    0.594700    6.313262 v _239_/X (sky130_fd_sc_hd__or4_2)
                                                         _038_ (net)
                      0.096266    0.000000    6.313262 v _240_/C1 (sky130_fd_sc_hd__o211a_2)
     1    0.002225    0.039235    0.131682    6.444944 v _240_/X (sky130_fd_sc_hd__o211a_2)
                                                         _039_ (net)
                      0.039235    0.000000    6.444944 v _244_/A1 (sky130_fd_sc_hd__o32a_2)
     2    0.035650    0.129590    0.478318    6.923262 v _244_/X (sky130_fd_sc_hd__o32a_2)
                                                         res[0] (net)
                      0.129590    0.000000    6.923262 v _257_/A2 (sky130_fd_sc_hd__o21ba_2)
     1    0.004136    0.039164    0.228567    7.151829 v _257_/X (sky130_fd_sc_hd__o21ba_2)
                                                         _054_ (net)
                      0.039164    0.000000    7.151829 v _258_/B (sky130_fd_sc_hd__nor2_2)
     1    0.002005    0.058167    0.060809    7.212637 ^ _258_/Y (sky130_fd_sc_hd__nor2_2)
                                                         _055_ (net)
                      0.058167    0.000000    7.212637 ^ _259_/B2 (sky130_fd_sc_hd__o2bb2a_2)
     1    0.001797    0.035563    0.141113    7.353750 ^ _259_/X (sky130_fd_sc_hd__o2bb2a_2)
                                                         _056_ (net)
                      0.035563    0.000000    7.353750 ^ _260_/B1 (sky130_fd_sc_hd__o2bb2a_2)
     1    0.033442    0.186579    0.278541    7.632291 ^ _260_/X (sky130_fd_sc_hd__o2bb2a_2)
                                                         z (net)
                      0.186579    0.000000    7.632291 ^ z (out)
                                              7.632291   data arrival time

                      0.000000   25.000000   25.000000   clock clk (rise edge)
                                  0.000000   25.000000   clock network delay (ideal)
                                 -0.250000   24.750000   clock uncertainty
                                  0.000000   24.750000   clock reconvergence pessimism
                                 -5.000000   19.750000   output external delay
                                             19.750000   data required time
---------------------------------------------------------------------------------------------
                                             19.750000   data required time
                                             -7.632291   data arrival time
---------------------------------------------------------------------------------------------
                                             12.117708   slack (MET)




===========================================================================
report_checks --slack_max -0.01
============================================================================
======================= nom_tt_025C_1v80 Corner ===================================

No paths found.


===========================================================================
 report_check_types -max_slew -max_cap -max_fanout -violators
============================================================================
======================= nom_tt_025C_1v80 Corner ===================================

max fanout

Pin                                   Limit Fanout  Slack
---------------------------------------------------------
data2[6]                                 10     15     -5 (VIOLATED)
data1[0]                                 10     14     -4 (VIOLATED)
data2[5]                                 10     14     -4 (VIOLATED)
data2[7]                                 10     14     -4 (VIOLATED)
data1[1]                                 10     11        (VIOLATED)
data1[2]                                 10     11        (VIOLATED)
data1[6]                                 10     11        (VIOLATED)
_167_/X                                  10     11        (VIOLATED)



===========================================================================
report_parasitic_annotation -report_unannotated
============================================================================
Found 154 unannotated drivers.
 data1[0]
 data1[1]
 data1[2]
 data1[3]
 data1[4]
 data1[5]
 data1[6]
 data1[7]
 data2[0]
 data2[1]
 data2[2]
 data2[3]
 data2[4]
 data2[5]
 data2[6]
 data2[7]
 op[0]
 op[1]
 op[2]
 _126_/Y
 _127_/X
 _128_/X
 _129_/X
 _130_/X
 _131_/Y
 _132_/X
 _133_/X
 _134_/X
 _135_/X
 _136_/Y
 _137_/X
 _138_/Y
 _139_/X
 _140_/Y
 _141_/X
 _142_/X
 _143_/X
 _144_/X
 _145_/X
 _146_/X
 _147_/Y
 _148_/X
 _149_/Y
 _150_/Y
 _151_/Y
 _152_/X
 _153_/X
 _154_/Y
 _155_/X
 _156_/X
 _157_/Y
 _158_/Y
 _159_/X
 _160_/X
 _161_/X
 _162_/Y
 _163_/X
 _164_/X
 _165_/Y
 _166_/X
 _167_/X
 _168_/X
 _169_/X
 _170_/X
 _171_/X
 _172_/Y
 _173_/X
 _174_/X
 _175_/X
 _176_/X
 _177_/Y
 _178_/X
 _179_/X
 _180_/Y
 _181_/X
 _182_/X
 _183_/X
 _184_/X
 _185_/X
 _186_/X
 _187_/X
 _188_/X
 _189_/X
 _190_/X
 _191_/Y
 _192_/Y
 _193_/X
 _194_/X
 _195_/X
 _196_/X
 _197_/X
 _198_/X
 _199_/X
 _200_/X
 _201_/X
 _202_/X
 _203_/X
 _204_/X
 _205_/X
 _206_/X
 _207_/X
 _208_/X
 _209_/X
 _210_/X
 _211_/X
 _212_/X
 _213_/X
 _214_/Y
 _215_/X
 _216_/X
 _217_/X
 _218_/X
 _219_/X
 _220_/X
 _221_/X
 _222_/X
 _223_/X
 _224_/Y
 _225_/X
 _226_/Y
 _227_/X
 _228_/X
 _229_/X
 _230_/X
 _231_/X
 _232_/X
 _233_/X
 _234_/X
 _235_/X
 _236_/X
 _237_/X
 _238_/X
 _239_/X
 _240_/X
 _241_/Y
 _242_/X
 _243_/X
 _244_/X
 _245_/Y
 _246_/X
 _247_/Y
 _248_/X
 _249_/X
 _250_/X
 _251_/X
 _252_/X
 _253_/X
 _254_/X
 _255_/X
 _256_/X
 _257_/X
 _258_/Y
 _259_/X
 _260_/X
Found 0 partially unannotated drivers.

===========================================================================
max slew violation count 0
%OL_METRIC_I design__max_slew_violation__count__corner:nom_tt_025C_1v80 0
max fanout violation count 8
%OL_METRIC_I design__max_fanout_violation__count__corner:nom_tt_025C_1v80 8
max cap violation count 0
%OL_METRIC_I design__max_cap_violation__count__corner:nom_tt_025C_1v80 0
============================================================================

===========================================================================
check_setup -verbose -unconstrained_endpoints -multiple_clock -no_clock -no_input_delay -loops -generated_clocks
===========================================================================
%OL_END_REPORT
%OL_CREATE_REPORT power.rpt

===========================================================================
 report_power
============================================================================
======================= nom_tt_025C_1v80 Corner ===================================

Group                    Internal    Switching      Leakage        Total
                            Power        Power        Power        Power (Watts)
------------------------------------------------------------------------
Sequential           0.000000e+00 0.000000e+00 0.000000e+00 0.000000e+00   0.0%
Combinational        1.296503e-05 1.069483e-05 4.973056e-10 2.366036e-05 100.0%
Clock                0.000000e+00 0.000000e+00 0.000000e+00 0.000000e+00   0.0%
Macro                0.000000e+00 0.000000e+00 0.000000e+00 0.000000e+00   0.0%
Pad                  0.000000e+00 0.000000e+00 0.000000e+00 0.000000e+00   0.0%
------------------------------------------------------------------------
Total                1.296503e-05 1.069483e-05 4.973056e-10 2.366036e-05 100.0%
                            54.8%        45.2%         0.0%
%OL_METRIC_F power__internal__total 1.2965031601197552e-5
%OL_METRIC_F power__switching__total 1.0694832781155128e-5
%OL_METRIC_F power__leakage__total 4.973055856005715e-10
%OL_METRIC_F power__total 2.3660360966459848e-5

%OL_END_REPORT
%OL_CREATE_REPORT skew.min.rpt

===========================================================================
Clock Skew (Hold)
============================================================================
%OL_METRIC_F clock__skew__worst_hold__corner:nom_tt_025C_1v80 0.0
======================= nom_tt_025C_1v80 Corner ===================================

Clock clk
No launch/capture paths found.

%OL_END_REPORT
%OL_CREATE_REPORT skew.max.rpt

===========================================================================
Clock Skew (Setup)
============================================================================
%OL_METRIC_F clock__skew__worst_setup__corner:nom_tt_025C_1v80 0.0
======================= nom_tt_025C_1v80 Corner ===================================

Clock clk
No launch/capture paths found.

%OL_END_REPORT
%OL_CREATE_REPORT ws.min.rpt

===========================================================================
Worst Slack (Hold)
============================================================================
%OL_METRIC_F timing__hold__ws__corner:nom_tt_025C_1v80 10.003319344892901
nom_tt_025C_1v80: 10.003319344892901
%OL_END_REPORT
%OL_CREATE_REPORT ws.max.rpt

===========================================================================
Worst Slack (Setup)
============================================================================
%OL_METRIC_F timing__setup__ws__corner:nom_tt_025C_1v80 12.11770806884582
nom_tt_025C_1v80: 12.11770806884582
%OL_END_REPORT
%OL_CREATE_REPORT tns.min.rpt

===========================================================================
Total Negative Slack (Hold)
============================================================================
%OL_METRIC_F timing__hold__tns__corner:nom_tt_025C_1v80 0.0
nom_tt_025C_1v80: 0.0
%OL_END_REPORT
%OL_CREATE_REPORT tns.max.rpt

===========================================================================
Total Negative Slack (Setup)
============================================================================
%OL_METRIC_F timing__setup__tns__corner:nom_tt_025C_1v80 0.0
nom_tt_025C_1v80: 0.0
%OL_END_REPORT
%OL_CREATE_REPORT wns.min.rpt

===========================================================================
Worst Negative Slack (Hold)
============================================================================
%OL_METRIC_F timing__hold__wns__corner:nom_tt_025C_1v80 0
nom_tt_025C_1v80: 0
%OL_END_REPORT
%OL_CREATE_REPORT wns.max.rpt

===========================================================================
Worst Negative Slack (Setup)
============================================================================
%OL_METRIC_F timing__setup__wns__corner:nom_tt_025C_1v80 0.0
nom_tt_025C_1v80: 0.0
%OL_END_REPORT
%OL_CREATE_REPORT violator_list.rpt

===========================================================================
Violator List
============================================================================
%OL_METRIC_I timing__hold_vio__count__corner:nom_tt_025C_1v80 0
%OL_METRIC_F timing__hold_r2r__ws__corner:nom_tt_025C_1v80 inf
%OL_METRIC_I timing__hold_r2r_vio__count__corner:nom_tt_025C_1v80 0
%OL_METRIC_I timing__setup_vio__count__corner:nom_tt_025C_1v80 0
%OL_METRIC_F timing__setup_r2r__ws__corner:nom_tt_025C_1v80 inf
%OL_METRIC_I timing__setup_r2r_vio__count__corner:nom_tt_025C_1v80 0
%OL_END_REPORT
%OL_CREATE_REPORT unpropagated.rpt
clk
%OL_END_REPORT
%OL_CREATE_REPORT clock.rpt
Clock: clk
Sources: 
Generated: no
Virtual: yes
Propagated: no
Period: 25.000000

===========================================================================
report_clock_properties
============================================================================
Clock                   Period          Waveform
----------------------------------------------------
clk                  25.000000    0.000000 12.500000

===========================================================================
report_clock_latency
============================================================================
Clock clk


===========================================================================
report_clock_min_period
============================================================================
clk period_min = 0.00 fmax = inf
%OL_END_REPORT
Writing SDF files for all corners…
