
===========================================================================
report_checks -path_delay max (Setup)
============================================================================
======================= nom_ff_n40C_1v95 Corner ===================================

Startpoint: data2[6] (input port clocked by clk)
Endpoint: z (output port clocked by clk)
Path Group: clk
Path Type: max

Fanout         Cap        Slew       Delay        Time   Description
---------------------------------------------------------------------------------------------
                      0.000000    0.000000    0.000000   clock clk (rise edge)
                                  0.000000    0.000000   clock network delay (ideal)
                                  5.000000    5.000000 ^ input external delay
    15    0.041079    0.143326    0.097688    5.097688 ^ data2[6] (in)
                                                         data2[6] (net)
                      0.143326    0.000000    5.097688 ^ _156_/A_N (sky130_fd_sc_hd__and3b_2)
     7    0.015814    0.051228    0.161464    5.259152 v _156_/X (sky130_fd_sc_hd__and3b_2)
                                                         _087_ (net)
                      0.051228    0.000000    5.259152 v _237_/B1 (sky130_fd_sc_hd__a221o_2)
     1    0.001465    0.028250    0.158109    5.417261 v _237_/X (sky130_fd_sc_hd__a221o_2)
                                                         _036_ (net)
                      0.028250    0.000000    5.417261 v _239_/C (sky130_fd_sc_hd__or4_2)
     1    0.002351    0.063667    0.332204    5.749465 v _239_/X (sky130_fd_sc_hd__or4_2)
                                                         _038_ (net)
                      0.063667    0.000000    5.749465 v _240_/C1 (sky130_fd_sc_hd__o211a_2)
     1    0.002239    0.029069    0.082057    5.831522 v _240_/X (sky130_fd_sc_hd__o211a_2)
                                                         _039_ (net)
                      0.029069    0.000000    5.831522 v _244_/A1 (sky130_fd_sc_hd__o32a_2)
     2    0.035679    0.091786    0.286001    6.117522 v _244_/X (sky130_fd_sc_hd__o32a_2)
                                                         res[0] (net)
                      0.091786    0.000000    6.117522 v _257_/A2 (sky130_fd_sc_hd__o21ba_2)
     1    0.004145    0.029007    0.143159    6.260681 v _257_/X (sky130_fd_sc_hd__o21ba_2)
                                                         _054_ (net)
                      0.029007    0.000000    6.260681 v _258_/B (sky130_fd_sc_hd__nor2_2)
     1    0.002071    0.043656    0.041743    6.302424 ^ _258_/Y (sky130_fd_sc_hd__nor2_2)
                                                         _055_ (net)
                      0.043656    0.000000    6.302424 ^ _259_/B2 (sky130_fd_sc_hd__o2bb2a_2)
     1    0.001837    0.023894    0.085951    6.388375 ^ _259_/X (sky130_fd_sc_hd__o2bb2a_2)
                                                         _056_ (net)
                      0.023894    0.000000    6.388375 ^ _260_/B1 (sky130_fd_sc_hd__o2bb2a_2)
     1    0.033442    0.138430    0.182330    6.570704 ^ _260_/X (sky130_fd_sc_hd__o2bb2a_2)
                                                         z (net)
                      0.138430    0.000000    6.570704 ^ z (out)
                                              6.570704   data arrival time

                      0.000000   25.000000   25.000000   clock clk (rise edge)
                                  0.000000   25.000000   clock network delay (ideal)
                                 -0.250000   24.750000   clock uncertainty
                                  0.000000   24.750000   clock reconvergence pessimism
                                 -5.000000   19.750000   output external delay
                                             19.750000   data required time
---------------------------------------------------------------------------------------------
                                             19.750000   data required time
                                             -6.570704   data arrival time
---------------------------------------------------------------------------------------------
                                             13.179295   slack (MET)


Startpoint: data1[1] (input port clocked by clk)
Endpoint: res[6] (output port clocked by clk)
Path Group: clk
Path Type: max

Fanout         Cap        Slew       Delay        Time   Description
---------------------------------------------------------------------------------------------
                      0.000000    0.000000    0.000000   clock clk (rise edge)
                                  0.000000    0.000000   clock network delay (ideal)
                                  5.000000    5.000000 v input external delay
    11    0.025167    0.039798    0.026705    5.026705 v data1[1] (in)
                                                         data1[1] (net)
                      0.039798    0.000000    5.026705 v _141_/A (sky130_fd_sc_hd__or2_2)
     4    0.008944    0.050417    0.189230    5.215934 v _141_/X (sky130_fd_sc_hd__or2_2)
                                                         _072_ (net)
                      0.050417    0.000000    5.215934 v _142_/A3 (sky130_fd_sc_hd__a31o_2)
     3    0.008795    0.039811    0.172308    5.388242 v _142_/X (sky130_fd_sc_hd__a31o_2)
                                                         _073_ (net)
                      0.039811    0.000000    5.388242 v _144_/A1 (sky130_fd_sc_hd__a21bo_2)
     3    0.008682    0.036918    0.132985    5.521227 v _144_/X (sky130_fd_sc_hd__a21bo_2)
                                                         _075_ (net)
                      0.036918    0.000000    5.521227 v _145_/A2 (sky130_fd_sc_hd__a21o_2)
     4    0.011334    0.041095    0.151606    5.672833 v _145_/X (sky130_fd_sc_hd__a21o_2)
                                                         _076_ (net)
                      0.041095    0.000000    5.672833 v _175_/A2 (sky130_fd_sc_hd__a211o_2)
     2    0.006489    0.042429    0.212769    5.885602 v _175_/X (sky130_fd_sc_hd__a211o_2)
                                                         _105_ (net)
                      0.042429    0.000000    5.885602 v _176_/A2 (sky130_fd_sc_hd__a21o_2)
     1    0.002262    0.023786    0.130373    6.015976 v _176_/X (sky130_fd_sc_hd__a21o_2)
                                                         _106_ (net)
                      0.023786    0.000000    6.015976 v _187_/A2 (sky130_fd_sc_hd__a31o_2)
     1    0.002253    0.026815    0.135597    6.151573 v _187_/X (sky130_fd_sc_hd__a31o_2)
                                                         _117_ (net)
                      0.026815    0.000000    6.151573 v _188_/B2 (sky130_fd_sc_hd__o22a_2)
     2    0.035262    0.077174    0.159944    6.311517 v _188_/X (sky130_fd_sc_hd__o22a_2)
                                                         res[6] (net)
                      0.077174    0.000000    6.311517 v res[6] (out)
                                              6.311517   data arrival time

                      0.000000   25.000000   25.000000   clock clk (rise edge)
                                  0.000000   25.000000   clock network delay (ideal)
                                 -0.250000   24.750000   clock uncertainty
                                  0.000000   24.750000   clock reconvergence pessimism
                                 -5.000000   19.750000   output external delay
                                             19.750000   data required time
---------------------------------------------------------------------------------------------
                                             19.750000   data required time
                                             -6.311517   data arrival time
---------------------------------------------------------------------------------------------
                                             13.438482   slack (MET)


Startpoint: data1[1] (input port clocked by clk)
Endpoint: res[7] (output port clocked by clk)
Path Group: clk
Path Type: max

Fanout         Cap        Slew       Delay        Time   Description
---------------------------------------------------------------------------------------------
                      0.000000    0.000000    0.000000   clock clk (rise edge)
                                  0.000000    0.000000   clock network delay (ideal)
                                  5.000000    5.000000 v input external delay
    11    0.025167    0.039798    0.026705    5.026705 v data1[1] (in)
                                                         data1[1] (net)
                      0.039798    0.000000    5.026705 v _141_/A (sky130_fd_sc_hd__or2_2)
     4    0.008944    0.050417    0.189230    5.215934 v _141_/X (sky130_fd_sc_hd__or2_2)
                                                         _072_ (net)
                      0.050417    0.000000    5.215934 v _142_/A3 (sky130_fd_sc_hd__a31o_2)
     3    0.008795    0.039811    0.172308    5.388242 v _142_/X (sky130_fd_sc_hd__a31o_2)
                                                         _073_ (net)
                      0.039811    0.000000    5.388242 v _144_/A1 (sky130_fd_sc_hd__a21bo_2)
     3    0.008682    0.036918    0.132985    5.521227 v _144_/X (sky130_fd_sc_hd__a21bo_2)
                                                         _075_ (net)
                      0.036918    0.000000    5.521227 v _145_/A2 (sky130_fd_sc_hd__a21o_2)
     4    0.011334    0.041095    0.151606    5.672833 v _145_/X (sky130_fd_sc_hd__a21o_2)
                                                         _076_ (net)
                      0.041095    0.000000    5.672833 v _175_/A2 (sky130_fd_sc_hd__a211o_2)
     2    0.006489    0.042429    0.212769    5.885602 v _175_/X (sky130_fd_sc_hd__a211o_2)
                                                         _105_ (net)
                      0.042429    0.000000    5.885602 v _177_/C (sky130_fd_sc_hd__nand3_2)
     3    0.009648    0.059298    0.067027    5.952630 ^ _177_/Y (sky130_fd_sc_hd__nand3_2)
                                                         _107_ (net)
                      0.059298    0.000000    5.952630 ^ _192_/B1 (sky130_fd_sc_hd__o211ai_2)
     1    0.002262    0.034988    0.034062    5.986691 v _192_/Y (sky130_fd_sc_hd__o211ai_2)
                                                         _121_ (net)
                      0.034988    0.000000    5.986691 v _201_/A2 (sky130_fd_sc_hd__a31o_2)
     2    0.003255    0.029257    0.143451    6.130142 v _201_/X (sky130_fd_sc_hd__a31o_2)
                                                         _004_ (net)
                      0.029257    0.000000    6.130142 v _202_/B (sky130_fd_sc_hd__and2_2)
     1    0.033442    0.072636    0.167026    6.297168 v _202_/X (sky130_fd_sc_hd__and2_2)
                                                         res[7] (net)
                      0.072636    0.000000    6.297168 v res[7] (out)
                                              6.297168   data arrival time

                      0.000000   25.000000   25.000000   clock clk (rise edge)
                                  0.000000   25.000000   clock network delay (ideal)
                                 -0.250000   24.750000   clock uncertainty
                                  0.000000   24.750000   clock reconvergence pessimism
                                 -5.000000   19.750000   output external delay
                                             19.750000   data required time
---------------------------------------------------------------------------------------------
                                             19.750000   data required time
                                             -6.297168   data arrival time
---------------------------------------------------------------------------------------------
                                             13.452832   slack (MET)


Startpoint: data1[1] (input port clocked by clk)
Endpoint: res[5] (output port clocked by clk)
Path Group: clk
Path Type: max

Fanout         Cap        Slew       Delay        Time   Description
---------------------------------------------------------------------------------------------
                      0.000000    0.000000    0.000000   clock clk (rise edge)
                                  0.000000    0.000000   clock network delay (ideal)
                                  5.000000    5.000000 v input external delay
    11    0.025167    0.039798    0.026705    5.026705 v data1[1] (in)
                                                         data1[1] (net)
                      0.039798    0.000000    5.026705 v _141_/A (sky130_fd_sc_hd__or2_2)
     4    0.008944    0.050417    0.189230    5.215934 v _141_/X (sky130_fd_sc_hd__or2_2)
                                                         _072_ (net)
                      0.050417    0.000000    5.215934 v _142_/A3 (sky130_fd_sc_hd__a31o_2)
     3    0.008795    0.039811    0.172308    5.388242 v _142_/X (sky130_fd_sc_hd__a31o_2)
                                                         _073_ (net)
                      0.039811    0.000000    5.388242 v _144_/A1 (sky130_fd_sc_hd__a21bo_2)
     3    0.008682    0.036918    0.132985    5.521227 v _144_/X (sky130_fd_sc_hd__a21bo_2)
                                                         _075_ (net)
                      0.036918    0.000000    5.521227 v _145_/A2 (sky130_fd_sc_hd__a21o_2)
     4    0.011334    0.041095    0.151606    5.672833 v _145_/X (sky130_fd_sc_hd__a21o_2)
                                                         _076_ (net)
                      0.041095    0.000000    5.672833 v _146_/A2 (sky130_fd_sc_hd__a21o_2)
     1    0.008002    0.035249    0.145477    5.818310 v _146_/X (sky130_fd_sc_hd__a21o_2)
                                                         _077_ (net)
                      0.035249    0.000000    5.818310 v _149_/B (sky130_fd_sc_hd__xnor2_2)
     1    0.002248    0.028467    0.076208    5.894518 v _149_/Y (sky130_fd_sc_hd__xnor2_2)
                                                         _080_ (net)
                      0.028467    0.000000    5.894518 v _170_/A2 (sky130_fd_sc_hd__a211o_2)
     2    0.003255    0.034790    0.197887    6.092405 v _170_/X (sky130_fd_sc_hd__a211o_2)
                                                         _101_ (net)
                      0.034790    0.000000    6.092405 v _171_/B (sky130_fd_sc_hd__and2_2)
     1    0.033442    0.072668    0.169162    6.261567 v _171_/X (sky130_fd_sc_hd__and2_2)
                                                         res[5] (net)
                      0.072668    0.000000    6.261567 v res[5] (out)
                                              6.261567   data arrival time

                      0.000000   25.000000   25.000000   clock clk (rise edge)
                                  0.000000   25.000000   clock network delay (ideal)
                                 -0.250000   24.750000   clock uncertainty
                                  0.000000   24.750000   clock reconvergence pessimism
                                 -5.000000   19.750000   output external delay
                                             19.750000   data required time
---------------------------------------------------------------------------------------------
                                             19.750000   data required time
                                             -6.261567   data arrival time
---------------------------------------------------------------------------------------------
                                             13.488432   slack (MET)


Startpoint: data2[6] (input port clocked by clk)
Endpoint: res[0] (output port clocked by clk)
Path Group: clk
Path Type: max

Fanout         Cap        Slew       Delay        Time   Description
---------------------------------------------------------------------------------------------
                      0.000000    0.000000    0.000000   clock clk (rise edge)
                                  0.000000    0.000000   clock network delay (ideal)
                                  5.000000    5.000000 ^ input external delay
    15    0.041079    0.143326    0.097688    5.097688 ^ data2[6] (in)
                                                         data2[6] (net)
                      0.143326    0.000000    5.097688 ^ _156_/A_N (sky130_fd_sc_hd__and3b_2)
     7    0.015814    0.051228    0.161464    5.259152 v _156_/X (sky130_fd_sc_hd__and3b_2)
                                                         _087_ (net)
                      0.051228    0.000000    5.259152 v _237_/B1 (sky130_fd_sc_hd__a221o_2)
     1    0.001465    0.028250    0.158109    5.417261 v _237_/X (sky130_fd_sc_hd__a221o_2)
                                                         _036_ (net)
                      0.028250    0.000000    5.417261 v _239_/C (sky130_fd_sc_hd__or4_2)
     1    0.002351    0.063667    0.332204    5.749465 v _239_/X (sky130_fd_sc_hd__or4_2)
                                                         _038_ (net)
                      0.063667    0.000000    5.749465 v _240_/C1 (sky130_fd_sc_hd__o211a_2)
     1    0.002239    0.029069    0.082057    5.831522 v _240_/X (sky130_fd_sc_hd__o211a_2)
                                                         _039_ (net)
                      0.029069    0.000000    5.831522 v _244_/A1 (sky130_fd_sc_hd__o32a_2)
     2    0.035679    0.091786    0.286001    6.117522 v _244_/X (sky130_fd_sc_hd__o32a_2)
                                                         res[0] (net)
                      0.091786    0.000000    6.117522 v res[0] (out)
                                              6.117522   data arrival time

                      0.000000   25.000000   25.000000   clock clk (rise edge)
                                  0.000000   25.000000   clock network delay (ideal)
                                 -0.250000   24.750000   clock uncertainty
                                  0.000000   24.750000   clock reconvergence pessimism
                                 -5.000000   19.750000   output external delay
                                             19.750000   data required time
---------------------------------------------------------------------------------------------
                                             19.750000   data required time
                                             -6.117522   data arrival time
---------------------------------------------------------------------------------------------
                                             13.632477   slack (MET)


Startpoint: data2[5] (input port clocked by clk)
Endpoint: res[1] (output port clocked by clk)
Path Group: clk
Path Type: max

Fanout         Cap        Slew       Delay        Time   Description
---------------------------------------------------------------------------------------------
                      0.000000    0.000000    0.000000   clock clk (rise edge)
                                  0.000000    0.000000   clock network delay (ideal)
                                  5.000000    5.000000 ^ input external delay
    14    0.034392    0.121045    0.082155    5.082155 ^ data2[5] (in)
                                                         data2[5] (net)
                      0.121045    0.000000    5.082155 ^ _179_/A_N (sky130_fd_sc_hd__and3b_2)
     7    0.015825    0.051243    0.160756    5.242912 v _179_/X (sky130_fd_sc_hd__and3b_2)
                                                         _109_ (net)
                      0.051243    0.000000    5.242912 v _205_/B1 (sky130_fd_sc_hd__a221o_2)
     1    0.001465    0.028250    0.158114    5.401025 v _205_/X (sky130_fd_sc_hd__a221o_2)
                                                         _007_ (net)
                      0.028250    0.000000    5.401025 v _207_/C (sky130_fd_sc_hd__or4_2)
     1    0.002351    0.063662    0.332204    5.733229 v _207_/X (sky130_fd_sc_hd__or4_2)
                                                         _009_ (net)
                      0.063662    0.000000    5.733229 v _208_/C1 (sky130_fd_sc_hd__o211a_2)
     1    0.002239    0.029071    0.082055    5.815284 v _208_/X (sky130_fd_sc_hd__o211a_2)
                                                         _010_ (net)
                      0.029071    0.000000    5.815284 v _213_/A1 (sky130_fd_sc_hd__o32a_2)
     2    0.035726    0.091815    0.286086    6.101370 v _213_/X (sky130_fd_sc_hd__o32a_2)
                                                         res[1] (net)
                      0.091815    0.000000    6.101370 v res[1] (out)
                                              6.101370   data arrival time

                      0.000000   25.000000   25.000000   clock clk (rise edge)
                                  0.000000   25.000000   clock network delay (ideal)
                                 -0.250000   24.750000   clock uncertainty
                                  0.000000   24.750000   clock reconvergence pessimism
                                 -5.000000   19.750000   output external delay
                                             19.750000   data required time
---------------------------------------------------------------------------------------------
                                             19.750000   data required time
                                             -6.101370   data arrival time
---------------------------------------------------------------------------------------------
                                             13.648629   slack (MET)


Startpoint: data1[1] (input port clocked by clk)
Endpoint: res[4] (output port clocked by clk)
Path Group: clk
Path Type: max

Fanout         Cap        Slew       Delay        Time   Description
---------------------------------------------------------------------------------------------
                      0.000000    0.000000    0.000000   clock clk (rise edge)
                                  0.000000    0.000000   clock network delay (ideal)
                                  5.000000    5.000000 v input external delay
    11    0.025167    0.039798    0.026705    5.026705 v data1[1] (in)
                                                         data1[1] (net)
                      0.039798    0.000000    5.026705 v _141_/A (sky130_fd_sc_hd__or2_2)
     4    0.008944    0.050417    0.189230    5.215934 v _141_/X (sky130_fd_sc_hd__or2_2)
                                                         _072_ (net)
                      0.050417    0.000000    5.215934 v _142_/A3 (sky130_fd_sc_hd__a31o_2)
     3    0.008795    0.039811    0.172308    5.388242 v _142_/X (sky130_fd_sc_hd__a31o_2)
                                                         _073_ (net)
                      0.039811    0.000000    5.388242 v _144_/A1 (sky130_fd_sc_hd__a21bo_2)
     3    0.008682    0.036918    0.132985    5.521227 v _144_/X (sky130_fd_sc_hd__a21bo_2)
                                                         _075_ (net)
                      0.036918    0.000000    5.521227 v _145_/A2 (sky130_fd_sc_hd__a21o_2)
     4    0.011334    0.041095    0.151606    5.672833 v _145_/X (sky130_fd_sc_hd__a21o_2)
                                                         _076_ (net)
                      0.041095    0.000000    5.672833 v _215_/A2 (sky130_fd_sc_hd__o21a_2)
     1    0.002239    0.023649    0.115994    5.788827 v _215_/X (sky130_fd_sc_hd__o21a_2)
                                                         _016_ (net)
                      0.023649    0.000000    5.788827 v _223_/A1 (sky130_fd_sc_hd__o32a_2)
     2    0.035136    0.091035    0.283140    6.071967 v _223_/X (sky130_fd_sc_hd__o32a_2)
                                                         res[4] (net)
                      0.091035    0.000000    6.071967 v res[4] (out)
                                              6.071967   data arrival time

                      0.000000   25.000000   25.000000   clock clk (rise edge)
                                  0.000000   25.000000   clock network delay (ideal)
                                 -0.250000   24.750000   clock uncertainty
                                  0.000000   24.750000   clock reconvergence pessimism
                                 -5.000000   19.750000   output external delay
                                             19.750000   data required time
---------------------------------------------------------------------------------------------
                                             19.750000   data required time
                                             -6.071967   data arrival time
---------------------------------------------------------------------------------------------
                                             13.678033   slack (MET)


Startpoint: data2[5] (input port clocked by clk)
Endpoint: res[3] (output port clocked by clk)
Path Group: clk
Path Type: max

Fanout         Cap        Slew       Delay        Time   Description
---------------------------------------------------------------------------------------------
                      0.000000    0.000000    0.000000   clock clk (rise edge)
                                  0.000000    0.000000   clock network delay (ideal)
                                  5.000000    5.000000 ^ input external delay
    14    0.034392    0.121045    0.082155    5.082155 ^ data2[5] (in)
                                                         data2[5] (net)
                      0.121045    0.000000    5.082155 ^ _179_/A_N (sky130_fd_sc_hd__and3b_2)
     7    0.015825    0.051243    0.160756    5.242912 v _179_/X (sky130_fd_sc_hd__and3b_2)
                                                         _109_ (net)
                      0.051243    0.000000    5.242912 v _227_/B1 (sky130_fd_sc_hd__a22o_2)
     1    0.002154    0.022805    0.098582    5.341494 v _227_/X (sky130_fd_sc_hd__a22o_2)
                                                         _027_ (net)
                      0.022805    0.000000    5.341494 v _228_/C1 (sky130_fd_sc_hd__a221o_2)
     1    0.002261    0.030453    0.099784    5.441278 v _228_/X (sky130_fd_sc_hd__a221o_2)
                                                         _028_ (net)
                      0.030453    0.000000    5.441278 v _230_/B1 (sky130_fd_sc_hd__a211o_2)
     1    0.002351    0.032351    0.134697    5.575975 v _230_/X (sky130_fd_sc_hd__a211o_2)
                                                         _030_ (net)
                      0.032351    0.000000    5.575975 v _231_/C1 (sky130_fd_sc_hd__o211a_2)
     1    0.002149    0.028845    0.069050    5.645025 v _231_/X (sky130_fd_sc_hd__o211a_2)
                                                         _031_ (net)
                      0.028845    0.000000    5.645025 v _234_/A2 (sky130_fd_sc_hd__o32a_2)
     2    0.037635    0.094648    0.276872    5.921897 v _234_/X (sky130_fd_sc_hd__o32a_2)
                                                         res[3] (net)
                      0.094648    0.000000    5.921897 v res[3] (out)
                                              5.921897   data arrival time

                      0.000000   25.000000   25.000000   clock clk (rise edge)
                                  0.000000   25.000000   clock network delay (ideal)
                                 -0.250000   24.750000   clock uncertainty
                                  0.000000   24.750000   clock reconvergence pessimism
                                 -5.000000   19.750000   output external delay
                                             19.750000   data required time
---------------------------------------------------------------------------------------------
                                             19.750000   data required time
                                             -5.921897   data arrival time
---------------------------------------------------------------------------------------------
                                             13.828102   slack (MET)


Startpoint: data2[6] (input port clocked by clk)
Endpoint: res[2] (output port clocked by clk)
Path Group: clk
Path Type: max

Fanout         Cap        Slew       Delay        Time   Description
---------------------------------------------------------------------------------------------
                      0.000000    0.000000    0.000000   clock clk (rise edge)
                                  0.000000    0.000000   clock network delay (ideal)
                                  5.000000    5.000000 ^ input external delay
    15    0.041079    0.143326    0.097688    5.097688 ^ data2[6] (in)
                                                         data2[6] (net)
                      0.143326    0.000000    5.097688 ^ _156_/A_N (sky130_fd_sc_hd__and3b_2)
     7    0.015814    0.051228    0.161464    5.259152 v _156_/X (sky130_fd_sc_hd__and3b_2)
                                                         _087_ (net)
                      0.051228    0.000000    5.259152 v _250_/A2 (sky130_fd_sc_hd__a22o_2)
     1    0.002154    0.022796    0.131837    5.390989 v _250_/X (sky130_fd_sc_hd__a22o_2)
                                                         _048_ (net)
                      0.022796    0.000000    5.390989 v _251_/C1 (sky130_fd_sc_hd__a221o_2)
     1    0.002266    0.030450    0.099798    5.490788 v _251_/X (sky130_fd_sc_hd__a221o_2)
                                                         _049_ (net)
                      0.030450    0.000000    5.490788 v _253_/A2 (sky130_fd_sc_hd__o21a_2)
     1    0.002149    0.023447    0.111881    5.602669 v _253_/X (sky130_fd_sc_hd__o21a_2)
                                                         _051_ (net)
                      0.023447    0.000000    5.602669 v _256_/A2 (sky130_fd_sc_hd__o32a_2)
     2    0.034848    0.090618    0.269969    5.872638 v _256_/X (sky130_fd_sc_hd__o32a_2)
                                                         res[2] (net)
                      0.090618    0.000000    5.872638 v res[2] (out)
                                              5.872638   data arrival time

                      0.000000   25.000000   25.000000   clock clk (rise edge)
                                  0.000000   25.000000   clock network delay (ideal)
                                 -0.250000   24.750000   clock uncertainty
                                  0.000000   24.750000   clock reconvergence pessimism
                                 -5.000000   19.750000   output external delay
                                             19.750000   data required time
---------------------------------------------------------------------------------------------
                                             19.750000   data required time
                                             -5.872638   data arrival time
---------------------------------------------------------------------------------------------
                                             13.877362   slack (MET)



