
===========================================================================
report_checks -path_delay min (Hold)
============================================================================
======================= max_tt_025C_1v80 Corner ===================================

Startpoint: data2[1] (input port clocked by clk)
Endpoint: res[1] (output port clocked by clk)
Path Group: clk
Path Type: min

Fanout         Cap        Slew       Delay        Time   Description
---------------------------------------------------------------------------------------------
                      0.000000    0.000000    0.000000   clock clk (rise edge)
                                  0.000000    0.000000   clock network delay (ideal)
                                  5.000000    5.000000 v input external delay
     1    0.002553    0.008044    0.004053    5.004053 v data2[1] (in)
                                                         data2[1] (net)
                      0.008046    0.000000    5.004053 v input10/A (sky130_fd_sc_hd__buf_1)
     4    0.009068    0.059375    0.100526    5.104579 v input10/X (sky130_fd_sc_hd__buf_1)
                                                         net10 (net)
                      0.059379    0.000513    5.105093 v _213_/B2 (sky130_fd_sc_hd__o32a_1)
     2    0.006076    0.059078    0.174612    5.279705 v _213_/X (sky130_fd_sc_hd__o32a_1)
                                                         net21 (net)
                      0.059079    0.000359    5.280065 v output21/A (sky130_fd_sc_hd__buf_2)
     1    0.035134    0.091742    0.187113    5.467178 v output21/X (sky130_fd_sc_hd__buf_2)
                                                         res[1] (net)
                      0.091778    0.001687    5.468865 v res[1] (out)
                                              5.468865   data arrival time

                      0.000000    0.000000    0.000000   clock clk (rise edge)
                                  0.000000    0.000000   clock network delay (ideal)
                                  0.250000    0.250000   clock uncertainty
                                  0.000000    0.250000   clock reconvergence pessimism
                                 -5.000000   -4.750000   output external delay
                                             -4.750000   data required time
---------------------------------------------------------------------------------------------
                                             -4.750000   data required time
                                             -5.468865   data arrival time
---------------------------------------------------------------------------------------------
                                             10.218865   slack (MET)


Startpoint: data2[4] (input port clocked by clk)
Endpoint: res[4] (output port clocked by clk)
Path Group: clk
Path Type: min

Fanout         Cap        Slew       Delay        Time   Description
---------------------------------------------------------------------------------------------
                      0.000000    0.000000    0.000000   clock clk (rise edge)
                                  0.000000    0.000000   clock network delay (ideal)
                                  5.000000    5.000000 v input external delay
     1    0.003009    0.009101    0.004829    5.004829 v data2[4] (in)
                                                         data2[4] (net)
                      0.009108    0.000000    5.004829 v input13/A (sky130_fd_sc_hd__clkbuf_1)
     3    0.007611    0.051729    0.094559    5.099387 v input13/X (sky130_fd_sc_hd__clkbuf_1)
                                                         net13 (net)
                      0.051733    0.000498    5.099885 v _223_/B2 (sky130_fd_sc_hd__o32a_1)
     2    0.007273    0.066401    0.178760    5.278645 v _223_/X (sky130_fd_sc_hd__o32a_1)
                                                         net24 (net)
                      0.066403    0.000458    5.279103 v output24/A (sky130_fd_sc_hd__buf_2)
     1    0.034177    0.089683    0.188687    5.467790 v output24/X (sky130_fd_sc_hd__buf_2)
                                                         res[4] (net)
                      0.089718    0.001648    5.469439 v res[4] (out)
                                              5.469439   data arrival time

                      0.000000    0.000000    0.000000   clock clk (rise edge)
                                  0.000000    0.000000   clock network delay (ideal)
                                  0.250000    0.250000   clock uncertainty
                                  0.000000    0.250000   clock reconvergence pessimism
                                 -5.000000   -4.750000   output external delay
                                             -4.750000   data required time
---------------------------------------------------------------------------------------------
                                             -4.750000   data required time
                                             -5.469439   data arrival time
---------------------------------------------------------------------------------------------
                                             10.219438   slack (MET)


Startpoint: data2[2] (input port clocked by clk)
Endpoint: res[2] (output port clocked by clk)
Path Group: clk
Path Type: min

Fanout         Cap        Slew       Delay        Time   Description
---------------------------------------------------------------------------------------------
                      0.000000    0.000000    0.000000   clock clk (rise edge)
                                  0.000000    0.000000   clock network delay (ideal)
                                  5.000000    5.000000 v input external delay
     1    0.003000    0.009078    0.004812    5.004812 v data2[2] (in)
                                                         data2[2] (net)
                      0.009085    0.000000    5.004812 v input11/A (sky130_fd_sc_hd__buf_1)
     4    0.010228    0.065800    0.105752    5.110565 v input11/X (sky130_fd_sc_hd__buf_1)
                                                         net11 (net)
                      0.065805    0.000604    5.111168 v _256_/B2 (sky130_fd_sc_hd__o32a_1)
     2    0.005840    0.057657    0.175828    5.286996 v _256_/X (sky130_fd_sc_hd__o32a_1)
                                                         net22 (net)
                      0.057658    0.000336    5.287332 v output22/A (sky130_fd_sc_hd__buf_2)
     1    0.034402    0.090152    0.185138    5.472470 v output22/X (sky130_fd_sc_hd__buf_2)
                                                         res[2] (net)
                      0.090187    0.001642    5.474112 v res[2] (out)
                                              5.474112   data arrival time

                      0.000000    0.000000    0.000000   clock clk (rise edge)
                                  0.000000    0.000000   clock network delay (ideal)
                                  0.250000    0.250000   clock uncertainty
                                  0.000000    0.250000   clock reconvergence pessimism
                                 -5.000000   -4.750000   output external delay
                                             -4.750000   data required time
---------------------------------------------------------------------------------------------
                                             -4.750000   data required time
                                             -5.474112   data arrival time
---------------------------------------------------------------------------------------------
                                             10.224112   slack (MET)


Startpoint: data2[3] (input port clocked by clk)
Endpoint: res[3] (output port clocked by clk)
Path Group: clk
Path Type: min

Fanout         Cap        Slew       Delay        Time   Description
---------------------------------------------------------------------------------------------
                      0.000000    0.000000    0.000000   clock clk (rise edge)
                                  0.000000    0.000000   clock network delay (ideal)
                                  5.000000    5.000000 v input external delay
     1    0.002997    0.009071    0.004807    5.004807 v data2[3] (in)
                                                         data2[3] (net)
                      0.009078    0.000000    5.004807 v input12/A (sky130_fd_sc_hd__buf_1)
     4    0.010106    0.065111    0.105277    5.110084 v input12/X (sky130_fd_sc_hd__buf_1)
                                                         net12 (net)
                      0.065114    0.000540    5.110623 v _234_/B2 (sky130_fd_sc_hd__o32a_1)
     2    0.006456    0.061391    0.179212    5.289835 v _234_/X (sky130_fd_sc_hd__o32a_1)
                                                         net23 (net)
                      0.061392    0.000359    5.290194 v output23/A (sky130_fd_sc_hd__buf_2)
     1    0.034444    0.090252    0.186902    5.477096 v output23/X (sky130_fd_sc_hd__buf_2)
                                                         res[3] (net)
                      0.090288    0.001659    5.478755 v res[3] (out)
                                              5.478755   data arrival time

                      0.000000    0.000000    0.000000   clock clk (rise edge)
                                  0.000000    0.000000   clock network delay (ideal)
                                  0.250000    0.250000   clock uncertainty
                                  0.000000    0.250000   clock reconvergence pessimism
                                 -5.000000   -4.750000   output external delay
                                             -4.750000   data required time
---------------------------------------------------------------------------------------------
                                             -4.750000   data required time
                                             -5.478755   data arrival time
---------------------------------------------------------------------------------------------
                                             10.228755   slack (MET)


Startpoint: data2[0] (input port clocked by clk)
Endpoint: res[0] (output port clocked by clk)
Path Group: clk
Path Type: min

Fanout         Cap        Slew       Delay        Time   Description
---------------------------------------------------------------------------------------------
                      0.000000    0.000000    0.000000   clock clk (rise edge)
                                  0.000000    0.000000   clock network delay (ideal)
                                  5.000000    5.000000 v input external delay
     1    0.002891    0.008824    0.004628    5.004628 v data2[0] (in)
                                                         data2[0] (net)
                      0.008831    0.000000    5.004628 v input9/A (sky130_fd_sc_hd__clkbuf_2)
     7    0.022356    0.090447    0.139577    5.144205 v input9/X (sky130_fd_sc_hd__clkbuf_2)
                                                         net9 (net)
                      0.090479    0.001592    5.145797 v _244_/B2 (sky130_fd_sc_hd__o32a_1)
     2    0.007764    0.069254    0.197321    5.343118 v _244_/X (sky130_fd_sc_hd__o32a_1)
                                                         net20 (net)
                      0.069256    0.000467    5.343585 v output20/A (sky130_fd_sc_hd__buf_2)
     1    0.034153    0.089632    0.189940    5.533524 v output20/X (sky130_fd_sc_hd__buf_2)
                                                         res[0] (net)
                      0.089668    0.001644    5.535168 v res[0] (out)
                                              5.535168   data arrival time

                      0.000000    0.000000    0.000000   clock clk (rise edge)
                                  0.000000    0.000000   clock network delay (ideal)
                                  0.250000    0.250000   clock uncertainty
                                  0.000000    0.250000   clock reconvergence pessimism
                                 -5.000000   -4.750000   output external delay
                                             -4.750000   data required time
---------------------------------------------------------------------------------------------
                                             -4.750000   data required time
                                             -5.535168   data arrival time
---------------------------------------------------------------------------------------------
                                             10.285168   slack (MET)


Startpoint: data2[6] (input port clocked by clk)
Endpoint: res[6] (output port clocked by clk)
Path Group: clk
Path Type: min

Fanout         Cap        Slew       Delay        Time   Description
---------------------------------------------------------------------------------------------
                      0.000000    0.000000    0.000000   clock clk (rise edge)
                                  0.000000    0.000000   clock network delay (ideal)
                                  5.000000    5.000000 v input external delay
     1    0.002912    0.008875    0.004661    5.004661 v data2[6] (in)
                                                         data2[6] (net)
                      0.008881    0.000000    5.004661 v input15/A (sky130_fd_sc_hd__clkbuf_1)
     1    0.003537    0.030228    0.075990    5.080652 v input15/X (sky130_fd_sc_hd__clkbuf_1)
                                                         net15 (net)
                      0.030229    0.000202    5.080853 v fanout40/A (sky130_fd_sc_hd__dlymetal6s2s_1)
     6    0.019783    0.108907    0.192109    5.272963 v fanout40/X (sky130_fd_sc_hd__dlymetal6s2s_1)
                                                         net40 (net)
                      0.108919    0.001181    5.274144 v _188_/A1 (sky130_fd_sc_hd__o22a_1)
     2    0.003957    0.042037    0.234355    5.508499 v _188_/X (sky130_fd_sc_hd__o22a_1)
                                                         net26 (net)
                      0.042037    0.000192    5.508691 v output26/A (sky130_fd_sc_hd__buf_2)
     1    0.034456    0.090390    0.178296    5.686988 v output26/X (sky130_fd_sc_hd__buf_2)
                                                         res[6] (net)
                      0.090431    0.001771    5.688759 v res[6] (out)
                                              5.688759   data arrival time

                      0.000000    0.000000    0.000000   clock clk (rise edge)
                                  0.000000    0.000000   clock network delay (ideal)
                                  0.250000    0.250000   clock uncertainty
                                  0.000000    0.250000   clock reconvergence pessimism
                                 -5.000000   -4.750000   output external delay
                                             -4.750000   data required time
---------------------------------------------------------------------------------------------
                                             -4.750000   data required time
                                             -5.688759   data arrival time
---------------------------------------------------------------------------------------------
                                             10.438760   slack (MET)


Startpoint: data2[7] (input port clocked by clk)
Endpoint: res[7] (output port clocked by clk)
Path Group: clk
Path Type: min

Fanout         Cap        Slew       Delay        Time   Description
---------------------------------------------------------------------------------------------
                      0.000000    0.000000    0.000000   clock clk (rise edge)
                                  0.000000    0.000000   clock network delay (ideal)
                                  5.000000    5.000000 ^ input external delay
     1    0.002908    0.020194    0.010740    5.010740 ^ data2[7] (in)
                                                         data2[7] (net)
                      0.020194    0.000000    5.010740 ^ input16/A (sky130_fd_sc_hd__clkbuf_1)
     1    0.003831    0.055345    0.080213    5.090953 ^ input16/X (sky130_fd_sc_hd__clkbuf_1)
                                                         net16 (net)
                      0.055345    0.000239    5.091192 ^ fanout38/A (sky130_fd_sc_hd__buf_1)
     5    0.016910    0.203887    0.195844    5.287036 ^ fanout38/X (sky130_fd_sc_hd__buf_1)
                                                         net38 (net)
                      0.203889    0.000437    5.287473 ^ _189_/A (sky130_fd_sc_hd__or2_1)
     2    0.004002    0.049943    0.141351    5.428824 ^ _189_/X (sky130_fd_sc_hd__or2_1)
                                                         _118_ (net)
                      0.049943    0.000239    5.429063 ^ _202_/A (sky130_fd_sc_hd__and2_1)
     1    0.001880    0.038593    0.104493    5.533556 ^ _202_/X (sky130_fd_sc_hd__and2_1)
                                                         net27 (net)
                      0.038593    0.000086    5.533642 ^ output27/A (sky130_fd_sc_hd__buf_2)
     1    0.034206    0.170071    0.194570    5.728211 ^ output27/X (sky130_fd_sc_hd__buf_2)
                                                         res[7] (net)
                      0.170095    0.001704    5.729915 ^ res[7] (out)
                                              5.729915   data arrival time

                      0.000000    0.000000    0.000000   clock clk (rise edge)
                                  0.000000    0.000000   clock network delay (ideal)
                                  0.250000    0.250000   clock uncertainty
                                  0.000000    0.250000   clock reconvergence pessimism
                                 -5.000000   -4.750000   output external delay
                                             -4.750000   data required time
---------------------------------------------------------------------------------------------
                                             -4.750000   data required time
                                             -5.729915   data arrival time
---------------------------------------------------------------------------------------------
                                             10.479916   slack (MET)


Startpoint: data2[5] (input port clocked by clk)
Endpoint: res[5] (output port clocked by clk)
Path Group: clk
Path Type: min

Fanout         Cap        Slew       Delay        Time   Description
---------------------------------------------------------------------------------------------
                      0.000000    0.000000    0.000000   clock clk (rise edge)
                                  0.000000    0.000000   clock network delay (ideal)
                                  5.000000    5.000000 ^ input external delay
     1    0.002754    0.019533    0.010199    5.010199 ^ data2[5] (in)
                                                         data2[5] (net)
                      0.019534    0.000000    5.010199 ^ input14/A (sky130_fd_sc_hd__clkbuf_1)
     1    0.006091    0.080632    0.097834    5.108033 ^ input14/X (sky130_fd_sc_hd__clkbuf_1)
                                                         net14 (net)
                      0.080664    0.000444    5.108477 ^ fanout42/A (sky130_fd_sc_hd__buf_1)
     5    0.015400    0.186706    0.190712    5.299189 ^ fanout42/X (sky130_fd_sc_hd__buf_1)
                                                         net42 (net)
                      0.186707    0.000481    5.299669 ^ _128_/A (sky130_fd_sc_hd__or2_1)
     2    0.003699    0.047375    0.135830    5.435500 ^ _128_/X (sky130_fd_sc_hd__or2_1)
                                                         _059_ (net)
                      0.047376    0.000226    5.435726 ^ _171_/A (sky130_fd_sc_hd__and2_1)
     1    0.002021    0.039703    0.104662    5.540388 ^ _171_/X (sky130_fd_sc_hd__and2_1)
                                                         net25 (net)
                      0.039704    0.000145    5.540534 ^ output25/A (sky130_fd_sc_hd__buf_2)
     1    0.034269    0.170365    0.195203    5.735736 ^ output25/X (sky130_fd_sc_hd__buf_2)
                                                         res[5] (net)
                      0.170390    0.001708    5.737443 ^ res[5] (out)
                                              5.737443   data arrival time

                      0.000000    0.000000    0.000000   clock clk (rise edge)
                                  0.000000    0.000000   clock network delay (ideal)
                                  0.250000    0.250000   clock uncertainty
                                  0.000000    0.250000   clock reconvergence pessimism
                                 -5.000000   -4.750000   output external delay
                                             -4.750000   data required time
---------------------------------------------------------------------------------------------
                                             -4.750000   data required time
                                             -5.737443   data arrival time
---------------------------------------------------------------------------------------------
                                             10.487444   slack (MET)


Startpoint: data2[4] (input port clocked by clk)
Endpoint: z (output port clocked by clk)
Path Group: clk
Path Type: min

Fanout         Cap        Slew       Delay        Time   Description
---------------------------------------------------------------------------------------------
                      0.000000    0.000000    0.000000   clock clk (rise edge)
                                  0.000000    0.000000   clock network delay (ideal)
                                  5.000000    5.000000 ^ input external delay
     1    0.003185    0.021397    0.011713    5.011714 ^ data2[4] (in)
                                                         data2[4] (net)
                      0.021405    0.000000    5.011714 ^ input13/A (sky130_fd_sc_hd__clkbuf_1)
     3    0.008177    0.104017    0.114974    5.126688 ^ input13/X (sky130_fd_sc_hd__clkbuf_1)
                                                         net13 (net)
                      0.104021    0.000541    5.127229 ^ _223_/B2 (sky130_fd_sc_hd__o32a_1)
     2    0.007530    0.089707    0.172626    5.299855 ^ _223_/X (sky130_fd_sc_hd__o32a_1)
                                                         net24 (net)
                      0.089708    0.000408    5.300262 ^ _259_/B1 (sky130_fd_sc_hd__o2bb2a_1)
     1    0.002729    0.044883    0.148159    5.448421 ^ _259_/X (sky130_fd_sc_hd__o2bb2a_1)
                                                         _056_ (net)
                      0.044883    0.000172    5.448594 ^ _260_/B1 (sky130_fd_sc_hd__o2bb2a_1)
     1    0.002263    0.040920    0.131269    5.579863 ^ _260_/X (sky130_fd_sc_hd__o2bb2a_1)
                                                         net28 (net)
                      0.040920    0.000155    5.580018 ^ output28/A (sky130_fd_sc_hd__buf_2)
     1    0.034246    0.170254    0.195588    5.775606 ^ output28/X (sky130_fd_sc_hd__buf_2)
                                                         z (net)
                      0.170279    0.001715    5.777321 ^ z (out)
                                              5.777321   data arrival time

                      0.000000    0.000000    0.000000   clock clk (rise edge)
                                  0.000000    0.000000   clock network delay (ideal)
                                  0.250000    0.250000   clock uncertainty
                                  0.000000    0.250000   clock reconvergence pessimism
                                 -5.000000   -4.750000   output external delay
                                             -4.750000   data required time
---------------------------------------------------------------------------------------------
                                             -4.750000   data required time
                                             -5.777321   data arrival time
---------------------------------------------------------------------------------------------
                                             10.527322   slack (MET)



