
===========================================================================
report_checks -unconstrained
===========================================================================
======================= max_ff_n40C_1v95 Corner ===================================

Startpoint: amt[1] (input port clocked by clk)
Endpoint: result[5] (output port clocked by clk)
Path Group: clk
Path Type: max

Fanout         Cap        Slew       Delay        Time   Description
---------------------------------------------------------------------------------------------
                      0.000000    0.000000    0.000000   clock clk (rise edge)
                                  0.000000    0.000000   clock network delay (ideal)
                                  5.000000    5.000000 ^ input external delay
     1    0.003952    0.018049    0.010313    5.010313 ^ amt[1] (in)
                                                         amt[1] (net)
                      0.018051    0.000000    5.010313 ^ input2/A (sky130_fd_sc_hd__clkbuf_1)
     1    0.003437    0.037306    0.052581    5.062893 ^ input2/X (sky130_fd_sc_hd__clkbuf_1)
                                                         net2 (net)
                      0.037306    0.000222    5.063116 ^ fanout30/A (sky130_fd_sc_hd__buf_1)
     5    0.021090    0.187248    0.159545    5.222661 ^ fanout30/X (sky130_fd_sc_hd__buf_1)
                                                         net30 (net)
                      0.187257    0.001097    5.223759 ^ fanout29/A (sky130_fd_sc_hd__buf_2)
    10    0.039835    0.148272    0.178097    5.401855 ^ fanout29/X (sky130_fd_sc_hd__buf_2)
                                                         net29 (net)
                      0.148282    0.001018    5.402873 ^ fanout28/A (sky130_fd_sc_hd__clkbuf_2)
    10    0.028867    0.123467    0.154689    5.557562 ^ fanout28/X (sky130_fd_sc_hd__clkbuf_2)
                                                         net28 (net)
                      0.123513    0.001964    5.559526 ^ _058_/C_N (sky130_fd_sc_hd__nor3b_2)
     5    0.022191    0.284240    0.265227    5.824753 ^ _058_/Y (sky130_fd_sc_hd__nor3b_2)
                                                         _002_ (net)
                      0.284250    0.001325    5.826077 ^ _098_/B1 (sky130_fd_sc_hd__a22o_1)
     1    0.005057    0.047323    0.094945    5.921023 ^ _098_/X (sky130_fd_sc_hd__a22o_1)
                                                         _037_ (net)
                      0.047325    0.000357    5.921381 ^ _104_/A2 (sky130_fd_sc_hd__o32a_1)
     1    0.003530    0.038771    0.083535    6.004916 ^ _104_/X (sky130_fd_sc_hd__o32a_1)
                                                         net17 (net)
                      0.038778    0.000257    6.005173 ^ output17/A (sky130_fd_sc_hd__buf_2)
     1    0.035561    0.132891    0.142079    6.147251 ^ output17/X (sky130_fd_sc_hd__buf_2)
                                                         result[5] (net)
                      0.132922    0.001679    6.148930 ^ result[5] (out)
                                              6.148930   data arrival time

                      0.000000   25.000000   25.000000   clock clk (rise edge)
                                  0.000000   25.000000   clock network delay (ideal)
                                 -0.250000   24.750000   clock uncertainty
                                  0.000000   24.750000   clock reconvergence pessimism
                                 -5.000000   19.750000   output external delay
                                             19.750000   data required time
---------------------------------------------------------------------------------------------
                                             19.750000   data required time
                                             -6.148930   data arrival time
---------------------------------------------------------------------------------------------
                                             13.601069   slack (MET)




===========================================================================
report_checks --slack_max -0.01
============================================================================
======================= max_ff_n40C_1v95 Corner ===================================

No paths found.


===========================================================================
 report_check_types -max_slew -max_cap -max_fanout -violators
============================================================================
======================= max_ff_n40C_1v95 Corner ===================================



===========================================================================
report_parasitic_annotation -report_unannotated
============================================================================
Found 0 unannotated drivers.
Found 0 partially unannotated drivers.

===========================================================================
max slew violation count 0
max fanout violation count 0
max cap violation count 0
============================================================================

===========================================================================
check_setup -verbose -unconstrained_endpoints -multiple_clock -no_clock -no_input_delay -loops -generated_clocks
===========================================================================
