
===========================================================================
report_checks -path_delay min (Hold)
============================================================================
======================= max_ff_n40C_1v95 Corner ===================================

Startpoint: data[5] (input port clocked by clk)
Endpoint: result[6] (output port clocked by clk)
Path Group: clk
Path Type: min

Fanout         Cap        Slew       Delay        Time   Description
---------------------------------------------------------------------------------------------
                      0.000000    0.000000    0.000000   clock clk (rise edge)
                                  0.000000    0.000000   clock network delay (ideal)
                                  5.000000    5.000000 v input external delay
     1    0.002848    0.004781    0.002360    5.002360 v data[5] (in)
                                                         data[5] (net)
                      0.004789    0.000000    5.002360 v input9/A (sky130_fd_sc_hd__clkbuf_2)
     8    0.026992    0.073816    0.102915    5.105276 v input9/X (sky130_fd_sc_hd__clkbuf_2)
                                                         net9 (net)
                      0.073840    0.001242    5.106518 v _112_/B2 (sky130_fd_sc_hd__o32a_1)
     1    0.003008    0.024657    0.105524    5.212042 v _112_/X (sky130_fd_sc_hd__o32a_1)
                                                         net18 (net)
                      0.024668    0.000193    5.212235 v output18/A (sky130_fd_sc_hd__buf_2)
     1    0.034303    0.062854    0.114365    5.326600 v output18/X (sky130_fd_sc_hd__buf_2)
                                                         result[6] (net)
                      0.062911    0.001705    5.328306 v result[6] (out)
                                              5.328306   data arrival time

                      0.000000    0.000000    0.000000   clock clk (rise edge)
                                  0.000000    0.000000   clock network delay (ideal)
                                  0.250000    0.250000   clock uncertainty
                                  0.000000    0.250000   clock reconvergence pessimism
                                 -5.000000   -4.750000   output external delay
                                             -4.750000   data required time
---------------------------------------------------------------------------------------------
                                             -4.750000   data required time
                                             -5.328306   data arrival time
---------------------------------------------------------------------------------------------
                                             10.078305   slack (MET)


Startpoint: data[4] (input port clocked by clk)
Endpoint: result[5] (output port clocked by clk)
Path Group: clk
Path Type: min

Fanout         Cap        Slew       Delay        Time   Description
---------------------------------------------------------------------------------------------
                      0.000000    0.000000    0.000000   clock clk (rise edge)
                                  0.000000    0.000000   clock network delay (ideal)
                                  5.000000    5.000000 v input external delay
     1    0.002880    0.004831    0.002390    5.002390 v data[4] (in)
                                                         data[4] (net)
                      0.004839    0.000000    5.002390 v input8/A (sky130_fd_sc_hd__clkbuf_2)
     8    0.027215    0.074130    0.102880    5.105270 v input8/X (sky130_fd_sc_hd__clkbuf_2)
                                                         net8 (net)
                      0.074167    0.000858    5.106128 v _104_/B2 (sky130_fd_sc_hd__o32a_1)
     1    0.003371    0.025891    0.107196    5.213324 v _104_/X (sky130_fd_sc_hd__o32a_1)
                                                         net17 (net)
                      0.025901    0.000243    5.213567 v output17/A (sky130_fd_sc_hd__buf_2)
     1    0.035561    0.064700    0.116512    5.330079 v output17/X (sky130_fd_sc_hd__buf_2)
                                                         result[5] (net)
                      0.064753    0.001676    5.331755 v result[5] (out)
                                              5.331755   data arrival time

                      0.000000    0.000000    0.000000   clock clk (rise edge)
                                  0.000000    0.000000   clock network delay (ideal)
                                  0.250000    0.250000   clock uncertainty
                                  0.000000    0.250000   clock reconvergence pessimism
                                 -5.000000   -4.750000   output external delay
                                             -4.750000   data required time
---------------------------------------------------------------------------------------------
                                             -4.750000   data required time
                                             -5.331755   data arrival time
---------------------------------------------------------------------------------------------
                                             10.081755   slack (MET)


Startpoint: data[2] (input port clocked by clk)
Endpoint: result[3] (output port clocked by clk)
Path Group: clk
Path Type: min

Fanout         Cap        Slew       Delay        Time   Description
---------------------------------------------------------------------------------------------
                      0.000000    0.000000    0.000000   clock clk (rise edge)
                                  0.000000    0.000000   clock network delay (ideal)
                                  5.000000    5.000000 v input external delay
     1    0.004333    0.007063    0.003695    5.003695 v data[2] (in)
                                                         data[2] (net)
                      0.007070    0.000000    5.003695 v input6/A (sky130_fd_sc_hd__clkbuf_2)
     8    0.030284    0.082244    0.108709    5.112404 v input6/X (sky130_fd_sc_hd__clkbuf_2)
                                                         net6 (net)
                      0.082434    0.003271    5.115674 v _089_/B2 (sky130_fd_sc_hd__o32a_1)
     1    0.002818    0.024032    0.108211    5.223886 v _089_/X (sky130_fd_sc_hd__o32a_1)
                                                         net15 (net)
                      0.024032    0.000179    5.224064 v output15/A (sky130_fd_sc_hd__buf_2)
     1    0.035725    0.065387    0.115629    5.339694 v output15/X (sky130_fd_sc_hd__buf_2)
                                                         result[3] (net)
                      0.065467    0.002035    5.341729 v result[3] (out)
                                              5.341729   data arrival time

                      0.000000    0.000000    0.000000   clock clk (rise edge)
                                  0.000000    0.000000   clock network delay (ideal)
                                  0.250000    0.250000   clock uncertainty
                                  0.000000    0.250000   clock reconvergence pessimism
                                 -5.000000   -4.750000   output external delay
                                             -4.750000   data required time
---------------------------------------------------------------------------------------------
                                             -4.750000   data required time
                                             -5.341729   data arrival time
---------------------------------------------------------------------------------------------
                                             10.091728   slack (MET)


Startpoint: data[0] (input port clocked by clk)
Endpoint: result[1] (output port clocked by clk)
Path Group: clk
Path Type: min

Fanout         Cap        Slew       Delay        Time   Description
---------------------------------------------------------------------------------------------
                      0.000000    0.000000    0.000000   clock clk (rise edge)
                                  0.000000    0.000000   clock network delay (ideal)
                                  5.000000    5.000000 v input external delay
     1    0.003040    0.005064    0.002530    5.002530 v data[0] (in)
                                                         data[0] (net)
                      0.005072    0.000000    5.002530 v input4/A (sky130_fd_sc_hd__clkbuf_2)
     8    0.028356    0.077485    0.104478    5.107008 v input4/X (sky130_fd_sc_hd__clkbuf_2)
                                                         net4 (net)
                      0.077541    0.001737    5.108745 v _074_/A1 (sky130_fd_sc_hd__o22a_1)
     1    0.003043    0.024870    0.137872    5.246617 v _074_/X (sky130_fd_sc_hd__o22a_1)
                                                         net13 (net)
                      0.024872    0.000193    5.246810 v output13/A (sky130_fd_sc_hd__buf_2)
     1    0.034371    0.062928    0.114634    5.361444 v output13/X (sky130_fd_sc_hd__buf_2)
                                                         result[1] (net)
                      0.062977    0.001592    5.363035 v result[1] (out)
                                              5.363035   data arrival time

                      0.000000    0.000000    0.000000   clock clk (rise edge)
                                  0.000000    0.000000   clock network delay (ideal)
                                  0.250000    0.250000   clock uncertainty
                                  0.000000    0.250000   clock reconvergence pessimism
                                 -5.000000   -4.750000   output external delay
                                             -4.750000   data required time
---------------------------------------------------------------------------------------------
                                             -4.750000   data required time
                                             -5.363035   data arrival time
---------------------------------------------------------------------------------------------
                                             10.113035   slack (MET)


Startpoint: data[1] (input port clocked by clk)
Endpoint: result[2] (output port clocked by clk)
Path Group: clk
Path Type: min

Fanout         Cap        Slew       Delay        Time   Description
---------------------------------------------------------------------------------------------
                      0.000000    0.000000    0.000000   clock clk (rise edge)
                                  0.000000    0.000000   clock network delay (ideal)
                                  5.000000    5.000000 v input external delay
     1    0.002740    0.004624    0.002264    5.002264 v data[1] (in)
                                                         data[1] (net)
                      0.004628    0.000000    5.002264 v input5/A (sky130_fd_sc_hd__clkbuf_2)
     8    0.032254    0.086791    0.112250    5.114514 v input5/X (sky130_fd_sc_hd__clkbuf_2)
                                                         net5 (net)
                      0.086915    0.002435    5.116949 v _081_/A1 (sky130_fd_sc_hd__o22a_1)
     1    0.002698    0.023683    0.139450    5.256400 v _081_/X (sky130_fd_sc_hd__o22a_1)
                                                         net14 (net)
                      0.023684    0.000168    5.256567 v output14/A (sky130_fd_sc_hd__buf_2)
     1    0.035267    0.064276    0.115208    5.371775 v output14/X (sky130_fd_sc_hd__buf_2)
                                                         result[2] (net)
                      0.064333    0.001714    5.373489 v result[2] (out)
                                              5.373489   data arrival time

                      0.000000    0.000000    0.000000   clock clk (rise edge)
                                  0.000000    0.000000   clock network delay (ideal)
                                  0.250000    0.250000   clock uncertainty
                                  0.000000    0.250000   clock reconvergence pessimism
                                 -5.000000   -4.750000   output external delay
                                             -4.750000   data required time
---------------------------------------------------------------------------------------------
                                             -4.750000   data required time
                                             -5.373489   data arrival time
---------------------------------------------------------------------------------------------
                                             10.123489   slack (MET)


Startpoint: data[3] (input port clocked by clk)
Endpoint: result[4] (output port clocked by clk)
Path Group: clk
Path Type: min

Fanout         Cap        Slew       Delay        Time   Description
---------------------------------------------------------------------------------------------
                      0.000000    0.000000    0.000000   clock clk (rise edge)
                                  0.000000    0.000000   clock network delay (ideal)
                                  5.000000    5.000000 v input external delay
     1    0.002664    0.004513    0.002195    5.002195 v data[3] (in)
                                                         data[3] (net)
                      0.004517    0.000000    5.002195 v input7/A (sky130_fd_sc_hd__clkbuf_2)
     8    0.033738    0.090832    0.113672    5.115868 v input7/X (sky130_fd_sc_hd__clkbuf_2)
                                                         net7 (net)
                      0.091161    0.004508    5.120375 v _096_/A1 (sky130_fd_sc_hd__o22a_1)
     1    0.002772    0.023947    0.141254    5.261629 v _096_/X (sky130_fd_sc_hd__o22a_1)
                                                         net16 (net)
                      0.023949    0.000200    5.261829 v output16/A (sky130_fd_sc_hd__buf_2)
     1    0.034337    0.062910    0.114099    5.375928 v output16/X (sky130_fd_sc_hd__buf_2)
                                                         result[4] (net)
                      0.062970    0.001738    5.377666 v result[4] (out)
                                              5.377666   data arrival time

                      0.000000    0.000000    0.000000   clock clk (rise edge)
                                  0.000000    0.000000   clock network delay (ideal)
                                  0.250000    0.250000   clock uncertainty
                                  0.000000    0.250000   clock reconvergence pessimism
                                 -5.000000   -4.750000   output external delay
                                             -4.750000   data required time
---------------------------------------------------------------------------------------------
                                             -4.750000   data required time
                                             -5.377666   data arrival time
---------------------------------------------------------------------------------------------
                                             10.127666   slack (MET)


Startpoint: data[6] (input port clocked by clk)
Endpoint: result[7] (output port clocked by clk)
Path Group: clk
Path Type: min

Fanout         Cap        Slew       Delay        Time   Description
---------------------------------------------------------------------------------------------
                      0.000000    0.000000    0.000000   clock clk (rise edge)
                                  0.000000    0.000000   clock network delay (ideal)
                                  5.000000    5.000000 v input external delay
     1    0.002727    0.004603    0.002251    5.002251 v data[6] (in)
                                                         data[6] (net)
                      0.004607    0.000000    5.002251 v input10/A (sky130_fd_sc_hd__clkbuf_2)
     8    0.032678    0.088181    0.111914    5.114165 v input10/X (sky130_fd_sc_hd__clkbuf_2)
                                                         net10 (net)
                      0.088458    0.004081    5.118246 v _119_/A1 (sky130_fd_sc_hd__o22a_1)
     1    0.004115    0.028469    0.146397    5.264643 v _119_/X (sky130_fd_sc_hd__o22a_1)
                                                         net19 (net)
                      0.028471    0.000248    5.264891 v output19/A (sky130_fd_sc_hd__buf_2)
     1    0.034406    0.063009    0.116013    5.380904 v output19/X (sky130_fd_sc_hd__buf_2)
                                                         result[7] (net)
                      0.063067    0.001711    5.382615 v result[7] (out)
                                              5.382615   data arrival time

                      0.000000    0.000000    0.000000   clock clk (rise edge)
                                  0.000000    0.000000   clock network delay (ideal)
                                  0.250000    0.250000   clock uncertainty
                                  0.000000    0.250000   clock reconvergence pessimism
                                 -5.000000   -4.750000   output external delay
                                             -4.750000   data required time
---------------------------------------------------------------------------------------------
                                             -4.750000   data required time
                                             -5.382615   data arrival time
---------------------------------------------------------------------------------------------
                                             10.132615   slack (MET)


Startpoint: data[7] (input port clocked by clk)
Endpoint: result[0] (output port clocked by clk)
Path Group: clk
Path Type: min

Fanout         Cap        Slew       Delay        Time   Description
---------------------------------------------------------------------------------------------
                      0.000000    0.000000    0.000000   clock clk (rise edge)
                                  0.000000    0.000000   clock network delay (ideal)
                                  5.000000    5.000000 v input external delay
     1    0.002827    0.004754    0.002343    5.002343 v data[7] (in)
                                                         data[7] (net)
                      0.004758    0.000000    5.002343 v input11/A (sky130_fd_sc_hd__clkbuf_2)
     8    0.036022    0.096643    0.117370    5.119713 v input11/X (sky130_fd_sc_hd__clkbuf_2)
                                                         net11 (net)
                      0.096966    0.004632    5.124345 v _067_/A1 (sky130_fd_sc_hd__o22a_1)
     1    0.003668    0.027066    0.147576    5.271921 v _067_/X (sky130_fd_sc_hd__o22a_1)
                                                         net12 (net)
                      0.027072    0.000250    5.272171 v output12/A (sky130_fd_sc_hd__buf_2)
     1    0.033990    0.062368    0.115018    5.387189 v output12/X (sky130_fd_sc_hd__buf_2)
                                                         result[0] (net)
                      0.062418    0.001593    5.388782 v result[0] (out)
                                              5.388782   data arrival time

                      0.000000    0.000000    0.000000   clock clk (rise edge)
                                  0.000000    0.000000   clock network delay (ideal)
                                  0.250000    0.250000   clock uncertainty
                                  0.000000    0.250000   clock reconvergence pessimism
                                 -5.000000   -4.750000   output external delay
                                             -4.750000   data required time
---------------------------------------------------------------------------------------------
                                             -4.750000   data required time
                                             -5.388782   data arrival time
---------------------------------------------------------------------------------------------
                                             10.138783   slack (MET)



